opsum[0][0][0]: pass -484428
opsum[0][0][1]: pass -524844
opsum[0][0][2]: pass -565516
opsum[0][0][3]: pass 691476
opsum[0][1][0]: pass -2771759
opsum[0][1][1]: pass -2976047
opsum[0][1][2]: pass -3180591
opsum[0][1][3]: pass 3156433
opsum[0][2][0]: pass -5030674
opsum[0][2][1]: pass -5396786
opsum[0][2][2]: pass -5763154
opsum[0][2][3]: pass 5590414
opsum[0][3][0]: pass -4504821
opsum[0][3][1]: pass -4832053
opsum[0][3][2]: pass -5159541
opsum[0][3][3]: pass 4988747
opsum[0][4][0]: pass -3978968
opsum[0][4][1]: pass -4267320
opsum[0][4][2]: pass -4555928
opsum[0][4][3]: pass 4387080
opsum[0][5][0]: pass -3453115
opsum[0][5][1]: pass -3702587
opsum[0][5][2]: pass -3952315
opsum[0][5][3]: pass 3785413
opsum[0][6][0]: pass -2927262
opsum[0][6][1]: pass -3137854
opsum[0][6][2]: pass -3348702
opsum[0][6][3]: pass 3183746
opsum[0][7][0]: pass -2401409
opsum[0][7][1]: pass -2573121
opsum[0][7][2]: pass -2745089
opsum[0][7][3]: pass 2582079
opsum[0][8][0]: pass -1875556
opsum[0][8][1]: pass -2008388
opsum[0][8][2]: pass -2141476
opsum[0][8][3]: pass 1980412
opsum[0][9][0]: pass -1349703
opsum[0][9][1]: pass -1443655
opsum[0][9][2]: pass -1537863
opsum[0][9][3]: pass 1378745
opsum[0][10][0]: pass -2925098
opsum[0][10][1]: pass -3135818
opsum[0][10][2]: pass -3346794
opsum[0][10][3]: pass 3189622
opsum[0][11][0]: pass -4472845
opsum[0][11][1]: pass -4798285
opsum[0][11][2]: pass -5123981
opsum[0][11][3]: pass 4968755
opsum[0][12][0]: pass -5992944
opsum[0][12][1]: pass -6431056
opsum[0][12][2]: pass -6869424
opsum[0][12][3]: pass 6716144
opsum[0][13][0]: pass -5467091
opsum[0][13][1]: pass -5866323
opsum[0][13][2]: pass -6265811
opsum[0][13][3]: pass 6114477
opsum[0][14][0]: pass -4941238
opsum[0][14][1]: pass -5301590
opsum[0][14][2]: pass -5662198
opsum[0][14][3]: pass 5512810
opsum[0][15][0]: pass -4415385
opsum[0][15][1]: pass -4736857
opsum[0][15][2]: pass -5058585
opsum[0][15][3]: pass 4911143
opsum[1][0][0]: pass -5594180
opsum[1][0][1]: pass -5997668
opsum[1][0][2]: pass -6401412
opsum[1][0][3]: pass 6110812
opsum[1][1][0]: pass -7796263
opsum[1][1][1]: pass -8357479
opsum[1][1][2]: pass -8918951
opsum[1][1][3]: pass 8482841
opsum[1][2][0]: pass -9969930
opsum[1][2][1]: pass -10686826
opsum[1][2][2]: pass -11403978
opsum[1][2][3]: pass 10823894
opsum[1][3][0]: pass -9444077
opsum[1][3][1]: pass -10122093
opsum[1][3][2]: pass -10800365
opsum[1][3][3]: pass 10222227
opsum[1][4][0]: pass -8918224
opsum[1][4][1]: pass -9557360
opsum[1][4][2]: pass -10196752
opsum[1][4][3]: pass 9620560
opsum[1][5][0]: pass -8392371
opsum[1][5][1]: pass -8992627
opsum[1][5][2]: pass -9593139
opsum[1][5][3]: pass 9018893
opsum[1][6][0]: pass -7866518
opsum[1][6][1]: pass -8427894
opsum[1][6][2]: pass -8989526
opsum[1][6][3]: pass 8417226
opsum[1][7][0]: pass -7340665
opsum[1][7][1]: pass -7863161
opsum[1][7][2]: pass -8385913
opsum[1][7][3]: pass 7815559
opsum[1][8][0]: pass -6814812
opsum[1][8][1]: pass -7298428
opsum[1][8][2]: pass -7782300
opsum[1][8][3]: pass 7213892
opsum[1][9][0]: pass -6288959
opsum[1][9][1]: pass -6733695
opsum[1][9][2]: pass -7178687
opsum[1][9][3]: pass 6612225
opsum[1][10][0]: pass -7781410
opsum[1][10][1]: pass -8336770
opsum[1][10][2]: pass -8892386
opsum[1][10][3]: pass 8327870
opsum[1][11][0]: pass -9246213
opsum[1][11][1]: pass -9910149
opsum[1][11][2]: pass -10574341
opsum[1][11][3]: pass 10011771
opsum[1][12][0]: pass -10683368
opsum[1][12][1]: pass -11453832
opsum[1][12][2]: pass -12224552
opsum[1][12][3]: pass 11663928
opsum[1][13][0]: pass -10157515
opsum[1][13][1]: pass -10889099
opsum[1][13][2]: pass -11620939
opsum[1][13][3]: pass 11062261
opsum[1][14][0]: pass -9631662
opsum[1][14][1]: pass -10324366
opsum[1][14][2]: pass -11017326
opsum[1][14][3]: pass 10460594
opsum[1][15][0]: pass -9105809
opsum[1][15][1]: pass -9759633
opsum[1][15][2]: pass -10413713
opsum[1][15][3]: pass 9858927
opsum[2][0][0]: pass -7528252
opsum[2][0][1]: pass -8065436
opsum[2][0][2]: pass -8602876
opsum[2][0][3]: pass 8053924
opsum[2][1][0]: pass -7002399
opsum[2][1][1]: pass -7500703
opsum[2][1][2]: pass -7999263
opsum[2][1][3]: pass 7452257
opsum[2][2][0]: pass -7793666
opsum[2][2][1]: pass -8353442
opsum[2][2][2]: pass -8913474
opsum[2][2][3]: pass 8443678
opsum[2][3][0]: pass -8558053
opsum[2][3][1]: pass -9177253
opsum[2][3][2]: pass -9796709
opsum[2][3][3]: pass 9402587
opsum[2][4][0]: pass -9295560
opsum[2][4][1]: pass -9972136
opsum[2][4][2]: pass -10648968
opsum[2][4][3]: pass 10328984
opsum[2][5][0]: pass -8769707
opsum[2][5][1]: pass -9407403
opsum[2][5][2]: pass -10045355
opsum[2][5][3]: pass 9727317
opsum[2][6][0]: pass -8243854
opsum[2][6][1]: pass -8842670
opsum[2][6][2]: pass -9441742
opsum[2][6][3]: pass 9125650
opsum[2][7][0]: pass -7718001
opsum[2][7][1]: pass -8277937
opsum[2][7][2]: pass -8838129
opsum[2][7][3]: pass 8523983
opsum[2][8][0]: pass -7192148
opsum[2][8][1]: pass -7713204
opsum[2][8][2]: pass -8234516
opsum[2][8][3]: pass 7922316
opsum[2][9][0]: pass -6666295
opsum[2][9][1]: pass -7148471
opsum[2][9][2]: pass -7630903
opsum[2][9][3]: pass 7320649
opsum[2][10][0]: pass -8075802
opsum[2][10][1]: pass -8662458
opsum[2][10][2]: pass -9249370
opsum[2][10][3]: pass 8941062
opsum[2][11][0]: pass -9457661
opsum[2][11][1]: pass -10146749
opsum[2][11][2]: pass -10836093
opsum[2][11][3]: pass 10529731
opsum[2][12][0]: pass -10811872
opsum[2][12][1]: pass -11601344
opsum[2][12][2]: pass -12391072
opsum[2][12][3]: pass 12086656
opsum[2][13][0]: pass -10286019
opsum[2][13][1]: pass -11036611
opsum[2][13][2]: pass -11787459
opsum[2][13][3]: pass 11484989
opsum[2][14][0]: pass -9760166
opsum[2][14][1]: pass -10471878
opsum[2][14][2]: pass -11183846
opsum[2][14][3]: pass 10883322
opsum[2][15][0]: pass -9234313
opsum[2][15][1]: pass -9907145
opsum[2][15][2]: pass -10580233
opsum[2][15][3]: pass 10281655
opsum[3][0][0]: pass -7656756
opsum[3][0][1]: pass -8212948
opsum[3][0][2]: pass -8769396
opsum[3][0][3]: pass 8476652
opsum[3][1][0]: pass -7130903
opsum[3][1][1]: pass -7648215
opsum[3][1][2]: pass -8165783
opsum[3][1][3]: pass 7874985
opsum[3][2][0]: pass -7841530
opsum[3][2][1]: pass -8414170
opsum[3][2][2]: pass -8987066
opsum[3][2][3]: pass 8768870
opsum[3][3][0]: pass -8525277
opsum[3][3][1]: pass -9151197
opsum[3][3][2]: pass -9777373
opsum[3][3][3]: pass 9630243
opsum[3][4][0]: pass -9182144
opsum[3][4][1]: pass -9859296
opsum[3][4][2]: pass -10536704
opsum[3][4][3]: pass 10459104
opsum[3][5][0]: pass -8656291
opsum[3][5][1]: pass -9294563
opsum[3][5][2]: pass -9933091
opsum[3][5][3]: pass 9857437
opsum[3][6][0]: pass -8130438
opsum[3][6][1]: pass -8729830
opsum[3][6][2]: pass -9329478
opsum[3][6][3]: pass 9255770
opsum[3][7][0]: pass -7604585
opsum[3][7][1]: pass -8165097
opsum[3][7][2]: pass -8725865
opsum[3][7][3]: pass 8654103
opsum[3][8][0]: pass -7078732
opsum[3][8][1]: pass -7600364
opsum[3][8][2]: pass -8122252
opsum[3][8][3]: pass 8052436
opsum[3][9][0]: pass -6552879
opsum[3][9][1]: pass -7035631
opsum[3][9][2]: pass -7518639
opsum[3][9][3]: pass 7450769
opsum[3][10][0]: pass -6027026
opsum[3][10][1]: pass -6470898
opsum[3][10][2]: pass -6915026
opsum[3][10][3]: pass 6849102
opsum[3][11][0]: pass -5501173
opsum[3][11][1]: pass -5906165
opsum[3][11][2]: pass -6311413
opsum[3][11][3]: pass 6247435
opsum[3][12][0]: pass -4975320
opsum[3][12][1]: pass -5341432
opsum[3][12][2]: pass -5707800
opsum[3][12][3]: pass 5645768
opsum[3][13][0]: pass -4449467
opsum[3][13][1]: pass -4776699
opsum[3][13][2]: pass -5104187
opsum[3][13][3]: pass 5044101
opsum[3][14][0]: pass -3923614
opsum[3][14][1]: pass -4211966
opsum[3][14][2]: pass -4500574
opsum[3][14][3]: pass 4442434
opsum[3][15][0]: pass -3397761
opsum[3][15][1]: pass -3647233
opsum[3][15][2]: pass -3896961
opsum[3][15][3]: pass 3840767
opsum[4][0][0]: pass -1820204
opsum[4][0][1]: pass -1953036
opsum[4][0][2]: pass -2086124
opsum[4][0][3]: pass 2035764
opsum[4][1][0]: pass -1294351
opsum[4][1][1]: pass -1388303
opsum[4][1][2]: pass -1482511
opsum[4][1][3]: pass 1434097
opsum[4][2][0]: pass -1924338
opsum[4][2][1]: pass -2067474
opsum[4][2][2]: pass -2210866
opsum[4][2][3]: pass 2230446
opsum[4][3][0]: pass -2527445
opsum[4][3][1]: pass -2717717
opsum[4][3][2]: pass -2908245
opsum[4][3][3]: pass 2994283
opsum[4][4][0]: pass -3103672
opsum[4][4][1]: pass -3339032
opsum[4][4][2]: pass -3574648
opsum[4][4][3]: pass 3725608
opsum[4][5][0]: pass -2577819
opsum[4][5][1]: pass -2774299
opsum[4][5][2]: pass -2971035
opsum[4][5][3]: pass 3123941
opsum[4][6][0]: pass -2051966
opsum[4][6][1]: pass -2209566
opsum[4][6][2]: pass -2367422
opsum[4][6][3]: pass 2522274
opsum[4][7][0]: pass -1526113
opsum[4][7][1]: pass -1644833
opsum[4][7][2]: pass -1763809
opsum[4][7][3]: pass 1920607
opsum[4][8][0]: pass -1000260
opsum[4][8][1]: pass -1080100
opsum[4][8][2]: pass -1160196
opsum[4][8][3]: pass 1318940
opsum[4][9][0]: pass -474407
opsum[4][9][1]: pass -515367
opsum[4][9][2]: pass -556583
opsum[4][9][3]: pass 717273
opsum[4][10][0]: pass  51446
opsum[4][10][1]: pass  49366
opsum[4][10][2]: pass  47030
opsum[4][10][3]: pass 115606
opsum[4][11][0]: pass 577299
opsum[4][11][1]: pass 614099
opsum[4][11][2]: pass 650643
opsum[4][11][3]: pass -486061
opsum[4][12][0]: pass 1103152
opsum[4][12][1]: pass 1178832
opsum[4][12][2]: pass 1254256
opsum[4][12][3]: pass -1087728
opsum[4][13][0]: pass 1629005
opsum[4][13][1]: pass 1743565
opsum[4][13][2]: pass 1857869
opsum[4][13][3]: pass -1689395
opsum[4][14][0]: pass -216982
opsum[4][14][1]: pass -237622
opsum[4][14][2]: pass -258518
opsum[4][14][3]: pass 385418
opsum[4][15][0]: pass -2035065
opsum[4][15][1]: pass -2188857
opsum[4][15][2]: pass -2342905
opsum[4][15][3]: pass 2428743
opsum[5][0][0]: pass -2773540
opsum[5][0][1]: pass -2980676
opsum[5][0][2]: pass -3188068
opsum[5][0][3]: pass 3237244
opsum[5][1][0]: pass -2247687
opsum[5][1][1]: pass -2415943
opsum[5][1][2]: pass -2584455
opsum[5][1][3]: pass 2635577
opsum[5][2][0]: pass -1721834
opsum[5][2][1]: pass -1851210
opsum[5][2][2]: pass -1980842
opsum[5][2][3]: pass 2033910
opsum[5][3][0]: pass -1195981
opsum[5][3][1]: pass -1286477
opsum[5][3][2]: pass -1377229
opsum[5][3][3]: pass 1432243
opsum[5][4][0]: pass -670128
opsum[5][4][1]: pass -721744
opsum[5][4][2]: pass -773616
opsum[5][4][3]: pass 830576
opsum[5][5][0]: pass -144275
opsum[5][5][1]: pass -157011
opsum[5][5][2]: pass -170003
opsum[5][5][3]: pass 228909
opsum[5][6][0]: pass 381578
opsum[5][6][1]: pass 407722
opsum[5][6][2]: pass 433610
opsum[5][6][3]: pass -372758
opsum[5][7][0]: pass 907431
opsum[5][7][1]: pass 972455
opsum[5][7][2]: pass 1037223
opsum[5][7][3]: pass -974425
opsum[5][8][0]: pass 1433284
opsum[5][8][1]: pass 1537188
opsum[5][8][2]: pass 1640836
opsum[5][8][3]: pass -1576092
opsum[5][9][0]: pass 1959137
opsum[5][9][1]: pass 2101921
opsum[5][9][2]: pass 2244449
opsum[5][9][3]: pass -2177759
opsum[5][10][0]: pass 2484990
opsum[5][10][1]: pass 2666654
opsum[5][10][2]: pass 2848062
opsum[5][10][3]: pass -2779426
opsum[5][11][0]: pass 3010843
opsum[5][11][1]: pass 3231387
opsum[5][11][2]: pass 3451675
opsum[5][11][3]: pass -3381093
opsum[5][12][0]: pass 3536696
opsum[5][12][1]: pass 3796120
opsum[5][12][2]: pass 4055288
opsum[5][12][3]: pass -3982760
opsum[5][13][0]: pass 4062549
opsum[5][13][1]: pass 4360853
opsum[5][13][2]: pass 4658901
opsum[5][13][3]: pass -4584427
opsum[5][14][0]: pass 2300274
opsum[5][14][1]: pass 2469522
opsum[5][14][2]: pass 2638514
opsum[5][14][3]: pass -2604078
opsum[5][15][0]: pass 565903
opsum[5][15][1]: pass 608143
opsum[5][15][2]: pass 650127
opsum[5][15][3]: pass -655217
opsum[6][0][0]: pass -88860
opsum[6][0][1]: pass -93820
opsum[6][0][2]: pass -99036
opsum[6][0][3]: pass  58820
opsum[6][1][0]: pass 436993
opsum[6][1][1]: pass 470913
opsum[6][1][2]: pass 504577
opsum[6][1][3]: pass -542847
opsum[6][2][0]: pass 962846
opsum[6][2][1]: pass 1035646
opsum[6][2][2]: pass 1108190
opsum[6][2][3]: pass -1144514
opsum[6][3][0]: pass 1488699
opsum[6][3][1]: pass 1600379
opsum[6][3][2]: pass 1711803
opsum[6][3][3]: pass -1746181
opsum[6][4][0]: pass 2014552
opsum[6][4][1]: pass 2165112
opsum[6][4][2]: pass 2315416
opsum[6][4][3]: pass -2347848
opsum[6][5][0]: pass 2540405
opsum[6][5][1]: pass 2729845
opsum[6][5][2]: pass 2919029
opsum[6][5][3]: pass -2949515
opsum[6][6][0]: pass 1492370
opsum[6][6][1]: pass 1601906
opsum[6][6][2]: pass 1711186
opsum[6][6][3]: pass -1680334
opsum[6][7][0]: pass 471471
opsum[6][7][1]: pass 503151
opsum[6][7][2]: pass 534575
opsum[6][7][3]: pass -443409
opsum[6][8][0]: pass -522292
opsum[6][8][1]: pass -566420
opsum[6][8][2]: pass -610804
opsum[6][8][3]: pass 761260
opsum[6][9][0]: pass   3561
opsum[6][9][1]: pass  -1687
opsum[6][9][2]: pass  -7191
opsum[6][9][3]: pass 159593
opsum[6][10][0]: pass 529414
opsum[6][10][1]: pass 563046
opsum[6][10][2]: pass 596422
opsum[6][10][3]: pass -442074
opsum[6][11][0]: pass 1055267
opsum[6][11][1]: pass 1127779
opsum[6][11][2]: pass 1200035
opsum[6][11][3]: pass -1043741
opsum[6][12][0]: pass 1581120
opsum[6][12][1]: pass 1692512
opsum[6][12][2]: pass 1803648
opsum[6][12][3]: pass -1645408
opsum[6][13][0]: pass 2106973
opsum[6][13][1]: pass 2257245
opsum[6][13][2]: pass 2407261
opsum[6][13][3]: pass -2247075
opsum[6][14][0]: pass 428410
opsum[6][14][1]: pass 455770
opsum[6][14][2]: pass 482874
opsum[6][14][3]: pass -361190
opsum[6][15][0]: pass -1222249
opsum[6][15][1]: pass -1315753
opsum[6][15][2]: pass -1409513
opsum[6][15][3]: pass 1493207
opsum[7][0][0]: pass -1793300
opsum[7][0][1]: pass -1927860
opsum[7][0][2]: pass -2062676
opsum[7][0][3]: pass 2112780
opsum[7][1][0]: pass -1267447
opsum[7][1][1]: pass -1363127
opsum[7][1][2]: pass -1459063
opsum[7][1][3]: pass 1511113
opsum[7][2][0]: pass -741594
opsum[7][2][1]: pass -798394
opsum[7][2][2]: pass -855450
opsum[7][2][3]: pass 909446
opsum[7][3][0]: pass -215741
opsum[7][3][1]: pass -233661
opsum[7][3][2]: pass -251837
opsum[7][3][3]: pass 307779
opsum[7][4][0]: pass 310112
opsum[7][4][1]: pass 331072
opsum[7][4][2]: pass 351776
opsum[7][4][3]: pass -293888
opsum[7][5][0]: pass 835965
opsum[7][5][1]: pass 895805
opsum[7][5][2]: pass 955389
opsum[7][5][3]: pass -895555
opsum[7][6][0]: pass -130662
opsum[7][6][1]: pass -144582
opsum[7][6][2]: pass -158758
opsum[7][6][3]: pass 276858
opsum[7][7][0]: pass -1070153
opsum[7][7][1]: pass -1155785
opsum[7][7][2]: pass -1241673
opsum[7][7][3]: pass 1417015
opsum[7][8][0]: pass -1982508
opsum[7][8][1]: pass -2138060
opsum[7][8][2]: pass -2293356
opsum[7][8][3]: pass 2524660
opsum[7][9][0]: pass -1456655
opsum[7][9][1]: pass -1573327
opsum[7][9][2]: pass -1689743
opsum[7][9][3]: pass 1922993
opsum[7][10][0]: pass -930802
opsum[7][10][1]: pass -1008594
opsum[7][10][2]: pass -1086130
opsum[7][10][3]: pass 1321326
opsum[7][11][0]: pass -404949
opsum[7][11][1]: pass -443861
opsum[7][11][2]: pass -482517
opsum[7][11][3]: pass 719659
opsum[7][12][0]: pass 120904
opsum[7][12][1]: pass 120872
opsum[7][12][2]: pass 121096
opsum[7][12][3]: pass 117992
opsum[7][13][0]: pass 646757
opsum[7][13][1]: pass 685605
opsum[7][13][2]: pass 724709
opsum[7][13][3]: pass -483675
opsum[7][14][0]: pass 1172610
opsum[7][14][1]: pass 1250338
opsum[7][14][2]: pass 1328322
opsum[7][14][3]: pass -1085342
opsum[7][15][0]: pass 1698463
opsum[7][15][1]: pass 1815071
opsum[7][15][2]: pass 1931935
opsum[7][15][3]: pass -1687009

=====================================================================================
||     ________   ___   ________           ___        ________   ________          ||
||    |\   __  \ |\  \ |\   ____\         |\  \      |\   __  \ |\   __  \         ||
||    \ \  \|\  \\ \  \\ \  \___|_        \ \  \     \ \  \|\  \\ \  \|\ /_        ||
||     \ \   __  \\ \  \\ \_____  \        \ \  \     \ \   __  \\ \   __  \       ||
||      \ \  \ \  \\ \  \\|____|\  \        \ \  \____ \ \  \ \  \\ \  \|\  \      ||
||       \ \__\ \__\\ \__\ ____\_\  \        \ \_______\\ \__\ \__\\ \_______\     ||
||        \|__|\|__| \|__||\_________\        \|_______| \|__|\|__| \|_______|     ||
||                        \|_________|                                             ||
||                                                                                 ||
=====================================================================================

 ___                                                                           ___
( _ )                                                                         ( _ )
 | |~~~~~~~~~~~~~~~~~~~~~~~~~~~~~~~~~~~~~~~~~~~~~~~~~~~~~~~~~~~~~~~~~~~~~~~~~~~| |
 | |  _____ _                 _       _   _              ______             _  | |
 | | /  ___(_)               | |     | | (_)             | ___ \           | | | |
 | | \ `--. _ _ __ ___  _   _| | __ _| |_ _  ___  _ __   | |_/ /_ _ ___ ___| | | |
 | |  `--. \ | '_ ` _ \| | | | |/ _` | __| |/ _ \| '_ \  |  __/ _` / __/ __| | | |
 | | /\__/ / | | | | | | |_| | | (_| | |_| | (_) | | | | | | | (_| \__ \__ \_| | |
 | | \____/|_|_| |_| |_|\__,_|_|\__,_|\__|_|\___/|_| |_| \_|  \__,_|___/___(_) | |
 | |                                                                           | |
 |_|~~~~~~~~~~~~~~~~~~~~~~~~~~~~~~~~~~~~~~~~~~~~~~~~~~~~~~~~~~~~~~~~~~~~~~~~~~~|_|
(___)                                                                         (___)
Simulation time: 3231 cycles
