opsum[0][0][0]: pass -957798
opsum[0][0][1]: pass -1005662
opsum[0][0][2]: pass -1053526
opsum[0][0][3]: pass -1101390
opsum[0][0][4]: pass -1149510
opsum[0][0][5]: pass -1197374
opsum[0][0][6]: pass -1245238
opsum[0][0][7]: pass -1293102
opsum[0][0][8]: pass -1341222
opsum[0][0][9]: pass -1389086
opsum[0][0][10]: pass -1436950
opsum[0][0][11]: pass 1582578
opsum[0][0][12]: pass 1534458
opsum[0][0][13]: pass 1486594
opsum[0][0][14]: pass 1438730
opsum[0][0][15]: pass 1390866
opsum[0][1][0]: pass -755783
opsum[0][1][1]: pass -794215
opsum[0][1][2]: pass -832647
opsum[0][1][3]: pass -871079
opsum[0][1][4]: pass -909767
opsum[0][1][5]: pass -948199
opsum[0][1][6]: pass -986631
opsum[0][1][7]: pass -1025063
opsum[0][1][8]: pass -1063751
opsum[0][1][9]: pass -1102183
opsum[0][1][10]: pass -1140615
opsum[0][1][11]: pass 1284697
opsum[0][1][12]: pass 1246009
opsum[0][1][13]: pass 1207577
opsum[0][1][14]: pass 1169145
opsum[0][1][15]: pass 1130713
opsum[0][2][0]: pass -2182952
opsum[0][2][1]: pass -2287728
opsum[0][2][2]: pass -2392504
opsum[0][2][3]: pass -2497280
opsum[0][2][4]: pass -2602312
opsum[0][2][5]: pass -2707088
opsum[0][2][6]: pass -2811864
opsum[0][2][7]: pass -2916640
opsum[0][2][8]: pass -3021672
opsum[0][2][9]: pass -3126448
opsum[0][2][10]: pass -3231224
opsum[0][2][11]: pass 3373760
opsum[0][2][12]: pass 3268728
opsum[0][2][13]: pass 3163952
opsum[0][2][14]: pass 3059176
opsum[0][2][15]: pass 2954400
opsum[0][3][0]: pass -3588105
opsum[0][3][1]: pass -3758201
opsum[0][3][2]: pass -3928297
opsum[0][3][3]: pass -4098393
opsum[0][3][4]: pass -4268745
opsum[0][3][5]: pass -4438841
opsum[0][3][6]: pass -4608937
opsum[0][3][7]: pass -4779033
opsum[0][3][8]: pass -4949385
opsum[0][3][9]: pass -5119481
opsum[0][3][10]: pass -5289577
opsum[0][3][11]: pass 5430567
opsum[0][3][12]: pass 5260215
opsum[0][3][13]: pass 5090119
opsum[0][3][14]: pass 4920023
opsum[0][3][15]: pass 4749927
opsum[0][4][0]: pass -4971242
opsum[0][4][1]: pass -5205634
opsum[0][4][2]: pass -5440026
opsum[0][4][3]: pass -5674418
opsum[0][4][4]: pass -5909066
opsum[0][4][5]: pass -6143458
opsum[0][4][6]: pass -6377850
opsum[0][4][7]: pass -6612242
opsum[0][4][8]: pass -6846890
opsum[0][4][9]: pass -7081282
opsum[0][4][10]: pass -7315674
opsum[0][4][11]: pass 7455118
opsum[0][4][12]: pass 7220470
opsum[0][4][13]: pass 6986078
opsum[0][4][14]: pass 6751686
opsum[0][4][15]: pass 6517294
opsum[0][5][0]: pass -4769227
opsum[0][5][1]: pass -4994187
opsum[0][5][2]: pass -5219147
opsum[0][5][3]: pass -5444107
opsum[0][5][4]: pass -5669323
opsum[0][5][5]: pass -5894283
opsum[0][5][6]: pass -6119243
opsum[0][5][7]: pass -6344203
opsum[0][5][8]: pass -6569419
opsum[0][5][9]: pass -6794379
opsum[0][5][10]: pass -7019339
opsum[0][5][11]: pass 7157237
opsum[0][5][12]: pass 6932021
opsum[0][5][13]: pass 6707061
opsum[0][5][14]: pass 6482101
opsum[0][5][15]: pass 6257141
opsum[0][6][0]: pass -4567212
opsum[0][6][1]: pass -4782740
opsum[0][6][2]: pass -4998268
opsum[0][6][3]: pass -5213796
opsum[0][6][4]: pass -5429580
opsum[0][6][5]: pass -5645108
opsum[0][6][6]: pass -5860636
opsum[0][6][7]: pass -6076164
opsum[0][6][8]: pass -6291948
opsum[0][6][9]: pass -6507476
opsum[0][6][10]: pass -6723004
opsum[0][6][11]: pass 6859356
opsum[0][6][12]: pass 6643572
opsum[0][6][13]: pass 6428044
opsum[0][6][14]: pass 6212516
opsum[0][6][15]: pass 5996988
opsum[0][7][0]: pass -4365197
opsum[0][7][1]: pass -4571293
opsum[0][7][2]: pass -4777389
opsum[0][7][3]: pass -4983485
opsum[0][7][4]: pass -5189837
opsum[0][7][5]: pass -5395933
opsum[0][7][6]: pass -5602029
opsum[0][7][7]: pass -5808125
opsum[0][7][8]: pass -6014477
opsum[0][7][9]: pass -6220573
opsum[0][7][10]: pass -6426669
opsum[0][7][11]: pass 6561475
opsum[0][7][12]: pass 6355123
opsum[0][7][13]: pass 6149027
opsum[0][7][14]: pass 5942931
opsum[0][7][15]: pass 5736835
opsum[0][8][0]: pass -4163182
opsum[0][8][1]: pass -4359846
opsum[0][8][2]: pass -4556510
opsum[0][8][3]: pass -4753174
opsum[0][8][4]: pass -4950094
opsum[0][8][5]: pass -5146758
opsum[0][8][6]: pass -5343422
opsum[0][8][7]: pass -5540086
opsum[0][8][8]: pass -5737006
opsum[0][8][9]: pass -5933670
opsum[0][8][10]: pass -6130334
opsum[0][8][11]: pass 6263594
opsum[0][8][12]: pass 6066674
opsum[0][8][13]: pass 5870010
opsum[0][8][14]: pass 5673346
opsum[0][8][15]: pass 5476682
opsum[0][9][0]: pass -3961167
opsum[0][9][1]: pass -4148399
opsum[0][9][2]: pass -4335631
opsum[0][9][3]: pass -4522863
opsum[0][9][4]: pass -4710351
opsum[0][9][5]: pass -4897583
opsum[0][9][6]: pass -5084815
opsum[0][9][7]: pass -5272047
opsum[0][9][8]: pass -5459535
opsum[0][9][9]: pass -5646767
opsum[0][9][10]: pass -5833999
opsum[0][9][11]: pass 5965713
opsum[0][9][12]: pass 5778225
opsum[0][9][13]: pass 5590993
opsum[0][9][14]: pass 5403761
opsum[0][9][15]: pass 5216529
opsum[0][10][0]: pass -3759152
opsum[0][10][1]: pass -3936952
opsum[0][10][2]: pass -4114752
opsum[0][10][3]: pass -4292552
opsum[0][10][4]: pass -4470608
opsum[0][10][5]: pass -4648408
opsum[0][10][6]: pass -4826208
opsum[0][10][7]: pass -5004008
opsum[0][10][8]: pass -5182064
opsum[0][10][9]: pass -5359864
opsum[0][10][10]: pass -5537664
opsum[0][10][11]: pass 5667832
opsum[0][10][12]: pass 5489776
opsum[0][10][13]: pass 5311976
opsum[0][10][14]: pass 5134176
opsum[0][10][15]: pass 4956376
opsum[0][11][0]: pass -3557137
opsum[0][11][1]: pass -3725505
opsum[0][11][2]: pass -3893873
opsum[0][11][3]: pass -4062241
opsum[0][11][4]: pass -4230865
opsum[0][11][5]: pass -4399233
opsum[0][11][6]: pass -4567601
opsum[0][11][7]: pass -4735969
opsum[0][11][8]: pass -4904593
opsum[0][11][9]: pass -5072961
opsum[0][11][10]: pass -5241329
opsum[0][11][11]: pass 5369951
opsum[0][11][12]: pass 5201327
opsum[0][11][13]: pass 5032959
opsum[0][11][14]: pass 4864591
opsum[0][11][15]: pass 4696223
opsum[0][12][0]: pass -3355122
opsum[0][12][1]: pass -3514058
opsum[0][12][2]: pass -3672994
opsum[0][12][3]: pass -3831930
opsum[0][12][4]: pass -3991122
opsum[0][12][5]: pass -4150058
opsum[0][12][6]: pass -4308994
opsum[0][12][7]: pass -4467930
opsum[0][12][8]: pass -4627122
opsum[0][12][9]: pass -4786058
opsum[0][12][10]: pass -4944994
opsum[0][12][11]: pass 5072070
opsum[0][12][12]: pass 4912878
opsum[0][12][13]: pass 4753942
opsum[0][12][14]: pass 4595006
opsum[0][12][15]: pass 4436070
opsum[0][13][0]: pass -3153107
opsum[0][13][1]: pass -3302611
opsum[0][13][2]: pass -3452115
opsum[0][13][3]: pass -3601619
opsum[0][13][4]: pass -3751379
opsum[0][13][5]: pass -3900883
opsum[0][13][6]: pass -4050387
opsum[0][13][7]: pass -4199891
opsum[0][13][8]: pass -4349651
opsum[0][13][9]: pass -4499155
opsum[0][13][10]: pass -4648659
opsum[0][13][11]: pass 4774189
opsum[0][13][12]: pass 4624429
opsum[0][13][13]: pass 4474925
opsum[0][13][14]: pass 4325421
opsum[0][13][15]: pass 4175917
opsum[0][14][0]: pass -2951092
opsum[0][14][1]: pass -3091164
opsum[0][14][2]: pass -3231236
opsum[0][14][3]: pass -3371308
opsum[0][14][4]: pass -3511636
opsum[0][14][5]: pass -3651708
opsum[0][14][6]: pass -3791780
opsum[0][14][7]: pass -3931852
opsum[0][14][8]: pass -4072180
opsum[0][14][9]: pass -4212252
opsum[0][14][10]: pass -4352324
opsum[0][14][11]: pass 4476308
opsum[0][14][12]: pass 4335980
opsum[0][14][13]: pass 4195908
opsum[0][14][14]: pass 4055836
opsum[0][14][15]: pass 3915764
opsum[0][15][0]: pass -2749077
opsum[0][15][1]: pass -2879717
opsum[0][15][2]: pass -3010357
opsum[0][15][3]: pass -3140997
opsum[0][15][4]: pass -3271893
opsum[0][15][5]: pass -3402533
opsum[0][15][6]: pass -3533173
opsum[0][15][7]: pass -3663813
opsum[0][15][8]: pass -3794709
opsum[0][15][9]: pass -3925349
opsum[0][15][10]: pass -4055989
opsum[0][15][11]: pass 4178427
opsum[0][15][12]: pass 4047531
opsum[0][15][13]: pass 3916891
opsum[0][15][14]: pass 3786251
opsum[0][15][15]: pass 3655611
opsum[1][0][0]: pass -2143034
opsum[1][0][1]: pass -2245378
opsum[1][0][2]: pass -2347722
opsum[1][0][3]: pass -2450066
opsum[1][0][4]: pass -2552666
opsum[1][0][5]: pass -2655010
opsum[1][0][6]: pass -2757354
opsum[1][0][7]: pass -2859698
opsum[1][0][8]: pass -2962298
opsum[1][0][9]: pass -3064642
opsum[1][0][10]: pass -3166986
opsum[1][0][11]: pass 3284782
opsum[1][0][12]: pass 3182182
opsum[1][0][13]: pass 3079838
opsum[1][0][14]: pass 2977494
opsum[1][0][15]: pass 2875150
opsum[1][1][0]: pass -1941019
opsum[1][1][1]: pass -2033931
opsum[1][1][2]: pass -2126843
opsum[1][1][3]: pass -2219755
opsum[1][1][4]: pass -2312923
opsum[1][1][5]: pass -2405835
opsum[1][1][6]: pass -2498747
opsum[1][1][7]: pass -2591659
opsum[1][1][8]: pass -2684827
opsum[1][1][9]: pass -2777739
opsum[1][1][10]: pass -2870651
opsum[1][1][11]: pass 2986901
opsum[1][1][12]: pass 2893733
opsum[1][1][13]: pass 2800821
opsum[1][1][14]: pass 2707909
opsum[1][1][15]: pass 2614997
opsum[1][2][0]: pass -3302140
opsum[1][2][1]: pass -3458324
opsum[1][2][2]: pass -3614508
opsum[1][2][3]: pass -3770692
opsum[1][2][4]: pass -3927132
opsum[1][2][5]: pass -4083316
opsum[1][2][6]: pass -4239500
opsum[1][2][7]: pass -4395684
opsum[1][2][8]: pass -4552124
opsum[1][2][9]: pass -4708308
opsum[1][2][10]: pass -4864492
opsum[1][2][11]: pass 4979196
opsum[1][2][12]: pass 4822756
opsum[1][2][13]: pass 4666572
opsum[1][2][14]: pass 4510388
opsum[1][2][15]: pass 4354204
opsum[1][3][0]: pass -4641245
opsum[1][3][1]: pass -4859677
opsum[1][3][2]: pass -5078109
opsum[1][3][3]: pass -5296541
opsum[1][3][4]: pass -5515229
opsum[1][3][5]: pass -5733661
opsum[1][3][6]: pass -5952093
opsum[1][3][7]: pass -6170525
opsum[1][3][8]: pass -6389213
opsum[1][3][9]: pass -6607645
opsum[1][3][10]: pass -6826077
opsum[1][3][11]: pass 6939235
opsum[1][3][12]: pass 6720547
opsum[1][3][13]: pass 6502115
opsum[1][3][14]: pass 6283683
opsum[1][3][15]: pass 6065251
opsum[1][4][0]: pass -5958334
opsum[1][4][1]: pass -6237990
opsum[1][4][2]: pass -6517646
opsum[1][4][3]: pass -6797302
opsum[1][4][4]: pass -7077214
opsum[1][4][5]: pass -7356870
opsum[1][4][6]: pass -7636526
opsum[1][4][7]: pass -7916182
opsum[1][4][8]: pass -8196094
opsum[1][4][9]: pass -8475750
opsum[1][4][10]: pass -8755406
opsum[1][4][11]: pass 8867018
opsum[1][4][12]: pass 8587106
opsum[1][4][13]: pass 8307450
opsum[1][4][14]: pass 8027794
opsum[1][4][15]: pass 7748138
opsum[1][5][0]: pass -5756319
opsum[1][5][1]: pass -6026543
opsum[1][5][2]: pass -6296767
opsum[1][5][3]: pass -6566991
opsum[1][5][4]: pass -6837471
opsum[1][5][5]: pass -7107695
opsum[1][5][6]: pass -7377919
opsum[1][5][7]: pass -7648143
opsum[1][5][8]: pass -7918623
opsum[1][5][9]: pass -8188847
opsum[1][5][10]: pass -8459071
opsum[1][5][11]: pass 8569137
opsum[1][5][12]: pass 8298657
opsum[1][5][13]: pass 8028433
opsum[1][5][14]: pass 7758209
opsum[1][5][15]: pass 7487985
opsum[1][6][0]: pass -5554304
opsum[1][6][1]: pass -5815096
opsum[1][6][2]: pass -6075888
opsum[1][6][3]: pass -6336680
opsum[1][6][4]: pass -6597728
opsum[1][6][5]: pass -6858520
opsum[1][6][6]: pass -7119312
opsum[1][6][7]: pass -7380104
opsum[1][6][8]: pass -7641152
opsum[1][6][9]: pass -7901944
opsum[1][6][10]: pass -8162736
opsum[1][6][11]: pass 8271256
opsum[1][6][12]: pass 8010208
opsum[1][6][13]: pass 7749416
opsum[1][6][14]: pass 7488624
opsum[1][6][15]: pass 7227832
opsum[1][7][0]: pass -5352289
opsum[1][7][1]: pass -5603649
opsum[1][7][2]: pass -5855009
opsum[1][7][3]: pass -6106369
opsum[1][7][4]: pass -6357985
opsum[1][7][5]: pass -6609345
opsum[1][7][6]: pass -6860705
opsum[1][7][7]: pass -7112065
opsum[1][7][8]: pass -7363681
opsum[1][7][9]: pass -7615041
opsum[1][7][10]: pass -7866401
opsum[1][7][11]: pass 7973375
opsum[1][7][12]: pass 7721759
opsum[1][7][13]: pass 7470399
opsum[1][7][14]: pass 7219039
opsum[1][7][15]: pass 6967679
opsum[1][8][0]: pass -5150274
opsum[1][8][1]: pass -5392202
opsum[1][8][2]: pass -5634130
opsum[1][8][3]: pass -5876058
opsum[1][8][4]: pass -6118242
opsum[1][8][5]: pass -6360170
opsum[1][8][6]: pass -6602098
opsum[1][8][7]: pass -6844026
opsum[1][8][8]: pass -7086210
opsum[1][8][9]: pass -7328138
opsum[1][8][10]: pass -7570066
opsum[1][8][11]: pass 7675494
opsum[1][8][12]: pass 7433310
opsum[1][8][13]: pass 7191382
opsum[1][8][14]: pass 6949454
opsum[1][8][15]: pass 6707526
opsum[1][9][0]: pass -4948259
opsum[1][9][1]: pass -5180755
opsum[1][9][2]: pass -5413251
opsum[1][9][3]: pass -5645747
opsum[1][9][4]: pass -5878499
opsum[1][9][5]: pass -6110995
opsum[1][9][6]: pass -6343491
opsum[1][9][7]: pass -6575987
opsum[1][9][8]: pass -6808739
opsum[1][9][9]: pass -7041235
opsum[1][9][10]: pass -7273731
opsum[1][9][11]: pass 7377613
opsum[1][9][12]: pass 7144861
opsum[1][9][13]: pass 6912365
opsum[1][9][14]: pass 6679869
opsum[1][9][15]: pass 6447373
opsum[1][10][0]: pass -4746244
opsum[1][10][1]: pass -4969308
opsum[1][10][2]: pass -5192372
opsum[1][10][3]: pass -5415436
opsum[1][10][4]: pass -5638756
opsum[1][10][5]: pass -5861820
opsum[1][10][6]: pass -6084884
opsum[1][10][7]: pass -6307948
opsum[1][10][8]: pass -6531268
opsum[1][10][9]: pass -6754332
opsum[1][10][10]: pass -6977396
opsum[1][10][11]: pass 7079732
opsum[1][10][12]: pass 6856412
opsum[1][10][13]: pass 6633348
opsum[1][10][14]: pass 6410284
opsum[1][10][15]: pass 6187220
opsum[1][11][0]: pass -4544229
opsum[1][11][1]: pass -4757861
opsum[1][11][2]: pass -4971493
opsum[1][11][3]: pass -5185125
opsum[1][11][4]: pass -5399013
opsum[1][11][5]: pass -5612645
opsum[1][11][6]: pass -5826277
opsum[1][11][7]: pass -6039909
opsum[1][11][8]: pass -6253797
opsum[1][11][9]: pass -6467429
opsum[1][11][10]: pass -6681061
opsum[1][11][11]: pass 6781851
opsum[1][11][12]: pass 6567963
opsum[1][11][13]: pass 6354331
opsum[1][11][14]: pass 6140699
opsum[1][11][15]: pass 5927067
opsum[1][12][0]: pass -4342214
opsum[1][12][1]: pass -4546414
opsum[1][12][2]: pass -4750614
opsum[1][12][3]: pass -4954814
opsum[1][12][4]: pass -5159270
opsum[1][12][5]: pass -5363470
opsum[1][12][6]: pass -5567670
opsum[1][12][7]: pass -5771870
opsum[1][12][8]: pass -5976326
opsum[1][12][9]: pass -6180526
opsum[1][12][10]: pass -6384726
opsum[1][12][11]: pass 6483970
opsum[1][12][12]: pass 6279514
opsum[1][12][13]: pass 6075314
opsum[1][12][14]: pass 5871114
opsum[1][12][15]: pass 5666914
opsum[1][13][0]: pass -4140199
opsum[1][13][1]: pass -4334967
opsum[1][13][2]: pass -4529735
opsum[1][13][3]: pass -4724503
opsum[1][13][4]: pass -4919527
opsum[1][13][5]: pass -5114295
opsum[1][13][6]: pass -5309063
opsum[1][13][7]: pass -5503831
opsum[1][13][8]: pass -5698855
opsum[1][13][9]: pass -5893623
opsum[1][13][10]: pass -6088391
opsum[1][13][11]: pass 6186089
opsum[1][13][12]: pass 5991065
opsum[1][13][13]: pass 5796297
opsum[1][13][14]: pass 5601529
opsum[1][13][15]: pass 5406761
opsum[1][14][0]: pass -3938184
opsum[1][14][1]: pass -4123520
opsum[1][14][2]: pass -4308856
opsum[1][14][3]: pass -4494192
opsum[1][14][4]: pass -4679784
opsum[1][14][5]: pass -4865120
opsum[1][14][6]: pass -5050456
opsum[1][14][7]: pass -5235792
opsum[1][14][8]: pass -5421384
opsum[1][14][9]: pass -5606720
opsum[1][14][10]: pass -5792056
opsum[1][14][11]: pass 5888208
opsum[1][14][12]: pass 5702616
opsum[1][14][13]: pass 5517280
opsum[1][14][14]: pass 5331944
opsum[1][14][15]: pass 5146608
opsum[1][15][0]: pass -3736169
opsum[1][15][1]: pass -3912073
opsum[1][15][2]: pass -4087977
opsum[1][15][3]: pass -4263881
opsum[1][15][4]: pass -4440041
opsum[1][15][5]: pass -4615945
opsum[1][15][6]: pass -4791849
opsum[1][15][7]: pass -4967753
opsum[1][15][8]: pass -5143913
opsum[1][15][9]: pass -5319817
opsum[1][15][10]: pass -5495721
opsum[1][15][11]: pass 5590327
opsum[1][15][12]: pass 5414167
opsum[1][15][13]: pass 5238263
opsum[1][15][14]: pass 5062359
opsum[1][15][15]: pass 4886455
opsum[2][0][0]: pass -3130126
opsum[2][0][1]: pass -3277734
opsum[2][0][2]: pass -3425342
opsum[2][0][3]: pass -3572950
opsum[2][0][4]: pass -3720814
opsum[2][0][5]: pass -3868422
opsum[2][0][6]: pass -4016030
opsum[2][0][7]: pass -4163638
opsum[2][0][8]: pass -4311502
opsum[2][0][9]: pass -4459110
opsum[2][0][10]: pass -4606718
opsum[2][0][11]: pass 4696682
opsum[2][0][12]: pass 4548818
opsum[2][0][13]: pass 4401210
opsum[2][0][14]: pass 4253602
opsum[2][0][15]: pass 4105994
opsum[2][1][0]: pass -2928111
opsum[2][1][1]: pass -3066287
opsum[2][1][2]: pass -3204463
opsum[2][1][3]: pass -3342639
opsum[2][1][4]: pass -3481071
opsum[2][1][5]: pass -3619247
opsum[2][1][6]: pass -3757423
opsum[2][1][7]: pass -3895599
opsum[2][1][8]: pass -4034031
opsum[2][1][9]: pass -4172207
opsum[2][1][10]: pass -4310383
opsum[2][1][11]: pass 4398801
opsum[2][1][12]: pass 4260369
opsum[2][1][13]: pass 4122193
opsum[2][1][14]: pass 3984017
opsum[2][1][15]: pass 3845841
opsum[2][2][0]: pass -4223184
opsum[2][2][1]: pass -4421560
opsum[2][2][2]: pass -4619936
opsum[2][2][3]: pass -4818312
opsum[2][2][4]: pass -5016944
opsum[2][2][5]: pass -5215320
opsum[2][2][6]: pass -5413696
opsum[2][2][7]: pass -5612072
opsum[2][2][8]: pass -5810704
opsum[2][2][9]: pass -6009080
opsum[2][2][10]: pass -6207456
opsum[2][2][11]: pass 6294328
opsum[2][2][12]: pass 6095696
opsum[2][2][13]: pass 5897320
opsum[2][2][14]: pass 5698944
opsum[2][2][15]: pass 5500568
opsum[2][3][0]: pass -5496241
opsum[2][3][1]: pass -5753793
opsum[2][3][2]: pass -6011345
opsum[2][3][3]: pass -6268897
opsum[2][3][4]: pass -6526705
opsum[2][3][5]: pass -6784257
opsum[2][3][6]: pass -7041809
opsum[2][3][7]: pass -7299361
opsum[2][3][8]: pass -7557169
opsum[2][3][9]: pass -7814721
opsum[2][3][10]: pass -8072273
opsum[2][3][11]: pass 8157599
opsum[2][3][12]: pass 7899791
opsum[2][3][13]: pass 7642239
opsum[2][3][14]: pass 7384687
opsum[2][3][15]: pass 7127135
opsum[2][4][0]: pass -6747282
opsum[2][4][1]: pass -7062986
opsum[2][4][2]: pass -7378690
opsum[2][4][3]: pass -7694394
opsum[2][4][4]: pass -8010354
opsum[2][4][5]: pass -8326058
opsum[2][4][6]: pass -8641762
opsum[2][4][7]: pass -8957466
opsum[2][4][8]: pass -9273426
opsum[2][4][9]: pass -9589130
opsum[2][4][10]: pass -9904834
opsum[2][4][11]: pass 9988614
opsum[2][4][12]: pass 9672654
opsum[2][4][13]: pass 9356950
opsum[2][4][14]: pass 9041246
opsum[2][4][15]: pass 8725542
opsum[2][5][0]: pass -6545267
opsum[2][5][1]: pass -6851539
opsum[2][5][2]: pass -7157811
opsum[2][5][3]: pass -7464083
opsum[2][5][4]: pass -7770611
opsum[2][5][5]: pass -8076883
opsum[2][5][6]: pass -8383155
opsum[2][5][7]: pass -8689427
opsum[2][5][8]: pass -8995955
opsum[2][5][9]: pass -9302227
opsum[2][5][10]: pass -9608499
opsum[2][5][11]: pass 9690733
opsum[2][5][12]: pass 9384205
opsum[2][5][13]: pass 9077933
opsum[2][5][14]: pass 8771661
opsum[2][5][15]: pass 8465389
opsum[2][6][0]: pass -6343252
opsum[2][6][1]: pass -6640092
opsum[2][6][2]: pass -6936932
opsum[2][6][3]: pass -7233772
opsum[2][6][4]: pass -7530868
opsum[2][6][5]: pass -7827708
opsum[2][6][6]: pass -8124548
opsum[2][6][7]: pass -8421388
opsum[2][6][8]: pass -8718484
opsum[2][6][9]: pass -9015324
opsum[2][6][10]: pass -9312164
opsum[2][6][11]: pass 9392852
opsum[2][6][12]: pass 9095756
opsum[2][6][13]: pass 8798916
opsum[2][6][14]: pass 8502076
opsum[2][6][15]: pass 8205236
opsum[2][7][0]: pass -6141237
opsum[2][7][1]: pass -6428645
opsum[2][7][2]: pass -6716053
opsum[2][7][3]: pass -7003461
opsum[2][7][4]: pass -7291125
opsum[2][7][5]: pass -7578533
opsum[2][7][6]: pass -7865941
opsum[2][7][7]: pass -8153349
opsum[2][7][8]: pass -8441013
opsum[2][7][9]: pass -8728421
opsum[2][7][10]: pass -9015829
opsum[2][7][11]: pass 9094971
opsum[2][7][12]: pass 8807307
opsum[2][7][13]: pass 8519899
opsum[2][7][14]: pass 8232491
opsum[2][7][15]: pass 7945083
opsum[2][8][0]: pass -5939222
opsum[2][8][1]: pass -6217198
opsum[2][8][2]: pass -6495174
opsum[2][8][3]: pass -6773150
opsum[2][8][4]: pass -7051382
opsum[2][8][5]: pass -7329358
opsum[2][8][6]: pass -7607334
opsum[2][8][7]: pass -7885310
opsum[2][8][8]: pass -8163542
opsum[2][8][9]: pass -8441518
opsum[2][8][10]: pass -8719494
opsum[2][8][11]: pass 8797090
opsum[2][8][12]: pass 8518858
opsum[2][8][13]: pass 8240882
opsum[2][8][14]: pass 7962906
opsum[2][8][15]: pass 7684930
opsum[2][9][0]: pass -5737207
opsum[2][9][1]: pass -6005751
opsum[2][9][2]: pass -6274295
opsum[2][9][3]: pass -6542839
opsum[2][9][4]: pass -6811639
opsum[2][9][5]: pass -7080183
opsum[2][9][6]: pass -7348727
opsum[2][9][7]: pass -7617271
opsum[2][9][8]: pass -7886071
opsum[2][9][9]: pass -8154615
opsum[2][9][10]: pass -8423159
opsum[2][9][11]: pass 8499209
opsum[2][9][12]: pass 8230409
opsum[2][9][13]: pass 7961865
opsum[2][9][14]: pass 7693321
opsum[2][9][15]: pass 7424777
opsum[2][10][0]: pass -5535192
opsum[2][10][1]: pass -5794304
opsum[2][10][2]: pass -6053416
opsum[2][10][3]: pass -6312528
opsum[2][10][4]: pass -6571896
opsum[2][10][5]: pass -6831008
opsum[2][10][6]: pass -7090120
opsum[2][10][7]: pass -7349232
opsum[2][10][8]: pass -7608600
opsum[2][10][9]: pass -7867712
opsum[2][10][10]: pass -8126824
opsum[2][10][11]: pass 8201328
opsum[2][10][12]: pass 7941960
opsum[2][10][13]: pass 7682848
opsum[2][10][14]: pass 7423736
opsum[2][10][15]: pass 7164624
opsum[2][11][0]: pass -5333177
opsum[2][11][1]: pass -5582857
opsum[2][11][2]: pass -5832537
opsum[2][11][3]: pass -6082217
opsum[2][11][4]: pass -6332153
opsum[2][11][5]: pass -6581833
opsum[2][11][6]: pass -6831513
opsum[2][11][7]: pass -7081193
opsum[2][11][8]: pass -7331129
opsum[2][11][9]: pass -7580809
opsum[2][11][10]: pass -7830489
opsum[2][11][11]: pass 7903447
opsum[2][11][12]: pass 7653511
opsum[2][11][13]: pass 7403831
opsum[2][11][14]: pass 7154151
opsum[2][11][15]: pass 6904471
opsum[2][12][0]: pass -5131162
opsum[2][12][1]: pass -5371410
opsum[2][12][2]: pass -5611658
opsum[2][12][3]: pass -5852162
opsum[2][12][4]: pass -6092410
opsum[2][12][5]: pass -6332658
opsum[2][12][6]: pass -6572906
opsum[2][12][7]: pass -6813410
opsum[2][12][8]: pass -7053658
opsum[2][12][9]: pass -7293906
opsum[2][12][10]: pass -7534154
opsum[2][12][11]: pass 7605310
opsum[2][12][12]: pass 7365062
opsum[2][12][13]: pass 7124814
opsum[2][12][14]: pass 6884566
opsum[2][12][15]: pass 6644062
opsum[2][13][0]: pass -4929147
opsum[2][13][1]: pass -5159963
opsum[2][13][2]: pass -5390779
opsum[2][13][3]: pass -5621851
opsum[2][13][4]: pass -5852667
opsum[2][13][5]: pass -6083483
opsum[2][13][6]: pass -6314299
opsum[2][13][7]: pass -6545371
opsum[2][13][8]: pass -6776187
opsum[2][13][9]: pass -7007003
opsum[2][13][10]: pass -7237819
opsum[2][13][11]: pass 7307429
opsum[2][13][12]: pass 7076613
opsum[2][13][13]: pass 6845797
opsum[2][13][14]: pass 6614981
opsum[2][13][15]: pass 6383909
opsum[2][14][0]: pass -4727132
opsum[2][14][1]: pass -4948516
opsum[2][14][2]: pass -5169900
opsum[2][14][3]: pass -5391540
opsum[2][14][4]: pass -5612924
opsum[2][14][5]: pass -5834308
opsum[2][14][6]: pass -6055692
opsum[2][14][7]: pass -6277332
opsum[2][14][8]: pass -6498716
opsum[2][14][9]: pass -6720100
opsum[2][14][10]: pass -6941484
opsum[2][14][11]: pass 7009548
opsum[2][14][12]: pass 6788164
opsum[2][14][13]: pass 6566780
opsum[2][14][14]: pass 6345396
opsum[2][14][15]: pass 6123756
opsum[2][15][0]: pass -4525117
opsum[2][15][1]: pass -4737069
opsum[2][15][2]: pass -4949021
opsum[2][15][3]: pass -5161229
opsum[2][15][4]: pass -5373181
opsum[2][15][5]: pass -5585133
opsum[2][15][6]: pass -5797085
opsum[2][15][7]: pass -6009293
opsum[2][15][8]: pass -6221245
opsum[2][15][9]: pass -6433197
opsum[2][15][10]: pass -6645149
opsum[2][15][11]: pass 6711667
opsum[2][15][12]: pass 6499715
opsum[2][15][13]: pass 6287763
opsum[2][15][14]: pass 6075811
opsum[2][15][15]: pass 5863603
opsum[3][0][0]: pass -3919074
opsum[3][0][1]: pass -4102730
opsum[3][0][2]: pass -4286386
opsum[3][0][3]: pass -4470298
opsum[3][0][4]: pass -4653954
opsum[3][0][5]: pass -4837610
opsum[3][0][6]: pass -5021266
opsum[3][0][7]: pass -5205178
opsum[3][0][8]: pass -5388834
opsum[3][0][9]: pass -5572490
opsum[3][0][10]: pass -5756146
opsum[3][0][11]: pass 5818022
opsum[3][0][12]: pass 5634366
opsum[3][0][13]: pass 5450710
opsum[3][0][14]: pass 5267054
opsum[3][0][15]: pass 5083142
opsum[3][1][0]: pass -3717059
opsum[3][1][1]: pass -3891283
opsum[3][1][2]: pass -4065507
opsum[3][1][3]: pass -4239987
opsum[3][1][4]: pass -4414211
opsum[3][1][5]: pass -4588435
opsum[3][1][6]: pass -4762659
opsum[3][1][7]: pass -4937139
opsum[3][1][8]: pass -5111363
opsum[3][1][9]: pass -5285587
opsum[3][1][10]: pass -5459811
opsum[3][1][11]: pass 5520141
opsum[3][1][12]: pass 5345917
opsum[3][1][13]: pass 5171693
opsum[3][1][14]: pass 4997469
opsum[3][1][15]: pass 4822989
opsum[3][2][0]: pass -3515044
opsum[3][2][1]: pass -3679836
opsum[3][2][2]: pass -3844628
opsum[3][2][3]: pass -4009676
opsum[3][2][4]: pass -4174468
opsum[3][2][5]: pass -4339260
opsum[3][2][6]: pass -4504052
opsum[3][2][7]: pass -4669100
opsum[3][2][8]: pass -4833892
opsum[3][2][9]: pass -4998684
opsum[3][2][10]: pass -5163476
opsum[3][2][11]: pass 5222260
opsum[3][2][12]: pass 5057468
opsum[3][2][13]: pass 4892676
opsum[3][2][14]: pass 4727884
opsum[3][2][15]: pass 4562836
opsum[3][3][0]: pass -3313029
opsum[3][3][1]: pass -3468389
opsum[3][3][2]: pass -3623749
opsum[3][3][3]: pass -3779365
opsum[3][3][4]: pass -3934725
opsum[3][3][5]: pass -4090085
opsum[3][3][6]: pass -4245445
opsum[3][3][7]: pass -4401061
opsum[3][3][8]: pass -4556421
opsum[3][3][9]: pass -4711781
opsum[3][3][10]: pass -4867141
opsum[3][3][11]: pass 4924379
opsum[3][3][12]: pass 4769019
opsum[3][3][13]: pass 4613659
opsum[3][3][14]: pass 4458299
opsum[3][3][15]: pass 4302683
opsum[3][4][0]: pass -3111014
opsum[3][4][1]: pass -3256942
opsum[3][4][2]: pass -3402870
opsum[3][4][3]: pass -3549054
opsum[3][4][4]: pass -3694982
opsum[3][4][5]: pass -3840910
opsum[3][4][6]: pass -3986838
opsum[3][4][7]: pass -4133022
opsum[3][4][8]: pass -4278950
opsum[3][4][9]: pass -4424878
opsum[3][4][10]: pass -4570806
opsum[3][4][11]: pass 4626498
opsum[3][4][12]: pass 4480570
opsum[3][4][13]: pass 4334642
opsum[3][4][14]: pass 4188714
opsum[3][4][15]: pass 4042530
opsum[3][5][0]: pass -2908999
opsum[3][5][1]: pass -3045495
opsum[3][5][2]: pass -3181991
opsum[3][5][3]: pass -3318743
opsum[3][5][4]: pass -3455239
opsum[3][5][5]: pass -3591735
opsum[3][5][6]: pass -3728231
opsum[3][5][7]: pass -3864983
opsum[3][5][8]: pass -4001479
opsum[3][5][9]: pass -4137975
opsum[3][5][10]: pass -4274471
opsum[3][5][11]: pass 4328617
opsum[3][5][12]: pass 4192121
opsum[3][5][13]: pass 4055625
opsum[3][5][14]: pass 3919129
opsum[3][5][15]: pass 3782377
opsum[3][6][0]: pass -2706984
opsum[3][6][1]: pass -2834048
opsum[3][6][2]: pass -2961112
opsum[3][6][3]: pass -3088432
opsum[3][6][4]: pass -3215496
opsum[3][6][5]: pass -3342560
opsum[3][6][6]: pass -3469624
opsum[3][6][7]: pass -3596944
opsum[3][6][8]: pass -3724008
opsum[3][6][9]: pass -3851072
opsum[3][6][10]: pass -3978136
opsum[3][6][11]: pass 4030736
opsum[3][6][12]: pass 3903672
opsum[3][6][13]: pass 3776608
opsum[3][6][14]: pass 3649544
opsum[3][6][15]: pass 3522224
opsum[3][7][0]: pass -2504969
opsum[3][7][1]: pass -2622601
opsum[3][7][2]: pass -2740233
opsum[3][7][3]: pass -2858121
opsum[3][7][4]: pass -2975753
opsum[3][7][5]: pass -3093385
opsum[3][7][6]: pass -3211017
opsum[3][7][7]: pass -3328905
opsum[3][7][8]: pass -3446537
opsum[3][7][9]: pass -3564169
opsum[3][7][10]: pass -3681801
opsum[3][7][11]: pass 3732855
opsum[3][7][12]: pass 3615223
opsum[3][7][13]: pass 3497591
opsum[3][7][14]: pass 3379959
opsum[3][7][15]: pass 3262071
opsum[3][8][0]: pass -2302954
opsum[3][8][1]: pass -2411154
opsum[3][8][2]: pass -2519354
opsum[3][8][3]: pass -2627810
opsum[3][8][4]: pass -2736010
opsum[3][8][5]: pass -2844210
opsum[3][8][6]: pass -2952410
opsum[3][8][7]: pass -3060866
opsum[3][8][8]: pass -3169066
opsum[3][8][9]: pass -3277266
opsum[3][8][10]: pass -3385466
opsum[3][8][11]: pass 3434974
opsum[3][8][12]: pass 3326774
opsum[3][8][13]: pass 3218574
opsum[3][8][14]: pass 3110374
opsum[3][8][15]: pass 3001918
opsum[3][9][0]: pass -2100939
opsum[3][9][1]: pass -2199707
opsum[3][9][2]: pass -2298475
opsum[3][9][3]: pass -2397499
opsum[3][9][4]: pass -2496267
opsum[3][9][5]: pass -2595035
opsum[3][9][6]: pass -2693803
opsum[3][9][7]: pass -2792827
opsum[3][9][8]: pass -2891595
opsum[3][9][9]: pass -2990363
opsum[3][9][10]: pass -3089131
opsum[3][9][11]: pass 3137093
opsum[3][9][12]: pass 3038325
opsum[3][9][13]: pass 2939557
opsum[3][9][14]: pass 2840789
opsum[3][9][15]: pass 2741765
opsum[3][10][0]: pass -1898924
opsum[3][10][1]: pass -1988260
opsum[3][10][2]: pass -2077596
opsum[3][10][3]: pass -2167188
opsum[3][10][4]: pass -2256524
opsum[3][10][5]: pass -2345860
opsum[3][10][6]: pass -2435196
opsum[3][10][7]: pass -2524788
opsum[3][10][8]: pass -2614124
opsum[3][10][9]: pass -2703460
opsum[3][10][10]: pass -2792796
opsum[3][10][11]: pass 2839212
opsum[3][10][12]: pass 2749876
opsum[3][10][13]: pass 2660540
opsum[3][10][14]: pass 2571204
opsum[3][10][15]: pass 2481612
opsum[3][11][0]: pass -1696909
opsum[3][11][1]: pass -1776813
opsum[3][11][2]: pass -1856717
opsum[3][11][3]: pass -1936877
opsum[3][11][4]: pass -2016781
opsum[3][11][5]: pass -2096685
opsum[3][11][6]: pass -2176589
opsum[3][11][7]: pass -2256749
opsum[3][11][8]: pass -2336653
opsum[3][11][9]: pass -2416557
opsum[3][11][10]: pass -2496461
opsum[3][11][11]: pass 2541331
opsum[3][11][12]: pass 2461427
opsum[3][11][13]: pass 2381523
opsum[3][11][14]: pass 2301619
opsum[3][11][15]: pass 2221459
opsum[3][12][0]: pass -1494894
opsum[3][12][1]: pass -1565366
opsum[3][12][2]: pass -1635838
opsum[3][12][3]: pass -1706566
opsum[3][12][4]: pass -1777038
opsum[3][12][5]: pass -1847510
opsum[3][12][6]: pass -1917982
opsum[3][12][7]: pass -1988710
opsum[3][12][8]: pass -2059182
opsum[3][12][9]: pass -2129654
opsum[3][12][10]: pass -2200126
opsum[3][12][11]: pass 2243450
opsum[3][12][12]: pass 2172978
opsum[3][12][13]: pass 2102506
opsum[3][12][14]: pass 2032034
opsum[3][12][15]: pass 1961306
opsum[3][13][0]: pass -1292879
opsum[3][13][1]: pass -1353919
opsum[3][13][2]: pass -1414959
opsum[3][13][3]: pass -1476255
opsum[3][13][4]: pass -1537295
opsum[3][13][5]: pass -1598335
opsum[3][13][6]: pass -1659375
opsum[3][13][7]: pass -1720671
opsum[3][13][8]: pass -1781711
opsum[3][13][9]: pass -1842751
opsum[3][13][10]: pass -1903791
opsum[3][13][11]: pass 1945569
opsum[3][13][12]: pass 1884529
opsum[3][13][13]: pass 1823489
opsum[3][13][14]: pass 1762449
opsum[3][13][15]: pass 1701153
opsum[3][14][0]: pass -1090864
opsum[3][14][1]: pass -1142472
opsum[3][14][2]: pass -1194080
opsum[3][14][3]: pass -1245944
opsum[3][14][4]: pass -1297552
opsum[3][14][5]: pass -1349160
opsum[3][14][6]: pass -1400768
opsum[3][14][7]: pass -1452632
opsum[3][14][8]: pass -1504240
opsum[3][14][9]: pass -1555848
opsum[3][14][10]: pass -1607456
opsum[3][14][11]: pass 1647688
opsum[3][14][12]: pass 1596080
opsum[3][14][13]: pass 1544472
opsum[3][14][14]: pass 1492864
opsum[3][14][15]: pass 1441000
opsum[3][15][0]: pass -888849
opsum[3][15][1]: pass -931025
opsum[3][15][2]: pass -973201
opsum[3][15][3]: pass -1015633
opsum[3][15][4]: pass -1057809
opsum[3][15][5]: pass -1099985
opsum[3][15][6]: pass -1142161
opsum[3][15][7]: pass -1184593
opsum[3][15][8]: pass -1226769
opsum[3][15][9]: pass -1268945
opsum[3][15][10]: pass -1311121
opsum[3][15][11]: pass 1349807
opsum[3][15][12]: pass 1307631
opsum[3][15][13]: pass 1265455
opsum[3][15][14]: pass 1223279
opsum[3][15][15]: pass 1180847

=====================================================================================
||     ________   ___   ________           ___        ________   ________          ||
||    |\   __  \ |\  \ |\   ____\         |\  \      |\   __  \ |\   __  \         ||
||    \ \  \|\  \\ \  \\ \  \___|_        \ \  \     \ \  \|\  \\ \  \|\ /_        ||
||     \ \   __  \\ \  \\ \_____  \        \ \  \     \ \   __  \\ \   __  \       ||
||      \ \  \ \  \\ \  \\|____|\  \        \ \  \____ \ \  \ \  \\ \  \|\  \      ||
||       \ \__\ \__\\ \__\ ____\_\  \        \ \_______\\ \__\ \__\\ \_______\     ||
||        \|__|\|__| \|__||\_________\        \|_______| \|__|\|__| \|_______|     ||
||                        \|_________|                                             ||
||                                                                                 ||
=====================================================================================

 ___                                                                           ___
( _ )                                                                         ( _ )
 | |~~~~~~~~~~~~~~~~~~~~~~~~~~~~~~~~~~~~~~~~~~~~~~~~~~~~~~~~~~~~~~~~~~~~~~~~~~~| |
 | |  _____ _                 _       _   _              ______             _  | |
 | | /  ___(_)               | |     | | (_)             | ___ \           | | | |
 | | \ `--. _ _ __ ___  _   _| | __ _| |_ _  ___  _ __   | |_/ /_ _ ___ ___| | | |
 | |  `--. \ | '_ ` _ \| | | | |/ _` | __| |/ _ \| '_ \  |  __/ _` / __/ __| | | |
 | | /\__/ / | | | | | | |_| | | (_| | |_| | (_) | | | | | | | (_| \__ \__ \_| | |
 | | \____/|_|_| |_| |_|\__,_|_|\__,_|\__|_|\___/|_| |_| \_|  \__,_|___/___(_) | |
 | |                                                                           | |
 |_|~~~~~~~~~~~~~~~~~~~~~~~~~~~~~~~~~~~~~~~~~~~~~~~~~~~~~~~~~~~~~~~~~~~~~~~~~~~|_|
(___)                                                                         (___)
Simulation time: 5103 cycles
