opsum[0][0][0]: pass 140948
opsum[0][0][1]: pass 190580
opsum[0][0][2]: pass 240468
opsum[0][0][3]: pass 290356
opsum[0][0][4]: pass 340244
opsum[0][0][5]: pass 389876
opsum[0][0][6]: pass 439764
opsum[0][0][7]: pass 489652
opsum[0][1][0]: pass 155313
opsum[0][1][1]: pass 206961
opsum[0][1][2]: pass 258865
opsum[0][1][3]: pass 310769
opsum[0][1][4]: pass 362673
opsum[0][1][5]: pass 414321
opsum[0][1][6]: pass 466225
opsum[0][1][7]: pass 518129
opsum[0][2][0]: pass 234190
opsum[0][2][1]: pass 300142
opsum[0][2][2]: pass 366350
opsum[0][2][3]: pass 432558
opsum[0][2][4]: pass 498766
opsum[0][2][5]: pass 564718
opsum[0][2][6]: pass 630926
opsum[0][2][7]: pass 697134
opsum[0][3][0]: pass 323819
opsum[0][3][1]: pass 406123
opsum[0][3][2]: pass 488683
opsum[0][3][3]: pass 571243
opsum[0][3][4]: pass 653803
opsum[0][3][5]: pass 736107
opsum[0][3][6]: pass 818667
opsum[0][3][7]: pass 901227
opsum[0][4][0]: pass 424200
opsum[0][4][1]: pass 524904
opsum[0][4][2]: pass 625864
opsum[0][4][3]: pass 726824
opsum[0][4][4]: pass 827784
opsum[0][4][5]: pass 928488
opsum[0][4][6]: pass 1029448
opsum[0][4][7]: pass 1130408
opsum[0][5][0]: pass 438565
opsum[0][5][1]: pass 541285
opsum[0][5][2]: pass 644261
opsum[0][5][3]: pass 747237
opsum[0][5][4]: pass 850213
opsum[0][5][5]: pass 952933
opsum[0][5][6]: pass 1055909
opsum[0][5][7]: pass 1158885
opsum[0][6][0]: pass 452930
opsum[0][6][1]: pass 557666
opsum[0][6][2]: pass 662658
opsum[0][6][3]: pass 767650
opsum[0][6][4]: pass 872642
opsum[0][6][5]: pass 977378
opsum[0][6][6]: pass 1082370
opsum[0][6][7]: pass 1187362
opsum[0][7][0]: pass 467295
opsum[0][7][1]: pass 574047
opsum[0][7][2]: pass 681055
opsum[0][7][3]: pass 788063
opsum[0][7][4]: pass 895071
opsum[0][7][5]: pass 1001823
opsum[0][7][6]: pass 1108831
opsum[0][7][7]: pass 1215839
opsum[0][8][0]: pass 481660
opsum[0][8][1]: pass 590428
opsum[0][8][2]: pass 699452
opsum[0][8][3]: pass 808476
opsum[0][8][4]: pass 917500
opsum[0][8][5]: pass 1026268
opsum[0][8][6]: pass 1135292
opsum[0][8][7]: pass 1244316
opsum[0][9][0]: pass 496025
opsum[0][9][1]: pass 606809
opsum[0][9][2]: pass 717849
opsum[0][9][3]: pass 828889
opsum[0][9][4]: pass 939929
opsum[0][9][5]: pass 1050713
opsum[0][9][6]: pass 1161753
opsum[0][9][7]: pass 1272793
opsum[0][10][0]: pass 113334
opsum[0][10][1]: pass 158550
opsum[0][10][2]: pass 204022
opsum[0][10][3]: pass 249494
opsum[0][10][4]: pass 294966
opsum[0][10][5]: pass 340182
opsum[0][10][6]: pass 385654
opsum[0][10][7]: pass 431126
opsum[0][11][0]: pass -257325
opsum[0][11][1]: pass -275629
opsum[0][11][2]: pass -293677
opsum[0][11][3]: pass -311725
opsum[0][11][4]: pass -329773
opsum[0][11][5]: pass -348077
opsum[0][11][6]: pass -366125
opsum[0][11][7]: pass -384173
opsum[0][12][0]: pass -615952
opsum[0][12][1]: pass -695728
opsum[0][12][2]: pass -775248
opsum[0][12][3]: pass -854768
opsum[0][12][4]: pass -934288
opsum[0][12][5]: pass -1014064
opsum[0][12][6]: pass -1093584
opsum[0][12][7]: pass -1173104
opsum[0][13][0]: pass -601587
opsum[0][13][1]: pass -679347
opsum[0][13][2]: pass -756851
opsum[0][13][3]: pass -834355
opsum[0][13][4]: pass -911859
opsum[0][13][5]: pass -989619
opsum[0][13][6]: pass -1067123
opsum[0][13][7]: pass -1144627
opsum[0][14][0]: pass -587222
opsum[0][14][1]: pass -662966
opsum[0][14][2]: pass -738454
opsum[0][14][3]: pass -813942
opsum[0][14][4]: pass -889430
opsum[0][14][5]: pass -965174
opsum[0][14][6]: pass -1040662
opsum[0][14][7]: pass -1116150
opsum[0][15][0]: pass -572857
opsum[0][15][1]: pass -646585
opsum[0][15][2]: pass -720057
opsum[0][15][3]: pass -793529
opsum[0][15][4]: pass -867001
opsum[0][15][5]: pass -940729
opsum[0][15][6]: pass -1014201
opsum[0][15][7]: pass -1087673
opsum[1][0][0]: pass -529764
opsum[1][0][1]: pass -597444
opsum[1][0][2]: pass -664868
opsum[1][0][3]: pass -732292
opsum[1][0][4]: pass -799716
opsum[1][0][5]: pass -867396
opsum[1][0][6]: pass -934820
opsum[1][0][7]: pass -1002244
opsum[1][1][0]: pass -515399
opsum[1][1][1]: pass -581063
opsum[1][1][2]: pass -646471
opsum[1][1][3]: pass -711879
opsum[1][1][4]: pass -777287
opsum[1][1][5]: pass -842951
opsum[1][1][6]: pass -908359
opsum[1][1][7]: pass -973767
opsum[1][2][0]: pass -404266
opsum[1][2][1]: pass -449482
opsum[1][2][2]: pass -494442
opsum[1][2][3]: pass -539402
opsum[1][2][4]: pass -584362
opsum[1][2][5]: pass -629578
opsum[1][2][6]: pass -674538
opsum[1][2][7]: pass -719498
opsum[1][3][0]: pass -282381
opsum[1][3][1]: pass -305101
opsum[1][3][2]: pass -327565
opsum[1][3][3]: pass -350029
opsum[1][3][4]: pass -372493
opsum[1][3][5]: pass -395213
opsum[1][3][6]: pass -417677
opsum[1][3][7]: pass -440141
opsum[1][4][0]: pass -149744
opsum[1][4][1]: pass -147920
opsum[1][4][2]: pass -145840
opsum[1][4][3]: pass -143760
opsum[1][4][4]: pass -141680
opsum[1][4][5]: pass -139856
opsum[1][4][6]: pass -137776
opsum[1][4][7]: pass -135696
opsum[1][5][0]: pass -135379
opsum[1][5][1]: pass -131539
opsum[1][5][2]: pass -127443
opsum[1][5][3]: pass -123347
opsum[1][5][4]: pass -119251
opsum[1][5][5]: pass -115411
opsum[1][5][6]: pass -111315
opsum[1][5][7]: pass -107219
opsum[1][6][0]: pass -121014
opsum[1][6][1]: pass -115158
opsum[1][6][2]: pass -109046
opsum[1][6][3]: pass -102934
opsum[1][6][4]: pass -96822
opsum[1][6][5]: pass -90966
opsum[1][6][6]: pass -84854
opsum[1][6][7]: pass -78742
opsum[1][7][0]: pass -106649
opsum[1][7][1]: pass -98777
opsum[1][7][2]: pass -90649
opsum[1][7][3]: pass -82521
opsum[1][7][4]: pass -74393
opsum[1][7][5]: pass -66521
opsum[1][7][6]: pass -58393
opsum[1][7][7]: pass -50265
opsum[1][8][0]: pass -92540
opsum[1][8][1]: pass -82396
opsum[1][8][2]: pass -72252
opsum[1][8][3]: pass -62108
opsum[1][8][4]: pass -52220
opsum[1][8][5]: pass -42076
opsum[1][8][6]: pass -31932
opsum[1][8][7]: pass -21788
opsum[1][9][0]: pass -78175
opsum[1][9][1]: pass -66015
opsum[1][9][2]: pass -53855
opsum[1][9][3]: pass -41695
opsum[1][9][4]: pass -29791
opsum[1][9][5]: pass -17631
opsum[1][9][6]: pass  -5471
opsum[1][9][7]: pass   6689
opsum[1][10][0]: pass -63810
opsum[1][10][1]: pass -49634
opsum[1][10][2]: pass -35458
opsum[1][10][3]: pass -21282
opsum[1][10][4]: pass  -7362
opsum[1][10][5]: pass   6814
opsum[1][10][6]: pass  20990
opsum[1][10][7]: pass  35166
opsum[1][11][0]: pass -49445
opsum[1][11][1]: pass -33253
opsum[1][11][2]: pass -17061
opsum[1][11][3]: pass   -869
opsum[1][11][4]: pass  15067
opsum[1][11][5]: pass  31259
opsum[1][11][6]: pass  47451
opsum[1][11][7]: pass  63643
opsum[1][12][0]: pass -35080
opsum[1][12][1]: pass -16872
opsum[1][12][2]: pass   1336
opsum[1][12][3]: pass  19544
opsum[1][12][4]: pass  37496
opsum[1][12][5]: pass  55704
opsum[1][12][6]: pass  73912
opsum[1][12][7]: pass  92120
opsum[1][13][0]: pass -20715
opsum[1][13][1]: pass   -491
opsum[1][13][2]: pass  19733
opsum[1][13][3]: pass  39957
opsum[1][13][4]: pass  59925
opsum[1][13][5]: pass  80149
opsum[1][13][6]: pass 100373
opsum[1][13][7]: pass 120597
opsum[1][14][0]: pass  -6350
opsum[1][14][1]: pass  15890
opsum[1][14][2]: pass  38130
opsum[1][14][3]: pass  60370
opsum[1][14][4]: pass  82354
opsum[1][14][5]: pass 104594
opsum[1][14][6]: pass 126834
opsum[1][14][7]: pass 149074
opsum[1][15][0]: pass   8015
opsum[1][15][1]: pass  32271
opsum[1][15][2]: pass  56527
opsum[1][15][3]: pass  80783
opsum[1][15][4]: pass 104783
opsum[1][15][5]: pass 129039
opsum[1][15][6]: pass 153295
opsum[1][15][7]: pass 177551
opsum[2][0][0]: pass  51108
opsum[2][0][1]: pass  81412
opsum[2][0][2]: pass 111716
opsum[2][0][3]: pass 142020
opsum[2][0][4]: pass 172068
opsum[2][0][5]: pass 202372
opsum[2][0][6]: pass 232676
opsum[2][0][7]: pass 262980
opsum[2][1][0]: pass  65473
opsum[2][1][1]: pass  97793
opsum[2][1][2]: pass 130113
opsum[2][1][3]: pass 162433
opsum[2][1][4]: pass 194497
opsum[2][1][5]: pass 226817
opsum[2][1][6]: pass 259137
opsum[2][1][7]: pass 291457
opsum[2][2][0]: pass 208862
opsum[2][2][1]: pass 267774
opsum[2][2][2]: pass 326686
opsum[2][2][3]: pass 385598
opsum[2][2][4]: pass 444254
opsum[2][2][5]: pass 503166
opsum[2][2][6]: pass 562078
opsum[2][2][7]: pass 620990
opsum[2][3][0]: pass 363003
opsum[2][3][1]: pass 450555
opsum[2][3][2]: pass 538107
opsum[2][3][3]: pass 625659
opsum[2][3][4]: pass 712955
opsum[2][3][5]: pass 800507
opsum[2][3][6]: pass 888059
opsum[2][3][7]: pass 975611
opsum[2][4][0]: pass 527896
opsum[2][4][1]: pass 646136
opsum[2][4][2]: pass 764376
opsum[2][4][3]: pass 882616
opsum[2][4][4]: pass 1000600
opsum[2][4][5]: pass 1118840
opsum[2][4][6]: pass 1237080
opsum[2][4][7]: pass 1355320
opsum[2][5][0]: pass 542261
opsum[2][5][1]: pass 662517
opsum[2][5][2]: pass 782773
opsum[2][5][3]: pass 903029
opsum[2][5][4]: pass 1023029
opsum[2][5][5]: pass 1143285
opsum[2][5][6]: pass 1263541
opsum[2][5][7]: pass 1383797
opsum[2][6][0]: pass 421458
opsum[2][6][1]: pass 519154
opsum[2][6][2]: pass 616850
opsum[2][6][3]: pass 714546
opsum[2][6][4]: pass 811986
opsum[2][6][5]: pass 909682
opsum[2][6][6]: pass 1007378
opsum[2][6][7]: pass 1105074
opsum[2][7][0]: pass 311919
opsum[2][7][1]: pass 389103
opsum[2][7][2]: pass 466287
opsum[2][7][3]: pass 543471
opsum[2][7][4]: pass 620399
opsum[2][7][5]: pass 697583
opsum[2][7][6]: pass 774767
opsum[2][7][7]: pass 851951
opsum[2][8][0]: pass 213644
opsum[2][8][1]: pass 272364
opsum[2][8][2]: pass 331084
opsum[2][8][3]: pass 389804
opsum[2][8][4]: pass 448268
opsum[2][8][5]: pass 506988
opsum[2][8][6]: pass 565708
opsum[2][8][7]: pass 624428
opsum[2][9][0]: pass 228009
opsum[2][9][1]: pass 288745
opsum[2][9][2]: pass 349481
opsum[2][9][3]: pass 410217
opsum[2][9][4]: pass 470697
opsum[2][9][5]: pass 531433
opsum[2][9][6]: pass 592169
opsum[2][9][7]: pass 652905
opsum[2][10][0]: pass 242374
opsum[2][10][1]: pass 305126
opsum[2][10][2]: pass 367878
opsum[2][10][3]: pass 430630
opsum[2][10][4]: pass 493126
opsum[2][10][5]: pass 555878
opsum[2][10][6]: pass 618630
opsum[2][10][7]: pass 681382
opsum[2][11][0]: pass 256739
opsum[2][11][1]: pass 321507
opsum[2][11][2]: pass 386275
opsum[2][11][3]: pass 451043
opsum[2][11][4]: pass 515555
opsum[2][11][5]: pass 580323
opsum[2][11][6]: pass 645091
opsum[2][11][7]: pass 709859
opsum[2][12][0]: pass 271104
opsum[2][12][1]: pass 337888
opsum[2][12][2]: pass 404672
opsum[2][12][3]: pass 471456
opsum[2][12][4]: pass 537984
opsum[2][12][5]: pass 604768
opsum[2][12][6]: pass 671552
opsum[2][12][7]: pass 738336
opsum[2][13][0]: pass 285469
opsum[2][13][1]: pass 354269
opsum[2][13][2]: pass 423069
opsum[2][13][3]: pass 491869
opsum[2][13][4]: pass 560413
opsum[2][13][5]: pass 629213
opsum[2][13][6]: pass 698013
opsum[2][13][7]: pass 766813
opsum[2][14][0]: pass 299834
opsum[2][14][1]: pass 370650
opsum[2][14][2]: pass 441466
opsum[2][14][3]: pass 512282
opsum[2][14][4]: pass 582842
opsum[2][14][5]: pass 653658
opsum[2][14][6]: pass 724474
opsum[2][14][7]: pass 795290
opsum[2][15][0]: pass 314199
opsum[2][15][1]: pass 387031
opsum[2][15][2]: pass 459863
opsum[2][15][3]: pass 532695
opsum[2][15][4]: pass 605271
opsum[2][15][5]: pass 678103
opsum[2][15][6]: pass 750935
opsum[2][15][7]: pass 823767
opsum[3][0][0]: pass 357292
opsum[3][0][1]: pass 436172
opsum[3][0][2]: pass 515052
opsum[3][0][3]: pass 593932
opsum[3][0][4]: pass 672556
opsum[3][0][5]: pass 751436
opsum[3][0][6]: pass 830316
opsum[3][0][7]: pass 909196
opsum[3][1][0]: pass 371657
opsum[3][1][1]: pass 452553
opsum[3][1][2]: pass 533449
opsum[3][1][3]: pass 614345
opsum[3][1][4]: pass 694985
opsum[3][1][5]: pass 775881
opsum[3][1][6]: pass 856777
opsum[3][1][7]: pass 937673
opsum[3][2][0]: pass 386022
opsum[3][2][1]: pass 468934
opsum[3][2][2]: pass 551846
opsum[3][2][3]: pass 634758
opsum[3][2][4]: pass 717414
opsum[3][2][5]: pass 800326
opsum[3][2][6]: pass 883238
opsum[3][2][7]: pass 966150
opsum[3][3][0]: pass 400387
opsum[3][3][1]: pass 485315
opsum[3][3][2]: pass 570243
opsum[3][3][3]: pass 655171
opsum[3][3][4]: pass 739843
opsum[3][3][5]: pass 824771
opsum[3][3][6]: pass 909699
opsum[3][3][7]: pass 994627
opsum[3][4][0]: pass 414752
opsum[3][4][1]: pass 501696
opsum[3][4][2]: pass 588640
opsum[3][4][3]: pass 675584
opsum[3][4][4]: pass 762272
opsum[3][4][5]: pass 849216
opsum[3][4][6]: pass 936160
opsum[3][4][7]: pass 1023104
opsum[3][5][0]: pass 429117
opsum[3][5][1]: pass 518077
opsum[3][5][2]: pass 607037
opsum[3][5][3]: pass 695997
opsum[3][5][4]: pass 784701
opsum[3][5][5]: pass 873661
opsum[3][5][6]: pass 962621
opsum[3][5][7]: pass 1051581
opsum[3][6][0]: pass 342106
opsum[3][6][1]: pass 414650
opsum[3][6][2]: pass 487194
opsum[3][6][3]: pass 559738
opsum[3][6][4]: pass 632026
opsum[3][6][5]: pass 704570
opsum[3][6][6]: pass 777114
opsum[3][6][7]: pass 849658
opsum[3][7][0]: pass 266359
opsum[3][7][1]: pass 324535
opsum[3][7][2]: pass 382711
opsum[3][7][3]: pass 440887
opsum[3][7][4]: pass 498807
opsum[3][7][5]: pass 556983
opsum[3][7][6]: pass 615159
opsum[3][7][7]: pass 673335
opsum[3][8][0]: pass 201876
opsum[3][8][1]: pass 247732
opsum[3][8][2]: pass 293588
opsum[3][8][3]: pass 339444
opsum[3][8][4]: pass 385044
opsum[3][8][5]: pass 430900
opsum[3][8][6]: pass 476756
opsum[3][8][7]: pass 522612
opsum[3][9][0]: pass 216241
opsum[3][9][1]: pass 264113
opsum[3][9][2]: pass 311985
opsum[3][9][3]: pass 359857
opsum[3][9][4]: pass 407473
opsum[3][9][5]: pass 455345
opsum[3][9][6]: pass 503217
opsum[3][9][7]: pass 551089
opsum[3][10][0]: pass 230606
opsum[3][10][1]: pass 280494
opsum[3][10][2]: pass 330382
opsum[3][10][3]: pass 380270
opsum[3][10][4]: pass 429902
opsum[3][10][5]: pass 479790
opsum[3][10][6]: pass 529678
opsum[3][10][7]: pass 579566
opsum[3][11][0]: pass 244971
opsum[3][11][1]: pass 296875
opsum[3][11][2]: pass 348779
opsum[3][11][3]: pass 400683
opsum[3][11][4]: pass 452331
opsum[3][11][5]: pass 504235
opsum[3][11][6]: pass 556139
opsum[3][11][7]: pass 608043
opsum[3][12][0]: pass 259336
opsum[3][12][1]: pass 313256
opsum[3][12][2]: pass 367176
opsum[3][12][3]: pass 421096
opsum[3][12][4]: pass 474760
opsum[3][12][5]: pass 528680
opsum[3][12][6]: pass 582600
opsum[3][12][7]: pass 636520
opsum[3][13][0]: pass 273701
opsum[3][13][1]: pass 329637
opsum[3][13][2]: pass 385573
opsum[3][13][3]: pass 441509
opsum[3][13][4]: pass 497189
opsum[3][13][5]: pass 553125
opsum[3][13][6]: pass 609061
opsum[3][13][7]: pass 664997
opsum[3][14][0]: pass 288066
opsum[3][14][1]: pass 346018
opsum[3][14][2]: pass 403970
opsum[3][14][3]: pass 461922
opsum[3][14][4]: pass 519618
opsum[3][14][5]: pass 577570
opsum[3][14][6]: pass 635522
opsum[3][14][7]: pass 693474
opsum[3][15][0]: pass 302431
opsum[3][15][1]: pass 362399
opsum[3][15][2]: pass 422367
opsum[3][15][3]: pass 482335
opsum[3][15][4]: pass 542047
opsum[3][15][5]: pass 602015
opsum[3][15][6]: pass 661983
opsum[3][15][7]: pass 721951

=====================================================================================
||     ________   ___   ________           ___        ________   ________          ||
||    |\   __  \ |\  \ |\   ____\         |\  \      |\   __  \ |\   __  \         ||
||    \ \  \|\  \\ \  \\ \  \___|_        \ \  \     \ \  \|\  \\ \  \|\ /_        ||
||     \ \   __  \\ \  \\ \_____  \        \ \  \     \ \   __  \\ \   __  \       ||
||      \ \  \ \  \\ \  \\|____|\  \        \ \  \____ \ \  \ \  \\ \  \|\  \      ||
||       \ \__\ \__\\ \__\ ____\_\  \        \ \_______\\ \__\ \__\\ \_______\     ||
||        \|__|\|__| \|__||\_________\        \|_______| \|__|\|__| \|_______|     ||
||                        \|_________|                                             ||
||                                                                                 ||
=====================================================================================

 ___                                                                           ___
( _ )                                                                         ( _ )
 | |~~~~~~~~~~~~~~~~~~~~~~~~~~~~~~~~~~~~~~~~~~~~~~~~~~~~~~~~~~~~~~~~~~~~~~~~~~~| |
 | |  _____ _                 _       _   _              ______             _  | |
 | | /  ___(_)               | |     | | (_)             | ___ \           | | | |
 | | \ `--. _ _ __ ___  _   _| | __ _| |_ _  ___  _ __   | |_/ /_ _ ___ ___| | | |
 | |  `--. \ | '_ ` _ \| | | | |/ _` | __| |/ _ \| '_ \  |  __/ _` / __/ __| | | |
 | | /\__/ / | | | | | | |_| | | (_| | |_| | (_) | | | | | | | (_| \__ \__ \_| | |
 | | \____/|_|_| |_| |_|\__,_|_|\__,_|\__|_|\___/|_| |_| \_|  \__,_|___/___(_) | |
 | |                                                                           | |
 |_|~~~~~~~~~~~~~~~~~~~~~~~~~~~~~~~~~~~~~~~~~~~~~~~~~~~~~~~~~~~~~~~~~~~~~~~~~~~|_|
(___)                                                                         (___)
Simulation time: 3262 cycles
