opsum[0][0][0]: pass -4216282
opsum[0][0][1]: pass -4005586
opsum[0][0][2]: pass -3794890
opsum[0][1][0]: pass -3962427
opsum[0][1][1]: pass -3765339
opsum[0][1][2]: pass -3568251
opsum[0][2][0]: pass -3708572
opsum[0][2][1]: pass -3525092
opsum[0][2][2]: pass -3341612
opsum[0][3][0]: pass -3454717
opsum[0][3][1]: pass -3284845
opsum[0][3][2]: pass -3114973
opsum[0][4][0]: pass -3200862
opsum[0][4][1]: pass -3044598
opsum[0][4][2]: pass -2888334
opsum[0][5][0]: pass -2947007
opsum[0][5][1]: pass -2804351
opsum[0][5][2]: pass -2661695
opsum[0][6][0]: pass -2693152
opsum[0][6][1]: pass -2564104
opsum[0][6][2]: pass -2435056
opsum[0][7][0]: pass -2439297
opsum[0][7][1]: pass -2323857
opsum[0][7][2]: pass -2208417
opsum[0][8][0]: pass -2185442
opsum[0][8][1]: pass -2083610
opsum[0][8][2]: pass -1981778
opsum[0][9][0]: pass -1931587
opsum[0][9][1]: pass -1843363
opsum[0][9][2]: pass -1755139
opsum[0][10][0]: pass -1677732
opsum[0][10][1]: pass -1603116
opsum[0][10][2]: pass -1528500
opsum[0][11][0]: pass -1423877
opsum[0][11][1]: pass -1362869
opsum[0][11][2]: pass -1301861
opsum[0][12][0]: pass -1170022
opsum[0][12][1]: pass -1122622
opsum[0][12][2]: pass -1075222
opsum[0][13][0]: pass -916167
opsum[0][13][1]: pass -882375
opsum[0][13][2]: pass -848583
opsum[0][14][0]: pass -2101288
opsum[0][14][1]: pass -2002256
opsum[0][14][2]: pass -1903224
opsum[0][15][0]: pass -3305097
opsum[0][15][1]: pass -3139801
opsum[0][15][2]: pass -2974505
opsum[1][0][0]: pass -4019886
opsum[1][0][1]: pass -3814518
opsum[1][0][2]: pass -3609150
opsum[1][1][0]: pass -3766031
opsum[1][1][1]: pass -3574271
opsum[1][1][2]: pass -3382511
opsum[1][2][0]: pass -3512176
opsum[1][2][1]: pass -3334024
opsum[1][2][2]: pass -3155872
opsum[1][3][0]: pass -3258321
opsum[1][3][1]: pass -3093777
opsum[1][3][2]: pass -2929233
opsum[1][4][0]: pass -3004466
opsum[1][4][1]: pass -2853530
opsum[1][4][2]: pass -2702594
opsum[1][5][0]: pass -2750611
opsum[1][5][1]: pass -2613283
opsum[1][5][2]: pass -2475955
opsum[1][6][0]: pass -2496756
opsum[1][6][1]: pass -2373036
opsum[1][6][2]: pass -2249316
opsum[1][7][0]: pass -2242901
opsum[1][7][1]: pass -2132789
opsum[1][7][2]: pass -2022677
opsum[1][8][0]: pass -1989046
opsum[1][8][1]: pass -1892542
opsum[1][8][2]: pass -1796038
opsum[1][9][0]: pass -1735191
opsum[1][9][1]: pass -1652295
opsum[1][9][2]: pass -1569399
opsum[1][10][0]: pass -1481336
opsum[1][10][1]: pass -1412048
opsum[1][10][2]: pass -1342760
opsum[1][11][0]: pass -1227481
opsum[1][11][1]: pass -1171801
opsum[1][11][2]: pass -1116121
opsum[1][12][0]: pass -973626
opsum[1][12][1]: pass -931554
opsum[1][12][2]: pass -889482
opsum[1][13][0]: pass -719771
opsum[1][13][1]: pass -691307
opsum[1][13][2]: pass -662843
opsum[1][14][0]: pass -1960956
opsum[1][14][1]: pass -1864180
opsum[1][14][2]: pass -1767404
opsum[1][15][0]: pass -3220829
opsum[1][15][1]: pass -3054717
opsum[1][15][2]: pass -2888605
opsum[2][0][0]: pass -3991682
opsum[2][0][1]: pass -3782426
opsum[2][0][2]: pass -3573170
opsum[2][1][0]: pass -3737827
opsum[2][1][1]: pass -3542179
opsum[2][1][2]: pass -3346531
opsum[2][2][0]: pass -3483972
opsum[2][2][1]: pass -3301932
opsum[2][2][2]: pass -3119892
opsum[2][3][0]: pass -3230117
opsum[2][3][1]: pass -3061685
opsum[2][3][2]: pass -2893253
opsum[2][4][0]: pass -2976262
opsum[2][4][1]: pass -2821438
opsum[2][4][2]: pass -2666614
opsum[2][5][0]: pass -2722407
opsum[2][5][1]: pass -2581191
opsum[2][5][2]: pass -2439975
opsum[2][6][0]: pass -2468552
opsum[2][6][1]: pass -2340944
opsum[2][6][2]: pass -2213336
opsum[2][7][0]: pass -2214697
opsum[2][7][1]: pass -2100697
opsum[2][7][2]: pass -1986697
opsum[2][8][0]: pass -1960842
opsum[2][8][1]: pass -1860450
opsum[2][8][2]: pass -1760058
opsum[2][9][0]: pass -1706987
opsum[2][9][1]: pass -1620203
opsum[2][9][2]: pass -1533419
opsum[2][10][0]: pass -1453132
opsum[2][10][1]: pass -1379956
opsum[2][10][2]: pass -1306780
opsum[2][11][0]: pass -1199277
opsum[2][11][1]: pass -1139709
opsum[2][11][2]: pass -1080141
opsum[2][12][0]: pass -945422
opsum[2][12][1]: pass -899462
opsum[2][12][2]: pass -853502
opsum[2][13][0]: pass -691567
opsum[2][13][1]: pass -659215
opsum[2][13][2]: pass -626863
opsum[2][14][0]: pass -1988816
opsum[2][14][1]: pass -1885080
opsum[2][14][2]: pass -1781344
opsum[2][15][0]: pass -3304753
opsum[2][15][1]: pass -3128609
opsum[2][15][2]: pass -2952465
opsum[3][0][0]: pass -4131670
opsum[3][0][1]: pass -3909310
opsum[3][0][2]: pass -3686950
opsum[3][1][0]: pass -3877815
opsum[3][1][1]: pass -3669063
opsum[3][1][2]: pass -3460311
opsum[3][2][0]: pass -3623960
opsum[3][2][1]: pass -3428816
opsum[3][2][2]: pass -3233672
opsum[3][3][0]: pass -3370105
opsum[3][3][1]: pass -3188569
opsum[3][3][2]: pass -3007033
opsum[3][4][0]: pass -3116250
opsum[3][4][1]: pass -2948322
opsum[3][4][2]: pass -2780394
opsum[3][5][0]: pass -2862395
opsum[3][5][1]: pass -2708075
opsum[3][5][2]: pass -2553755
opsum[3][6][0]: pass -2608540
opsum[3][6][1]: pass -2467828
opsum[3][6][2]: pass -2327116
opsum[3][7][0]: pass -2354685
opsum[3][7][1]: pass -2227581
opsum[3][7][2]: pass -2100477
opsum[3][8][0]: pass -2100830
opsum[3][8][1]: pass -1987334
opsum[3][8][2]: pass -1873838
opsum[3][9][0]: pass -1846975
opsum[3][9][1]: pass -1747087
opsum[3][9][2]: pass -1647199
opsum[3][10][0]: pass -1593120
opsum[3][10][1]: pass -1506840
opsum[3][10][2]: pass -1420560
opsum[3][11][0]: pass -1339265
opsum[3][11][1]: pass -1266593
opsum[3][11][2]: pass -1193921
opsum[3][12][0]: pass -1085410
opsum[3][12][1]: pass -1026346
opsum[3][12][2]: pass -967282
opsum[3][13][0]: pass -831555
opsum[3][13][1]: pass -786099
opsum[3][13][2]: pass -740643
opsum[3][14][0]: pass -577700
opsum[3][14][1]: pass -545852
opsum[3][14][2]: pass -514004
opsum[3][15][0]: pass -323845
opsum[3][15][1]: pass -305605
opsum[3][15][2]: pass -287365
opsum[4][0][0]: pass 437718
opsum[4][0][1]: pass 415134
opsum[4][0][2]: pass 392550
opsum[4][1][0]: pass 691573
opsum[4][1][1]: pass 655381
opsum[4][1][2]: pass 619189
opsum[4][2][0]: pass 945428
opsum[4][2][1]: pass 895628
opsum[4][2][2]: pass 845828
opsum[4][3][0]: pass 1199283
opsum[4][3][1]: pass 1135875
opsum[4][3][2]: pass 1072467
opsum[4][4][0]: pass 1453138
opsum[4][4][1]: pass 1376122
opsum[4][4][2]: pass 1299106
opsum[4][5][0]: pass 1706993
opsum[4][5][1]: pass 1616369
opsum[4][5][2]: pass 1525745
opsum[4][6][0]: pass 1960848
opsum[4][6][1]: pass 1856616
opsum[4][6][2]: pass 1752384
opsum[4][7][0]: pass 2214703
opsum[4][7][1]: pass 2096863
opsum[4][7][2]: pass 1979023
opsum[4][8][0]: pass 2468558
opsum[4][8][1]: pass 2337110
opsum[4][8][2]: pass 2205662
opsum[4][9][0]: pass 2722413
opsum[4][9][1]: pass 2577357
opsum[4][9][2]: pass 2432301
opsum[4][10][0]: pass 1347084
opsum[4][10][1]: pass 1276484
opsum[4][10][2]: pass 1205884
opsum[4][11][0]: pass -47189
opsum[4][11][1]: pass -42309
opsum[4][11][2]: pass -37429
opsum[4][12][0]: pass -1460406
opsum[4][12][1]: pass -1379022
opsum[4][12][2]: pass -1297638
opsum[4][13][0]: pass -1206551
opsum[4][13][1]: pass -1138775
opsum[4][13][2]: pass -1070999
opsum[4][14][0]: pass -952696
opsum[4][14][1]: pass -898528
opsum[4][14][2]: pass -844360
opsum[4][15][0]: pass -698841
opsum[4][15][1]: pass -658281
opsum[4][15][2]: pass -617721
opsum[5][0][0]: pass  62722
opsum[5][0][1]: pass  62458
opsum[5][0][2]: pass  62194
opsum[5][1][0]: pass 316577
opsum[5][1][1]: pass 302705
opsum[5][1][2]: pass 288833
opsum[5][2][0]: pass 570432
opsum[5][2][1]: pass 542952
opsum[5][2][2]: pass 515472
opsum[5][3][0]: pass 824287
opsum[5][3][1]: pass 783199
opsum[5][3][2]: pass 742111
opsum[5][4][0]: pass 1078142
opsum[5][4][1]: pass 1023446
opsum[5][4][2]: pass 968750
opsum[5][5][0]: pass 1331997
opsum[5][5][1]: pass 1263693
opsum[5][5][2]: pass 1195389
opsum[5][6][0]: pass 1585852
opsum[5][6][1]: pass 1503940
opsum[5][6][2]: pass 1422028
opsum[5][7][0]: pass 1839707
opsum[5][7][1]: pass 1744187
opsum[5][7][2]: pass 1648667
opsum[5][8][0]: pass 2093562
opsum[5][8][1]: pass 1984434
opsum[5][8][2]: pass 1875306
opsum[5][9][0]: pass 2347417
opsum[5][9][1]: pass 2224681
opsum[5][9][2]: pass 2101945
opsum[5][10][0]: pass 915256
opsum[5][10][1]: pass 870048
opsum[5][10][2]: pass 824840
opsum[5][11][0]: pass -535849
opsum[5][11][1]: pass -502505
opsum[5][11][2]: pass -469161
opsum[5][12][0]: pass -2005898
opsum[5][12][1]: pass -1892978
opsum[5][12][2]: pass -1780058
opsum[5][13][0]: pass -1752043
opsum[5][13][1]: pass -1652731
opsum[5][13][2]: pass -1553419
opsum[5][14][0]: pass -1498188
opsum[5][14][1]: pass -1412484
opsum[5][14][2]: pass -1326780
opsum[5][15][0]: pass -1244333
opsum[5][15][1]: pass -1172237
opsum[5][15][2]: pass -1100141
opsum[6][0][0]: pass -482770
opsum[6][0][1]: pass -451498
opsum[6][0][2]: pass -420226
opsum[6][1][0]: pass -228915
opsum[6][1][1]: pass -211251
opsum[6][1][2]: pass -193587
opsum[6][2][0]: pass  24940
opsum[6][2][1]: pass  28996
opsum[6][2][2]: pass  33052
opsum[6][3][0]: pass 278795
opsum[6][3][1]: pass 269243
opsum[6][3][2]: pass 259691
opsum[6][4][0]: pass 532650
opsum[6][4][1]: pass 509490
opsum[6][4][2]: pass 486330
opsum[6][5][0]: pass 786505
opsum[6][5][1]: pass 749737
opsum[6][5][2]: pass 712969
opsum[6][6][0]: pass 1040360
opsum[6][6][1]: pass 989984
opsum[6][6][2]: pass 939608
opsum[6][7][0]: pass 1294215
opsum[6][7][1]: pass 1230231
opsum[6][7][2]: pass 1166247
opsum[6][8][0]: pass 1548070
opsum[6][8][1]: pass 1470478
opsum[6][8][2]: pass 1392886
opsum[6][9][0]: pass 1801925
opsum[6][9][1]: pass 1710725
opsum[6][9][2]: pass 1619525
opsum[6][10][0]: pass 312932
opsum[6][10][1]: pass 302332
opsum[6][10][2]: pass 291732
opsum[6][11][0]: pass -1195005
opsum[6][11][1]: pass -1123981
opsum[6][11][2]: pass -1052957
opsum[6][12][0]: pass -2721886
opsum[6][12][1]: pass -2568214
opsum[6][12][2]: pass -2414542
opsum[6][13][0]: pass -2468031
opsum[6][13][1]: pass -2327967
opsum[6][13][2]: pass -2187903
opsum[6][14][0]: pass -2214176
opsum[6][14][1]: pass -2087720
opsum[6][14][2]: pass -1961264
opsum[6][15][0]: pass -1960321
opsum[6][15][1]: pass -1847473
opsum[6][15][2]: pass -1734625
opsum[7][0][0]: pass -1198758
opsum[7][0][1]: pass -1126734
opsum[7][0][2]: pass -1054710
opsum[7][1][0]: pass -944903
opsum[7][1][1]: pass -886487
opsum[7][1][2]: pass -828071
opsum[7][2][0]: pass -691048
opsum[7][2][1]: pass -646240
opsum[7][2][2]: pass -601432
opsum[7][3][0]: pass -437193
opsum[7][3][1]: pass -405993
opsum[7][3][2]: pass -374793
opsum[7][4][0]: pass -183338
opsum[7][4][1]: pass -165746
opsum[7][4][2]: pass -148154
opsum[7][5][0]: pass  70517
opsum[7][5][1]: pass  74501
opsum[7][5][2]: pass  78485
opsum[7][6][0]: pass 324372
opsum[7][6][1]: pass 314748
opsum[7][6][2]: pass 305124
opsum[7][7][0]: pass 578227
opsum[7][7][1]: pass 554995
opsum[7][7][2]: pass 531763
opsum[7][8][0]: pass 832082
opsum[7][8][1]: pass 795242
opsum[7][8][2]: pass 758402
opsum[7][9][0]: pass 1085937
opsum[7][9][1]: pass 1035489
opsum[7][9][2]: pass 985041
opsum[7][10][0]: pass 1339792
opsum[7][10][1]: pass 1275736
opsum[7][10][2]: pass 1211680
opsum[7][11][0]: pass 1593647
opsum[7][11][1]: pass 1515983
opsum[7][11][2]: pass 1438319
opsum[7][12][0]: pass 1847502
opsum[7][12][1]: pass 1756230
opsum[7][12][2]: pass 1664958
opsum[7][13][0]: pass 2101357
opsum[7][13][1]: pass 1996477
opsum[7][13][2]: pass 1891597
opsum[7][14][0]: pass 2355212
opsum[7][14][1]: pass 2236724
opsum[7][14][2]: pass 2118236
opsum[7][15][0]: pass 2609067
opsum[7][15][1]: pass 2476971
opsum[7][15][2]: pass 2344875
opsum[8][0][0]: pass 3370630
opsum[8][0][1]: pass 3197710
opsum[8][0][2]: pass 3024790
opsum[8][1][0]: pass 3624485
opsum[8][1][1]: pass 3437957
opsum[8][1][2]: pass 3251429
opsum[8][2][0]: pass 3878340
opsum[8][2][1]: pass 3678204
opsum[8][2][2]: pass 3478068
opsum[8][3][0]: pass 4132195
opsum[8][3][1]: pass 3918451
opsum[8][3][2]: pass 3704707
opsum[8][4][0]: pass 4386050
opsum[8][4][1]: pass 4158698
opsum[8][4][2]: pass 3931346
opsum[8][5][0]: pass 4639905
opsum[8][5][1]: pass 4398945
opsum[8][5][2]: pass 4157985
opsum[8][6][0]: pass 3069760
opsum[8][6][1]: pass 2912472
opsum[8][6][2]: pass 2755184
opsum[8][7][0]: pass 1480415
opsum[8][7][1]: pass 1407823
opsum[8][7][2]: pass 1335231
opsum[8][8][0]: pass -128130
opsum[8][8][1]: pass -115002
opsum[8][8][2]: pass -101874
opsum[8][9][0]: pass 125725
opsum[8][9][1]: pass 125245
opsum[8][9][2]: pass 124765
opsum[8][10][0]: pass 379580
opsum[8][10][1]: pass 365492
opsum[8][10][2]: pass 351404
opsum[8][11][0]: pass 633435
opsum[8][11][1]: pass 605739
opsum[8][11][2]: pass 578043
opsum[8][12][0]: pass 887290
opsum[8][12][1]: pass 845986
opsum[8][12][2]: pass 804682
opsum[8][13][0]: pass 1141145
opsum[8][13][1]: pass 1086233
opsum[8][13][2]: pass 1031321
opsum[8][14][0]: pass 1395000
opsum[8][14][1]: pass 1326480
opsum[8][14][2]: pass 1257960
opsum[8][15][0]: pass 1648855
opsum[8][15][1]: pass 1566727
opsum[8][15][2]: pass 1484599
opsum[9][0][0]: pass 2410418
opsum[9][0][1]: pass 2287466
opsum[9][0][2]: pass 2164514
opsum[9][1][0]: pass 2664273
opsum[9][1][1]: pass 2527713
opsum[9][1][2]: pass 2391153
opsum[9][2][0]: pass 2918128
opsum[9][2][1]: pass 2767960
opsum[9][2][2]: pass 2617792
opsum[9][3][0]: pass 3171983
opsum[9][3][1]: pass 3008207
opsum[9][3][2]: pass 2844431
opsum[9][4][0]: pass 3425838
opsum[9][4][1]: pass 3248454
opsum[9][4][2]: pass 3071070
opsum[9][5][0]: pass 3679693
opsum[9][5][1]: pass 3488701
opsum[9][5][2]: pass 3297709
opsum[9][6][0]: pass 2051948
opsum[9][6][1]: pass 1947700
opsum[9][6][2]: pass 1843452
opsum[9][7][0]: pass 405003
opsum[9][7][1]: pass 388523
opsum[9][7][2]: pass 372043
opsum[9][8][0]: pass -1261142
opsum[9][8][1]: pass -1188830
opsum[9][8][2]: pass -1116518
opsum[9][9][0]: pass -1007287
opsum[9][9][1]: pass -948583
opsum[9][9][2]: pass -889879
opsum[9][10][0]: pass -753432
opsum[9][10][1]: pass -708336
opsum[9][10][2]: pass -663240
opsum[9][11][0]: pass -499577
opsum[9][11][1]: pass -468089
opsum[9][11][2]: pass -436601
opsum[9][12][0]: pass -245722
opsum[9][12][1]: pass -227842
opsum[9][12][2]: pass -209962
opsum[9][13][0]: pass   8133
opsum[9][13][1]: pass  12405
opsum[9][13][2]: pass  16677
opsum[9][14][0]: pass 261988
opsum[9][14][1]: pass 252652
opsum[9][14][2]: pass 243316
opsum[9][15][0]: pass 515843
opsum[9][15][1]: pass 492899
opsum[9][15][2]: pass 469955
opsum[10][0][0]: pass 1277406
opsum[10][0][1]: pass 1213638
opsum[10][0][2]: pass 1149870
opsum[10][1][0]: pass 1531261
opsum[10][1][1]: pass 1453885
opsum[10][1][2]: pass 1376509
opsum[10][2][0]: pass 1785116
opsum[10][2][1]: pass 1694132
opsum[10][2][2]: pass 1603148
opsum[10][3][0]: pass 2038971
opsum[10][3][1]: pass 1934379
opsum[10][3][2]: pass 1829787
opsum[10][4][0]: pass 2292826
opsum[10][4][1]: pass 2174626
opsum[10][4][2]: pass 2056426
opsum[10][5][0]: pass 2546681
opsum[10][5][1]: pass 2414873
opsum[10][5][2]: pass 2283065
opsum[10][6][0]: pass 861336
opsum[10][6][1]: pass 819344
opsum[10][6][2]: pass 777352
opsum[10][7][0]: pass -843209
opsum[10][7][1]: pass -794361
opsum[10][7][2]: pass -745513
opsum[10][8][0]: pass -2566954
opsum[10][8][1]: pass -2426242
opsum[10][8][2]: pass -2285530
opsum[10][9][0]: pass -2313099
opsum[10][9][1]: pass -2185995
opsum[10][9][2]: pass -2058891
opsum[10][10][0]: pass -2059244
opsum[10][10][1]: pass -1945748
opsum[10][10][2]: pass -1832252
opsum[10][11][0]: pass -1805389
opsum[10][11][1]: pass -1705501
opsum[10][11][2]: pass -1605613
opsum[10][12][0]: pass -1551534
opsum[10][12][1]: pass -1465254
opsum[10][12][2]: pass -1378974
opsum[10][13][0]: pass -1297679
opsum[10][13][1]: pass -1225007
opsum[10][13][2]: pass -1152335
opsum[10][14][0]: pass -1043824
opsum[10][14][1]: pass -984760
opsum[10][14][2]: pass -925696
opsum[10][15][0]: pass -789969
opsum[10][15][1]: pass -744513
opsum[10][15][2]: pass -699057
opsum[11][0][0]: pass -28406
opsum[11][0][1]: pass -23774
opsum[11][0][2]: pass -19142
opsum[11][1][0]: pass 225449
opsum[11][1][1]: pass 216473
opsum[11][1][2]: pass 207497
opsum[11][2][0]: pass 479304
opsum[11][2][1]: pass 456720
opsum[11][2][2]: pass 434136
opsum[11][3][0]: pass 733159
opsum[11][3][1]: pass 696967
opsum[11][3][2]: pass 660775
opsum[11][4][0]: pass 987014
opsum[11][4][1]: pass 937214
opsum[11][4][2]: pass 887414
opsum[11][5][0]: pass 1240869
opsum[11][5][1]: pass 1177461
opsum[11][5][2]: pass 1114053
opsum[11][6][0]: pass 1494724
opsum[11][6][1]: pass 1417708
opsum[11][6][2]: pass 1340692
opsum[11][7][0]: pass 1748579
opsum[11][7][1]: pass 1657955
opsum[11][7][2]: pass 1567331
opsum[11][8][0]: pass 2002434
opsum[11][8][1]: pass 1898202
opsum[11][8][2]: pass 1793970
opsum[11][9][0]: pass 2256289
opsum[11][9][1]: pass 2138449
opsum[11][9][2]: pass 2020609
opsum[11][10][0]: pass 2510144
opsum[11][10][1]: pass 2378696
opsum[11][10][2]: pass 2247248
opsum[11][11][0]: pass 2763999
opsum[11][11][1]: pass 2618943
opsum[11][11][2]: pass 2473887
opsum[11][12][0]: pass 3017854
opsum[11][12][1]: pass 2859190
opsum[11][12][2]: pass 2700526
opsum[11][13][0]: pass 3271709
opsum[11][13][1]: pass 3099437
opsum[11][13][2]: pass 2927165
opsum[11][14][0]: pass 3525564
opsum[11][14][1]: pass 3339684
opsum[11][14][2]: pass 3153804
opsum[11][15][0]: pass 3779419
opsum[11][15][1]: pass 3579931
opsum[11][15][2]: pass 3380443
opsum[12][0][0]: pass 4540726
opsum[12][0][1]: pass 4300414
opsum[12][0][2]: pass 4060102
opsum[12][1][0]: pass 4794581
opsum[12][1][1]: pass 4540661
opsum[12][1][2]: pass 4286741
opsum[12][2][0]: pass 3025012
opsum[12][2][1]: pass 2863980
opsum[12][2][2]: pass 2702948
opsum[12][3][0]: pass 1235987
opsum[12][3][1]: pass 1168867
opsum[12][3][2]: pass 1101747
opsum[12][4][0]: pass -572494
opsum[12][4][1]: pass -544678
opsum[12][4][2]: pass -516862
opsum[12][5][0]: pass -318639
opsum[12][5][1]: pass -304431
opsum[12][5][2]: pass -290223
opsum[12][6][0]: pass -64784
opsum[12][6][1]: pass -64184
opsum[12][6][2]: pass -63584
opsum[12][7][0]: pass 189071
opsum[12][7][1]: pass 176063
opsum[12][7][2]: pass 163055
opsum[12][8][0]: pass 442926
opsum[12][8][1]: pass 416310
opsum[12][8][2]: pass 389694
opsum[12][9][0]: pass 696781
opsum[12][9][1]: pass 656557
opsum[12][9][2]: pass 616333
opsum[12][10][0]: pass 950636
opsum[12][10][1]: pass 896804
opsum[12][10][2]: pass 842972
opsum[12][11][0]: pass 1204491
opsum[12][11][1]: pass 1137051
opsum[12][11][2]: pass 1069611
opsum[12][12][0]: pass 1458346
opsum[12][12][1]: pass 1377298
opsum[12][12][2]: pass 1296250
opsum[12][13][0]: pass 1712201
opsum[12][13][1]: pass 1617545
opsum[12][13][2]: pass 1522889
opsum[12][14][0]: pass 1966056
opsum[12][14][1]: pass 1857792
opsum[12][14][2]: pass 1749528
opsum[12][15][0]: pass 2219911
opsum[12][15][1]: pass 2098039
opsum[12][15][2]: pass 1976167
opsum[13][0][0]: pass 2981474
opsum[13][0][1]: pass 2818778
opsum[13][0][2]: pass 2656082
opsum[13][1][0]: pass 3235329
opsum[13][1][1]: pass 3059025
opsum[13][1][2]: pass 2882721
opsum[13][2][0]: pass 1407392
opsum[13][2][1]: pass 1327048
opsum[13][2][2]: pass 1246704
opsum[13][3][0]: pass -440001
opsum[13][3][1]: pass -423361
opsum[13][3][2]: pass -406721
opsum[13][4][0]: pass -2306850
opsum[13][4][1]: pass -2192202
opsum[13][4][2]: pass -2077554
opsum[13][5][0]: pass -2052995
opsum[13][5][1]: pass -1951955
opsum[13][5][2]: pass -1850915
opsum[13][6][0]: pass -1799140
opsum[13][6][1]: pass -1711708
opsum[13][6][2]: pass -1624276
opsum[13][7][0]: pass -1545285
opsum[13][7][1]: pass -1471461
opsum[13][7][2]: pass -1397637
opsum[13][8][0]: pass -1291430
opsum[13][8][1]: pass -1231214
opsum[13][8][2]: pass -1170998
opsum[13][9][0]: pass -1037575
opsum[13][9][1]: pass -990967
opsum[13][9][2]: pass -944359
opsum[13][10][0]: pass -783720
opsum[13][10][1]: pass -750720
opsum[13][10][2]: pass -717720
opsum[13][11][0]: pass -529865
opsum[13][11][1]: pass -510473
opsum[13][11][2]: pass -491081
opsum[13][12][0]: pass -276010
opsum[13][12][1]: pass -270226
opsum[13][12][2]: pass -264442
opsum[13][13][0]: pass -22155
opsum[13][13][1]: pass -29979
opsum[13][13][2]: pass -37803
opsum[13][14][0]: pass 231700
opsum[13][14][1]: pass 210268
opsum[13][14][2]: pass 188836
opsum[13][15][0]: pass 485555
opsum[13][15][1]: pass 450515
opsum[13][15][2]: pass 415475
opsum[14][0][0]: pass 1247118
opsum[14][0][1]: pass 1171254
opsum[14][0][2]: pass 1095390
opsum[14][1][0]: pass 1500973
opsum[14][1][1]: pass 1411501
opsum[14][1][2]: pass 1322029
opsum[14][2][0]: pass -385332
opsum[14][2][1]: pass -375772
opsum[14][2][2]: pass -366212
opsum[14][3][0]: pass -2291093
opsum[14][3][1]: pass -2181477
opsum[14][3][2]: pass -2071861
opsum[14][4][0]: pass -4216310
opsum[14][4][1]: pass -4005614
opsum[14][4][2]: pass -3794918
opsum[14][5][0]: pass -3962455
opsum[14][5][1]: pass -3765367
opsum[14][5][2]: pass -3568279
opsum[14][6][0]: pass -3708600
opsum[14][6][1]: pass -3525120
opsum[14][6][2]: pass -3341640
opsum[14][7][0]: pass -3454745
opsum[14][7][1]: pass -3284873
opsum[14][7][2]: pass -3115001
opsum[14][8][0]: pass -3200890
opsum[14][8][1]: pass -3044626
opsum[14][8][2]: pass -2888362
opsum[14][9][0]: pass -2947035
opsum[14][9][1]: pass -2804379
opsum[14][9][2]: pass -2661723
opsum[14][10][0]: pass -2693180
opsum[14][10][1]: pass -2564132
opsum[14][10][2]: pass -2435084
opsum[14][11][0]: pass -2439325
opsum[14][11][1]: pass -2323885
opsum[14][11][2]: pass -2208445
opsum[14][12][0]: pass -2185470
opsum[14][12][1]: pass -2083638
opsum[14][12][2]: pass -1981806
opsum[14][13][0]: pass -1931615
opsum[14][13][1]: pass -1843391
opsum[14][13][2]: pass -1755167
opsum[14][14][0]: pass -1677760
opsum[14][14][1]: pass -1603144
opsum[14][14][2]: pass -1528528
opsum[14][15][0]: pass -1423905
opsum[14][15][1]: pass -1362897
opsum[14][15][2]: pass -1301889
opsum[15][0][0]: pass -2101318
opsum[15][0][1]: pass -2002286
opsum[15][0][2]: pass -1903254
opsum[15][1][0]: pass -3305127
opsum[15][1][1]: pass -3139831
opsum[15][1][2]: pass -2974535
opsum[15][2][0]: pass -4527624
opsum[15][2][1]: pass -4295040
opsum[15][2][2]: pass -4062456
opsum[15][3][0]: pass -4273769
opsum[15][3][1]: pass -4054793
opsum[15][3][2]: pass -3835817
opsum[15][4][0]: pass -4019914
opsum[15][4][1]: pass -3814546
opsum[15][4][2]: pass -3609178
opsum[15][5][0]: pass -3766059
opsum[15][5][1]: pass -3574299
opsum[15][5][2]: pass -3382539
opsum[15][6][0]: pass -3512204
opsum[15][6][1]: pass -3334052
opsum[15][6][2]: pass -3155900
opsum[15][7][0]: pass -3258349
opsum[15][7][1]: pass -3093805
opsum[15][7][2]: pass -2929261
opsum[15][8][0]: pass -3004494
opsum[15][8][1]: pass -2853558
opsum[15][8][2]: pass -2702622
opsum[15][9][0]: pass -2750639
opsum[15][9][1]: pass -2613311
opsum[15][9][2]: pass -2475983
opsum[15][10][0]: pass -2496784
opsum[15][10][1]: pass -2373064
opsum[15][10][2]: pass -2249344
opsum[15][11][0]: pass -2242929
opsum[15][11][1]: pass -2132817
opsum[15][11][2]: pass -2022705
opsum[15][12][0]: pass -1989074
opsum[15][12][1]: pass -1892570
opsum[15][12][2]: pass -1796066
opsum[15][13][0]: pass -1735219
opsum[15][13][1]: pass -1652323
opsum[15][13][2]: pass -1569427
opsum[15][14][0]: pass -1481364
opsum[15][14][1]: pass -1412076
opsum[15][14][2]: pass -1342788
opsum[15][15][0]: pass -1227509
opsum[15][15][1]: pass -1171829
opsum[15][15][2]: pass -1116149

=====================================================================================
||     ________   ___   ________           ___        ________   ________          ||
||    |\   __  \ |\  \ |\   ____\         |\  \      |\   __  \ |\   __  \         ||
||    \ \  \|\  \\ \  \\ \  \___|_        \ \  \     \ \  \|\  \\ \  \|\ /_        ||
||     \ \   __  \\ \  \\ \_____  \        \ \  \     \ \   __  \\ \   __  \       ||
||      \ \  \ \  \\ \  \\|____|\  \        \ \  \____ \ \  \ \  \\ \  \|\  \      ||
||       \ \__\ \__\\ \__\ ____\_\  \        \ \_______\\ \__\ \__\\ \_______\     ||
||        \|__|\|__| \|__||\_________\        \|_______| \|__|\|__| \|_______|     ||
||                        \|_________|                                             ||
||                                                                                 ||
=====================================================================================

 ___                                                                           ___
( _ )                                                                         ( _ )
 | |~~~~~~~~~~~~~~~~~~~~~~~~~~~~~~~~~~~~~~~~~~~~~~~~~~~~~~~~~~~~~~~~~~~~~~~~~~~| |
 | |  _____ _                 _       _   _              ______             _  | |
 | | /  ___(_)               | |     | | (_)             | ___ \           | | | |
 | | \ `--. _ _ __ ___  _   _| | __ _| |_ _  ___  _ __   | |_/ /_ _ ___ ___| | | |
 | |  `--. \ | '_ ` _ \| | | | |/ _` | __| |/ _ \| '_ \  |  __/ _` / __/ __| | | |
 | | /\__/ / | | | | | | |_| | | (_| | |_| | (_) | | | | | | | (_| \__ \__ \_| | |
 | | \____/|_|_| |_| |_|\__,_|_|\__,_|\__|_|\___/|_| |_| \_|  \__,_|___/___(_) | |
 | |                                                                           | |
 |_|~~~~~~~~~~~~~~~~~~~~~~~~~~~~~~~~~~~~~~~~~~~~~~~~~~~~~~~~~~~~~~~~~~~~~~~~~~~|_|
(___)                                                                         (___)
Simulation time: 3969 cycles
