opsum[0][0][0]: pass -10110
opsum[0][0][1]: pass -59039
opsum[0][0][2]: pass  14995
opsum[0][0][3]: pass   8919
opsum[0][1][0]: pass -59326
opsum[0][1][1]: pass  79754
opsum[0][1][2]: pass  30145
opsum[0][1][3]: pass   5336
opsum[0][2][0]: pass   7054
opsum[0][2][1]: pass -47643
opsum[0][2][2]: pass  98712
opsum[0][2][3]: pass -22935
opsum[0][3][0]: pass  29020
opsum[0][3][1]: pass  29076
opsum[0][3][2]: pass  81430
opsum[0][3][3]: pass  31739
opsum[0][4][0]: pass  49409
opsum[0][4][1]: pass  31045
opsum[0][4][2]: pass  -2978
opsum[0][4][3]: pass  39358
opsum[0][5][0]: pass  87668
opsum[0][5][1]: pass -31508
opsum[0][5][2]: pass  14584
opsum[0][5][3]: pass  20472
opsum[0][6][0]: pass 109595
opsum[0][6][1]: pass -25874
opsum[0][6][2]: pass  18539
opsum[0][6][3]: pass -10501
opsum[0][7][0]: pass  48042
opsum[0][7][1]: pass -13428
opsum[0][7][2]: pass 101998
opsum[0][7][3]: pass  12458
opsum[0][8][0]: pass   7442
opsum[0][8][1]: pass -100904
opsum[0][8][2]: pass  90387
opsum[0][8][3]: pass -67480
opsum[0][9][0]: pass  20376
opsum[0][9][1]: pass -25418
opsum[0][9][2]: pass 128226
opsum[0][9][3]: pass -28424
opsum[0][10][0]: pass  57620
opsum[0][10][1]: pass -76533
opsum[0][10][2]: pass 106878
opsum[0][10][3]: pass  20091
opsum[0][11][0]: pass  28628
opsum[0][11][1]: pass -39629
opsum[0][11][2]: pass -47235
opsum[0][11][3]: pass  14476
opsum[0][12][0]: pass  16243
opsum[0][12][1]: pass  29425
opsum[0][12][2]: pass  51253
opsum[0][12][3]: pass -35263
opsum[0][13][0]: pass  16919
opsum[0][13][1]: pass -26672
opsum[0][13][2]: pass 100036
opsum[0][13][3]: pass  14648
opsum[0][14][0]: pass  52061
opsum[0][14][1]: pass -32973
opsum[0][14][2]: pass  90479
opsum[0][14][3]: pass -46109
opsum[0][15][0]: pass   9193
opsum[0][15][1]: pass -12814
opsum[0][15][2]: pass 105725
opsum[0][15][3]: pass -60333
opsum[1][0][0]: pass  27877
opsum[1][0][1]: pass -17643
opsum[1][0][2]: pass 172622
opsum[1][0][3]: pass -71759
opsum[1][1][0]: pass  65852
opsum[1][1][1]: pass  27491
opsum[1][1][2]: pass  -6934
opsum[1][1][3]: pass -17018
opsum[1][2][0]: pass  54978
opsum[1][2][1]: pass  38193
opsum[1][2][2]: pass  58452
opsum[1][2][3]: pass  28922
opsum[1][3][0]: pass  99625
opsum[1][3][1]: pass -100864
opsum[1][3][2]: pass  39492
opsum[1][3][3]: pass -30681
opsum[1][4][0]: pass  53469
opsum[1][4][1]: pass -21411
opsum[1][4][2]: pass  93387
opsum[1][4][3]: pass -68242
opsum[1][5][0]: pass   8060
opsum[1][5][1]: pass  30119
opsum[1][5][2]: pass  -4841
opsum[1][5][3]: pass -45480
opsum[1][6][0]: pass  70722
opsum[1][6][1]: pass  19183
opsum[1][6][2]: pass  87720
opsum[1][6][3]: pass -46053
opsum[1][7][0]: pass -22270
opsum[1][7][1]: pass -90055
opsum[1][7][2]: pass   -412
opsum[1][7][3]: pass -93066
opsum[1][8][0]: pass   6773
opsum[1][8][1]: pass -46801
opsum[1][8][2]: pass  47864
opsum[1][8][3]: pass   9651
opsum[1][9][0]: pass   -957
opsum[1][9][1]: pass -83959
opsum[1][9][2]: pass  83470
opsum[1][9][3]: pass -26205
opsum[1][10][0]: pass  85628
opsum[1][10][1]: pass -31856
opsum[1][10][2]: pass  89020
opsum[1][10][3]: pass -73359
opsum[1][11][0]: pass  67625
opsum[1][11][1]: pass -19285
opsum[1][11][2]: pass  -1126
opsum[1][11][3]: pass -40236
opsum[1][12][0]: pass -39405
opsum[1][12][1]: pass -92462
opsum[1][12][2]: pass  85758
opsum[1][12][3]: pass  -7663
opsum[1][13][0]: pass   7932
opsum[1][13][1]: pass -43152
opsum[1][13][2]: pass  43193
opsum[1][13][3]: pass -26775
opsum[1][14][0]: pass -16507
opsum[1][14][1]: pass  11502
opsum[1][14][2]: pass  88623
opsum[1][14][3]: pass -69361
opsum[1][15][0]: pass 106853
opsum[1][15][1]: pass -52315
opsum[1][15][2]: pass -11833
opsum[1][15][3]: pass -31646
opsum[2][0][0]: pass  99325
opsum[2][0][1]: pass  35154
opsum[2][0][2]: pass  73923
opsum[2][0][3]: pass  31806
opsum[2][1][0]: pass  78003
opsum[2][1][1]: pass -25168
opsum[2][1][2]: pass  37567
opsum[2][1][3]: pass -30093
opsum[2][2][0]: pass 123118
opsum[2][2][1]: pass  48315
opsum[2][2][2]: pass  73681
opsum[2][2][3]: pass  -7151
opsum[2][3][0]: pass  83294
opsum[2][3][1]: pass -89124
opsum[2][3][2]: pass  21826
opsum[2][3][3]: pass -55036
opsum[2][4][0]: pass  12814
opsum[2][4][1]: pass -48729
opsum[2][4][2]: pass  90096
opsum[2][4][3]: pass -21514
opsum[2][5][0]: pass  -5007
opsum[2][5][1]: pass -21057
opsum[2][5][2]: pass  85535
opsum[2][5][3]: pass -41116
opsum[2][6][0]: pass  38862
opsum[2][6][1]: pass  24374
opsum[2][6][2]: pass  21594
opsum[2][6][3]: pass -12154
opsum[2][7][0]: pass  22229
opsum[2][7][1]: pass  -8764
opsum[2][7][2]: pass  12147
opsum[2][7][3]: pass -17285
opsum[2][8][0]: pass  17707
opsum[2][8][1]: pass -43525
opsum[2][8][2]: pass  81919
opsum[2][8][3]: pass -28091
opsum[2][9][0]: pass  27470
opsum[2][9][1]: pass -27395
opsum[2][9][2]: pass  55751
opsum[2][9][3]: pass  35910
opsum[2][10][0]: pass  74587
opsum[2][10][1]: pass -68760
opsum[2][10][2]: pass -17090
opsum[2][10][3]: pass -28237
opsum[2][11][0]: pass  11440
opsum[2][11][1]: pass -49752
opsum[2][11][2]: pass 140717
opsum[2][11][3]: pass -11485
opsum[2][12][0]: pass -58384
opsum[2][12][1]: pass   6711
opsum[2][12][2]: pass  19132
opsum[2][12][3]: pass    828
opsum[2][13][0]: pass  25770
opsum[2][13][1]: pass -99113
opsum[2][13][2]: pass -46839
opsum[2][13][3]: pass -23177
opsum[2][14][0]: pass  71341
opsum[2][14][1]: pass  31103
opsum[2][14][2]: pass  61316
opsum[2][14][3]: pass   5570
opsum[2][15][0]: pass  13858
opsum[2][15][1]: pass -36874
opsum[2][15][2]: pass -31802
opsum[2][15][3]: pass   -888
opsum[3][0][0]: pass   1706
opsum[3][0][1]: pass -104236
opsum[3][0][2]: pass  25545
opsum[3][0][3]: pass  24054
opsum[3][1][0]: pass  76242
opsum[3][1][1]: pass -25345
opsum[3][1][2]: pass  96426
opsum[3][1][3]: pass  37896
opsum[3][2][0]: pass 146556
opsum[3][2][1]: pass -86226
opsum[3][2][2]: pass  68809
opsum[3][2][3]: pass  38297
opsum[3][3][0]: pass  72630
opsum[3][3][1]: pass -41588
opsum[3][3][2]: pass  84566
opsum[3][3][3]: pass  15587
opsum[3][4][0]: pass  15605
opsum[3][4][1]: pass -39025
opsum[3][4][2]: pass  46147
opsum[3][4][3]: pass  55857
opsum[3][5][0]: pass  23117
opsum[3][5][1]: pass  19999
opsum[3][5][2]: pass  21860
opsum[3][5][3]: pass  36578
opsum[3][6][0]: pass  66804
opsum[3][6][1]: pass  33291
opsum[3][6][2]: pass   1174
opsum[3][6][3]: pass -11046
opsum[3][7][0]: pass  29484
opsum[3][7][1]: pass -90896
opsum[3][7][2]: pass  98345
opsum[3][7][3]: pass -36069
opsum[3][8][0]: pass -29106
opsum[3][8][1]: pass -97125
opsum[3][8][2]: pass  86162
opsum[3][8][3]: pass -43387
opsum[3][9][0]: pass  44955
opsum[3][9][1]: pass -46735
opsum[3][9][2]: pass  56720
opsum[3][9][3]: pass -60929
opsum[3][10][0]: pass  -8348
opsum[3][10][1]: pass  21749
opsum[3][10][2]: pass  93866
opsum[3][10][3]: pass  -1436
opsum[3][11][0]: pass -10442
opsum[3][11][1]: pass  38389
opsum[3][11][2]: pass  50496
opsum[3][11][3]: pass   1384
opsum[3][12][0]: pass  18966
opsum[3][12][1]: pass -123968
opsum[3][12][2]: pass  18691
opsum[3][12][3]: pass -33576
opsum[3][13][0]: pass  81908
opsum[3][13][1]: pass -71765
opsum[3][13][2]: pass  21778
opsum[3][13][3]: pass  43686
opsum[3][14][0]: pass  11735
opsum[3][14][1]: pass -46294
opsum[3][14][2]: pass 112088
opsum[3][14][3]: pass  30630
opsum[3][15][0]: pass  83916
opsum[3][15][1]: pass -12287
opsum[3][15][2]: pass   -926
opsum[3][15][3]: pass -97714
opsum[4][0][0]: pass  88238
opsum[4][0][1]: pass -98562
opsum[4][0][2]: pass  40600
opsum[4][0][3]: pass -18501
opsum[4][1][0]: pass  58581
opsum[4][1][1]: pass -30459
opsum[4][1][2]: pass 108680
opsum[4][1][3]: pass -53870
opsum[4][2][0]: pass   1146
opsum[4][2][1]: pass -15973
opsum[4][2][2]: pass 126369
opsum[4][2][3]: pass -65026
opsum[4][3][0]: pass  53205
opsum[4][3][1]: pass   7363
opsum[4][3][2]: pass -10350
opsum[4][3][3]: pass -13776
opsum[4][4][0]: pass -28574
opsum[4][4][1]: pass -49867
opsum[4][4][2]: pass  11542
opsum[4][4][3]: pass  59793
opsum[4][5][0]: pass 125547
opsum[4][5][1]: pass  22753
opsum[4][5][2]: pass  37072
opsum[4][5][3]: pass -47875
opsum[4][6][0]: pass  62355
opsum[4][6][1]: pass -29781
opsum[4][6][2]: pass  24088
opsum[4][6][3]: pass  11499
opsum[4][7][0]: pass -48495
opsum[4][7][1]: pass -18308
opsum[4][7][2]: pass   -296
opsum[4][7][3]: pass -64696
opsum[4][8][0]: pass  19323
opsum[4][8][1]: pass -60522
opsum[4][8][2]: pass 138188
opsum[4][8][3]: pass -14517
opsum[4][9][0]: pass  62933
opsum[4][9][1]: pass -51249
opsum[4][9][2]: pass  23099
opsum[4][9][3]: pass -46358
opsum[4][10][0]: pass  75693
opsum[4][10][1]: pass   3669
opsum[4][10][2]: pass -23983
opsum[4][10][3]: pass -61401
opsum[4][11][0]: pass  -7834
opsum[4][11][1]: pass -37085
opsum[4][11][2]: pass  44150
opsum[4][11][3]: pass   4964
opsum[4][12][0]: pass 110051
opsum[4][12][1]: pass  50947
opsum[4][12][2]: pass  68986
opsum[4][12][3]: pass  39526
opsum[4][13][0]: pass  -2527
opsum[4][13][1]: pass -15621
opsum[4][13][2]: pass -28814
opsum[4][13][3]: pass -46798
opsum[4][14][0]: pass  81379
opsum[4][14][1]: pass -59164
opsum[4][14][2]: pass -55505
opsum[4][14][3]: pass  29385
opsum[4][15][0]: pass  84151
opsum[4][15][1]: pass -41249
opsum[4][15][2]: pass  13306
opsum[4][15][3]: pass  -2277
opsum[5][0][0]: pass  91015
opsum[5][0][1]: pass  -9907
opsum[5][0][2]: pass  23570
opsum[5][0][3]: pass  44901
opsum[5][1][0]: pass  45498
opsum[5][1][1]: pass -47390
opsum[5][1][2]: pass 102638
opsum[5][1][3]: pass -39900
opsum[5][2][0]: pass  19243
opsum[5][2][1]: pass -48212
opsum[5][2][2]: pass  47093
opsum[5][2][3]: pass  33905
opsum[5][3][0]: pass  -4347
opsum[5][3][1]: pass -62070
opsum[5][3][2]: pass  51716
opsum[5][3][3]: pass -36507
opsum[5][4][0]: pass  14444
opsum[5][4][1]: pass -45412
opsum[5][4][2]: pass  11337
opsum[5][4][3]: pass -58265
opsum[5][5][0]: pass  46692
opsum[5][5][1]: pass -97219
opsum[5][5][2]: pass 110915
opsum[5][5][3]: pass   8790
opsum[5][6][0]: pass  11575
opsum[5][6][1]: pass  10373
opsum[5][6][2]: pass  25198
opsum[5][6][3]: pass -89201
opsum[5][7][0]: pass  -7249
opsum[5][7][1]: pass  34158
opsum[5][7][2]: pass  99004
opsum[5][7][3]: pass  48400
opsum[5][8][0]: pass  25555
opsum[5][8][1]: pass -73557
opsum[5][8][2]: pass  12782
opsum[5][8][3]: pass  39884
opsum[5][9][0]: pass  10385
opsum[5][9][1]: pass -78877
opsum[5][9][2]: pass  13435
opsum[5][9][3]: pass -24216
opsum[5][10][0]: pass  -4737
opsum[5][10][1]: pass -48821
opsum[5][10][2]: pass  27114
opsum[5][10][3]: pass -23187
opsum[5][11][0]: pass  22197
opsum[5][11][1]: pass -53314
opsum[5][11][2]: pass  49635
opsum[5][11][3]: pass  48584
opsum[5][12][0]: pass  95864
opsum[5][12][1]: pass -35150
opsum[5][12][2]: pass  76539
opsum[5][12][3]: pass -70558
opsum[5][13][0]: pass  33503
opsum[5][13][1]: pass -67869
opsum[5][13][2]: pass  75542
opsum[5][13][3]: pass -12129
opsum[5][14][0]: pass  -2690
opsum[5][14][1]: pass -36006
opsum[5][14][2]: pass -10598
opsum[5][14][3]: pass -98266
opsum[5][15][0]: pass  42196
opsum[5][15][1]: pass  62948
opsum[5][15][2]: pass  35408
opsum[5][15][3]: pass  38524
opsum[6][0][0]: pass 134751
opsum[6][0][1]: pass -64167
opsum[6][0][2]: pass  41085
opsum[6][0][3]: pass -30935
opsum[6][1][0]: pass  -9391
opsum[6][1][1]: pass  49502
opsum[6][1][2]: pass  14799
opsum[6][1][3]: pass -123551
opsum[6][2][0]: pass   9746
opsum[6][2][1]: pass -20704
opsum[6][2][2]: pass  -5159
opsum[6][2][3]: pass  -8515
opsum[6][3][0]: pass  64641
opsum[6][3][1]: pass -18695
opsum[6][3][2]: pass  22358
opsum[6][3][3]: pass -61267
opsum[6][4][0]: pass   6375
opsum[6][4][1]: pass -94201
opsum[6][4][2]: pass  73206
opsum[6][4][3]: pass  55129
opsum[6][5][0]: pass -15537
opsum[6][5][1]: pass -44376
opsum[6][5][2]: pass 106728
opsum[6][5][3]: pass  17065
opsum[6][6][0]: pass 107058
opsum[6][6][1]: pass -32852
opsum[6][6][2]: pass -16550
opsum[6][6][3]: pass  -3609
opsum[6][7][0]: pass -55126
opsum[6][7][1]: pass -56613
opsum[6][7][2]: pass  41800
opsum[6][7][3]: pass  23629
opsum[6][8][0]: pass  77843
opsum[6][8][1]: pass  -9836
opsum[6][8][2]: pass  82149
opsum[6][8][3]: pass -15182
opsum[6][9][0]: pass -47061
opsum[6][9][1]: pass   -734
opsum[6][9][2]: pass  76396
opsum[6][9][3]: pass  32897
opsum[6][10][0]: pass  28035
opsum[6][10][1]: pass -27853
opsum[6][10][2]: pass  74288
opsum[6][10][3]: pass  39647
opsum[6][11][0]: pass   8667
opsum[6][11][1]: pass  57315
opsum[6][11][2]: pass  28954
opsum[6][11][3]: pass -32007
opsum[6][12][0]: pass  10521
opsum[6][12][1]: pass   8427
opsum[6][12][2]: pass  68364
opsum[6][12][3]: pass -90751
opsum[6][13][0]: pass  74237
opsum[6][13][1]: pass  40754
opsum[6][13][2]: pass  20951
opsum[6][13][3]: pass  10209
opsum[6][14][0]: pass  27436
opsum[6][14][1]: pass -35761
opsum[6][14][2]: pass 106780
opsum[6][14][3]: pass  -5767
opsum[6][15][0]: pass  61827
opsum[6][15][1]: pass -65137
opsum[6][15][2]: pass -62815
opsum[6][15][3]: pass -46751
opsum[7][0][0]: pass 129185
opsum[7][0][1]: pass  28873
opsum[7][0][2]: pass  82133
opsum[7][0][3]: pass -41104
opsum[7][1][0]: pass  43531
opsum[7][1][1]: pass -97828
opsum[7][1][2]: pass  36736
opsum[7][1][3]: pass -49742
opsum[7][2][0]: pass  83649
opsum[7][2][1]: pass -67018
opsum[7][2][2]: pass  40045
opsum[7][2][3]: pass -49883
opsum[7][3][0]: pass  45551
opsum[7][3][1]: pass  15087
opsum[7][3][2]: pass   9864
opsum[7][3][3]: pass -27959
opsum[7][4][0]: pass  27096
opsum[7][4][1]: pass -112336
opsum[7][4][2]: pass  62333
opsum[7][4][3]: pass  -7678
opsum[7][5][0]: pass 116740
opsum[7][5][1]: pass   3118
opsum[7][5][2]: pass  88718
opsum[7][5][3]: pass -45871
opsum[7][6][0]: pass -36353
opsum[7][6][1]: pass -45258
opsum[7][6][2]: pass  60654
opsum[7][6][3]: pass -31697
opsum[7][7][0]: pass  23506
opsum[7][7][1]: pass  -6656
opsum[7][7][2]: pass  77442
opsum[7][7][3]: pass  31358
opsum[7][8][0]: pass  44629
opsum[7][8][1]: pass -96246
opsum[7][8][2]: pass  55121
opsum[7][8][3]: pass -48008
opsum[7][9][0]: pass  98766
opsum[7][9][1]: pass -22879
opsum[7][9][2]: pass -27284
opsum[7][9][3]: pass  41436
opsum[7][10][0]: pass  79681
opsum[7][10][1]: pass  25579
opsum[7][10][2]: pass -34771
opsum[7][10][3]: pass -66497
opsum[7][11][0]: pass 109765
opsum[7][11][1]: pass  -4136
opsum[7][11][2]: pass  26045
opsum[7][11][3]: pass -27439
opsum[7][12][0]: pass  70702
opsum[7][12][1]: pass  43567
opsum[7][12][2]: pass  -5220
opsum[7][12][3]: pass -42030
opsum[7][13][0]: pass  33244
opsum[7][13][1]: pass -32304
opsum[7][13][2]: pass  67996
opsum[7][13][3]: pass -56704
opsum[7][14][0]: pass  60137
opsum[7][14][1]: pass   9982
opsum[7][14][2]: pass  54987
opsum[7][14][3]: pass -68651
opsum[7][15][0]: pass  45197
opsum[7][15][1]: pass -51111
opsum[7][15][2]: pass  31222
opsum[7][15][3]: pass -37550

=====================================================================================
||     ________   ___   ________           ___        ________   ________          ||
||    |\   __  \ |\  \ |\   ____\         |\  \      |\   __  \ |\   __  \         ||
||    \ \  \|\  \\ \  \\ \  \___|_        \ \  \     \ \  \|\  \\ \  \|\ /_        ||
||     \ \   __  \\ \  \\ \_____  \        \ \  \     \ \   __  \\ \   __  \       ||
||      \ \  \ \  \\ \  \\|____|\  \        \ \  \____ \ \  \ \  \\ \  \|\  \      ||
||       \ \__\ \__\\ \__\ ____\_\  \        \ \_______\\ \__\ \__\\ \_______\     ||
||        \|__|\|__| \|__||\_________\        \|_______| \|__|\|__| \|_______|     ||
||                        \|_________|                                             ||
||                                                                                 ||
=====================================================================================

 ___                                                                           ___
( _ )                                                                         ( _ )
 | |~~~~~~~~~~~~~~~~~~~~~~~~~~~~~~~~~~~~~~~~~~~~~~~~~~~~~~~~~~~~~~~~~~~~~~~~~~~| |
 | |  _____ _                 _       _   _              ______             _  | |
 | | /  ___(_)               | |     | | (_)             | ___ \           | | | |
 | | \ `--. _ _ __ ___  _   _| | __ _| |_ _  ___  _ __   | |_/ /_ _ ___ ___| | | |
 | |  `--. \ | '_ ` _ \| | | | |/ _` | __| |/ _ \| '_ \  |  __/ _` / __/ __| | | |
 | | /\__/ / | | | | | | |_| | | (_| | |_| | (_) | | | | | | | (_| \__ \__ \_| | |
 | | \____/|_|_| |_| |_|\__,_|_|\__,_|\__|_|\___/|_| |_| \_|  \__,_|___/___(_) | |
 | |                                                                           | |
 |_|~~~~~~~~~~~~~~~~~~~~~~~~~~~~~~~~~~~~~~~~~~~~~~~~~~~~~~~~~~~~~~~~~~~~~~~~~~~|_|
(___)                                                                         (___)
Simulation time: 7110 cycles
