opsum[0][0][0]: pass 7971117
opsum[0][0][1]: pass 7739454
opsum[0][0][2]: pass 7507791
opsum[0][0][3]: pass 7276128
opsum[0][0][4]: pass 7044465
opsum[0][0][5]: pass 6812802
opsum[0][0][6]: pass 6581139
opsum[0][0][7]: pass 6349476
opsum[0][1][0]: pass 8197912
opsum[0][1][1]: pass 7959682
opsum[0][1][2]: pass 7721452
opsum[0][1][3]: pass 7483222
opsum[0][1][4]: pass 7244992
opsum[0][1][5]: pass 7006762
opsum[0][1][6]: pass 6768532
opsum[0][1][7]: pass 6530302
opsum[0][2][0]: pass 8424707
opsum[0][2][1]: pass 8179910
opsum[0][2][2]: pass 7935113
opsum[0][2][3]: pass 7690316
opsum[0][2][4]: pass 7445519
opsum[0][2][5]: pass 7200722
opsum[0][2][6]: pass 6955925
opsum[0][2][7]: pass 6711128
opsum[0][3][0]: pass 8651502
opsum[0][3][1]: pass 8400138
opsum[0][3][2]: pass 8148774
opsum[0][3][3]: pass 7897410
opsum[0][3][4]: pass 7646046
opsum[0][3][5]: pass 7394682
opsum[0][3][6]: pass 7143318
opsum[0][3][7]: pass 6891954
opsum[0][4][0]: pass 8878297
opsum[0][4][1]: pass 8620366
opsum[0][4][2]: pass 8362435
opsum[0][4][3]: pass 8104504
opsum[0][4][4]: pass 7846573
opsum[0][4][5]: pass 7588642
opsum[0][4][6]: pass 7330711
opsum[0][4][7]: pass 7072780
opsum[0][5][0]: pass 9105092
opsum[0][5][1]: pass 8840594
opsum[0][5][2]: pass 8576096
opsum[0][5][3]: pass 8311598
opsum[0][5][4]: pass 8047100
opsum[0][5][5]: pass 7782602
opsum[0][5][6]: pass 7518104
opsum[0][5][7]: pass 7253606
opsum[0][6][0]: pass 9331887
opsum[0][6][1]: pass 9060822
opsum[0][6][2]: pass 8789757
opsum[0][6][3]: pass 8518692
opsum[0][6][4]: pass 8247627
opsum[0][6][5]: pass 7976562
opsum[0][6][6]: pass 7705497
opsum[0][6][7]: pass 7434432
opsum[0][7][0]: pass 9558682
opsum[0][7][1]: pass 9281050
opsum[0][7][2]: pass 9003418
opsum[0][7][3]: pass 8725786
opsum[0][7][4]: pass 8448154
opsum[0][7][5]: pass 8170522
opsum[0][7][6]: pass 7892890
opsum[0][7][7]: pass 7615258
opsum[0][8][0]: pass 9785477
opsum[0][8][1]: pass 9501278
opsum[0][8][2]: pass 9217079
opsum[0][8][3]: pass 8932880
opsum[0][8][4]: pass 8648681
opsum[0][8][5]: pass 8364482
opsum[0][8][6]: pass 8080283
opsum[0][8][7]: pass 7796084
opsum[0][9][0]: pass 10012272
opsum[0][9][1]: pass 9721506
opsum[0][9][2]: pass 9430740
opsum[0][9][3]: pass 9139974
opsum[0][9][4]: pass 8849208
opsum[0][9][5]: pass 8558442
opsum[0][9][6]: pass 8267676
opsum[0][9][7]: pass 7976910
opsum[0][10][0]: pass 10239067
opsum[0][10][1]: pass 9941734
opsum[0][10][2]: pass 9644401
opsum[0][10][3]: pass 9347068
opsum[0][10][4]: pass 9049735
opsum[0][10][5]: pass 8752402
opsum[0][10][6]: pass 8455069
opsum[0][10][7]: pass 8157736
opsum[0][11][0]: pass 10465862
opsum[0][11][1]: pass 10161962
opsum[0][11][2]: pass 9858062
opsum[0][11][3]: pass 9554162
opsum[0][11][4]: pass 9250262
opsum[0][11][5]: pass 8946362
opsum[0][11][6]: pass 8642462
opsum[0][11][7]: pass 8338562
opsum[0][12][0]: pass 10692657
opsum[0][12][1]: pass 10382190
opsum[0][12][2]: pass 10071723
opsum[0][12][3]: pass 9761256
opsum[0][12][4]: pass 9450789
opsum[0][12][5]: pass 9140322
opsum[0][12][6]: pass 8829855
opsum[0][12][7]: pass 8519388
opsum[0][13][0]: pass 10919452
opsum[0][13][1]: pass 10602418
opsum[0][13][2]: pass 10285384
opsum[0][13][3]: pass 9968350
opsum[0][13][4]: pass 9651316
opsum[0][13][5]: pass 9334282
opsum[0][13][6]: pass 9017248
opsum[0][13][7]: pass 8700214
opsum[0][14][0]: pass 11146247
opsum[0][14][1]: pass 10822646
opsum[0][14][2]: pass 10499045
opsum[0][14][3]: pass 10175444
opsum[0][14][4]: pass 9851843
opsum[0][14][5]: pass 9528242
opsum[0][14][6]: pass 9204641
opsum[0][14][7]: pass 8881040
opsum[0][15][0]: pass 11373042
opsum[0][15][1]: pass 11042874
opsum[0][15][2]: pass 10712706
opsum[0][15][3]: pass 10382538
opsum[0][15][4]: pass 10052370
opsum[0][15][5]: pass 9722202
opsum[0][15][6]: pass 9392034
opsum[0][15][7]: pass 9061866
opsum[0][16][0]: pass 11599837
opsum[0][16][1]: pass 11263102
opsum[0][16][2]: pass 10926367
opsum[0][16][3]: pass 10589632
opsum[0][16][4]: pass 10252897
opsum[0][16][5]: pass 9916162
opsum[0][16][6]: pass 9579427
opsum[0][16][7]: pass 9242692
opsum[0][17][0]: pass 11826632
opsum[0][17][1]: pass 11483330
opsum[0][17][2]: pass 11140028
opsum[0][17][3]: pass 10796726
opsum[0][17][4]: pass 10453424
opsum[0][17][5]: pass 10110122
opsum[0][17][6]: pass 9766820
opsum[0][17][7]: pass 9423518
opsum[0][18][0]: pass 9258419
opsum[0][18][1]: pass 8989958
opsum[0][18][2]: pass 8721497
opsum[0][18][3]: pass 8453036
opsum[0][18][4]: pass 8184575
opsum[0][18][5]: pass 7916114
opsum[0][18][6]: pass 7647653
opsum[0][18][7]: pass 7379192
opsum[0][19][0]: pass 6663838
opsum[0][19][1]: pass 6470986
opsum[0][19][2]: pass 6278134
opsum[0][19][3]: pass 6085282
opsum[0][19][4]: pass 5892430
opsum[0][19][5]: pass 5699578
opsum[0][19][6]: pass 5506726
opsum[0][19][7]: pass 5313874
opsum[0][20][0]: pass 4042889
opsum[0][20][1]: pass 3926414
opsum[0][20][2]: pass 3809939
opsum[0][20][3]: pass 3693464
opsum[0][20][4]: pass 3576989
opsum[0][20][5]: pass 3460514
opsum[0][20][6]: pass 3344039
opsum[0][20][7]: pass 3227564
opsum[0][21][0]: pass 4269684
opsum[0][21][1]: pass 4146642
opsum[0][21][2]: pass 4023600
opsum[0][21][3]: pass 3900558
opsum[0][21][4]: pass 3777516
opsum[0][21][5]: pass 3654474
opsum[0][21][6]: pass 3531432
opsum[0][21][7]: pass 3408390
opsum[0][22][0]: pass 4496479
opsum[0][22][1]: pass 4366870
opsum[0][22][2]: pass 4237261
opsum[0][22][3]: pass 4107652
opsum[0][22][4]: pass 3978043
opsum[0][22][5]: pass 3848434
opsum[0][22][6]: pass 3718825
opsum[0][22][7]: pass 3589216
opsum[0][23][0]: pass 4723274
opsum[0][23][1]: pass 4587098
opsum[0][23][2]: pass 4450922
opsum[0][23][3]: pass 4314746
opsum[0][23][4]: pass 4178570
opsum[0][23][5]: pass 4042394
opsum[0][23][6]: pass 3906218
opsum[0][23][7]: pass 3770042
opsum[0][24][0]: pass 4950069
opsum[0][24][1]: pass 4807326
opsum[0][24][2]: pass 4664583
opsum[0][24][3]: pass 4521840
opsum[0][24][4]: pass 4379097
opsum[0][24][5]: pass 4236354
opsum[0][24][6]: pass 4093611
opsum[0][24][7]: pass 3950868
opsum[0][25][0]: pass 5176864
opsum[0][25][1]: pass 5027554
opsum[0][25][2]: pass 4878244
opsum[0][25][3]: pass 4728934
opsum[0][25][4]: pass 4579624
opsum[0][25][5]: pass 4430314
opsum[0][25][6]: pass 4281004
opsum[0][25][7]: pass 4131694
opsum[0][26][0]: pass 5403659
opsum[0][26][1]: pass 5247782
opsum[0][26][2]: pass 5091905
opsum[0][26][3]: pass 4936028
opsum[0][26][4]: pass 4780151
opsum[0][26][5]: pass 4624274
opsum[0][26][6]: pass 4468397
opsum[0][26][7]: pass 4312520
opsum[0][27][0]: pass 5630454
opsum[0][27][1]: pass 5468010
opsum[0][27][2]: pass 5305566
opsum[0][27][3]: pass 5143122
opsum[0][27][4]: pass 4980678
opsum[0][27][5]: pass 4818234
opsum[0][27][6]: pass 4655790
opsum[0][27][7]: pass 4493346
opsum[0][28][0]: pass 5857249
opsum[0][28][1]: pass 5688238
opsum[0][28][2]: pass 5519227
opsum[0][28][3]: pass 5350216
opsum[0][28][4]: pass 5181205
opsum[0][28][5]: pass 5012194
opsum[0][28][6]: pass 4843183
opsum[0][28][7]: pass 4674172
opsum[0][29][0]: pass 6084044
opsum[0][29][1]: pass 5908466
opsum[0][29][2]: pass 5732888
opsum[0][29][3]: pass 5557310
opsum[0][29][4]: pass 5381732
opsum[0][29][5]: pass 5206154
opsum[0][29][6]: pass 5030576
opsum[0][29][7]: pass 4854998
opsum[0][30][0]: pass 6310839
opsum[0][30][1]: pass 6128694
opsum[0][30][2]: pass 5946549
opsum[0][30][3]: pass 5764404
opsum[0][30][4]: pass 5582259
opsum[0][30][5]: pass 5400114
opsum[0][30][6]: pass 5217969
opsum[0][30][7]: pass 5035824
opsum[0][31][0]: pass 6537634
opsum[0][31][1]: pass 6348922
opsum[0][31][2]: pass 6160210
opsum[0][31][3]: pass 5971498
opsum[0][31][4]: pass 5782786
opsum[0][31][5]: pass 5594074
opsum[0][31][6]: pass 5405362
opsum[0][31][7]: pass 5216650
opsum[1][0][0]: pass 7218017
opsum[1][0][1]: pass 7009604
opsum[1][0][2]: pass 6801191
opsum[1][0][3]: pass 6592778
opsum[1][0][4]: pass 6384365
opsum[1][0][5]: pass 6175952
opsum[1][0][6]: pass 5967539
opsum[1][0][7]: pass 5759126
opsum[1][1][0]: pass 7444812
opsum[1][1][1]: pass 7229832
opsum[1][1][2]: pass 7014852
opsum[1][1][3]: pass 6799872
opsum[1][1][4]: pass 6584892
opsum[1][1][5]: pass 6369912
opsum[1][1][6]: pass 6154932
opsum[1][1][7]: pass 5939952
opsum[1][2][0]: pass 7671607
opsum[1][2][1]: pass 7450060
opsum[1][2][2]: pass 7228513
opsum[1][2][3]: pass 7006966
opsum[1][2][4]: pass 6785419
opsum[1][2][5]: pass 6563872
opsum[1][2][6]: pass 6342325
opsum[1][2][7]: pass 6120778
opsum[1][3][0]: pass 7898402
opsum[1][3][1]: pass 7670288
opsum[1][3][2]: pass 7442174
opsum[1][3][3]: pass 7214060
opsum[1][3][4]: pass 6985946
opsum[1][3][5]: pass 6757832
opsum[1][3][6]: pass 6529718
opsum[1][3][7]: pass 6301604
opsum[1][4][0]: pass 8125197
opsum[1][4][1]: pass 7890516
opsum[1][4][2]: pass 7655835
opsum[1][4][3]: pass 7421154
opsum[1][4][4]: pass 7186473
opsum[1][4][5]: pass 6951792
opsum[1][4][6]: pass 6717111
opsum[1][4][7]: pass 6482430
opsum[1][5][0]: pass 8351992
opsum[1][5][1]: pass 8110744
opsum[1][5][2]: pass 7869496
opsum[1][5][3]: pass 7628248
opsum[1][5][4]: pass 7387000
opsum[1][5][5]: pass 7145752
opsum[1][5][6]: pass 6904504
opsum[1][5][7]: pass 6663256
opsum[1][6][0]: pass 8578787
opsum[1][6][1]: pass 8330972
opsum[1][6][2]: pass 8083157
opsum[1][6][3]: pass 7835342
opsum[1][6][4]: pass 7587527
opsum[1][6][5]: pass 7339712
opsum[1][6][6]: pass 7091897
opsum[1][6][7]: pass 6844082
opsum[1][7][0]: pass 8805582
opsum[1][7][1]: pass 8551200
opsum[1][7][2]: pass 8296818
opsum[1][7][3]: pass 8042436
opsum[1][7][4]: pass 7788054
opsum[1][7][5]: pass 7533672
opsum[1][7][6]: pass 7279290
opsum[1][7][7]: pass 7024908
opsum[1][8][0]: pass 9032377
opsum[1][8][1]: pass 8771428
opsum[1][8][2]: pass 8510479
opsum[1][8][3]: pass 8249530
opsum[1][8][4]: pass 7988581
opsum[1][8][5]: pass 7727632
opsum[1][8][6]: pass 7466683
opsum[1][8][7]: pass 7205734
opsum[1][9][0]: pass 9259172
opsum[1][9][1]: pass 8991656
opsum[1][9][2]: pass 8724140
opsum[1][9][3]: pass 8456624
opsum[1][9][4]: pass 8189108
opsum[1][9][5]: pass 7921592
opsum[1][9][6]: pass 7654076
opsum[1][9][7]: pass 7386560
opsum[1][10][0]: pass 9485967
opsum[1][10][1]: pass 9211884
opsum[1][10][2]: pass 8937801
opsum[1][10][3]: pass 8663718
opsum[1][10][4]: pass 8389635
opsum[1][10][5]: pass 8115552
opsum[1][10][6]: pass 7841469
opsum[1][10][7]: pass 7567386
opsum[1][11][0]: pass 9712762
opsum[1][11][1]: pass 9432112
opsum[1][11][2]: pass 9151462
opsum[1][11][3]: pass 8870812
opsum[1][11][4]: pass 8590162
opsum[1][11][5]: pass 8309512
opsum[1][11][6]: pass 8028862
opsum[1][11][7]: pass 7748212
opsum[1][12][0]: pass 9939557
opsum[1][12][1]: pass 9652340
opsum[1][12][2]: pass 9365123
opsum[1][12][3]: pass 9077906
opsum[1][12][4]: pass 8790689
opsum[1][12][5]: pass 8503472
opsum[1][12][6]: pass 8216255
opsum[1][12][7]: pass 7929038
opsum[1][13][0]: pass 10166352
opsum[1][13][1]: pass 9872568
opsum[1][13][2]: pass 9578784
opsum[1][13][3]: pass 9285000
opsum[1][13][4]: pass 8991216
opsum[1][13][5]: pass 8697432
opsum[1][13][6]: pass 8403648
opsum[1][13][7]: pass 8109864
opsum[1][14][0]: pass 10393147
opsum[1][14][1]: pass 10092796
opsum[1][14][2]: pass 9792445
opsum[1][14][3]: pass 9492094
opsum[1][14][4]: pass 9191743
opsum[1][14][5]: pass 8891392
opsum[1][14][6]: pass 8591041
opsum[1][14][7]: pass 8290690
opsum[1][15][0]: pass 10619942
opsum[1][15][1]: pass 10313024
opsum[1][15][2]: pass 10006106
opsum[1][15][3]: pass 9699188
opsum[1][15][4]: pass 9392270
opsum[1][15][5]: pass 9085352
opsum[1][15][6]: pass 8778434
opsum[1][15][7]: pass 8471516
opsum[1][16][0]: pass 10846737
opsum[1][16][1]: pass 10533252
opsum[1][16][2]: pass 10219767
opsum[1][16][3]: pass 9906282
opsum[1][16][4]: pass 9592797
opsum[1][16][5]: pass 9279312
opsum[1][16][6]: pass 8965827
opsum[1][16][7]: pass 8652342
opsum[1][17][0]: pass 11073532
opsum[1][17][1]: pass 10753480
opsum[1][17][2]: pass 10433428
opsum[1][17][3]: pass 10113376
opsum[1][17][4]: pass 9793324
opsum[1][17][5]: pass 9473272
opsum[1][17][6]: pass 9153220
opsum[1][17][7]: pass 8833168
opsum[1][18][0]: pass 8426215
opsum[1][18][1]: pass 8183308
opsum[1][18][2]: pass 7940401
opsum[1][18][3]: pass 7697494
opsum[1][18][4]: pass 7454587
opsum[1][18][5]: pass 7211680
opsum[1][18][6]: pass 6968773
opsum[1][18][7]: pass 6725866
opsum[1][19][0]: pass 5752530
opsum[1][19][1]: pass 5587536
opsum[1][19][2]: pass 5422542
opsum[1][19][3]: pass 5257548
opsum[1][19][4]: pass 5092554
opsum[1][19][5]: pass 4927560
opsum[1][19][6]: pass 4762566
opsum[1][19][7]: pass 4597572
opsum[1][20][0]: pass 3052477
opsum[1][20][1]: pass 2966164
opsum[1][20][2]: pass 2879851
opsum[1][20][3]: pass 2793538
opsum[1][20][4]: pass 2707225
opsum[1][20][5]: pass 2620912
opsum[1][20][6]: pass 2534599
opsum[1][20][7]: pass 2448286
opsum[1][21][0]: pass 3279272
opsum[1][21][1]: pass 3186392
opsum[1][21][2]: pass 3093512
opsum[1][21][3]: pass 3000632
opsum[1][21][4]: pass 2907752
opsum[1][21][5]: pass 2814872
opsum[1][21][6]: pass 2721992
opsum[1][21][7]: pass 2629112
opsum[1][22][0]: pass 3506067
opsum[1][22][1]: pass 3406620
opsum[1][22][2]: pass 3307173
opsum[1][22][3]: pass 3207726
opsum[1][22][4]: pass 3108279
opsum[1][22][5]: pass 3008832
opsum[1][22][6]: pass 2909385
opsum[1][22][7]: pass 2809938
opsum[1][23][0]: pass 3732862
opsum[1][23][1]: pass 3626848
opsum[1][23][2]: pass 3520834
opsum[1][23][3]: pass 3414820
opsum[1][23][4]: pass 3308806
opsum[1][23][5]: pass 3202792
opsum[1][23][6]: pass 3096778
opsum[1][23][7]: pass 2990764
opsum[1][24][0]: pass 3959657
opsum[1][24][1]: pass 3847076
opsum[1][24][2]: pass 3734495
opsum[1][24][3]: pass 3621914
opsum[1][24][4]: pass 3509333
opsum[1][24][5]: pass 3396752
opsum[1][24][6]: pass 3284171
opsum[1][24][7]: pass 3171590
opsum[1][25][0]: pass 4186452
opsum[1][25][1]: pass 4067304
opsum[1][25][2]: pass 3948156
opsum[1][25][3]: pass 3829008
opsum[1][25][4]: pass 3709860
opsum[1][25][5]: pass 3590712
opsum[1][25][6]: pass 3471564
opsum[1][25][7]: pass 3352416
opsum[1][26][0]: pass 4413247
opsum[1][26][1]: pass 4287532
opsum[1][26][2]: pass 4161817
opsum[1][26][3]: pass 4036102
opsum[1][26][4]: pass 3910387
opsum[1][26][5]: pass 3784672
opsum[1][26][6]: pass 3658957
opsum[1][26][7]: pass 3533242
opsum[1][27][0]: pass 4640042
opsum[1][27][1]: pass 4507760
opsum[1][27][2]: pass 4375478
opsum[1][27][3]: pass 4243196
opsum[1][27][4]: pass 4110914
opsum[1][27][5]: pass 3978632
opsum[1][27][6]: pass 3846350
opsum[1][27][7]: pass 3714068
opsum[1][28][0]: pass 4866837
opsum[1][28][1]: pass 4727988
opsum[1][28][2]: pass 4589139
opsum[1][28][3]: pass 4450290
opsum[1][28][4]: pass 4311441
opsum[1][28][5]: pass 4172592
opsum[1][28][6]: pass 4033743
opsum[1][28][7]: pass 3894894
opsum[1][29][0]: pass 5093632
opsum[1][29][1]: pass 4948216
opsum[1][29][2]: pass 4802800
opsum[1][29][3]: pass 4657384
opsum[1][29][4]: pass 4511968
opsum[1][29][5]: pass 4366552
opsum[1][29][6]: pass 4221136
opsum[1][29][7]: pass 4075720
opsum[1][30][0]: pass 5320427
opsum[1][30][1]: pass 5168444
opsum[1][30][2]: pass 5016461
opsum[1][30][3]: pass 4864478
opsum[1][30][4]: pass 4712495
opsum[1][30][5]: pass 4560512
opsum[1][30][6]: pass 4408529
opsum[1][30][7]: pass 4256546
opsum[1][31][0]: pass 5547222
opsum[1][31][1]: pass 5388672
opsum[1][31][2]: pass 5230122
opsum[1][31][3]: pass 5071572
opsum[1][31][4]: pass 4913022
opsum[1][31][5]: pass 4754472
opsum[1][31][6]: pass 4595922
opsum[1][31][7]: pass 4437372
opsum[2][0][0]: pass 6227605
opsum[2][0][1]: pass 6049354
opsum[2][0][2]: pass 5871103
opsum[2][0][3]: pass 5692852
opsum[2][0][4]: pass 5514601
opsum[2][0][5]: pass 5336350
opsum[2][0][6]: pass 5158099
opsum[2][0][7]: pass 4979848
opsum[2][1][0]: pass 6454400
opsum[2][1][1]: pass 6269582
opsum[2][1][2]: pass 6084764
opsum[2][1][3]: pass 5899946
opsum[2][1][4]: pass 5715128
opsum[2][1][5]: pass 5530310
opsum[2][1][6]: pass 5345492
opsum[2][1][7]: pass 5160674
opsum[2][2][0]: pass 6681195
opsum[2][2][1]: pass 6489810
opsum[2][2][2]: pass 6298425
opsum[2][2][3]: pass 6107040
opsum[2][2][4]: pass 5915655
opsum[2][2][5]: pass 5724270
opsum[2][2][6]: pass 5532885
opsum[2][2][7]: pass 5341500
opsum[2][3][0]: pass 6907990
opsum[2][3][1]: pass 6710038
opsum[2][3][2]: pass 6512086
opsum[2][3][3]: pass 6314134
opsum[2][3][4]: pass 6116182
opsum[2][3][5]: pass 5918230
opsum[2][3][6]: pass 5720278
opsum[2][3][7]: pass 5522326
opsum[2][4][0]: pass 7134785
opsum[2][4][1]: pass 6930266
opsum[2][4][2]: pass 6725747
opsum[2][4][3]: pass 6521228
opsum[2][4][4]: pass 6316709
opsum[2][4][5]: pass 6112190
opsum[2][4][6]: pass 5907671
opsum[2][4][7]: pass 5703152
opsum[2][5][0]: pass 7361580
opsum[2][5][1]: pass 7150494
opsum[2][5][2]: pass 6939408
opsum[2][5][3]: pass 6728322
opsum[2][5][4]: pass 6517236
opsum[2][5][5]: pass 6306150
opsum[2][5][6]: pass 6095064
opsum[2][5][7]: pass 5883978
opsum[2][6][0]: pass 7588375
opsum[2][6][1]: pass 7370722
opsum[2][6][2]: pass 7153069
opsum[2][6][3]: pass 6935416
opsum[2][6][4]: pass 6717763
opsum[2][6][5]: pass 6500110
opsum[2][6][6]: pass 6282457
opsum[2][6][7]: pass 6064804
opsum[2][7][0]: pass 7815170
opsum[2][7][1]: pass 7590950
opsum[2][7][2]: pass 7366730
opsum[2][7][3]: pass 7142510
opsum[2][7][4]: pass 6918290
opsum[2][7][5]: pass 6694070
opsum[2][7][6]: pass 6469850
opsum[2][7][7]: pass 6245630
opsum[2][8][0]: pass 8041965
opsum[2][8][1]: pass 7811178
opsum[2][8][2]: pass 7580391
opsum[2][8][3]: pass 7349604
opsum[2][8][4]: pass 7118817
opsum[2][8][5]: pass 6888030
opsum[2][8][6]: pass 6657243
opsum[2][8][7]: pass 6426456
opsum[2][9][0]: pass 8268760
opsum[2][9][1]: pass 8031406
opsum[2][9][2]: pass 7794052
opsum[2][9][3]: pass 7556698
opsum[2][9][4]: pass 7319344
opsum[2][9][5]: pass 7081990
opsum[2][9][6]: pass 6844636
opsum[2][9][7]: pass 6607282
opsum[2][10][0]: pass 8495555
opsum[2][10][1]: pass 8251634
opsum[2][10][2]: pass 8007713
opsum[2][10][3]: pass 7763792
opsum[2][10][4]: pass 7519871
opsum[2][10][5]: pass 7275950
opsum[2][10][6]: pass 7032029
opsum[2][10][7]: pass 6788108
opsum[2][11][0]: pass 8722350
opsum[2][11][1]: pass 8471862
opsum[2][11][2]: pass 8221374
opsum[2][11][3]: pass 7970886
opsum[2][11][4]: pass 7720398
opsum[2][11][5]: pass 7469910
opsum[2][11][6]: pass 7219422
opsum[2][11][7]: pass 6968934
opsum[2][12][0]: pass 8949145
opsum[2][12][1]: pass 8692090
opsum[2][12][2]: pass 8435035
opsum[2][12][3]: pass 8177980
opsum[2][12][4]: pass 7920925
opsum[2][12][5]: pass 7663870
opsum[2][12][6]: pass 7406815
opsum[2][12][7]: pass 7149760
opsum[2][13][0]: pass 9175940
opsum[2][13][1]: pass 8912318
opsum[2][13][2]: pass 8648696
opsum[2][13][3]: pass 8385074
opsum[2][13][4]: pass 8121452
opsum[2][13][5]: pass 7857830
opsum[2][13][6]: pass 7594208
opsum[2][13][7]: pass 7330586
opsum[2][14][0]: pass 9402735
opsum[2][14][1]: pass 9132546
opsum[2][14][2]: pass 8862357
opsum[2][14][3]: pass 8592168
opsum[2][14][4]: pass 8321979
opsum[2][14][5]: pass 8051790
opsum[2][14][6]: pass 7781601
opsum[2][14][7]: pass 7511412
opsum[2][15][0]: pass 9629530
opsum[2][15][1]: pass 9352774
opsum[2][15][2]: pass 9076018
opsum[2][15][3]: pass 8799262
opsum[2][15][4]: pass 8522506
opsum[2][15][5]: pass 8245750
opsum[2][15][6]: pass 7968994
opsum[2][15][7]: pass 7692238
opsum[2][16][0]: pass 9856325
opsum[2][16][1]: pass 9573002
opsum[2][16][2]: pass 9289679
opsum[2][16][3]: pass 9006356
opsum[2][16][4]: pass 8723033
opsum[2][16][5]: pass 8439710
opsum[2][16][6]: pass 8156387
opsum[2][16][7]: pass 7873064
opsum[2][17][0]: pass 10083120
opsum[2][17][1]: pass 9793230
opsum[2][17][2]: pass 9503340
opsum[2][17][3]: pass 9213450
opsum[2][17][4]: pass 8923560
opsum[2][17][5]: pass 8633670
opsum[2][17][6]: pass 8343780
opsum[2][17][7]: pass 8053890
opsum[2][18][0]: pass 7356699
opsum[2][18][1]: pass 7146258
opsum[2][18][2]: pass 6935817
opsum[2][18][3]: pass 6725376
opsum[2][18][4]: pass 6514935
opsum[2][18][5]: pass 6304494
opsum[2][18][6]: pass 6094053
opsum[2][18][7]: pass 5883612
opsum[2][19][0]: pass 4603910
opsum[2][19][1]: pass 4473686
opsum[2][19][2]: pass 4343462
opsum[2][19][3]: pass 4213238
opsum[2][19][4]: pass 4083014
opsum[2][19][5]: pass 3952790
opsum[2][19][6]: pass 3822566
opsum[2][19][7]: pass 3692342
opsum[2][20][0]: pass 1824753
opsum[2][20][1]: pass 1775514
opsum[2][20][2]: pass 1726275
opsum[2][20][3]: pass 1677036
opsum[2][20][4]: pass 1627797
opsum[2][20][5]: pass 1578558
opsum[2][20][6]: pass 1529319
opsum[2][20][7]: pass 1480080
opsum[2][21][0]: pass 2051548
opsum[2][21][1]: pass 1995742
opsum[2][21][2]: pass 1939936
opsum[2][21][3]: pass 1884130
opsum[2][21][4]: pass 1828324
opsum[2][21][5]: pass 1772518
opsum[2][21][6]: pass 1716712
opsum[2][21][7]: pass 1660906
opsum[2][22][0]: pass 2278343
opsum[2][22][1]: pass 2215970
opsum[2][22][2]: pass 2153597
opsum[2][22][3]: pass 2091224
opsum[2][22][4]: pass 2028851
opsum[2][22][5]: pass 1966478
opsum[2][22][6]: pass 1904105
opsum[2][22][7]: pass 1841732
opsum[2][23][0]: pass 2505138
opsum[2][23][1]: pass 2436198
opsum[2][23][2]: pass 2367258
opsum[2][23][3]: pass 2298318
opsum[2][23][4]: pass 2229378
opsum[2][23][5]: pass 2160438
opsum[2][23][6]: pass 2091498
opsum[2][23][7]: pass 2022558
opsum[2][24][0]: pass 2731933
opsum[2][24][1]: pass 2656426
opsum[2][24][2]: pass 2580919
opsum[2][24][3]: pass 2505412
opsum[2][24][4]: pass 2429905
opsum[2][24][5]: pass 2354398
opsum[2][24][6]: pass 2278891
opsum[2][24][7]: pass 2203384
opsum[2][25][0]: pass 2958728
opsum[2][25][1]: pass 2876654
opsum[2][25][2]: pass 2794580
opsum[2][25][3]: pass 2712506
opsum[2][25][4]: pass 2630432
opsum[2][25][5]: pass 2548358
opsum[2][25][6]: pass 2466284
opsum[2][25][7]: pass 2384210
opsum[2][26][0]: pass 3185523
opsum[2][26][1]: pass 3096882
opsum[2][26][2]: pass 3008241
opsum[2][26][3]: pass 2919600
opsum[2][26][4]: pass 2830959
opsum[2][26][5]: pass 2742318
opsum[2][26][6]: pass 2653677
opsum[2][26][7]: pass 2565036
opsum[2][27][0]: pass 3412318
opsum[2][27][1]: pass 3317110
opsum[2][27][2]: pass 3221902
opsum[2][27][3]: pass 3126694
opsum[2][27][4]: pass 3031486
opsum[2][27][5]: pass 2936278
opsum[2][27][6]: pass 2841070
opsum[2][27][7]: pass 2745862
opsum[2][28][0]: pass 3639113
opsum[2][28][1]: pass 3537338
opsum[2][28][2]: pass 3435563
opsum[2][28][3]: pass 3333788
opsum[2][28][4]: pass 3232013
opsum[2][28][5]: pass 3130238
opsum[2][28][6]: pass 3028463
opsum[2][28][7]: pass 2926688
opsum[2][29][0]: pass 3865908
opsum[2][29][1]: pass 3757566
opsum[2][29][2]: pass 3649224
opsum[2][29][3]: pass 3540882
opsum[2][29][4]: pass 3432540
opsum[2][29][5]: pass 3324198
opsum[2][29][6]: pass 3215856
opsum[2][29][7]: pass 3107514
opsum[2][30][0]: pass 4092703
opsum[2][30][1]: pass 3977794
opsum[2][30][2]: pass 3862885
opsum[2][30][3]: pass 3747976
opsum[2][30][4]: pass 3633067
opsum[2][30][5]: pass 3518158
opsum[2][30][6]: pass 3403249
opsum[2][30][7]: pass 3288340
opsum[2][31][0]: pass 4319498
opsum[2][31][1]: pass 4198022
opsum[2][31][2]: pass 4076546
opsum[2][31][3]: pass 3955070
opsum[2][31][4]: pass 3833594
opsum[2][31][5]: pass 3712118
opsum[2][31][6]: pass 3590642
opsum[2][31][7]: pass 3469166
opsum[3][0][0]: pass 1938121
opsum[3][0][1]: pass 1885264
opsum[3][0][2]: pass 1832407
opsum[3][0][3]: pass 1779550
opsum[3][0][4]: pass 1726693
opsum[3][0][5]: pass 1673836
opsum[3][0][6]: pass 1620979
opsum[3][0][7]: pass 1568122
opsum[3][1][0]: pass -923468
opsum[3][1][1]: pass -893804
opsum[3][1][2]: pass -864140
opsum[3][1][3]: pass -834476
opsum[3][1][4]: pass -804812
opsum[3][1][5]: pass -775148
opsum[3][1][6]: pass -745484
opsum[3][1][7]: pass -715820
opsum[3][2][0]: pass -3811681
opsum[3][2][1]: pass -3698728
opsum[3][2][2]: pass -3585775
opsum[3][2][3]: pass -3472822
opsum[3][2][4]: pass -3359869
opsum[3][2][5]: pass -3246916
opsum[3][2][6]: pass -3133963
opsum[3][2][7]: pass -3021010
opsum[3][3][0]: pass -3584886
opsum[3][3][1]: pass -3478500
opsum[3][3][2]: pass -3372114
opsum[3][3][3]: pass -3265728
opsum[3][3][4]: pass -3159342
opsum[3][3][5]: pass -3052956
opsum[3][3][6]: pass -2946570
opsum[3][3][7]: pass -2840184
opsum[3][4][0]: pass -3358091
opsum[3][4][1]: pass -3258272
opsum[3][4][2]: pass -3158453
opsum[3][4][3]: pass -3058634
opsum[3][4][4]: pass -2958815
opsum[3][4][5]: pass -2858996
opsum[3][4][6]: pass -2759177
opsum[3][4][7]: pass -2659358
opsum[3][5][0]: pass -3131296
opsum[3][5][1]: pass -3038044
opsum[3][5][2]: pass -2944792
opsum[3][5][3]: pass -2851540
opsum[3][5][4]: pass -2758288
opsum[3][5][5]: pass -2665036
opsum[3][5][6]: pass -2571784
opsum[3][5][7]: pass -2478532
opsum[3][6][0]: pass -2904501
opsum[3][6][1]: pass -2817816
opsum[3][6][2]: pass -2731131
opsum[3][6][3]: pass -2644446
opsum[3][6][4]: pass -2557761
opsum[3][6][5]: pass -2471076
opsum[3][6][6]: pass -2384391
opsum[3][6][7]: pass -2297706
opsum[3][7][0]: pass -2677706
opsum[3][7][1]: pass -2597588
opsum[3][7][2]: pass -2517470
opsum[3][7][3]: pass -2437352
opsum[3][7][4]: pass -2357234
opsum[3][7][5]: pass -2277116
opsum[3][7][6]: pass -2196998
opsum[3][7][7]: pass -2116880
opsum[3][8][0]: pass -2450911
opsum[3][8][1]: pass -2377360
opsum[3][8][2]: pass -2303809
opsum[3][8][3]: pass -2230258
opsum[3][8][4]: pass -2156707
opsum[3][8][5]: pass -2083156
opsum[3][8][6]: pass -2009605
opsum[3][8][7]: pass -1936054
opsum[3][9][0]: pass -2224116
opsum[3][9][1]: pass -2157132
opsum[3][9][2]: pass -2090148
opsum[3][9][3]: pass -2023164
opsum[3][9][4]: pass -1956180
opsum[3][9][5]: pass -1889196
opsum[3][9][6]: pass -1822212
opsum[3][9][7]: pass -1755228
opsum[3][10][0]: pass -1997321
opsum[3][10][1]: pass -1936904
opsum[3][10][2]: pass -1876487
opsum[3][10][3]: pass -1816070
opsum[3][10][4]: pass -1755653
opsum[3][10][5]: pass -1695236
opsum[3][10][6]: pass -1634819
opsum[3][10][7]: pass -1574402
opsum[3][11][0]: pass -1770526
opsum[3][11][1]: pass -1716676
opsum[3][11][2]: pass -1662826
opsum[3][11][3]: pass -1608976
opsum[3][11][4]: pass -1555126
opsum[3][11][5]: pass -1501276
opsum[3][11][6]: pass -1447426
opsum[3][11][7]: pass -1393576
opsum[3][12][0]: pass -1543731
opsum[3][12][1]: pass -1496448
opsum[3][12][2]: pass -1449165
opsum[3][12][3]: pass -1401882
opsum[3][12][4]: pass -1354599
opsum[3][12][5]: pass -1307316
opsum[3][12][6]: pass -1260033
opsum[3][12][7]: pass -1212750
opsum[3][13][0]: pass -1316936
opsum[3][13][1]: pass -1276220
opsum[3][13][2]: pass -1235504
opsum[3][13][3]: pass -1194788
opsum[3][13][4]: pass -1154072
opsum[3][13][5]: pass -1113356
opsum[3][13][6]: pass -1072640
opsum[3][13][7]: pass -1031924
opsum[3][14][0]: pass -1090141
opsum[3][14][1]: pass -1055992
opsum[3][14][2]: pass -1021843
opsum[3][14][3]: pass -987694
opsum[3][14][4]: pass -953545
opsum[3][14][5]: pass -919396
opsum[3][14][6]: pass -885247
opsum[3][14][7]: pass -851098
opsum[3][15][0]: pass -863346
opsum[3][15][1]: pass -835764
opsum[3][15][2]: pass -808182
opsum[3][15][3]: pass -780600
opsum[3][15][4]: pass -753018
opsum[3][15][5]: pass -725436
opsum[3][15][6]: pass -697854
opsum[3][15][7]: pass -670272
opsum[3][16][0]: pass -636551
opsum[3][16][1]: pass -615536
opsum[3][16][2]: pass -594521
opsum[3][16][3]: pass -573506
opsum[3][16][4]: pass -552491
opsum[3][16][5]: pass -531476
opsum[3][16][6]: pass -510461
opsum[3][16][7]: pass -489446
opsum[3][17][0]: pass -409756
opsum[3][17][1]: pass -395308
opsum[3][17][2]: pass -380860
opsum[3][17][3]: pass -366412
opsum[3][17][4]: pass -351964
opsum[3][17][5]: pass -337516
opsum[3][17][6]: pass -323068
opsum[3][17][7]: pass -308620
opsum[3][18][0]: pass -182961
opsum[3][18][1]: pass -175080
opsum[3][18][2]: pass -167199
opsum[3][18][3]: pass -159318
opsum[3][18][4]: pass -151437
opsum[3][18][5]: pass -143556
opsum[3][18][6]: pass -135675
opsum[3][18][7]: pass -127794
opsum[3][19][0]: pass  43834
opsum[3][19][1]: pass  45148
opsum[3][19][2]: pass  46462
opsum[3][19][3]: pass  47776
opsum[3][19][4]: pass  49090
opsum[3][19][5]: pass  50404
opsum[3][19][6]: pass  51718
opsum[3][19][7]: pass  53032
opsum[3][20][0]: pass 270629
opsum[3][20][1]: pass 265376
opsum[3][20][2]: pass 260123
opsum[3][20][3]: pass 254870
opsum[3][20][4]: pass 249617
opsum[3][20][5]: pass 244364
opsum[3][20][6]: pass 239111
opsum[3][20][7]: pass 233858
opsum[3][21][0]: pass 497424
opsum[3][21][1]: pass 485604
opsum[3][21][2]: pass 473784
opsum[3][21][3]: pass 461964
opsum[3][21][4]: pass 450144
opsum[3][21][5]: pass 438324
opsum[3][21][6]: pass 426504
opsum[3][21][7]: pass 414684
opsum[3][22][0]: pass 724219
opsum[3][22][1]: pass 705832
opsum[3][22][2]: pass 687445
opsum[3][22][3]: pass 669058
opsum[3][22][4]: pass 650671
opsum[3][22][5]: pass 632284
opsum[3][22][6]: pass 613897
opsum[3][22][7]: pass 595510
opsum[3][23][0]: pass 951014
opsum[3][23][1]: pass 926060
opsum[3][23][2]: pass 901106
opsum[3][23][3]: pass 876152
opsum[3][23][4]: pass 851198
opsum[3][23][5]: pass 826244
opsum[3][23][6]: pass 801290
opsum[3][23][7]: pass 776336
opsum[3][24][0]: pass 1177809
opsum[3][24][1]: pass 1146288
opsum[3][24][2]: pass 1114767
opsum[3][24][3]: pass 1083246
opsum[3][24][4]: pass 1051725
opsum[3][24][5]: pass 1020204
opsum[3][24][6]: pass 988683
opsum[3][24][7]: pass 957162
opsum[3][25][0]: pass 1404604
opsum[3][25][1]: pass 1366516
opsum[3][25][2]: pass 1328428
opsum[3][25][3]: pass 1290340
opsum[3][25][4]: pass 1252252
opsum[3][25][5]: pass 1214164
opsum[3][25][6]: pass 1176076
opsum[3][25][7]: pass 1137988
opsum[3][26][0]: pass 1631399
opsum[3][26][1]: pass 1586744
opsum[3][26][2]: pass 1542089
opsum[3][26][3]: pass 1497434
opsum[3][26][4]: pass 1452779
opsum[3][26][5]: pass 1408124
opsum[3][26][6]: pass 1363469
opsum[3][26][7]: pass 1318814
opsum[3][27][0]: pass 1858194
opsum[3][27][1]: pass 1806972
opsum[3][27][2]: pass 1755750
opsum[3][27][3]: pass 1704528
opsum[3][27][4]: pass 1653306
opsum[3][27][5]: pass 1602084
opsum[3][27][6]: pass 1550862
opsum[3][27][7]: pass 1499640
opsum[3][28][0]: pass 2084989
opsum[3][28][1]: pass 2027200
opsum[3][28][2]: pass 1969411
opsum[3][28][3]: pass 1911622
opsum[3][28][4]: pass 1853833
opsum[3][28][5]: pass 1796044
opsum[3][28][6]: pass 1738255
opsum[3][28][7]: pass 1680466
opsum[3][29][0]: pass 2311784
opsum[3][29][1]: pass 2247428
opsum[3][29][2]: pass 2183072
opsum[3][29][3]: pass 2118716
opsum[3][29][4]: pass 2054360
opsum[3][29][5]: pass 1990004
opsum[3][29][6]: pass 1925648
opsum[3][29][7]: pass 1861292
opsum[3][30][0]: pass 2538579
opsum[3][30][1]: pass 2467656
opsum[3][30][2]: pass 2396733
opsum[3][30][3]: pass 2325810
opsum[3][30][4]: pass 2254887
opsum[3][30][5]: pass 2183964
opsum[3][30][6]: pass 2113041
opsum[3][30][7]: pass 2042118
opsum[3][31][0]: pass 2765374
opsum[3][31][1]: pass 2687884
opsum[3][31][2]: pass 2610394
opsum[3][31][3]: pass 2532904
opsum[3][31][4]: pass 2455414
opsum[3][31][5]: pass 2377924
opsum[3][31][6]: pass 2300434
opsum[3][31][7]: pass 2222944
opsum[4][0][0]: pass 304125
opsum[4][0][1]: pass 297558
opsum[4][0][2]: pass 290991
opsum[4][0][3]: pass 284424
opsum[4][0][4]: pass 277857
opsum[4][0][5]: pass 271290
opsum[4][0][6]: pass 264723
opsum[4][0][7]: pass 258156
opsum[4][1][0]: pass -2637336
opsum[4][1][1]: pass -2559078
opsum[4][1][2]: pass -2480820
opsum[4][1][3]: pass -2402562
opsum[4][1][4]: pass -2324304
opsum[4][1][5]: pass -2246046
opsum[4][1][6]: pass -2167788
opsum[4][1][7]: pass -2089530
opsum[4][2][0]: pass -5605421
opsum[4][2][1]: pass -5441570
opsum[4][2][2]: pass -5277719
opsum[4][2][3]: pass -5113868
opsum[4][2][4]: pass -4950017
opsum[4][2][5]: pass -4786166
opsum[4][2][6]: pass -4622315
opsum[4][2][7]: pass -4458464
opsum[4][3][0]: pass -5378626
opsum[4][3][1]: pass -5221342
opsum[4][3][2]: pass -5064058
opsum[4][3][3]: pass -4906774
opsum[4][3][4]: pass -4749490
opsum[4][3][5]: pass -4592206
opsum[4][3][6]: pass -4434922
opsum[4][3][7]: pass -4277638
opsum[4][4][0]: pass -5151831
opsum[4][4][1]: pass -5001114
opsum[4][4][2]: pass -4850397
opsum[4][4][3]: pass -4699680
opsum[4][4][4]: pass -4548963
opsum[4][4][5]: pass -4398246
opsum[4][4][6]: pass -4247529
opsum[4][4][7]: pass -4096812
opsum[4][5][0]: pass -4925036
opsum[4][5][1]: pass -4780886
opsum[4][5][2]: pass -4636736
opsum[4][5][3]: pass -4492586
opsum[4][5][4]: pass -4348436
opsum[4][5][5]: pass -4204286
opsum[4][5][6]: pass -4060136
opsum[4][5][7]: pass -3915986
opsum[4][6][0]: pass -4698241
opsum[4][6][1]: pass -4560658
opsum[4][6][2]: pass -4423075
opsum[4][6][3]: pass -4285492
opsum[4][6][4]: pass -4147909
opsum[4][6][5]: pass -4010326
opsum[4][6][6]: pass -3872743
opsum[4][6][7]: pass -3735160
opsum[4][7][0]: pass -4471446
opsum[4][7][1]: pass -4340430
opsum[4][7][2]: pass -4209414
opsum[4][7][3]: pass -4078398
opsum[4][7][4]: pass -3947382
opsum[4][7][5]: pass -3816366
opsum[4][7][6]: pass -3685350
opsum[4][7][7]: pass -3554334
opsum[4][8][0]: pass -4244651
opsum[4][8][1]: pass -4120202
opsum[4][8][2]: pass -3995753
opsum[4][8][3]: pass -3871304
opsum[4][8][4]: pass -3746855
opsum[4][8][5]: pass -3622406
opsum[4][8][6]: pass -3497957
opsum[4][8][7]: pass -3373508
opsum[4][9][0]: pass -4017856
opsum[4][9][1]: pass -3899974
opsum[4][9][2]: pass -3782092
opsum[4][9][3]: pass -3664210
opsum[4][9][4]: pass -3546328
opsum[4][9][5]: pass -3428446
opsum[4][9][6]: pass -3310564
opsum[4][9][7]: pass -3192682
opsum[4][10][0]: pass -3791061
opsum[4][10][1]: pass -3679746
opsum[4][10][2]: pass -3568431
opsum[4][10][3]: pass -3457116
opsum[4][10][4]: pass -3345801
opsum[4][10][5]: pass -3234486
opsum[4][10][6]: pass -3123171
opsum[4][10][7]: pass -3011856
opsum[4][11][0]: pass -3564266
opsum[4][11][1]: pass -3459518
opsum[4][11][2]: pass -3354770
opsum[4][11][3]: pass -3250022
opsum[4][11][4]: pass -3145274
opsum[4][11][5]: pass -3040526
opsum[4][11][6]: pass -2935778
opsum[4][11][7]: pass -2831030
opsum[4][12][0]: pass -3337471
opsum[4][12][1]: pass -3239290
opsum[4][12][2]: pass -3141109
opsum[4][12][3]: pass -3042928
opsum[4][12][4]: pass -2944747
opsum[4][12][5]: pass -2846566
opsum[4][12][6]: pass -2748385
opsum[4][12][7]: pass -2650204
opsum[4][13][0]: pass -3110676
opsum[4][13][1]: pass -3019062
opsum[4][13][2]: pass -2927448
opsum[4][13][3]: pass -2835834
opsum[4][13][4]: pass -2744220
opsum[4][13][5]: pass -2652606
opsum[4][13][6]: pass -2560992
opsum[4][13][7]: pass -2469378
opsum[4][14][0]: pass -2883881
opsum[4][14][1]: pass -2798834
opsum[4][14][2]: pass -2713787
opsum[4][14][3]: pass -2628740
opsum[4][14][4]: pass -2543693
opsum[4][14][5]: pass -2458646
opsum[4][14][6]: pass -2373599
opsum[4][14][7]: pass -2288552
opsum[4][15][0]: pass -2657086
opsum[4][15][1]: pass -2578606
opsum[4][15][2]: pass -2500126
opsum[4][15][3]: pass -2421646
opsum[4][15][4]: pass -2343166
opsum[4][15][5]: pass -2264686
opsum[4][15][6]: pass -2186206
opsum[4][15][7]: pass -2107726
opsum[4][16][0]: pass -2430291
opsum[4][16][1]: pass -2358378
opsum[4][16][2]: pass -2286465
opsum[4][16][3]: pass -2214552
opsum[4][16][4]: pass -2142639
opsum[4][16][5]: pass -2070726
opsum[4][16][6]: pass -1998813
opsum[4][16][7]: pass -1926900
opsum[4][17][0]: pass -2203496
opsum[4][17][1]: pass -2138150
opsum[4][17][2]: pass -2072804
opsum[4][17][3]: pass -2007458
opsum[4][17][4]: pass -1942112
opsum[4][17][5]: pass -1876766
opsum[4][17][6]: pass -1811420
opsum[4][17][7]: pass -1746074
opsum[4][18][0]: pass -1976701
opsum[4][18][1]: pass -1917922
opsum[4][18][2]: pass -1859143
opsum[4][18][3]: pass -1800364
opsum[4][18][4]: pass -1741585
opsum[4][18][5]: pass -1682806
opsum[4][18][6]: pass -1624027
opsum[4][18][7]: pass -1565248
opsum[4][19][0]: pass -1749906
opsum[4][19][1]: pass -1697694
opsum[4][19][2]: pass -1645482
opsum[4][19][3]: pass -1593270
opsum[4][19][4]: pass -1541058
opsum[4][19][5]: pass -1488846
opsum[4][19][6]: pass -1436634
opsum[4][19][7]: pass -1384422
opsum[4][20][0]: pass -1523111
opsum[4][20][1]: pass -1477466
opsum[4][20][2]: pass -1431821
opsum[4][20][3]: pass -1386176
opsum[4][20][4]: pass -1340531
opsum[4][20][5]: pass -1294886
opsum[4][20][6]: pass -1249241
opsum[4][20][7]: pass -1203596
opsum[4][21][0]: pass -1296316
opsum[4][21][1]: pass -1257238
opsum[4][21][2]: pass -1218160
opsum[4][21][3]: pass -1179082
opsum[4][21][4]: pass -1140004
opsum[4][21][5]: pass -1100926
opsum[4][21][6]: pass -1061848
opsum[4][21][7]: pass -1022770
opsum[4][22][0]: pass -1069521
opsum[4][22][1]: pass -1037010
opsum[4][22][2]: pass -1004499
opsum[4][22][3]: pass -971988
opsum[4][22][4]: pass -939477
opsum[4][22][5]: pass -906966
opsum[4][22][6]: pass -874455
opsum[4][22][7]: pass -841944
opsum[4][23][0]: pass -842726
opsum[4][23][1]: pass -816782
opsum[4][23][2]: pass -790838
opsum[4][23][3]: pass -764894
opsum[4][23][4]: pass -738950
opsum[4][23][5]: pass -713006
opsum[4][23][6]: pass -687062
opsum[4][23][7]: pass -661118
opsum[4][24][0]: pass -615931
opsum[4][24][1]: pass -596554
opsum[4][24][2]: pass -577177
opsum[4][24][3]: pass -557800
opsum[4][24][4]: pass -538423
opsum[4][24][5]: pass -519046
opsum[4][24][6]: pass -499669
opsum[4][24][7]: pass -480292
opsum[4][25][0]: pass -389136
opsum[4][25][1]: pass -376326
opsum[4][25][2]: pass -363516
opsum[4][25][3]: pass -350706
opsum[4][25][4]: pass -337896
opsum[4][25][5]: pass -325086
opsum[4][25][6]: pass -312276
opsum[4][25][7]: pass -299466
opsum[4][26][0]: pass -162341
opsum[4][26][1]: pass -156098
opsum[4][26][2]: pass -149855
opsum[4][26][3]: pass -143612
opsum[4][26][4]: pass -137369
opsum[4][26][5]: pass -131126
opsum[4][26][6]: pass -124883
opsum[4][26][7]: pass -118640
opsum[4][27][0]: pass  64454
opsum[4][27][1]: pass  64130
opsum[4][27][2]: pass  63806
opsum[4][27][3]: pass  63482
opsum[4][27][4]: pass  63158
opsum[4][27][5]: pass  62834
opsum[4][27][6]: pass  62510
opsum[4][27][7]: pass  62186
opsum[4][28][0]: pass 291249
opsum[4][28][1]: pass 284358
opsum[4][28][2]: pass 277467
opsum[4][28][3]: pass 270576
opsum[4][28][4]: pass 263685
opsum[4][28][5]: pass 256794
opsum[4][28][6]: pass 249903
opsum[4][28][7]: pass 243012
opsum[4][29][0]: pass 518044
opsum[4][29][1]: pass 504586
opsum[4][29][2]: pass 491128
opsum[4][29][3]: pass 477670
opsum[4][29][4]: pass 464212
opsum[4][29][5]: pass 450754
opsum[4][29][6]: pass 437296
opsum[4][29][7]: pass 423838
opsum[4][30][0]: pass 744839
opsum[4][30][1]: pass 724814
opsum[4][30][2]: pass 704789
opsum[4][30][3]: pass 684764
opsum[4][30][4]: pass 664739
opsum[4][30][5]: pass 644714
opsum[4][30][6]: pass 624689
opsum[4][30][7]: pass 604664
opsum[4][31][0]: pass 971634
opsum[4][31][1]: pass 945042
opsum[4][31][2]: pass 918450
opsum[4][31][3]: pass 891858
opsum[4][31][4]: pass 865266
opsum[4][31][5]: pass 838674
opsum[4][31][6]: pass 812082
opsum[4][31][7]: pass 785490
opsum[5][0][0]: pass -1569487
opsum[5][0][1]: pass -1522852
opsum[5][0][2]: pass -1476217
opsum[5][0][3]: pass -1429582
opsum[5][0][4]: pass -1382947
opsum[5][0][5]: pass -1336312
opsum[5][0][6]: pass -1289677
opsum[5][0][7]: pass -1243042
opsum[5][1][0]: pass -4590820
opsum[5][1][1]: pass -4457056
opsum[5][1][2]: pass -4323292
opsum[5][1][3]: pass -4189528
opsum[5][1][4]: pass -4055764
opsum[5][1][5]: pass -3922000
opsum[5][1][6]: pass -3788236
opsum[5][1][7]: pass -3654472
opsum[5][2][0]: pass -7638777
opsum[5][2][1]: pass -7417116
opsum[5][2][2]: pass -7195455
opsum[5][2][3]: pass -6973794
opsum[5][2][4]: pass -6752133
opsum[5][2][5]: pass -6530472
opsum[5][2][6]: pass -6308811
opsum[5][2][7]: pass -6087150
opsum[5][3][0]: pass -7411982
opsum[5][3][1]: pass -7196888
opsum[5][3][2]: pass -6981794
opsum[5][3][3]: pass -6766700
opsum[5][3][4]: pass -6551606
opsum[5][3][5]: pass -6336512
opsum[5][3][6]: pass -6121418
opsum[5][3][7]: pass -5906324
opsum[5][4][0]: pass -7185187
opsum[5][4][1]: pass -6976660
opsum[5][4][2]: pass -6768133
opsum[5][4][3]: pass -6559606
opsum[5][4][4]: pass -6351079
opsum[5][4][5]: pass -6142552
opsum[5][4][6]: pass -5934025
opsum[5][4][7]: pass -5725498
opsum[5][5][0]: pass -6958392
opsum[5][5][1]: pass -6756432
opsum[5][5][2]: pass -6554472
opsum[5][5][3]: pass -6352512
opsum[5][5][4]: pass -6150552
opsum[5][5][5]: pass -5948592
opsum[5][5][6]: pass -5746632
opsum[5][5][7]: pass -5544672
opsum[5][6][0]: pass -6731597
opsum[5][6][1]: pass -6536204
opsum[5][6][2]: pass -6340811
opsum[5][6][3]: pass -6145418
opsum[5][6][4]: pass -5950025
opsum[5][6][5]: pass -5754632
opsum[5][6][6]: pass -5559239
opsum[5][6][7]: pass -5363846
opsum[5][7][0]: pass -6504802
opsum[5][7][1]: pass -6315976
opsum[5][7][2]: pass -6127150
opsum[5][7][3]: pass -5938324
opsum[5][7][4]: pass -5749498
opsum[5][7][5]: pass -5560672
opsum[5][7][6]: pass -5371846
opsum[5][7][7]: pass -5183020
opsum[5][8][0]: pass -6278007
opsum[5][8][1]: pass -6095748
opsum[5][8][2]: pass -5913489
opsum[5][8][3]: pass -5731230
opsum[5][8][4]: pass -5548971
opsum[5][8][5]: pass -5366712
opsum[5][8][6]: pass -5184453
opsum[5][8][7]: pass -5002194
opsum[5][9][0]: pass -6051212
opsum[5][9][1]: pass -5875520
opsum[5][9][2]: pass -5699828
opsum[5][9][3]: pass -5524136
opsum[5][9][4]: pass -5348444
opsum[5][9][5]: pass -5172752
opsum[5][9][6]: pass -4997060
opsum[5][9][7]: pass -4821368
opsum[5][10][0]: pass -5824417
opsum[5][10][1]: pass -5655292
opsum[5][10][2]: pass -5486167
opsum[5][10][3]: pass -5317042
opsum[5][10][4]: pass -5147917
opsum[5][10][5]: pass -4978792
opsum[5][10][6]: pass -4809667
opsum[5][10][7]: pass -4640542
opsum[5][11][0]: pass -5597622
opsum[5][11][1]: pass -5435064
opsum[5][11][2]: pass -5272506
opsum[5][11][3]: pass -5109948
opsum[5][11][4]: pass -4947390
opsum[5][11][5]: pass -4784832
opsum[5][11][6]: pass -4622274
opsum[5][11][7]: pass -4459716
opsum[5][12][0]: pass -5370827
opsum[5][12][1]: pass -5214836
opsum[5][12][2]: pass -5058845
opsum[5][12][3]: pass -4902854
opsum[5][12][4]: pass -4746863
opsum[5][12][5]: pass -4590872
opsum[5][12][6]: pass -4434881
opsum[5][12][7]: pass -4278890
opsum[5][13][0]: pass -5144032
opsum[5][13][1]: pass -4994608
opsum[5][13][2]: pass -4845184
opsum[5][13][3]: pass -4695760
opsum[5][13][4]: pass -4546336
opsum[5][13][5]: pass -4396912
opsum[5][13][6]: pass -4247488
opsum[5][13][7]: pass -4098064
opsum[5][14][0]: pass -4917237
opsum[5][14][1]: pass -4774380
opsum[5][14][2]: pass -4631523
opsum[5][14][3]: pass -4488666
opsum[5][14][4]: pass -4345809
opsum[5][14][5]: pass -4202952
opsum[5][14][6]: pass -4060095
opsum[5][14][7]: pass -3917238
opsum[5][15][0]: pass -4690442
opsum[5][15][1]: pass -4554152
opsum[5][15][2]: pass -4417862
opsum[5][15][3]: pass -4281572
opsum[5][15][4]: pass -4145282
opsum[5][15][5]: pass -4008992
opsum[5][15][6]: pass -3872702
opsum[5][15][7]: pass -3736412
opsum[5][16][0]: pass -7796767
opsum[5][16][1]: pass -7571812
opsum[5][16][2]: pass -7346857
opsum[5][16][3]: pass -7121902
opsum[5][16][4]: pass -6896947
opsum[5][16][5]: pass -6671992
opsum[5][16][6]: pass -6447037
opsum[5][16][7]: pass -6222082
opsum[5][17][0]: pass -10929972
opsum[5][17][1]: pass -10615584
opsum[5][17][2]: pass -10301196
opsum[5][17][3]: pass -9986808
opsum[5][17][4]: pass -9672420
opsum[5][17][5]: pass -9358032
opsum[5][17][6]: pass -9043644
opsum[5][17][7]: pass -8729256
opsum[5][18][0]: pass -14090057
opsum[5][18][1]: pass -13685468
opsum[5][18][2]: pass -13280879
opsum[5][18][3]: pass -12876290
opsum[5][18][4]: pass -12471701
opsum[5][18][5]: pass -12067112
opsum[5][18][6]: pass -11662523
opsum[5][18][7]: pass -11257934
opsum[5][19][0]: pass -13863262
opsum[5][19][1]: pass -13465240
opsum[5][19][2]: pass -13067218
opsum[5][19][3]: pass -12669196
opsum[5][19][4]: pass -12271174
opsum[5][19][5]: pass -11873152
opsum[5][19][6]: pass -11475130
opsum[5][19][7]: pass -11077108
opsum[5][20][0]: pass -13636467
opsum[5][20][1]: pass -13245012
opsum[5][20][2]: pass -12853557
opsum[5][20][3]: pass -12462102
opsum[5][20][4]: pass -12070647
opsum[5][20][5]: pass -11679192
opsum[5][20][6]: pass -11287737
opsum[5][20][7]: pass -10896282
opsum[5][21][0]: pass -13409672
opsum[5][21][1]: pass -13024784
opsum[5][21][2]: pass -12639896
opsum[5][21][3]: pass -12255008
opsum[5][21][4]: pass -11870120
opsum[5][21][5]: pass -11485232
opsum[5][21][6]: pass -11100344
opsum[5][21][7]: pass -10715456
opsum[5][22][0]: pass -13182877
opsum[5][22][1]: pass -12804556
opsum[5][22][2]: pass -12426235
opsum[5][22][3]: pass -12047914
opsum[5][22][4]: pass -11669593
opsum[5][22][5]: pass -11291272
opsum[5][22][6]: pass -10912951
opsum[5][22][7]: pass -10534630
opsum[5][23][0]: pass -12956082
opsum[5][23][1]: pass -12584328
opsum[5][23][2]: pass -12212574
opsum[5][23][3]: pass -11840820
opsum[5][23][4]: pass -11469066
opsum[5][23][5]: pass -11097312
opsum[5][23][6]: pass -10725558
opsum[5][23][7]: pass -10353804
opsum[5][24][0]: pass -12729287
opsum[5][24][1]: pass -12364100
opsum[5][24][2]: pass -11998913
opsum[5][24][3]: pass -11633726
opsum[5][24][4]: pass -11268539
opsum[5][24][5]: pass -10903352
opsum[5][24][6]: pass -10538165
opsum[5][24][7]: pass -10172978
opsum[5][25][0]: pass -12502492
opsum[5][25][1]: pass -12143872
opsum[5][25][2]: pass -11785252
opsum[5][25][3]: pass -11426632
opsum[5][25][4]: pass -11068012
opsum[5][25][5]: pass -10709392
opsum[5][25][6]: pass -10350772
opsum[5][25][7]: pass -9992152
opsum[5][26][0]: pass -12275697
opsum[5][26][1]: pass -11923644
opsum[5][26][2]: pass -11571591
opsum[5][26][3]: pass -11219538
opsum[5][26][4]: pass -10867485
opsum[5][26][5]: pass -10515432
opsum[5][26][6]: pass -10163379
opsum[5][26][7]: pass -9811326
opsum[5][27][0]: pass -12048902
opsum[5][27][1]: pass -11703416
opsum[5][27][2]: pass -11357930
opsum[5][27][3]: pass -11012444
opsum[5][27][4]: pass -10666958
opsum[5][27][5]: pass -10321472
opsum[5][27][6]: pass -9975986
opsum[5][27][7]: pass -9630500
opsum[5][28][0]: pass -11822107
opsum[5][28][1]: pass -11483188
opsum[5][28][2]: pass -11144269
opsum[5][28][3]: pass -10805350
opsum[5][28][4]: pass -10466431
opsum[5][28][5]: pass -10127512
opsum[5][28][6]: pass -9788593
opsum[5][28][7]: pass -9449674
opsum[5][29][0]: pass -11595312
opsum[5][29][1]: pass -11262960
opsum[5][29][2]: pass -10930608
opsum[5][29][3]: pass -10598256
opsum[5][29][4]: pass -10265904
opsum[5][29][5]: pass -9933552
opsum[5][29][6]: pass -9601200
opsum[5][29][7]: pass -9268848
opsum[5][30][0]: pass -11368517
opsum[5][30][1]: pass -11042732
opsum[5][30][2]: pass -10716947
opsum[5][30][3]: pass -10391162
opsum[5][30][4]: pass -10065377
opsum[5][30][5]: pass -9739592
opsum[5][30][6]: pass -9413807
opsum[5][30][7]: pass -9088022
opsum[5][31][0]: pass -11141722
opsum[5][31][1]: pass -10822504
opsum[5][31][2]: pass -10503286
opsum[5][31][3]: pass -10184068
opsum[5][31][4]: pass -9864850
opsum[5][31][5]: pass -9545632
opsum[5][31][6]: pass -9226414
opsum[5][31][7]: pass -8907196
opsum[6][0][0]: pass -10461339
opsum[6][0][1]: pass -10161822
opsum[6][0][2]: pass -9862305
opsum[6][0][3]: pass -9562788
opsum[6][0][4]: pass -9263271
opsum[6][0][5]: pass -8963754
opsum[6][0][6]: pass -8664237
opsum[6][0][7]: pass -8364720
opsum[6][1][0]: pass -10234544
opsum[6][1][1]: pass -9941594
opsum[6][1][2]: pass -9648644
opsum[6][1][3]: pass -9355694
opsum[6][1][4]: pass -9062744
opsum[6][1][5]: pass -8769794
opsum[6][1][6]: pass -8476844
opsum[6][1][7]: pass -8183894
opsum[6][2][0]: pass -10007749
opsum[6][2][1]: pass -9721366
opsum[6][2][2]: pass -9434983
opsum[6][2][3]: pass -9148600
opsum[6][2][4]: pass -8862217
opsum[6][2][5]: pass -8575834
opsum[6][2][6]: pass -8289451
opsum[6][2][7]: pass -8003068
opsum[6][3][0]: pass -9780954
opsum[6][3][1]: pass -9501138
opsum[6][3][2]: pass -9221322
opsum[6][3][3]: pass -8941506
opsum[6][3][4]: pass -8661690
opsum[6][3][5]: pass -8381874
opsum[6][3][6]: pass -8102058
opsum[6][3][7]: pass -7822242
opsum[6][4][0]: pass -9554159
opsum[6][4][1]: pass -9280910
opsum[6][4][2]: pass -9007661
opsum[6][4][3]: pass -8734412
opsum[6][4][4]: pass -8461163
opsum[6][4][5]: pass -8187914
opsum[6][4][6]: pass -7914665
opsum[6][4][7]: pass -7641416
opsum[6][5][0]: pass -9327364
opsum[6][5][1]: pass -9060682
opsum[6][5][2]: pass -8794000
opsum[6][5][3]: pass -8527318
opsum[6][5][4]: pass -8260636
opsum[6][5][5]: pass -7993954
opsum[6][5][6]: pass -7727272
opsum[6][5][7]: pass -7460590
opsum[6][6][0]: pass -9100569
opsum[6][6][1]: pass -8840454
opsum[6][6][2]: pass -8580339
opsum[6][6][3]: pass -8320224
opsum[6][6][4]: pass -8060109
opsum[6][6][5]: pass -7799994
opsum[6][6][6]: pass -7539879
opsum[6][6][7]: pass -7279764
opsum[6][7][0]: pass -8873774
opsum[6][7][1]: pass -8620226
opsum[6][7][2]: pass -8366678
opsum[6][7][3]: pass -8113130
opsum[6][7][4]: pass -7859582
opsum[6][7][5]: pass -7606034
opsum[6][7][6]: pass -7352486
opsum[6][7][7]: pass -7098938
opsum[6][8][0]: pass -8646979
opsum[6][8][1]: pass -8399998
opsum[6][8][2]: pass -8153017
opsum[6][8][3]: pass -7906036
opsum[6][8][4]: pass -7659055
opsum[6][8][5]: pass -7412074
opsum[6][8][6]: pass -7165093
opsum[6][8][7]: pass -6918112
opsum[6][9][0]: pass -8420184
opsum[6][9][1]: pass -8179770
opsum[6][9][2]: pass -7939356
opsum[6][9][3]: pass -7698942
opsum[6][9][4]: pass -7458528
opsum[6][9][5]: pass -7218114
opsum[6][9][6]: pass -6977700
opsum[6][9][7]: pass -6737286
opsum[6][10][0]: pass -8193389
opsum[6][10][1]: pass -7959542
opsum[6][10][2]: pass -7725695
opsum[6][10][3]: pass -7491848
opsum[6][10][4]: pass -7258001
opsum[6][10][5]: pass -7024154
opsum[6][10][6]: pass -6790307
opsum[6][10][7]: pass -6556460
opsum[6][11][0]: pass -7966594
opsum[6][11][1]: pass -7739314
opsum[6][11][2]: pass -7512034
opsum[6][11][3]: pass -7284754
opsum[6][11][4]: pass -7057474
opsum[6][11][5]: pass -6830194
opsum[6][11][6]: pass -6602914
opsum[6][11][7]: pass -6375634
opsum[6][12][0]: pass -7739799
opsum[6][12][1]: pass -7519086
opsum[6][12][2]: pass -7298373
opsum[6][12][3]: pass -7077660
opsum[6][12][4]: pass -6856947
opsum[6][12][5]: pass -6636234
opsum[6][12][6]: pass -6415521
opsum[6][12][7]: pass -6194808
opsum[6][13][0]: pass -7513004
opsum[6][13][1]: pass -7298858
opsum[6][13][2]: pass -7084712
opsum[6][13][3]: pass -6870566
opsum[6][13][4]: pass -6656420
opsum[6][13][5]: pass -6442274
opsum[6][13][6]: pass -6228128
opsum[6][13][7]: pass -6013982
opsum[6][14][0]: pass -7286209
opsum[6][14][1]: pass -7078630
opsum[6][14][2]: pass -6871051
opsum[6][14][3]: pass -6663472
opsum[6][14][4]: pass -6455893
opsum[6][14][5]: pass -6248314
opsum[6][14][6]: pass -6040735
opsum[6][14][7]: pass -5833156
opsum[6][15][0]: pass -7059414
opsum[6][15][1]: pass -6858402
opsum[6][15][2]: pass -6657390
opsum[6][15][3]: pass -6456378
opsum[6][15][4]: pass -6255366
opsum[6][15][5]: pass -6054354
opsum[6][15][6]: pass -5853342
opsum[6][15][7]: pass -5652330
opsum[6][16][0]: pass -10246379
opsum[6][16][1]: pass -9954398
opsum[6][16][2]: pass -9662417
opsum[6][16][3]: pass -9370436
opsum[6][16][4]: pass -9078455
opsum[6][16][5]: pass -8786474
opsum[6][16][6]: pass -8494493
opsum[6][16][7]: pass -8202512
opsum[6][17][0]: pass -13460480
opsum[6][17][1]: pass -13076762
opsum[6][17][2]: pass -12693044
opsum[6][17][3]: pass -12309326
opsum[6][17][4]: pass -11925608
opsum[6][17][5]: pass -11541890
opsum[6][17][6]: pass -11158172
opsum[6][17][7]: pass -10774454
opsum[6][18][0]: pass -9819925
opsum[6][18][1]: pass -9540310
opsum[6][18][2]: pass -9260695
opsum[6][18][3]: pass -8981080
opsum[6][18][4]: pass -8701465
opsum[6][18][5]: pass -8421850
opsum[6][18][6]: pass -8142235
opsum[6][18][7]: pass -7862620
opsum[6][19][0]: pass -9593130
opsum[6][19][1]: pass -9320082
opsum[6][19][2]: pass -9047034
opsum[6][19][3]: pass -8773986
opsum[6][19][4]: pass -8500938
opsum[6][19][5]: pass -8227890
opsum[6][19][6]: pass -7954842
opsum[6][19][7]: pass -7681794
opsum[6][20][0]: pass -9366335
opsum[6][20][1]: pass -9099854
opsum[6][20][2]: pass -8833373
opsum[6][20][3]: pass -8566892
opsum[6][20][4]: pass -8300411
opsum[6][20][5]: pass -8033930
opsum[6][20][6]: pass -7767449
opsum[6][20][7]: pass -7500968
opsum[6][21][0]: pass -9139540
opsum[6][21][1]: pass -8879626
opsum[6][21][2]: pass -8619712
opsum[6][21][3]: pass -8359798
opsum[6][21][4]: pass -8099884
opsum[6][21][5]: pass -7839970
opsum[6][21][6]: pass -7580056
opsum[6][21][7]: pass -7320142
opsum[6][22][0]: pass -8912745
opsum[6][22][1]: pass -8659398
opsum[6][22][2]: pass -8406051
opsum[6][22][3]: pass -8152704
opsum[6][22][4]: pass -7899357
opsum[6][22][5]: pass -7646010
opsum[6][22][6]: pass -7392663
opsum[6][22][7]: pass -7139316
opsum[6][23][0]: pass -8685950
opsum[6][23][1]: pass -8439170
opsum[6][23][2]: pass -8192390
opsum[6][23][3]: pass -7945610
opsum[6][23][4]: pass -7698830
opsum[6][23][5]: pass -7452050
opsum[6][23][6]: pass -7205270
opsum[6][23][7]: pass -6958490
opsum[6][24][0]: pass -8459155
opsum[6][24][1]: pass -8218942
opsum[6][24][2]: pass -7978729
opsum[6][24][3]: pass -7738516
opsum[6][24][4]: pass -7498303
opsum[6][24][5]: pass -7258090
opsum[6][24][6]: pass -7017877
opsum[6][24][7]: pass -6777664
opsum[6][25][0]: pass -8232360
opsum[6][25][1]: pass -7998714
opsum[6][25][2]: pass -7765068
opsum[6][25][3]: pass -7531422
opsum[6][25][4]: pass -7297776
opsum[6][25][5]: pass -7064130
opsum[6][25][6]: pass -6830484
opsum[6][25][7]: pass -6596838
opsum[6][26][0]: pass -8005565
opsum[6][26][1]: pass -7778486
opsum[6][26][2]: pass -7551407
opsum[6][26][3]: pass -7324328
opsum[6][26][4]: pass -7097249
opsum[6][26][5]: pass -6870170
opsum[6][26][6]: pass -6643091
opsum[6][26][7]: pass -6416012
opsum[6][27][0]: pass -7778770
opsum[6][27][1]: pass -7558258
opsum[6][27][2]: pass -7337746
opsum[6][27][3]: pass -7117234
opsum[6][27][4]: pass -6896722
opsum[6][27][5]: pass -6676210
opsum[6][27][6]: pass -6455698
opsum[6][27][7]: pass -6235186
opsum[6][28][0]: pass -7551975
opsum[6][28][1]: pass -7338030
opsum[6][28][2]: pass -7124085
opsum[6][28][3]: pass -6910140
opsum[6][28][4]: pass -6696195
opsum[6][28][5]: pass -6482250
opsum[6][28][6]: pass -6268305
opsum[6][28][7]: pass -6054360
opsum[6][29][0]: pass -7325180
opsum[6][29][1]: pass -7117802
opsum[6][29][2]: pass -6910424
opsum[6][29][3]: pass -6703046
opsum[6][29][4]: pass -6495668
opsum[6][29][5]: pass -6288290
opsum[6][29][6]: pass -6080912
opsum[6][29][7]: pass -5873534
opsum[6][30][0]: pass -7098385
opsum[6][30][1]: pass -6897574
opsum[6][30][2]: pass -6696763
opsum[6][30][3]: pass -6495952
opsum[6][30][4]: pass -6295141
opsum[6][30][5]: pass -6094330
opsum[6][30][6]: pass -5893519
opsum[6][30][7]: pass -5692708
opsum[6][31][0]: pass -6871590
opsum[6][31][1]: pass -6677346
opsum[6][31][2]: pass -6483102
opsum[6][31][3]: pass -6288858
opsum[6][31][4]: pass -6094614
opsum[6][31][5]: pass -5900370
opsum[6][31][6]: pass -5706126
opsum[6][31][7]: pass -5511882
opsum[7][0][0]: pass -6191207
opsum[7][0][1]: pass -6016664
opsum[7][0][2]: pass -5842121
opsum[7][0][3]: pass -5667578
opsum[7][0][4]: pass -5493035
opsum[7][0][5]: pass -5318492
opsum[7][0][6]: pass -5143949
opsum[7][0][7]: pass -4969406
opsum[7][1][0]: pass -5964412
opsum[7][1][1]: pass -5796436
opsum[7][1][2]: pass -5628460
opsum[7][1][3]: pass -5460484
opsum[7][1][4]: pass -5292508
opsum[7][1][5]: pass -5124532
opsum[7][1][6]: pass -4956556
opsum[7][1][7]: pass -4788580
opsum[7][2][0]: pass -5737617
opsum[7][2][1]: pass -5576208
opsum[7][2][2]: pass -5414799
opsum[7][2][3]: pass -5253390
opsum[7][2][4]: pass -5091981
opsum[7][2][5]: pass -4930572
opsum[7][2][6]: pass -4769163
opsum[7][2][7]: pass -4607754
opsum[7][3][0]: pass -5510822
opsum[7][3][1]: pass -5355980
opsum[7][3][2]: pass -5201138
opsum[7][3][3]: pass -5046296
opsum[7][3][4]: pass -4891454
opsum[7][3][5]: pass -4736612
opsum[7][3][6]: pass -4581770
opsum[7][3][7]: pass -4426928
opsum[7][4][0]: pass -5284027
opsum[7][4][1]: pass -5135752
opsum[7][4][2]: pass -4987477
opsum[7][4][3]: pass -4839202
opsum[7][4][4]: pass -4690927
opsum[7][4][5]: pass -4542652
opsum[7][4][6]: pass -4394377
opsum[7][4][7]: pass -4246102
opsum[7][5][0]: pass -5057232
opsum[7][5][1]: pass -4915524
opsum[7][5][2]: pass -4773816
opsum[7][5][3]: pass -4632108
opsum[7][5][4]: pass -4490400
opsum[7][5][5]: pass -4348692
opsum[7][5][6]: pass -4206984
opsum[7][5][7]: pass -4065276
opsum[7][6][0]: pass -4830437
opsum[7][6][1]: pass -4695296
opsum[7][6][2]: pass -4560155
opsum[7][6][3]: pass -4425014
opsum[7][6][4]: pass -4289873
opsum[7][6][5]: pass -4154732
opsum[7][6][6]: pass -4019591
opsum[7][6][7]: pass -3884450
opsum[7][7][0]: pass -4603642
opsum[7][7][1]: pass -4475068
opsum[7][7][2]: pass -4346494
opsum[7][7][3]: pass -4217920
opsum[7][7][4]: pass -4089346
opsum[7][7][5]: pass -3960772
opsum[7][7][6]: pass -3832198
opsum[7][7][7]: pass -3703624
opsum[7][8][0]: pass -4376847
opsum[7][8][1]: pass -4254840
opsum[7][8][2]: pass -4132833
opsum[7][8][3]: pass -4010826
opsum[7][8][4]: pass -3888819
opsum[7][8][5]: pass -3766812
opsum[7][8][6]: pass -3644805
opsum[7][8][7]: pass -3522798
opsum[7][9][0]: pass -4150052
opsum[7][9][1]: pass -4034612
opsum[7][9][2]: pass -3919172
opsum[7][9][3]: pass -3803732
opsum[7][9][4]: pass -3688292
opsum[7][9][5]: pass -3572852
opsum[7][9][6]: pass -3457412
opsum[7][9][7]: pass -3341972
opsum[7][10][0]: pass -3923257
opsum[7][10][1]: pass -3814384
opsum[7][10][2]: pass -3705511
opsum[7][10][3]: pass -3596638
opsum[7][10][4]: pass -3487765
opsum[7][10][5]: pass -3378892
opsum[7][10][6]: pass -3270019
opsum[7][10][7]: pass -3161146
opsum[7][11][0]: pass -3696462
opsum[7][11][1]: pass -3594156
opsum[7][11][2]: pass -3491850
opsum[7][11][3]: pass -3389544
opsum[7][11][4]: pass -3287238
opsum[7][11][5]: pass -3184932
opsum[7][11][6]: pass -3082626
opsum[7][11][7]: pass -2980320
opsum[7][12][0]: pass -3469667
opsum[7][12][1]: pass -3373928
opsum[7][12][2]: pass -3278189
opsum[7][12][3]: pass -3182450
opsum[7][12][4]: pass -3086711
opsum[7][12][5]: pass -2990972
opsum[7][12][6]: pass -2895233
opsum[7][12][7]: pass -2799494
opsum[7][13][0]: pass -3242872
opsum[7][13][1]: pass -3153700
opsum[7][13][2]: pass -3064528
opsum[7][13][3]: pass -2975356
opsum[7][13][4]: pass -2886184
opsum[7][13][5]: pass -2797012
opsum[7][13][6]: pass -2707840
opsum[7][13][7]: pass -2618668
opsum[7][14][0]: pass -3016077
opsum[7][14][1]: pass -2933472
opsum[7][14][2]: pass -2850867
opsum[7][14][3]: pass -2768262
opsum[7][14][4]: pass -2685657
opsum[7][14][5]: pass -2603052
opsum[7][14][6]: pass -2520447
opsum[7][14][7]: pass -2437842
opsum[7][15][0]: pass -2789282
opsum[7][15][1]: pass -2713244
opsum[7][15][2]: pass -2637206
opsum[7][15][3]: pass -2561168
opsum[7][15][4]: pass -2485130
opsum[7][15][5]: pass -2409092
opsum[7][15][6]: pass -2333054
opsum[7][15][7]: pass -2257016
opsum[7][16][0]: pass 824393
opsum[7][16][1]: pass 797096
opsum[7][16][2]: pass 769799
opsum[7][16][3]: pass 742502
opsum[7][16][4]: pass 715205
opsum[7][16][5]: pass 687908
opsum[7][16][6]: pass 660611
opsum[7][16][7]: pass 633314
opsum[7][17][0]: pass 4411188
opsum[7][17][1]: pass 4281324
opsum[7][17][2]: pass 4151460
opsum[7][17][3]: pass 4021596
opsum[7][17][4]: pass 3891732
opsum[7][17][5]: pass 3761868
opsum[7][17][6]: pass 3632004
opsum[7][17][7]: pass 3502140
opsum[7][18][0]: pass 7971103
opsum[7][18][1]: pass 7739440
opsum[7][18][2]: pass 7507777
opsum[7][18][3]: pass 7276114
opsum[7][18][4]: pass 7044451
opsum[7][18][5]: pass 6812788
opsum[7][18][6]: pass 6581125
opsum[7][18][7]: pass 6349462
opsum[7][19][0]: pass 8197898
opsum[7][19][1]: pass 7959668
opsum[7][19][2]: pass 7721438
opsum[7][19][3]: pass 7483208
opsum[7][19][4]: pass 7244978
opsum[7][19][5]: pass 7006748
opsum[7][19][6]: pass 6768518
opsum[7][19][7]: pass 6530288
opsum[7][20][0]: pass 8424693
opsum[7][20][1]: pass 8179896
opsum[7][20][2]: pass 7935099
opsum[7][20][3]: pass 7690302
opsum[7][20][4]: pass 7445505
opsum[7][20][5]: pass 7200708
opsum[7][20][6]: pass 6955911
opsum[7][20][7]: pass 6711114
opsum[7][21][0]: pass 8651488
opsum[7][21][1]: pass 8400124
opsum[7][21][2]: pass 8148760
opsum[7][21][3]: pass 7897396
opsum[7][21][4]: pass 7646032
opsum[7][21][5]: pass 7394668
opsum[7][21][6]: pass 7143304
opsum[7][21][7]: pass 6891940
opsum[7][22][0]: pass 8878283
opsum[7][22][1]: pass 8620352
opsum[7][22][2]: pass 8362421
opsum[7][22][3]: pass 8104490
opsum[7][22][4]: pass 7846559
opsum[7][22][5]: pass 7588628
opsum[7][22][6]: pass 7330697
opsum[7][22][7]: pass 7072766
opsum[7][23][0]: pass 9105078
opsum[7][23][1]: pass 8840580
opsum[7][23][2]: pass 8576082
opsum[7][23][3]: pass 8311584
opsum[7][23][4]: pass 8047086
opsum[7][23][5]: pass 7782588
opsum[7][23][6]: pass 7518090
opsum[7][23][7]: pass 7253592
opsum[7][24][0]: pass 9331873
opsum[7][24][1]: pass 9060808
opsum[7][24][2]: pass 8789743
opsum[7][24][3]: pass 8518678
opsum[7][24][4]: pass 8247613
opsum[7][24][5]: pass 7976548
opsum[7][24][6]: pass 7705483
opsum[7][24][7]: pass 7434418
opsum[7][25][0]: pass 9558668
opsum[7][25][1]: pass 9281036
opsum[7][25][2]: pass 9003404
opsum[7][25][3]: pass 8725772
opsum[7][25][4]: pass 8448140
opsum[7][25][5]: pass 8170508
opsum[7][25][6]: pass 7892876
opsum[7][25][7]: pass 7615244
opsum[7][26][0]: pass 9785463
opsum[7][26][1]: pass 9501264
opsum[7][26][2]: pass 9217065
opsum[7][26][3]: pass 8932866
opsum[7][26][4]: pass 8648667
opsum[7][26][5]: pass 8364468
opsum[7][26][6]: pass 8080269
opsum[7][26][7]: pass 7796070
opsum[7][27][0]: pass 10012258
opsum[7][27][1]: pass 9721492
opsum[7][27][2]: pass 9430726
opsum[7][27][3]: pass 9139960
opsum[7][27][4]: pass 8849194
opsum[7][27][5]: pass 8558428
opsum[7][27][6]: pass 8267662
opsum[7][27][7]: pass 7976896
opsum[7][28][0]: pass 10239053
opsum[7][28][1]: pass 9941720
opsum[7][28][2]: pass 9644387
opsum[7][28][3]: pass 9347054
opsum[7][28][4]: pass 9049721
opsum[7][28][5]: pass 8752388
opsum[7][28][6]: pass 8455055
opsum[7][28][7]: pass 8157722
opsum[7][29][0]: pass 10465848
opsum[7][29][1]: pass 10161948
opsum[7][29][2]: pass 9858048
opsum[7][29][3]: pass 9554148
opsum[7][29][4]: pass 9250248
opsum[7][29][5]: pass 8946348
opsum[7][29][6]: pass 8642448
opsum[7][29][7]: pass 8338548
opsum[7][30][0]: pass 10692643
opsum[7][30][1]: pass 10382176
opsum[7][30][2]: pass 10071709
opsum[7][30][3]: pass 9761242
opsum[7][30][4]: pass 9450775
opsum[7][30][5]: pass 9140308
opsum[7][30][6]: pass 8829841
opsum[7][30][7]: pass 8519374
opsum[7][31][0]: pass 10919438
opsum[7][31][1]: pass 10602404
opsum[7][31][2]: pass 10285370
opsum[7][31][3]: pass 9968336
opsum[7][31][4]: pass 9651302
opsum[7][31][5]: pass 9334268
opsum[7][31][6]: pass 9017234
opsum[7][31][7]: pass 8700200

=====================================================================================
||     ________   ___   ________           ___        ________   ________          ||
||    |\   __  \ |\  \ |\   ____\         |\  \      |\   __  \ |\   __  \         ||
||    \ \  \|\  \\ \  \\ \  \___|_        \ \  \     \ \  \|\  \\ \  \|\ /_        ||
||     \ \   __  \\ \  \\ \_____  \        \ \  \     \ \   __  \\ \   __  \       ||
||      \ \  \ \  \\ \  \\|____|\  \        \ \  \____ \ \  \ \  \\ \  \|\  \      ||
||       \ \__\ \__\\ \__\ ____\_\  \        \ \_______\\ \__\ \__\\ \_______\     ||
||        \|__|\|__| \|__||\_________\        \|_______| \|__|\|__| \|_______|     ||
||                        \|_________|                                             ||
||                                                                                 ||
=====================================================================================

 ___                                                                           ___
( _ )                                                                         ( _ )
 | |~~~~~~~~~~~~~~~~~~~~~~~~~~~~~~~~~~~~~~~~~~~~~~~~~~~~~~~~~~~~~~~~~~~~~~~~~~~| |
 | |  _____ _                 _       _   _              ______             _  | |
 | | /  ___(_)               | |     | | (_)             | ___ \           | | | |
 | | \ `--. _ _ __ ___  _   _| | __ _| |_ _  ___  _ __   | |_/ /_ _ ___ ___| | | |
 | |  `--. \ | '_ ` _ \| | | | |/ _` | __| |/ _ \| '_ \  |  __/ _` / __/ __| | | |
 | | /\__/ / | | | | | | |_| | | (_| | |_| | (_) | | | | | | | (_| \__ \__ \_| | |
 | | \____/|_|_| |_| |_|\__,_|_|\__,_|\__|_|\___/|_| |_| \_|  \__,_|___/___(_) | |
 | |                                                                           | |
 |_|~~~~~~~~~~~~~~~~~~~~~~~~~~~~~~~~~~~~~~~~~~~~~~~~~~~~~~~~~~~~~~~~~~~~~~~~~~~|_|
(___)                                                                         (___)
Simulation time: 9475 cycles
