opsum[0][0][0]: pass -4216278
opsum[0][0][1]: pass -4005582
opsum[0][0][2]: pass -3794886
opsum[0][0][3]: pass -3584190
opsum[0][1][0]: pass -3962423
opsum[0][1][1]: pass -3765335
opsum[0][1][2]: pass -3568247
opsum[0][1][3]: pass -3371159
opsum[0][2][0]: pass -3708568
opsum[0][2][1]: pass -3525088
opsum[0][2][2]: pass -3341608
opsum[0][2][3]: pass -3158128
opsum[0][3][0]: pass -3454713
opsum[0][3][1]: pass -3284841
opsum[0][3][2]: pass -3114969
opsum[0][3][3]: pass -2945097
opsum[0][4][0]: pass -3200858
opsum[0][4][1]: pass -3044594
opsum[0][4][2]: pass -2888330
opsum[0][4][3]: pass -2732066
opsum[0][5][0]: pass -2947003
opsum[0][5][1]: pass -2804347
opsum[0][5][2]: pass -2661691
opsum[0][5][3]: pass -2519035
opsum[0][6][0]: pass -2693148
opsum[0][6][1]: pass -2564100
opsum[0][6][2]: pass -2435052
opsum[0][6][3]: pass -2306004
opsum[0][7][0]: pass -2439293
opsum[0][7][1]: pass -2323853
opsum[0][7][2]: pass -2208413
opsum[0][7][3]: pass -2092973
opsum[0][8][0]: pass -2185438
opsum[0][8][1]: pass -2083606
opsum[0][8][2]: pass -1981774
opsum[0][8][3]: pass -1879942
opsum[0][9][0]: pass -1931583
opsum[0][9][1]: pass -1843359
opsum[0][9][2]: pass -1755135
opsum[0][9][3]: pass -1666911
opsum[0][10][0]: pass -1677728
opsum[0][10][1]: pass -1603112
opsum[0][10][2]: pass -1528496
opsum[0][10][3]: pass -1453880
opsum[0][11][0]: pass -1423873
opsum[0][11][1]: pass -1362865
opsum[0][11][2]: pass -1301857
opsum[0][11][3]: pass -1240849
opsum[0][12][0]: pass -1170018
opsum[0][12][1]: pass -1122618
opsum[0][12][2]: pass -1075218
opsum[0][12][3]: pass -1027818
opsum[0][13][0]: pass -916163
opsum[0][13][1]: pass -882371
opsum[0][13][2]: pass -848579
opsum[0][13][3]: pass -814787
opsum[0][14][0]: pass -2101284
opsum[0][14][1]: pass -2002252
opsum[0][14][2]: pass -1903220
opsum[0][14][3]: pass -1804188
opsum[0][15][0]: pass -3305093
opsum[0][15][1]: pass -3139797
opsum[0][15][2]: pass -2974501
opsum[0][15][3]: pass -2809205
opsum[1][0][0]: pass -4019882
opsum[1][0][1]: pass -3814514
opsum[1][0][2]: pass -3609146
opsum[1][0][3]: pass -3403778
opsum[1][1][0]: pass -3766027
opsum[1][1][1]: pass -3574267
opsum[1][1][2]: pass -3382507
opsum[1][1][3]: pass -3190747
opsum[1][2][0]: pass -3512172
opsum[1][2][1]: pass -3334020
opsum[1][2][2]: pass -3155868
opsum[1][2][3]: pass -2977716
opsum[1][3][0]: pass -3258317
opsum[1][3][1]: pass -3093773
opsum[1][3][2]: pass -2929229
opsum[1][3][3]: pass -2764685
opsum[1][4][0]: pass -3004462
opsum[1][4][1]: pass -2853526
opsum[1][4][2]: pass -2702590
opsum[1][4][3]: pass -2551654
opsum[1][5][0]: pass -2750607
opsum[1][5][1]: pass -2613279
opsum[1][5][2]: pass -2475951
opsum[1][5][3]: pass -2338623
opsum[1][6][0]: pass -2496752
opsum[1][6][1]: pass -2373032
opsum[1][6][2]: pass -2249312
opsum[1][6][3]: pass -2125592
opsum[1][7][0]: pass -2242897
opsum[1][7][1]: pass -2132785
opsum[1][7][2]: pass -2022673
opsum[1][7][3]: pass -1912561
opsum[1][8][0]: pass -1989042
opsum[1][8][1]: pass -1892538
opsum[1][8][2]: pass -1796034
opsum[1][8][3]: pass -1699530
opsum[1][9][0]: pass -1735187
opsum[1][9][1]: pass -1652291
opsum[1][9][2]: pass -1569395
opsum[1][9][3]: pass -1486499
opsum[1][10][0]: pass -1481332
opsum[1][10][1]: pass -1412044
opsum[1][10][2]: pass -1342756
opsum[1][10][3]: pass -1273468
opsum[1][11][0]: pass -1227477
opsum[1][11][1]: pass -1171797
opsum[1][11][2]: pass -1116117
opsum[1][11][3]: pass -1060437
opsum[1][12][0]: pass -973622
opsum[1][12][1]: pass -931550
opsum[1][12][2]: pass -889478
opsum[1][12][3]: pass -847406
opsum[1][13][0]: pass -719767
opsum[1][13][1]: pass -691303
opsum[1][13][2]: pass -662839
opsum[1][13][3]: pass -634375
opsum[1][14][0]: pass -1960952
opsum[1][14][1]: pass -1864176
opsum[1][14][2]: pass -1767400
opsum[1][14][3]: pass -1670624
opsum[1][15][0]: pass -3220825
opsum[1][15][1]: pass -3054713
opsum[1][15][2]: pass -2888601
opsum[1][15][3]: pass -2722489
opsum[2][0][0]: pass -3991678
opsum[2][0][1]: pass -3782422
opsum[2][0][2]: pass -3573166
opsum[2][0][3]: pass -3363910
opsum[2][1][0]: pass -3737823
opsum[2][1][1]: pass -3542175
opsum[2][1][2]: pass -3346527
opsum[2][1][3]: pass -3150879
opsum[2][2][0]: pass -3483968
opsum[2][2][1]: pass -3301928
opsum[2][2][2]: pass -3119888
opsum[2][2][3]: pass -2937848
opsum[2][3][0]: pass -3230113
opsum[2][3][1]: pass -3061681
opsum[2][3][2]: pass -2893249
opsum[2][3][3]: pass -2724817
opsum[2][4][0]: pass -2976258
opsum[2][4][1]: pass -2821434
opsum[2][4][2]: pass -2666610
opsum[2][4][3]: pass -2511786
opsum[2][5][0]: pass -2722403
opsum[2][5][1]: pass -2581187
opsum[2][5][2]: pass -2439971
opsum[2][5][3]: pass -2298755
opsum[2][6][0]: pass -2468548
opsum[2][6][1]: pass -2340940
opsum[2][6][2]: pass -2213332
opsum[2][6][3]: pass -2085724
opsum[2][7][0]: pass -2214693
opsum[2][7][1]: pass -2100693
opsum[2][7][2]: pass -1986693
opsum[2][7][3]: pass -1872693
opsum[2][8][0]: pass -1960838
opsum[2][8][1]: pass -1860446
opsum[2][8][2]: pass -1760054
opsum[2][8][3]: pass -1659662
opsum[2][9][0]: pass -1706983
opsum[2][9][1]: pass -1620199
opsum[2][9][2]: pass -1533415
opsum[2][9][3]: pass -1446631
opsum[2][10][0]: pass -1453128
opsum[2][10][1]: pass -1379952
opsum[2][10][2]: pass -1306776
opsum[2][10][3]: pass -1233600
opsum[2][11][0]: pass -1199273
opsum[2][11][1]: pass -1139705
opsum[2][11][2]: pass -1080137
opsum[2][11][3]: pass -1020569
opsum[2][12][0]: pass -945418
opsum[2][12][1]: pass -899458
opsum[2][12][2]: pass -853498
opsum[2][12][3]: pass -807538
opsum[2][13][0]: pass -691563
opsum[2][13][1]: pass -659211
opsum[2][13][2]: pass -626859
opsum[2][13][3]: pass -594507
opsum[2][14][0]: pass -1988812
opsum[2][14][1]: pass -1885076
opsum[2][14][2]: pass -1781340
opsum[2][14][3]: pass -1677604
opsum[2][15][0]: pass -3304749
opsum[2][15][1]: pass -3128605
opsum[2][15][2]: pass -2952461
opsum[2][15][3]: pass -2776317
opsum[3][0][0]: pass -4131666
opsum[3][0][1]: pass -3909306
opsum[3][0][2]: pass -3686946
opsum[3][0][3]: pass -3464586
opsum[3][1][0]: pass -3877811
opsum[3][1][1]: pass -3669059
opsum[3][1][2]: pass -3460307
opsum[3][1][3]: pass -3251555
opsum[3][2][0]: pass -3623956
opsum[3][2][1]: pass -3428812
opsum[3][2][2]: pass -3233668
opsum[3][2][3]: pass -3038524
opsum[3][3][0]: pass -3370101
opsum[3][3][1]: pass -3188565
opsum[3][3][2]: pass -3007029
opsum[3][3][3]: pass -2825493
opsum[3][4][0]: pass -3116246
opsum[3][4][1]: pass -2948318
opsum[3][4][2]: pass -2780390
opsum[3][4][3]: pass -2612462
opsum[3][5][0]: pass -2862391
opsum[3][5][1]: pass -2708071
opsum[3][5][2]: pass -2553751
opsum[3][5][3]: pass -2399431
opsum[3][6][0]: pass -2608536
opsum[3][6][1]: pass -2467824
opsum[3][6][2]: pass -2327112
opsum[3][6][3]: pass -2186400
opsum[3][7][0]: pass -2354681
opsum[3][7][1]: pass -2227577
opsum[3][7][2]: pass -2100473
opsum[3][7][3]: pass -1973369
opsum[3][8][0]: pass -2100826
opsum[3][8][1]: pass -1987330
opsum[3][8][2]: pass -1873834
opsum[3][8][3]: pass -1760338
opsum[3][9][0]: pass -1846971
opsum[3][9][1]: pass -1747083
opsum[3][9][2]: pass -1647195
opsum[3][9][3]: pass -1547307
opsum[3][10][0]: pass -1593116
opsum[3][10][1]: pass -1506836
opsum[3][10][2]: pass -1420556
opsum[3][10][3]: pass -1334276
opsum[3][11][0]: pass -1339261
opsum[3][11][1]: pass -1266589
opsum[3][11][2]: pass -1193917
opsum[3][11][3]: pass -1121245
opsum[3][12][0]: pass -1085406
opsum[3][12][1]: pass -1026342
opsum[3][12][2]: pass -967278
opsum[3][12][3]: pass -908214
opsum[3][13][0]: pass -831551
opsum[3][13][1]: pass -786095
opsum[3][13][2]: pass -740639
opsum[3][13][3]: pass -695183
opsum[3][14][0]: pass -577696
opsum[3][14][1]: pass -545848
opsum[3][14][2]: pass -514000
opsum[3][14][3]: pass -482152
opsum[3][15][0]: pass -323841
opsum[3][15][1]: pass -305601
opsum[3][15][2]: pass -287361
opsum[3][15][3]: pass -269121
opsum[4][0][0]: pass 437722
opsum[4][0][1]: pass 415138
opsum[4][0][2]: pass 392554
opsum[4][0][3]: pass 369970
opsum[4][1][0]: pass 691577
opsum[4][1][1]: pass 655385
opsum[4][1][2]: pass 619193
opsum[4][1][3]: pass 583001
opsum[4][2][0]: pass 945432
opsum[4][2][1]: pass 895632
opsum[4][2][2]: pass 845832
opsum[4][2][3]: pass 796032
opsum[4][3][0]: pass 1199287
opsum[4][3][1]: pass 1135879
opsum[4][3][2]: pass 1072471
opsum[4][3][3]: pass 1009063
opsum[4][4][0]: pass 1453142
opsum[4][4][1]: pass 1376126
opsum[4][4][2]: pass 1299110
opsum[4][4][3]: pass 1222094
opsum[4][5][0]: pass 1706997
opsum[4][5][1]: pass 1616373
opsum[4][5][2]: pass 1525749
opsum[4][5][3]: pass 1435125
opsum[4][6][0]: pass 1960852
opsum[4][6][1]: pass 1856620
opsum[4][6][2]: pass 1752388
opsum[4][6][3]: pass 1648156
opsum[4][7][0]: pass 2214707
opsum[4][7][1]: pass 2096867
opsum[4][7][2]: pass 1979027
opsum[4][7][3]: pass 1861187
opsum[4][8][0]: pass 2468562
opsum[4][8][1]: pass 2337114
opsum[4][8][2]: pass 2205666
opsum[4][8][3]: pass 2074218
opsum[4][9][0]: pass 2722417
opsum[4][9][1]: pass 2577361
opsum[4][9][2]: pass 2432305
opsum[4][9][3]: pass 2287249
opsum[4][10][0]: pass 1347088
opsum[4][10][1]: pass 1276488
opsum[4][10][2]: pass 1205888
opsum[4][10][3]: pass 1135288
opsum[4][11][0]: pass -47185
opsum[4][11][1]: pass -42305
opsum[4][11][2]: pass -37425
opsum[4][11][3]: pass -32545
opsum[4][12][0]: pass -1460402
opsum[4][12][1]: pass -1379018
opsum[4][12][2]: pass -1297634
opsum[4][12][3]: pass -1216250
opsum[4][13][0]: pass -1206547
opsum[4][13][1]: pass -1138771
opsum[4][13][2]: pass -1070995
opsum[4][13][3]: pass -1003219
opsum[4][14][0]: pass -952692
opsum[4][14][1]: pass -898524
opsum[4][14][2]: pass -844356
opsum[4][14][3]: pass -790188
opsum[4][15][0]: pass -698837
opsum[4][15][1]: pass -658277
opsum[4][15][2]: pass -617717
opsum[4][15][3]: pass -577157
opsum[5][0][0]: pass  62726
opsum[5][0][1]: pass  62462
opsum[5][0][2]: pass  62198
opsum[5][0][3]: pass  61934
opsum[5][1][0]: pass 316581
opsum[5][1][1]: pass 302709
opsum[5][1][2]: pass 288837
opsum[5][1][3]: pass 274965
opsum[5][2][0]: pass 570436
opsum[5][2][1]: pass 542956
opsum[5][2][2]: pass 515476
opsum[5][2][3]: pass 487996
opsum[5][3][0]: pass 824291
opsum[5][3][1]: pass 783203
opsum[5][3][2]: pass 742115
opsum[5][3][3]: pass 701027
opsum[5][4][0]: pass 1078146
opsum[5][4][1]: pass 1023450
opsum[5][4][2]: pass 968754
opsum[5][4][3]: pass 914058
opsum[5][5][0]: pass 1332001
opsum[5][5][1]: pass 1263697
opsum[5][5][2]: pass 1195393
opsum[5][5][3]: pass 1127089
opsum[5][6][0]: pass 1585856
opsum[5][6][1]: pass 1503944
opsum[5][6][2]: pass 1422032
opsum[5][6][3]: pass 1340120
opsum[5][7][0]: pass 1839711
opsum[5][7][1]: pass 1744191
opsum[5][7][2]: pass 1648671
opsum[5][7][3]: pass 1553151
opsum[5][8][0]: pass 2093566
opsum[5][8][1]: pass 1984438
opsum[5][8][2]: pass 1875310
opsum[5][8][3]: pass 1766182
opsum[5][9][0]: pass 2347421
opsum[5][9][1]: pass 2224685
opsum[5][9][2]: pass 2101949
opsum[5][9][3]: pass 1979213
opsum[5][10][0]: pass 915260
opsum[5][10][1]: pass 870052
opsum[5][10][2]: pass 824844
opsum[5][10][3]: pass 779636
opsum[5][11][0]: pass -535845
opsum[5][11][1]: pass -502501
opsum[5][11][2]: pass -469157
opsum[5][11][3]: pass -435813
opsum[5][12][0]: pass -2005894
opsum[5][12][1]: pass -1892974
opsum[5][12][2]: pass -1780054
opsum[5][12][3]: pass -1667134
opsum[5][13][0]: pass -1752039
opsum[5][13][1]: pass -1652727
opsum[5][13][2]: pass -1553415
opsum[5][13][3]: pass -1454103
opsum[5][14][0]: pass -1498184
opsum[5][14][1]: pass -1412480
opsum[5][14][2]: pass -1326776
opsum[5][14][3]: pass -1241072
opsum[5][15][0]: pass -1244329
opsum[5][15][1]: pass -1172233
opsum[5][15][2]: pass -1100137
opsum[5][15][3]: pass -1028041
opsum[6][0][0]: pass -482766
opsum[6][0][1]: pass -451494
opsum[6][0][2]: pass -420222
opsum[6][0][3]: pass -388950
opsum[6][1][0]: pass -228911
opsum[6][1][1]: pass -211247
opsum[6][1][2]: pass -193583
opsum[6][1][3]: pass -175919
opsum[6][2][0]: pass  24944
opsum[6][2][1]: pass  29000
opsum[6][2][2]: pass  33056
opsum[6][2][3]: pass  37112
opsum[6][3][0]: pass 278799
opsum[6][3][1]: pass 269247
opsum[6][3][2]: pass 259695
opsum[6][3][3]: pass 250143
opsum[6][4][0]: pass 532654
opsum[6][4][1]: pass 509494
opsum[6][4][2]: pass 486334
opsum[6][4][3]: pass 463174
opsum[6][5][0]: pass 786509
opsum[6][5][1]: pass 749741
opsum[6][5][2]: pass 712973
opsum[6][5][3]: pass 676205
opsum[6][6][0]: pass 1040364
opsum[6][6][1]: pass 989988
opsum[6][6][2]: pass 939612
opsum[6][6][3]: pass 889236
opsum[6][7][0]: pass 1294219
opsum[6][7][1]: pass 1230235
opsum[6][7][2]: pass 1166251
opsum[6][7][3]: pass 1102267
opsum[6][8][0]: pass 1548074
opsum[6][8][1]: pass 1470482
opsum[6][8][2]: pass 1392890
opsum[6][8][3]: pass 1315298
opsum[6][9][0]: pass 1801929
opsum[6][9][1]: pass 1710729
opsum[6][9][2]: pass 1619529
opsum[6][9][3]: pass 1528329
opsum[6][10][0]: pass 312936
opsum[6][10][1]: pass 302336
opsum[6][10][2]: pass 291736
opsum[6][10][3]: pass 281136
opsum[6][11][0]: pass -1195001
opsum[6][11][1]: pass -1123977
opsum[6][11][2]: pass -1052953
opsum[6][11][3]: pass -981929
opsum[6][12][0]: pass -2721882
opsum[6][12][1]: pass -2568210
opsum[6][12][2]: pass -2414538
opsum[6][12][3]: pass -2260866
opsum[6][13][0]: pass -2468027
opsum[6][13][1]: pass -2327963
opsum[6][13][2]: pass -2187899
opsum[6][13][3]: pass -2047835
opsum[6][14][0]: pass -2214172
opsum[6][14][1]: pass -2087716
opsum[6][14][2]: pass -1961260
opsum[6][14][3]: pass -1834804
opsum[6][15][0]: pass -1960317
opsum[6][15][1]: pass -1847469
opsum[6][15][2]: pass -1734621
opsum[6][15][3]: pass -1621773
opsum[7][0][0]: pass -1198754
opsum[7][0][1]: pass -1126730
opsum[7][0][2]: pass -1054706
opsum[7][0][3]: pass -982682
opsum[7][1][0]: pass -944899
opsum[7][1][1]: pass -886483
opsum[7][1][2]: pass -828067
opsum[7][1][3]: pass -769651
opsum[7][2][0]: pass -691044
opsum[7][2][1]: pass -646236
opsum[7][2][2]: pass -601428
opsum[7][2][3]: pass -556620
opsum[7][3][0]: pass -437189
opsum[7][3][1]: pass -405989
opsum[7][3][2]: pass -374789
opsum[7][3][3]: pass -343589
opsum[7][4][0]: pass -183334
opsum[7][4][1]: pass -165742
opsum[7][4][2]: pass -148150
opsum[7][4][3]: pass -130558
opsum[7][5][0]: pass  70521
opsum[7][5][1]: pass  74505
opsum[7][5][2]: pass  78489
opsum[7][5][3]: pass  82473
opsum[7][6][0]: pass 324376
opsum[7][6][1]: pass 314752
opsum[7][6][2]: pass 305128
opsum[7][6][3]: pass 295504
opsum[7][7][0]: pass 578231
opsum[7][7][1]: pass 554999
opsum[7][7][2]: pass 531767
opsum[7][7][3]: pass 508535
opsum[7][8][0]: pass 832086
opsum[7][8][1]: pass 795246
opsum[7][8][2]: pass 758406
opsum[7][8][3]: pass 721566
opsum[7][9][0]: pass 1085941
opsum[7][9][1]: pass 1035493
opsum[7][9][2]: pass 985045
opsum[7][9][3]: pass 934597
opsum[7][10][0]: pass 1339796
opsum[7][10][1]: pass 1275740
opsum[7][10][2]: pass 1211684
opsum[7][10][3]: pass 1147628
opsum[7][11][0]: pass 1593651
opsum[7][11][1]: pass 1515987
opsum[7][11][2]: pass 1438323
opsum[7][11][3]: pass 1360659
opsum[7][12][0]: pass 1847506
opsum[7][12][1]: pass 1756234
opsum[7][12][2]: pass 1664962
opsum[7][12][3]: pass 1573690
opsum[7][13][0]: pass 2101361
opsum[7][13][1]: pass 1996481
opsum[7][13][2]: pass 1891601
opsum[7][13][3]: pass 1786721
opsum[7][14][0]: pass 2355216
opsum[7][14][1]: pass 2236728
opsum[7][14][2]: pass 2118240
opsum[7][14][3]: pass 1999752
opsum[7][15][0]: pass 2609071
opsum[7][15][1]: pass 2476975
opsum[7][15][2]: pass 2344879
opsum[7][15][3]: pass 2212783
opsum[8][0][0]: pass 3370634
opsum[8][0][1]: pass 3197714
opsum[8][0][2]: pass 3024794
opsum[8][0][3]: pass 2851874
opsum[8][1][0]: pass 3624489
opsum[8][1][1]: pass 3437961
opsum[8][1][2]: pass 3251433
opsum[8][1][3]: pass 3064905
opsum[8][2][0]: pass 3878344
opsum[8][2][1]: pass 3678208
opsum[8][2][2]: pass 3478072
opsum[8][2][3]: pass 3277936
opsum[8][3][0]: pass 4132199
opsum[8][3][1]: pass 3918455
opsum[8][3][2]: pass 3704711
opsum[8][3][3]: pass 3490967
opsum[8][4][0]: pass 4386054
opsum[8][4][1]: pass 4158702
opsum[8][4][2]: pass 3931350
opsum[8][4][3]: pass 3703998
opsum[8][5][0]: pass 4639909
opsum[8][5][1]: pass 4398949
opsum[8][5][2]: pass 4157989
opsum[8][5][3]: pass 3917029
opsum[8][6][0]: pass 3069764
opsum[8][6][1]: pass 2912476
opsum[8][6][2]: pass 2755188
opsum[8][6][3]: pass 2597900
opsum[8][7][0]: pass 1480419
opsum[8][7][1]: pass 1407827
opsum[8][7][2]: pass 1335235
opsum[8][7][3]: pass 1262643
opsum[8][8][0]: pass -128126
opsum[8][8][1]: pass -114998
opsum[8][8][2]: pass -101870
opsum[8][8][3]: pass -88742
opsum[8][9][0]: pass 125729
opsum[8][9][1]: pass 125249
opsum[8][9][2]: pass 124769
opsum[8][9][3]: pass 124289
opsum[8][10][0]: pass 379584
opsum[8][10][1]: pass 365496
opsum[8][10][2]: pass 351408
opsum[8][10][3]: pass 337320
opsum[8][11][0]: pass 633439
opsum[8][11][1]: pass 605743
opsum[8][11][2]: pass 578047
opsum[8][11][3]: pass 550351
opsum[8][12][0]: pass 887294
opsum[8][12][1]: pass 845990
opsum[8][12][2]: pass 804686
opsum[8][12][3]: pass 763382
opsum[8][13][0]: pass 1141149
opsum[8][13][1]: pass 1086237
opsum[8][13][2]: pass 1031325
opsum[8][13][3]: pass 976413
opsum[8][14][0]: pass 1395004
opsum[8][14][1]: pass 1326484
opsum[8][14][2]: pass 1257964
opsum[8][14][3]: pass 1189444
opsum[8][15][0]: pass 1648859
opsum[8][15][1]: pass 1566731
opsum[8][15][2]: pass 1484603
opsum[8][15][3]: pass 1402475
opsum[9][0][0]: pass 2410422
opsum[9][0][1]: pass 2287470
opsum[9][0][2]: pass 2164518
opsum[9][0][3]: pass 2041566
opsum[9][1][0]: pass 2664277
opsum[9][1][1]: pass 2527717
opsum[9][1][2]: pass 2391157
opsum[9][1][3]: pass 2254597
opsum[9][2][0]: pass 2918132
opsum[9][2][1]: pass 2767964
opsum[9][2][2]: pass 2617796
opsum[9][2][3]: pass 2467628
opsum[9][3][0]: pass 3171987
opsum[9][3][1]: pass 3008211
opsum[9][3][2]: pass 2844435
opsum[9][3][3]: pass 2680659
opsum[9][4][0]: pass 3425842
opsum[9][4][1]: pass 3248458
opsum[9][4][2]: pass 3071074
opsum[9][4][3]: pass 2893690
opsum[9][5][0]: pass 3679697
opsum[9][5][1]: pass 3488705
opsum[9][5][2]: pass 3297713
opsum[9][5][3]: pass 3106721
opsum[9][6][0]: pass 2051952
opsum[9][6][1]: pass 1947704
opsum[9][6][2]: pass 1843456
opsum[9][6][3]: pass 1739208
opsum[9][7][0]: pass 405007
opsum[9][7][1]: pass 388527
opsum[9][7][2]: pass 372047
opsum[9][7][3]: pass 355567
opsum[9][8][0]: pass -1261138
opsum[9][8][1]: pass -1188826
opsum[9][8][2]: pass -1116514
opsum[9][8][3]: pass -1044202
opsum[9][9][0]: pass -1007283
opsum[9][9][1]: pass -948579
opsum[9][9][2]: pass -889875
opsum[9][9][3]: pass -831171
opsum[9][10][0]: pass -753428
opsum[9][10][1]: pass -708332
opsum[9][10][2]: pass -663236
opsum[9][10][3]: pass -618140
opsum[9][11][0]: pass -499573
opsum[9][11][1]: pass -468085
opsum[9][11][2]: pass -436597
opsum[9][11][3]: pass -405109
opsum[9][12][0]: pass -245718
opsum[9][12][1]: pass -227838
opsum[9][12][2]: pass -209958
opsum[9][12][3]: pass -192078
opsum[9][13][0]: pass   8137
opsum[9][13][1]: pass  12409
opsum[9][13][2]: pass  16681
opsum[9][13][3]: pass  20953
opsum[9][14][0]: pass 261992
opsum[9][14][1]: pass 252656
opsum[9][14][2]: pass 243320
opsum[9][14][3]: pass 233984
opsum[9][15][0]: pass 515847
opsum[9][15][1]: pass 492903
opsum[9][15][2]: pass 469959
opsum[9][15][3]: pass 447015
opsum[10][0][0]: pass 1277410
opsum[10][0][1]: pass 1213642
opsum[10][0][2]: pass 1149874
opsum[10][0][3]: pass 1086106
opsum[10][1][0]: pass 1531265
opsum[10][1][1]: pass 1453889
opsum[10][1][2]: pass 1376513
opsum[10][1][3]: pass 1299137
opsum[10][2][0]: pass 1785120
opsum[10][2][1]: pass 1694136
opsum[10][2][2]: pass 1603152
opsum[10][2][3]: pass 1512168
opsum[10][3][0]: pass 2038975
opsum[10][3][1]: pass 1934383
opsum[10][3][2]: pass 1829791
opsum[10][3][3]: pass 1725199
opsum[10][4][0]: pass 2292830
opsum[10][4][1]: pass 2174630
opsum[10][4][2]: pass 2056430
opsum[10][4][3]: pass 1938230
opsum[10][5][0]: pass 2546685
opsum[10][5][1]: pass 2414877
opsum[10][5][2]: pass 2283069
opsum[10][5][3]: pass 2151261
opsum[10][6][0]: pass 861340
opsum[10][6][1]: pass 819348
opsum[10][6][2]: pass 777356
opsum[10][6][3]: pass 735364
opsum[10][7][0]: pass -843205
opsum[10][7][1]: pass -794357
opsum[10][7][2]: pass -745509
opsum[10][7][3]: pass -696661
opsum[10][8][0]: pass -2566950
opsum[10][8][1]: pass -2426238
opsum[10][8][2]: pass -2285526
opsum[10][8][3]: pass -2144814
opsum[10][9][0]: pass -2313095
opsum[10][9][1]: pass -2185991
opsum[10][9][2]: pass -2058887
opsum[10][9][3]: pass -1931783
opsum[10][10][0]: pass -2059240
opsum[10][10][1]: pass -1945744
opsum[10][10][2]: pass -1832248
opsum[10][10][3]: pass -1718752
opsum[10][11][0]: pass -1805385
opsum[10][11][1]: pass -1705497
opsum[10][11][2]: pass -1605609
opsum[10][11][3]: pass -1505721
opsum[10][12][0]: pass -1551530
opsum[10][12][1]: pass -1465250
opsum[10][12][2]: pass -1378970
opsum[10][12][3]: pass -1292690
opsum[10][13][0]: pass -1297675
opsum[10][13][1]: pass -1225003
opsum[10][13][2]: pass -1152331
opsum[10][13][3]: pass -1079659
opsum[10][14][0]: pass -1043820
opsum[10][14][1]: pass -984756
opsum[10][14][2]: pass -925692
opsum[10][14][3]: pass -866628
opsum[10][15][0]: pass -789965
opsum[10][15][1]: pass -744509
opsum[10][15][2]: pass -699053
opsum[10][15][3]: pass -653597
opsum[11][0][0]: pass -28402
opsum[11][0][1]: pass -23770
opsum[11][0][2]: pass -19138
opsum[11][0][3]: pass -14506
opsum[11][1][0]: pass 225453
opsum[11][1][1]: pass 216477
opsum[11][1][2]: pass 207501
opsum[11][1][3]: pass 198525
opsum[11][2][0]: pass 479308
opsum[11][2][1]: pass 456724
opsum[11][2][2]: pass 434140
opsum[11][2][3]: pass 411556
opsum[11][3][0]: pass 733163
opsum[11][3][1]: pass 696971
opsum[11][3][2]: pass 660779
opsum[11][3][3]: pass 624587
opsum[11][4][0]: pass 987018
opsum[11][4][1]: pass 937218
opsum[11][4][2]: pass 887418
opsum[11][4][3]: pass 837618
opsum[11][5][0]: pass 1240873
opsum[11][5][1]: pass 1177465
opsum[11][5][2]: pass 1114057
opsum[11][5][3]: pass 1050649
opsum[11][6][0]: pass 1494728
opsum[11][6][1]: pass 1417712
opsum[11][6][2]: pass 1340696
opsum[11][6][3]: pass 1263680
opsum[11][7][0]: pass 1748583
opsum[11][7][1]: pass 1657959
opsum[11][7][2]: pass 1567335
opsum[11][7][3]: pass 1476711
opsum[11][8][0]: pass 2002438
opsum[11][8][1]: pass 1898206
opsum[11][8][2]: pass 1793974
opsum[11][8][3]: pass 1689742
opsum[11][9][0]: pass 2256293
opsum[11][9][1]: pass 2138453
opsum[11][9][2]: pass 2020613
opsum[11][9][3]: pass 1902773
opsum[11][10][0]: pass 2510148
opsum[11][10][1]: pass 2378700
opsum[11][10][2]: pass 2247252
opsum[11][10][3]: pass 2115804
opsum[11][11][0]: pass 2764003
opsum[11][11][1]: pass 2618947
opsum[11][11][2]: pass 2473891
opsum[11][11][3]: pass 2328835
opsum[11][12][0]: pass 3017602
opsum[11][12][1]: pass 2858938
opsum[11][12][2]: pass 2700274
opsum[11][12][3]: pass 2541610
opsum[11][13][0]: pass 3271457
opsum[11][13][1]: pass 3099185
opsum[11][13][2]: pass 2926913
opsum[11][13][3]: pass 2754641
opsum[11][14][0]: pass 3525312
opsum[11][14][1]: pass 3339432
opsum[11][14][2]: pass 3153552
opsum[11][14][3]: pass 2967672
opsum[11][15][0]: pass 3779167
opsum[11][15][1]: pass 3579679
opsum[11][15][2]: pass 3380191
opsum[11][15][3]: pass 3180703
opsum[12][0][0]: pass 4540730
opsum[12][0][1]: pass 4300418
opsum[12][0][2]: pass 4060106
opsum[12][0][3]: pass 3819794
opsum[12][1][0]: pass 4794585
opsum[12][1][1]: pass 4540665
opsum[12][1][2]: pass 4286745
opsum[12][1][3]: pass 4032825
opsum[12][2][0]: pass 3025016
opsum[12][2][1]: pass 2863984
opsum[12][2][2]: pass 2702952
opsum[12][2][3]: pass 2541920
opsum[12][3][0]: pass 1235991
opsum[12][3][1]: pass 1168871
opsum[12][3][2]: pass 1101751
opsum[12][3][3]: pass 1034631
opsum[12][4][0]: pass -572490
opsum[12][4][1]: pass -544674
opsum[12][4][2]: pass -516858
opsum[12][4][3]: pass -489042
opsum[12][5][0]: pass -318635
opsum[12][5][1]: pass -304427
opsum[12][5][2]: pass -290219
opsum[12][5][3]: pass -276011
opsum[12][6][0]: pass -64780
opsum[12][6][1]: pass -64180
opsum[12][6][2]: pass -63580
opsum[12][6][3]: pass -62980
opsum[12][7][0]: pass 189075
opsum[12][7][1]: pass 176067
opsum[12][7][2]: pass 163059
opsum[12][7][3]: pass 150051
opsum[12][8][0]: pass 442930
opsum[12][8][1]: pass 416314
opsum[12][8][2]: pass 389698
opsum[12][8][3]: pass 363082
opsum[12][9][0]: pass 696785
opsum[12][9][1]: pass 656561
opsum[12][9][2]: pass 616337
opsum[12][9][3]: pass 576113
opsum[12][10][0]: pass 950640
opsum[12][10][1]: pass 896808
opsum[12][10][2]: pass 842976
opsum[12][10][3]: pass 789144
opsum[12][11][0]: pass 1204495
opsum[12][11][1]: pass 1137055
opsum[12][11][2]: pass 1069615
opsum[12][11][3]: pass 1002175
opsum[12][12][0]: pass 1458350
opsum[12][12][1]: pass 1377302
opsum[12][12][2]: pass 1296254
opsum[12][12][3]: pass 1215206
opsum[12][13][0]: pass 1712205
opsum[12][13][1]: pass 1617549
opsum[12][13][2]: pass 1522893
opsum[12][13][3]: pass 1428237
opsum[12][14][0]: pass 1966060
opsum[12][14][1]: pass 1857796
opsum[12][14][2]: pass 1749532
opsum[12][14][3]: pass 1641268
opsum[12][15][0]: pass 2219915
opsum[12][15][1]: pass 2098043
opsum[12][15][2]: pass 1976171
opsum[12][15][3]: pass 1854299
opsum[13][0][0]: pass 2981478
opsum[13][0][1]: pass 2818782
opsum[13][0][2]: pass 2656086
opsum[13][0][3]: pass 2493390
opsum[13][1][0]: pass 3235333
opsum[13][1][1]: pass 3059029
opsum[13][1][2]: pass 2882725
opsum[13][1][3]: pass 2706421
opsum[13][2][0]: pass 1407396
opsum[13][2][1]: pass 1327052
opsum[13][2][2]: pass 1246708
opsum[13][2][3]: pass 1166364
opsum[13][3][0]: pass -439997
opsum[13][3][1]: pass -423357
opsum[13][3][2]: pass -406717
opsum[13][3][3]: pass -390077
opsum[13][4][0]: pass -2306846
opsum[13][4][1]: pass -2192198
opsum[13][4][2]: pass -2077550
opsum[13][4][3]: pass -1962902
opsum[13][5][0]: pass -2052991
opsum[13][5][1]: pass -1951951
opsum[13][5][2]: pass -1850911
opsum[13][5][3]: pass -1749871
opsum[13][6][0]: pass -1799136
opsum[13][6][1]: pass -1711704
opsum[13][6][2]: pass -1624272
opsum[13][6][3]: pass -1536840
opsum[13][7][0]: pass -1545281
opsum[13][7][1]: pass -1471457
opsum[13][7][2]: pass -1397633
opsum[13][7][3]: pass -1323809
opsum[13][8][0]: pass -1291426
opsum[13][8][1]: pass -1231210
opsum[13][8][2]: pass -1170994
opsum[13][8][3]: pass -1110778
opsum[13][9][0]: pass -1037571
opsum[13][9][1]: pass -990963
opsum[13][9][2]: pass -944355
opsum[13][9][3]: pass -897747
opsum[13][10][0]: pass -783716
opsum[13][10][1]: pass -750716
opsum[13][10][2]: pass -717716
opsum[13][10][3]: pass -684716
opsum[13][11][0]: pass -529861
opsum[13][11][1]: pass -510469
opsum[13][11][2]: pass -491077
opsum[13][11][3]: pass -471685
opsum[13][12][0]: pass -276006
opsum[13][12][1]: pass -270222
opsum[13][12][2]: pass -264438
opsum[13][12][3]: pass -258654
opsum[13][13][0]: pass -22151
opsum[13][13][1]: pass -29975
opsum[13][13][2]: pass -37799
opsum[13][13][3]: pass -45623
opsum[13][14][0]: pass 231704
opsum[13][14][1]: pass 210272
opsum[13][14][2]: pass 188840
opsum[13][14][3]: pass 167408
opsum[13][15][0]: pass 485559
opsum[13][15][1]: pass 450519
opsum[13][15][2]: pass 415479
opsum[13][15][3]: pass 380439
opsum[14][0][0]: pass 1247122
opsum[14][0][1]: pass 1171258
opsum[14][0][2]: pass 1095394
opsum[14][0][3]: pass 1019530
opsum[14][1][0]: pass 1500977
opsum[14][1][1]: pass 1411505
opsum[14][1][2]: pass 1322033
opsum[14][1][3]: pass 1232561
opsum[14][2][0]: pass -385328
opsum[14][2][1]: pass -375768
opsum[14][2][2]: pass -366208
opsum[14][2][3]: pass -356648
opsum[14][3][0]: pass -2291089
opsum[14][3][1]: pass -2181473
opsum[14][3][2]: pass -2071857
opsum[14][3][3]: pass -1962241
opsum[14][4][0]: pass -4216306
opsum[14][4][1]: pass -4005610
opsum[14][4][2]: pass -3794914
opsum[14][4][3]: pass -3584218
opsum[14][5][0]: pass -3962451
opsum[14][5][1]: pass -3765363
opsum[14][5][2]: pass -3568275
opsum[14][5][3]: pass -3371187
opsum[14][6][0]: pass -3708596
opsum[14][6][1]: pass -3525116
opsum[14][6][2]: pass -3341636
opsum[14][6][3]: pass -3158156
opsum[14][7][0]: pass -3454741
opsum[14][7][1]: pass -3284869
opsum[14][7][2]: pass -3114997
opsum[14][7][3]: pass -2945125
opsum[14][8][0]: pass -3200886
opsum[14][8][1]: pass -3044622
opsum[14][8][2]: pass -2888358
opsum[14][8][3]: pass -2732094
opsum[14][9][0]: pass -2947031
opsum[14][9][1]: pass -2804375
opsum[14][9][2]: pass -2661719
opsum[14][9][3]: pass -2519063
opsum[14][10][0]: pass -2693176
opsum[14][10][1]: pass -2564128
opsum[14][10][2]: pass -2435080
opsum[14][10][3]: pass -2306032
opsum[14][11][0]: pass -2439321
opsum[14][11][1]: pass -2323881
opsum[14][11][2]: pass -2208441
opsum[14][11][3]: pass -2093001
opsum[14][12][0]: pass -2185466
opsum[14][12][1]: pass -2083634
opsum[14][12][2]: pass -1981802
opsum[14][12][3]: pass -1879970
opsum[14][13][0]: pass -1931611
opsum[14][13][1]: pass -1843387
opsum[14][13][2]: pass -1755163
opsum[14][13][3]: pass -1666939
opsum[14][14][0]: pass -1677756
opsum[14][14][1]: pass -1603140
opsum[14][14][2]: pass -1528524
opsum[14][14][3]: pass -1453908
opsum[14][15][0]: pass -1423901
opsum[14][15][1]: pass -1362893
opsum[14][15][2]: pass -1301885
opsum[14][15][3]: pass -1240877
opsum[15][0][0]: pass -2101314
opsum[15][0][1]: pass -2002282
opsum[15][0][2]: pass -1903250
opsum[15][0][3]: pass -1804218
opsum[15][1][0]: pass -3305123
opsum[15][1][1]: pass -3139827
opsum[15][1][2]: pass -2974531
opsum[15][1][3]: pass -2809235
opsum[15][2][0]: pass -4527620
opsum[15][2][1]: pass -4295036
opsum[15][2][2]: pass -4062452
opsum[15][2][3]: pass -3829868
opsum[15][3][0]: pass -4273765
opsum[15][3][1]: pass -4054789
opsum[15][3][2]: pass -3835813
opsum[15][3][3]: pass -3616837
opsum[15][4][0]: pass -4019910
opsum[15][4][1]: pass -3814542
opsum[15][4][2]: pass -3609174
opsum[15][4][3]: pass -3403806
opsum[15][5][0]: pass -3766055
opsum[15][5][1]: pass -3574295
opsum[15][5][2]: pass -3382535
opsum[15][5][3]: pass -3190775
opsum[15][6][0]: pass -3512200
opsum[15][6][1]: pass -3334048
opsum[15][6][2]: pass -3155896
opsum[15][6][3]: pass -2977744
opsum[15][7][0]: pass -3258345
opsum[15][7][1]: pass -3093801
opsum[15][7][2]: pass -2929257
opsum[15][7][3]: pass -2764713
opsum[15][8][0]: pass -3004490
opsum[15][8][1]: pass -2853554
opsum[15][8][2]: pass -2702618
opsum[15][8][3]: pass -2551682
opsum[15][9][0]: pass -2750635
opsum[15][9][1]: pass -2613307
opsum[15][9][2]: pass -2475979
opsum[15][9][3]: pass -2338651
opsum[15][10][0]: pass -2496780
opsum[15][10][1]: pass -2373060
opsum[15][10][2]: pass -2249340
opsum[15][10][3]: pass -2125620
opsum[15][11][0]: pass -2242925
opsum[15][11][1]: pass -2132813
opsum[15][11][2]: pass -2022701
opsum[15][11][3]: pass -1912589
opsum[15][12][0]: pass -1989070
opsum[15][12][1]: pass -1892566
opsum[15][12][2]: pass -1796062
opsum[15][12][3]: pass -1699558
opsum[15][13][0]: pass -1735215
opsum[15][13][1]: pass -1652319
opsum[15][13][2]: pass -1569423
opsum[15][13][3]: pass -1486527
opsum[15][14][0]: pass -1481360
opsum[15][14][1]: pass -1412072
opsum[15][14][2]: pass -1342784
opsum[15][14][3]: pass -1273496
opsum[15][15][0]: pass -1227505
opsum[15][15][1]: pass -1171825
opsum[15][15][2]: pass -1116145
opsum[15][15][3]: pass -1060465

=====================================================================================
||     ________   ___   ________           ___        ________   ________          ||
||    |\   __  \ |\  \ |\   ____\         |\  \      |\   __  \ |\   __  \         ||
||    \ \  \|\  \\ \  \\ \  \___|_        \ \  \     \ \  \|\  \\ \  \|\ /_        ||
||     \ \   __  \\ \  \\ \_____  \        \ \  \     \ \   __  \\ \   __  \       ||
||      \ \  \ \  \\ \  \\|____|\  \        \ \  \____ \ \  \ \  \\ \  \|\  \      ||
||       \ \__\ \__\\ \__\ ____\_\  \        \ \_______\\ \__\ \__\\ \_______\     ||
||        \|__|\|__| \|__||\_________\        \|_______| \|__|\|__| \|_______|     ||
||                        \|_________|                                             ||
||                                                                                 ||
=====================================================================================

 ___                                                                           ___
( _ )                                                                         ( _ )
 | |~~~~~~~~~~~~~~~~~~~~~~~~~~~~~~~~~~~~~~~~~~~~~~~~~~~~~~~~~~~~~~~~~~~~~~~~~~~| |
 | |  _____ _                 _       _   _              ______             _  | |
 | | /  ___(_)               | |     | | (_)             | ___ \           | | | |
 | | \ `--. _ _ __ ___  _   _| | __ _| |_ _  ___  _ __   | |_/ /_ _ ___ ___| | | |
 | |  `--. \ | '_ ` _ \| | | | |/ _` | __| |/ _ \| '_ \  |  __/ _` / __/ __| | | |
 | | /\__/ / | | | | | | |_| | | (_| | |_| | (_) | | | | | | | (_| \__ \__ \_| | |
 | | \____/|_|_| |_| |_|\__,_|_|\__,_|\__|_|\___/|_| |_| \_|  \__,_|___/___(_) | |
 | |                                                                           | |
 |_|~~~~~~~~~~~~~~~~~~~~~~~~~~~~~~~~~~~~~~~~~~~~~~~~~~~~~~~~~~~~~~~~~~~~~~~~~~~|_|
(___)                                                                         (___)
Simulation time: 4963 cycles
