opsum[0][0][0]: pass   3511
opsum[0][0][1]: pass -51095
opsum[0][0][2]: pass  92335
opsum[0][0][3]: pass -53943
opsum[0][0][4]: pass  13087
opsum[0][0][5]: pass -55715
opsum[0][0][6]: pass  88097
opsum[0][0][7]: pass    902
opsum[0][0][8]: pass -21147
opsum[0][0][9]: pass  98034
opsum[0][0][10]: pass -102001
opsum[0][0][11]: pass  44977
opsum[0][0][12]: pass -66946
opsum[0][0][13]: pass  56781
opsum[0][0][14]: pass  61266
opsum[0][0][15]: pass   1395
opsum[0][1][0]: pass  11439
opsum[0][1][1]: pass  37754
opsum[0][1][2]: pass  69491
opsum[0][1][3]: pass  34027
opsum[0][1][4]: pass  -8795
opsum[0][1][5]: pass -48675
opsum[0][1][6]: pass 103629
opsum[0][1][7]: pass -54939
opsum[0][1][8]: pass -12963
opsum[0][1][9]: pass  74391
opsum[0][1][10]: pass -91769
opsum[0][1][11]: pass  -8522
opsum[0][1][12]: pass -103445
opsum[0][1][13]: pass  83913
opsum[0][1][14]: pass -26664
opsum[0][1][15]: pass -26714
opsum[0][2][0]: pass -36613
opsum[0][2][1]: pass -90205
opsum[0][2][2]: pass -19630
opsum[0][2][3]: pass  40281
opsum[0][2][4]: pass  38763
opsum[0][2][5]: pass -31792
opsum[0][2][6]: pass   8174
opsum[0][2][7]: pass -33445
opsum[0][2][8]: pass -91855
opsum[0][2][9]: pass  23485
opsum[0][2][10]: pass -83238
opsum[0][2][11]: pass   6755
opsum[0][2][12]: pass  20842
opsum[0][2][13]: pass -18489
opsum[0][2][14]: pass -24834
opsum[0][2][15]: pass -74707
opsum[0][3][0]: pass -45515
opsum[0][3][1]: pass  20308
opsum[0][3][2]: pass  93907
opsum[0][3][3]: pass   5432
opsum[0][3][4]: pass  72909
opsum[0][3][5]: pass -84353
opsum[0][3][6]: pass -44253
opsum[0][3][7]: pass -22316
opsum[0][3][8]: pass -52193
opsum[0][3][9]: pass -14129
opsum[0][3][10]: pass -19999
opsum[0][3][11]: pass  50963
opsum[0][3][12]: pass -17813
opsum[0][3][13]: pass   7777
opsum[0][3][14]: pass -45663
opsum[0][3][15]: pass -12361
opsum[0][4][0]: pass -37409
opsum[0][4][1]: pass -31925
opsum[0][4][2]: pass  69975
opsum[0][4][3]: pass -75474
opsum[0][4][4]: pass  42241
opsum[0][4][5]: pass -18464
opsum[0][4][6]: pass  69522
opsum[0][4][7]: pass  -6391
opsum[0][4][8]: pass  16753
opsum[0][4][9]: pass 106170
opsum[0][4][10]: pass  -2878
opsum[0][4][11]: pass  15470
opsum[0][4][12]: pass -23082
opsum[0][4][13]: pass  34206
opsum[0][4][14]: pass -42490
opsum[0][4][15]: pass -69165
opsum[0][5][0]: pass  52974
opsum[0][5][1]: pass -83820
opsum[0][5][2]: pass  81993
opsum[0][5][3]: pass -18855
opsum[0][5][4]: pass  37345
opsum[0][5][5]: pass -23592
opsum[0][5][6]: pass  66094
opsum[0][5][7]: pass  -2904
opsum[0][5][8]: pass  24343
opsum[0][5][9]: pass  14031
opsum[0][5][10]: pass -111227
opsum[0][5][11]: pass  58273
opsum[0][5][12]: pass -51413
opsum[0][5][13]: pass  63569
opsum[0][5][14]: pass -21320
opsum[0][5][15]: pass -55118
opsum[0][6][0]: pass  32123
opsum[0][6][1]: pass  -7501
opsum[0][6][2]: pass  83003
opsum[0][6][3]: pass  34656
opsum[0][6][4]: pass  46951
opsum[0][6][5]: pass -39034
opsum[0][6][6]: pass -29642
opsum[0][6][7]: pass  70180
opsum[0][6][8]: pass   5035
opsum[0][6][9]: pass -18278
opsum[0][6][10]: pass -65666
opsum[0][6][11]: pass  45613
opsum[0][6][12]: pass  67699
opsum[0][6][13]: pass -32198
opsum[0][6][14]: pass  -4889
opsum[0][6][15]: pass -40316
opsum[0][7][0]: pass  76515
opsum[0][7][1]: pass -89663
opsum[0][7][2]: pass  84919
opsum[0][7][3]: pass   6179
opsum[0][7][4]: pass -19011
opsum[0][7][5]: pass -16456
opsum[0][7][6]: pass  75526
opsum[0][7][7]: pass  44243
opsum[0][7][8]: pass  27863
opsum[0][7][9]: pass   7288
opsum[0][7][10]: pass   7234
opsum[0][7][11]: pass  43671
opsum[0][7][12]: pass -20087
opsum[0][7][13]: pass -28660
opsum[0][7][14]: pass  12208
opsum[0][7][15]: pass -29843
opsum[0][8][0]: pass -20032
opsum[0][8][1]: pass  -4963
opsum[0][8][2]: pass   2825
opsum[0][8][3]: pass  -5307
opsum[0][8][4]: pass -32646
opsum[0][8][5]: pass -66652
opsum[0][8][6]: pass -16371
opsum[0][8][7]: pass  27444
opsum[0][8][8]: pass  52135
opsum[0][8][9]: pass  -5879
opsum[0][8][10]: pass -29042
opsum[0][8][11]: pass  22136
opsum[0][8][12]: pass -86095
opsum[0][8][13]: pass  22602
opsum[0][8][14]: pass -45901
opsum[0][8][15]: pass  -9893
opsum[0][9][0]: pass  34853
opsum[0][9][1]: pass  11015
opsum[0][9][2]: pass  40416
opsum[0][9][3]: pass  12002
opsum[0][9][4]: pass  51495
opsum[0][9][5]: pass -18480
opsum[0][9][6]: pass -27273
opsum[0][9][7]: pass -56027
opsum[0][9][8]: pass  53897
opsum[0][9][9]: pass  45016
opsum[0][9][10]: pass  -4967
opsum[0][9][11]: pass  13372
opsum[0][9][12]: pass -57549
opsum[0][9][13]: pass  25661
opsum[0][9][14]: pass    768
opsum[0][9][15]: pass  61921
opsum[0][10][0]: pass -24366
opsum[0][10][1]: pass -75367
opsum[0][10][2]: pass  24179
opsum[0][10][3]: pass  22287
opsum[0][10][4]: pass -18454
opsum[0][10][5]: pass  -4217
opsum[0][10][6]: pass -24768
opsum[0][10][7]: pass  43672
opsum[0][10][8]: pass -48954
opsum[0][10][9]: pass 100473
opsum[0][10][10]: pass -73753
opsum[0][10][11]: pass -48805
opsum[0][10][12]: pass -55734
opsum[0][10][13]: pass  -4986
opsum[0][10][14]: pass -32350
opsum[0][10][15]: pass -48108
opsum[0][11][0]: pass  60758
opsum[0][11][1]: pass  14718
opsum[0][11][2]: pass  67776
opsum[0][11][3]: pass   1275
opsum[0][11][4]: pass   1478
opsum[0][11][5]: pass -39400
opsum[0][11][6]: pass  31499
opsum[0][11][7]: pass  28488
opsum[0][11][8]: pass  71964
opsum[0][11][9]: pass  -2235
opsum[0][11][10]: pass -79629
opsum[0][11][11]: pass  54690
opsum[0][11][12]: pass -34287
opsum[0][11][13]: pass -11785
opsum[0][11][14]: pass  -6817
opsum[0][11][15]: pass -89410
opsum[0][12][0]: pass  30560
opsum[0][12][1]: pass    945
opsum[0][12][2]: pass  80828
opsum[0][12][3]: pass -63033
opsum[0][12][4]: pass  47488
opsum[0][12][5]: pass  18421
opsum[0][12][6]: pass -60132
opsum[0][12][7]: pass  33135
opsum[0][12][8]: pass -32635
opsum[0][12][9]: pass  78669
opsum[0][12][10]: pass   7477
opsum[0][12][11]: pass  50862
opsum[0][12][12]: pass   2738
opsum[0][12][13]: pass  49465
opsum[0][12][14]: pass  35192
opsum[0][12][15]: pass -81751
opsum[0][13][0]: pass -59185
opsum[0][13][1]: pass  28550
opsum[0][13][2]: pass  42828
opsum[0][13][3]: pass   -136
opsum[0][13][4]: pass  80642
opsum[0][13][5]: pass -54956
opsum[0][13][6]: pass -15479
opsum[0][13][7]: pass -19073
opsum[0][13][8]: pass -26982
opsum[0][13][9]: pass  15500
opsum[0][13][10]: pass -74665
opsum[0][13][11]: pass -65075
opsum[0][13][12]: pass -41574
opsum[0][13][13]: pass -50262
opsum[0][13][14]: pass  -4933
opsum[0][13][15]: pass -66642
opsum[0][14][0]: pass -33324
opsum[0][14][1]: pass  15250
opsum[0][14][2]: pass  41253
opsum[0][14][3]: pass -53871
opsum[0][14][4]: pass -23943
opsum[0][14][5]: pass -57567
opsum[0][14][6]: pass  41778
opsum[0][14][7]: pass -38783
opsum[0][14][8]: pass -10789
opsum[0][14][9]: pass  14043
opsum[0][14][10]: pass  15084
opsum[0][14][11]: pass   2840
opsum[0][14][12]: pass  46657
opsum[0][14][13]: pass   7198
opsum[0][14][14]: pass -71737
opsum[0][14][15]: pass  -8450
opsum[0][15][0]: pass  25152
opsum[0][15][1]: pass  32771
opsum[0][15][2]: pass -12737
opsum[0][15][3]: pass  37991
opsum[0][15][4]: pass -42057
opsum[0][15][5]: pass -15377
opsum[0][15][6]: pass  42193
opsum[0][15][7]: pass  46492
opsum[0][15][8]: pass -11973
opsum[0][15][9]: pass  63930
opsum[0][15][10]: pass -85860
opsum[0][15][11]: pass  25363
opsum[0][15][12]: pass -78575
opsum[0][15][13]: pass  40113
opsum[0][15][14]: pass  30730
opsum[0][15][15]: pass  29472
opsum[1][0][0]: pass  63483
opsum[1][0][1]: pass -13731
opsum[1][0][2]: pass -49267
opsum[1][0][3]: pass  31957
opsum[1][0][4]: pass  29161
opsum[1][0][5]: pass  18415
opsum[1][0][6]: pass  14785
opsum[1][0][7]: pass  59496
opsum[1][0][8]: pass -91757
opsum[1][0][9]: pass  65636
opsum[1][0][10]: pass -72987
opsum[1][0][11]: pass  75553
opsum[1][0][12]: pass   8242
opsum[1][0][13]: pass  87424
opsum[1][0][14]: pass -68721
opsum[1][0][15]: pass  52384
opsum[1][1][0]: pass  46833
opsum[1][1][1]: pass -49448
opsum[1][1][2]: pass  34957
opsum[1][1][3]: pass -39933
opsum[1][1][4]: pass  25837
opsum[1][1][5]: pass  15181
opsum[1][1][6]: pass  71219
opsum[1][1][7]: pass  35620
opsum[1][1][8]: pass -55089
opsum[1][1][9]: pass  -6949
opsum[1][1][10]: pass  -3123
opsum[1][1][11]: pass -52702
opsum[1][1][12]: pass -71426
opsum[1][1][13]: pass   1724
opsum[1][1][14]: pass -26510
opsum[1][1][15]: pass -37156
opsum[1][2][0]: pass -14943
opsum[1][2][1]: pass  37801
opsum[1][2][2]: pass  -2173
opsum[1][2][3]: pass -68067
opsum[1][2][4]: pass  33170
opsum[1][2][5]: pass   8353
opsum[1][2][6]: pass  -9633
opsum[1][2][7]: pass -75310
opsum[1][2][8]: pass  50411
opsum[1][2][9]: pass -30045
opsum[1][2][10]: pass -114859
opsum[1][2][11]: pass  -9920
opsum[1][2][12]: pass -38967
opsum[1][2][13]: pass  56617
opsum[1][2][14]: pass  20674
opsum[1][2][15]: pass  -6011
opsum[1][3][0]: pass    161
opsum[1][3][1]: pass -91399
opsum[1][3][2]: pass  78913
opsum[1][3][3]: pass -40704
opsum[1][3][4]: pass   3698
opsum[1][3][5]: pass -50526
opsum[1][3][6]: pass -33480
opsum[1][3][7]: pass   7487
opsum[1][3][8]: pass -19528
opsum[1][3][9]: pass -11209
opsum[1][3][10]: pass  35616
opsum[1][3][11]: pass -59014
opsum[1][3][12]: pass    -23
opsum[1][3][13]: pass  37131
opsum[1][3][14]: pass  40173
opsum[1][3][15]: pass -55762
opsum[1][4][0]: pass  10908
opsum[1][4][1]: pass   4039
opsum[1][4][2]: pass  64781
opsum[1][4][3]: pass  36830
opsum[1][4][4]: pass  41435
opsum[1][4][5]: pass -14844
opsum[1][4][6]: pass  16704
opsum[1][4][7]: pass  19145
opsum[1][4][8]: pass -28794
opsum[1][4][9]: pass   7571
opsum[1][4][10]: pass -50015
opsum[1][4][11]: pass  59569
opsum[1][4][12]: pass -52436
opsum[1][4][13]: pass  51464
opsum[1][4][14]: pass  -5919
opsum[1][4][15]: pass -59914
opsum[1][5][0]: pass  26693
opsum[1][5][1]: pass -31742
opsum[1][5][2]: pass  17196
opsum[1][5][3]: pass -35331
opsum[1][5][4]: pass  32517
opsum[1][5][5]: pass -46481
opsum[1][5][6]: pass -40048
opsum[1][5][7]: pass  -4667
opsum[1][5][8]: pass  27676
opsum[1][5][9]: pass  -5622
opsum[1][5][10]: pass   6147
opsum[1][5][11]: pass  37012
opsum[1][5][12]: pass -30846
opsum[1][5][13]: pass  -2017
opsum[1][5][14]: pass  77102
opsum[1][5][15]: pass  23119
opsum[1][6][0]: pass -10531
opsum[1][6][1]: pass -11415
opsum[1][6][2]: pass   8828
opsum[1][6][3]: pass  39488
opsum[1][6][4]: pass  55436
opsum[1][6][5]: pass -78206
opsum[1][6][6]: pass -42039
opsum[1][6][7]: pass -11251
opsum[1][6][8]: pass -61160
opsum[1][6][9]: pass   6646
opsum[1][6][10]: pass -78344
opsum[1][6][11]: pass  60410
opsum[1][6][12]: pass   3486
opsum[1][6][13]: pass -26034
opsum[1][6][14]: pass   9654
opsum[1][6][15]: pass -36153
opsum[1][7][0]: pass  20127
opsum[1][7][1]: pass  -9781
opsum[1][7][2]: pass  78368
opsum[1][7][3]: pass  -9044
opsum[1][7][4]: pass -35727
opsum[1][7][5]: pass -36407
opsum[1][7][6]: pass -19299
opsum[1][7][7]: pass -11422
opsum[1][7][8]: pass  32754
opsum[1][7][9]: pass  -9749
opsum[1][7][10]: pass -69435
opsum[1][7][11]: pass   -816
opsum[1][7][12]: pass -57814
opsum[1][7][13]: pass  16825
opsum[1][7][14]: pass -18783
opsum[1][7][15]: pass  -9485
opsum[1][8][0]: pass   4993
opsum[1][8][1]: pass -29994
opsum[1][8][2]: pass  26968
opsum[1][8][3]: pass  29711
opsum[1][8][4]: pass  20353
opsum[1][8][5]: pass -83447
opsum[1][8][6]: pass  -4105
opsum[1][8][7]: pass -51687
opsum[1][8][8]: pass  21534
opsum[1][8][9]: pass  76649
opsum[1][8][10]: pass -38927
opsum[1][8][11]: pass -66002
opsum[1][8][12]: pass  22765
opsum[1][8][13]: pass  -9980
opsum[1][8][14]: pass -10826
opsum[1][8][15]: pass  15419
opsum[1][9][0]: pass  19590
opsum[1][9][1]: pass -19797
opsum[1][9][2]: pass -33436
opsum[1][9][3]: pass  64284
opsum[1][9][4]: pass  71405
opsum[1][9][5]: pass -78044
opsum[1][9][6]: pass  13487
opsum[1][9][7]: pass -41817
opsum[1][9][8]: pass  -3292
opsum[1][9][9]: pass  51004
opsum[1][9][10]: pass  14643
opsum[1][9][11]: pass  55450
opsum[1][9][12]: pass  27752
opsum[1][9][13]: pass -13109
opsum[1][9][14]: pass  54503
opsum[1][9][15]: pass -12611
opsum[1][10][0]: pass -11107
opsum[1][10][1]: pass -49916
opsum[1][10][2]: pass  44603
opsum[1][10][3]: pass  37408
opsum[1][10][4]: pass  98702
opsum[1][10][5]: pass  11875
opsum[1][10][6]: pass  10933
opsum[1][10][7]: pass -71169
opsum[1][10][8]: pass -30101
opsum[1][10][9]: pass  38042
opsum[1][10][10]: pass -105226
opsum[1][10][11]: pass  28087
opsum[1][10][12]: pass  46166
opsum[1][10][13]: pass   -950
opsum[1][10][14]: pass  45327
opsum[1][10][15]: pass -12581
opsum[1][11][0]: pass  -2225
opsum[1][11][1]: pass  21397
opsum[1][11][2]: pass  62889
opsum[1][11][3]: pass -74320
opsum[1][11][4]: pass  69409
opsum[1][11][5]: pass -75631
opsum[1][11][6]: pass   5265
opsum[1][11][7]: pass -37344
opsum[1][11][8]: pass  66035
opsum[1][11][9]: pass -24176
opsum[1][11][10]: pass -14984
opsum[1][11][11]: pass -35851
opsum[1][11][12]: pass  28768
opsum[1][11][13]: pass  39931
opsum[1][11][14]: pass -47804
opsum[1][11][15]: pass  -9634
opsum[1][12][0]: pass -10282
opsum[1][12][1]: pass -66007
opsum[1][12][2]: pass  17237
opsum[1][12][3]: pass -20714
opsum[1][12][4]: pass  62035
opsum[1][12][5]: pass -89828
opsum[1][12][6]: pass  42152
opsum[1][12][7]: pass  56630
opsum[1][12][8]: pass -48411
opsum[1][12][9]: pass  51538
opsum[1][12][10]: pass -18093
opsum[1][12][11]: pass  56420
opsum[1][12][12]: pass  -1790
opsum[1][12][13]: pass  56921
opsum[1][12][14]: pass  45573
opsum[1][12][15]: pass   4723
opsum[1][13][0]: pass -13091
opsum[1][13][1]: pass  20061
opsum[1][13][2]: pass  30509
opsum[1][13][3]: pass -33374
opsum[1][13][4]: pass  35775
opsum[1][13][5]: pass   3453
opsum[1][13][6]: pass  18621
opsum[1][13][7]: pass -61883
opsum[1][13][8]: pass -51897
opsum[1][13][9]: pass -35056
opsum[1][13][10]: pass -87137
opsum[1][13][11]: pass  60998
opsum[1][13][12]: pass -75374
opsum[1][13][13]: pass -43656
opsum[1][13][14]: pass  47165
opsum[1][13][15]: pass -67579
opsum[1][14][0]: pass  -5244
opsum[1][14][1]: pass -78623
opsum[1][14][2]: pass -25831
opsum[1][14][3]: pass  45336
opsum[1][14][4]: pass  41197
opsum[1][14][5]: pass -76774
opsum[1][14][6]: pass  62321
opsum[1][14][7]: pass -69207
opsum[1][14][8]: pass -57475
opsum[1][14][9]: pass  74684
opsum[1][14][10]: pass -63725
opsum[1][14][11]: pass -19072
opsum[1][14][12]: pass   9442
opsum[1][14][13]: pass -19554
opsum[1][14][14]: pass -28997
opsum[1][14][15]: pass -29534
opsum[1][15][0]: pass -45112
opsum[1][15][1]: pass  22370
opsum[1][15][2]: pass  14674
opsum[1][15][3]: pass -55233
opsum[1][15][4]: pass  23948
opsum[1][15][5]: pass -45082
opsum[1][15][6]: pass  41953
opsum[1][15][7]: pass   8622
opsum[1][15][8]: pass -22957
opsum[1][15][9]: pass    976
opsum[1][15][10]: pass -43420
opsum[1][15][11]: pass -52061
opsum[1][15][12]: pass -78236
opsum[1][15][13]: pass  66839
opsum[1][15][14]: pass -16499
opsum[1][15][15]: pass -45572
opsum[2][0][0]: pass -12421
opsum[2][0][1]: pass -29992
opsum[2][0][2]: pass  52175
opsum[2][0][3]: pass -75052
opsum[2][0][4]: pass  28579
opsum[2][0][5]: pass -29991
opsum[2][0][6]: pass -16199
opsum[2][0][7]: pass  68602
opsum[2][0][8]: pass -77235
opsum[2][0][9]: pass -26684
opsum[2][0][10]: pass -23461
opsum[2][0][11]: pass -47004
opsum[2][0][12]: pass -75006
opsum[2][0][13]: pass   3613
opsum[2][0][14]: pass  60421
opsum[2][0][15]: pass   5776
opsum[2][1][0]: pass -64149
opsum[2][1][1]: pass -35807
opsum[2][1][2]: pass  84785
opsum[2][1][3]: pass  78127
opsum[2][1][4]: pass -47929
opsum[2][1][5]: pass -75010
opsum[2][1][6]: pass  46508
opsum[2][1][7]: pass -43493
opsum[2][1][8]: pass -31746
opsum[2][1][9]: pass  59839
opsum[2][1][10]: pass -60234
opsum[2][1][11]: pass  28875
opsum[2][1][12]: pass -79744
opsum[2][1][13]: pass -60869
opsum[2][1][14]: pass  39032
opsum[2][1][15]: pass -34245
opsum[2][2][0]: pass  36368
opsum[2][2][1]: pass  44765
opsum[2][2][2]: pass -15482
opsum[2][2][3]: pass -31926
opsum[2][2][4]: pass -47193
opsum[2][2][5]: pass -13281
opsum[2][2][6]: pass  54120
opsum[2][2][7]: pass -35247
opsum[2][2][8]: pass  68827
opsum[2][2][9]: pass  -4241
opsum[2][2][10]: pass -87617
opsum[2][2][11]: pass -37130
opsum[2][2][12]: pass  54115
opsum[2][2][13]: pass  35974
opsum[2][2][14]: pass  57626
opsum[2][2][15]: pass -79925
opsum[2][3][0]: pass -22486
opsum[2][3][1]: pass -52950
opsum[2][3][2]: pass  46882
opsum[2][3][3]: pass  -5739
opsum[2][3][4]: pass  30702
opsum[2][3][5]: pass -97688
opsum[2][3][6]: pass  11516
opsum[2][3][7]: pass  15741
opsum[2][3][8]: pass   3098
opsum[2][3][9]: pass  66342
opsum[2][3][10]: pass -56659
opsum[2][3][11]: pass -24414
opsum[2][3][12]: pass -59799
opsum[2][3][13]: pass  43589
opsum[2][3][14]: pass -25915
opsum[2][3][15]: pass  34373
opsum[2][4][0]: pass   5006
opsum[2][4][1]: pass    683
opsum[2][4][2]: pass  96545
opsum[2][4][3]: pass   9386
opsum[2][4][4]: pass  38214
opsum[2][4][5]: pass   3781
opsum[2][4][6]: pass   5918
opsum[2][4][7]: pass -32727
opsum[2][4][8]: pass  22136
opsum[2][4][9]: pass   8682
opsum[2][4][10]: pass  -3717
opsum[2][4][11]: pass  67246
opsum[2][4][12]: pass -44201
opsum[2][4][13]: pass  34891
opsum[2][4][14]: pass -31579
opsum[2][4][15]: pass  -2322
opsum[2][5][0]: pass -34202
opsum[2][5][1]: pass -83540
opsum[2][5][2]: pass -39480
opsum[2][5][3]: pass  75150
opsum[2][5][4]: pass -32833
opsum[2][5][5]: pass -80051
opsum[2][5][6]: pass  53273
opsum[2][5][7]: pass  24112
opsum[2][5][8]: pass -38248
opsum[2][5][9]: pass -13925
opsum[2][5][10]: pass -28664
opsum[2][5][11]: pass  39023
opsum[2][5][12]: pass -64373
opsum[2][5][13]: pass  61739
opsum[2][5][14]: pass   2799
opsum[2][5][15]: pass  41772
opsum[2][6][0]: pass -68877
opsum[2][6][1]: pass  14421
opsum[2][6][2]: pass   8813
opsum[2][6][3]: pass  62379
opsum[2][6][4]: pass  17233
opsum[2][6][5]: pass   8442
opsum[2][6][6]: pass  75030
opsum[2][6][7]: pass  38120
opsum[2][6][8]: pass  55175
opsum[2][6][9]: pass  70919
opsum[2][6][10]: pass -28523
opsum[2][6][11]: pass  47711
opsum[2][6][12]: pass -58802
opsum[2][6][13]: pass  52194
opsum[2][6][14]: pass -72518
opsum[2][6][15]: pass  15274
opsum[2][7][0]: pass  45199
opsum[2][7][1]: pass  20258
opsum[2][7][2]: pass  92443
opsum[2][7][3]: pass -33872
opsum[2][7][4]: pass  92545
opsum[2][7][5]: pass   3072
opsum[2][7][6]: pass  20906
opsum[2][7][7]: pass -30799
opsum[2][7][8]: pass -14809
opsum[2][7][9]: pass 106807
opsum[2][7][10]: pass  -1726
opsum[2][7][11]: pass -33815
opsum[2][7][12]: pass -65983
opsum[2][7][13]: pass  44823
opsum[2][7][14]: pass -35065
opsum[2][7][15]: pass -30341
opsum[2][8][0]: pass  67860
opsum[2][8][1]: pass -28911
opsum[2][8][2]: pass -46420
opsum[2][8][3]: pass  27131
opsum[2][8][4]: pass  -8226
opsum[2][8][5]: pass -82105
opsum[2][8][6]: pass  23772
opsum[2][8][7]: pass  49529
opsum[2][8][8]: pass -56845
opsum[2][8][9]: pass   4156
opsum[2][8][10]: pass -30080
opsum[2][8][11]: pass -22294
opsum[2][8][12]: pass  -3177
opsum[2][8][13]: pass  85958
opsum[2][8][14]: pass  54921
opsum[2][8][15]: pass -29888
opsum[2][9][0]: pass  26062
opsum[2][9][1]: pass -32303
opsum[2][9][2]: pass   2327
opsum[2][9][3]: pass  -3288
opsum[2][9][4]: pass  14458
opsum[2][9][5]: pass -56782
opsum[2][9][6]: pass  -4624
opsum[2][9][7]: pass -65977
opsum[2][9][8]: pass -37630
opsum[2][9][9]: pass  38183
opsum[2][9][10]: pass   1399
opsum[2][9][11]: pass  51627
opsum[2][9][12]: pass  27447
opsum[2][9][13]: pass  63721
opsum[2][9][14]: pass  52611
opsum[2][9][15]: pass   8448
opsum[2][10][0]: pass -66882
opsum[2][10][1]: pass -94404
opsum[2][10][2]: pass  19775
opsum[2][10][3]: pass   3366
opsum[2][10][4]: pass -12702
opsum[2][10][5]: pass -81047
opsum[2][10][6]: pass -26434
opsum[2][10][7]: pass -38012
opsum[2][10][8]: pass  13243
opsum[2][10][9]: pass  40301
opsum[2][10][10]: pass  -7683
opsum[2][10][11]: pass -37808
opsum[2][10][12]: pass -73159
opsum[2][10][13]: pass -62069
opsum[2][10][14]: pass -67285
opsum[2][10][15]: pass   -164
opsum[2][11][0]: pass  67978
opsum[2][11][1]: pass   7939
opsum[2][11][2]: pass   1422
opsum[2][11][3]: pass  47476
opsum[2][11][4]: pass  57735
opsum[2][11][5]: pass -66591
opsum[2][11][6]: pass -18426
opsum[2][11][7]: pass  15526
opsum[2][11][8]: pass -44957
opsum[2][11][9]: pass  61972
opsum[2][11][10]: pass -34852
opsum[2][11][11]: pass  26264
opsum[2][11][12]: pass -11241
opsum[2][11][13]: pass -27673
opsum[2][11][14]: pass  69591
opsum[2][11][15]: pass -63715
opsum[2][12][0]: pass -27942
opsum[2][12][1]: pass -14255
opsum[2][12][2]: pass -54277
opsum[2][12][3]: pass    103
opsum[2][12][4]: pass  33849
opsum[2][12][5]: pass -70173
opsum[2][12][6]: pass   -255
opsum[2][12][7]: pass  -4923
opsum[2][12][8]: pass   4491
opsum[2][12][9]: pass   1938
opsum[2][12][10]: pass -50000
opsum[2][12][11]: pass  63965
opsum[2][12][12]: pass  17625
opsum[2][12][13]: pass  41315
opsum[2][12][14]: pass -30751
opsum[2][12][15]: pass -39452
opsum[2][13][0]: pass  36146
opsum[2][13][1]: pass -68017
opsum[2][13][2]: pass  32720
opsum[2][13][3]: pass -43768
opsum[2][13][4]: pass  41589
opsum[2][13][5]: pass -101177
opsum[2][13][6]: pass -35217
opsum[2][13][7]: pass -42385
opsum[2][13][8]: pass -42859
opsum[2][13][9]: pass  11158
opsum[2][13][10]: pass -39795
opsum[2][13][11]: pass  45031
opsum[2][13][12]: pass  17270
opsum[2][13][13]: pass -16967
opsum[2][13][14]: pass -78507
opsum[2][13][15]: pass -22424
opsum[2][14][0]: pass  11302
opsum[2][14][1]: pass -52553
opsum[2][14][2]: pass  90604
opsum[2][14][3]: pass  39805
opsum[2][14][4]: pass   8213
opsum[2][14][5]: pass -59818
opsum[2][14][6]: pass  72480
opsum[2][14][7]: pass -63104
opsum[2][14][8]: pass -33409
opsum[2][14][9]: pass  79662
opsum[2][14][10]: pass  -4394
opsum[2][14][11]: pass  12004
opsum[2][14][12]: pass -77758
opsum[2][14][13]: pass -39363
opsum[2][14][14]: pass -34027
opsum[2][14][15]: pass -62833
opsum[2][15][0]: pass  36995
opsum[2][15][1]: pass -96840
opsum[2][15][2]: pass -11069
opsum[2][15][3]: pass -17249
opsum[2][15][4]: pass  35881
opsum[2][15][5]: pass -52769
opsum[2][15][6]: pass  27561
opsum[2][15][7]: pass  30111
opsum[2][15][8]: pass -79906
opsum[2][15][9]: pass  84445
opsum[2][15][10]: pass -80610
opsum[2][15][11]: pass -31573
opsum[2][15][12]: pass  42066
opsum[2][15][13]: pass  34246
opsum[2][15][14]: pass -21990
opsum[2][15][15]: pass -19101
opsum[3][0][0]: pass -52425
opsum[3][0][1]: pass  13501
opsum[3][0][2]: pass  55196
opsum[3][0][3]: pass  42023
opsum[3][0][4]: pass -51108
opsum[3][0][5]: pass -51179
opsum[3][0][6]: pass  59587
opsum[3][0][7]: pass  37572
opsum[3][0][8]: pass  42789
opsum[3][0][9]: pass  52895
opsum[3][0][10]: pass -30311
opsum[3][0][11]: pass  -2469
opsum[3][0][12]: pass -11727
opsum[3][0][13]: pass  96220
opsum[3][0][14]: pass  39734
opsum[3][0][15]: pass -20274
opsum[3][1][0]: pass -35128
opsum[3][1][1]: pass -64317
opsum[3][1][2]: pass  25762
opsum[3][1][3]: pass  51187
opsum[3][1][4]: pass  38388
opsum[3][1][5]: pass -20146
opsum[3][1][6]: pass  90630
opsum[3][1][7]: pass  38795
opsum[3][1][8]: pass  37663
opsum[3][1][9]: pass -28285
opsum[3][1][10]: pass -43170
opsum[3][1][11]: pass  57310
opsum[3][1][12]: pass -70139
opsum[3][1][13]: pass  50330
opsum[3][1][14]: pass  20479
opsum[3][1][15]: pass -27386
opsum[3][2][0]: pass -15390
opsum[3][2][1]: pass -74102
opsum[3][2][2]: pass -45437
opsum[3][2][3]: pass -53752
opsum[3][2][4]: pass -54607
opsum[3][2][5]: pass  31676
opsum[3][2][6]: pass  71829
opsum[3][2][7]: pass -57374
opsum[3][2][8]: pass -21322
opsum[3][2][9]: pass  25204
opsum[3][2][10]: pass -90917
opsum[3][2][11]: pass   8223
opsum[3][2][12]: pass  46220
opsum[3][2][13]: pass   1863
opsum[3][2][14]: pass  42872
opsum[3][2][15]: pass -49165
opsum[3][3][0]: pass  29432
opsum[3][3][1]: pass -21968
opsum[3][3][2]: pass 101205
opsum[3][3][3]: pass  40291
opsum[3][3][4]: pass  -4267
opsum[3][3][5]: pass -39215
opsum[3][3][6]: pass -28993
opsum[3][3][7]: pass -62453
opsum[3][3][8]: pass  41044
opsum[3][3][9]: pass  91313
opsum[3][3][10]: pass -48090
opsum[3][3][11]: pass -33443
opsum[3][3][12]: pass -55363
opsum[3][3][13]: pass  59882
opsum[3][3][14]: pass -46366
opsum[3][3][15]: pass -10368
opsum[3][4][0]: pass -53539
opsum[3][4][1]: pass -22144
opsum[3][4][2]: pass   9024
opsum[3][4][3]: pass  -2160
opsum[3][4][4]: pass  75599
opsum[3][4][5]: pass -86559
opsum[3][4][6]: pass  25062
opsum[3][4][7]: pass  26774
opsum[3][4][8]: pass  56145
opsum[3][4][9]: pass  17088
opsum[3][4][10]: pass -80094
opsum[3][4][11]: pass  26984
opsum[3][4][12]: pass  -2495
opsum[3][4][13]: pass  35064
opsum[3][4][14]: pass -69051
opsum[3][4][15]: pass -74121
opsum[3][5][0]: pass   9686
opsum[3][5][1]: pass -47531
opsum[3][5][2]: pass  -7930
opsum[3][5][3]: pass  30739
opsum[3][5][4]: pass -28971
opsum[3][5][5]: pass  18687
opsum[3][5][6]: pass 102087
opsum[3][5][7]: pass -73320
opsum[3][5][8]: pass  -4388
opsum[3][5][9]: pass  12584
opsum[3][5][10]: pass -58451
opsum[3][5][11]: pass -21900
opsum[3][5][12]: pass -60407
opsum[3][5][13]: pass -10599
opsum[3][5][14]: pass -46848
opsum[3][5][15]: pass  20562
opsum[3][6][0]: pass -66082
opsum[3][6][1]: pass -54976
opsum[3][6][2]: pass  30934
opsum[3][6][3]: pass  58128
opsum[3][6][4]: pass -37134
opsum[3][6][5]: pass -27123
opsum[3][6][6]: pass  12115
opsum[3][6][7]: pass   4226
opsum[3][6][8]: pass  -2169
opsum[3][6][9]: pass  40445
opsum[3][6][10]: pass -102113
opsum[3][6][11]: pass  46737
opsum[3][6][12]: pass -80662
opsum[3][6][13]: pass  53965
opsum[3][6][14]: pass  21311
opsum[3][6][15]: pass -49788
opsum[3][7][0]: pass  37957
opsum[3][7][1]: pass -92578
opsum[3][7][2]: pass  87770
opsum[3][7][3]: pass -36284
opsum[3][7][4]: pass  -8215
opsum[3][7][5]: pass -39422
opsum[3][7][6]: pass  66044
opsum[3][7][7]: pass  -3094
opsum[3][7][8]: pass -72455
opsum[3][7][9]: pass  59309
opsum[3][7][10]: pass -28201
opsum[3][7][11]: pass  40875
opsum[3][7][12]: pass -29418
opsum[3][7][13]: pass   -360
opsum[3][7][14]: pass  27317
opsum[3][7][15]: pass  19439
opsum[3][8][0]: pass -86509
opsum[3][8][1]: pass  80551
opsum[3][8][2]: pass -14145
opsum[3][8][3]: pass  -7563
opsum[3][8][4]: pass  -9924
opsum[3][8][5]: pass -19055
opsum[3][8][6]: pass  32953
opsum[3][8][7]: pass -21954
opsum[3][8][8]: pass -25084
opsum[3][8][9]: pass -19713
opsum[3][8][10]: pass   5612
opsum[3][8][11]: pass  -2904
opsum[3][8][12]: pass -16163
opsum[3][8][13]: pass  -3214
opsum[3][8][14]: pass   8853
opsum[3][8][15]: pass -60312
opsum[3][9][0]: pass -30843
opsum[3][9][1]: pass -28656
opsum[3][9][2]: pass 104104
opsum[3][9][3]: pass -82163
opsum[3][9][4]: pass  61626
opsum[3][9][5]: pass -72716
opsum[3][9][6]: pass  10725
opsum[3][9][7]: pass -20599
opsum[3][9][8]: pass -23905
opsum[3][9][9]: pass -31080
opsum[3][9][10]: pass -60269
opsum[3][9][11]: pass -41666
opsum[3][9][12]: pass -87535
opsum[3][9][13]: pass  41654
opsum[3][9][14]: pass  -8020
opsum[3][9][15]: pass   2993
opsum[3][10][0]: pass -25183
opsum[3][10][1]: pass -57332
opsum[3][10][2]: pass  50278
opsum[3][10][3]: pass  54782
opsum[3][10][4]: pass -32736
opsum[3][10][5]: pass  -1714
opsum[3][10][6]: pass -19515
opsum[3][10][7]: pass -22041
opsum[3][10][8]: pass -19774
opsum[3][10][9]: pass -29754
opsum[3][10][10]: pass  13076
opsum[3][10][11]: pass -50492
opsum[3][10][12]: pass -25686
opsum[3][10][13]: pass  22976
opsum[3][10][14]: pass  53638
opsum[3][10][15]: pass -52169
opsum[3][11][0]: pass -42519
opsum[3][11][1]: pass -74444
opsum[3][11][2]: pass  77651
opsum[3][11][3]: pass   1704
opsum[3][11][4]: pass -18204
opsum[3][11][5]: pass -50390
opsum[3][11][6]: pass -37302
opsum[3][11][7]: pass -54826
opsum[3][11][8]: pass -95949
opsum[3][11][9]: pass -14866
opsum[3][11][10]: pass -54706
opsum[3][11][11]: pass  11867
opsum[3][11][12]: pass -52566
opsum[3][11][13]: pass  53025
opsum[3][11][14]: pass -13313
opsum[3][11][15]: pass  28129
opsum[3][12][0]: pass  13420
opsum[3][12][1]: pass  27493
opsum[3][12][2]: pass  52944
opsum[3][12][3]: pass  52115
opsum[3][12][4]: pass  23139
opsum[3][12][5]: pass -84909
opsum[3][12][6]: pass  42264
opsum[3][12][7]: pass  -9841
opsum[3][12][8]: pass -53581
opsum[3][12][9]: pass  26612
opsum[3][12][10]: pass -34148
opsum[3][12][11]: pass -20065
opsum[3][12][12]: pass  14563
opsum[3][12][13]: pass  32766
opsum[3][12][14]: pass -60195
opsum[3][12][15]: pass -17318
opsum[3][13][0]: pass -68194
opsum[3][13][1]: pass -46693
opsum[3][13][2]: pass  88108
opsum[3][13][3]: pass  36499
opsum[3][13][4]: pass  -5997
opsum[3][13][5]: pass -88882
opsum[3][13][6]: pass  90844
opsum[3][13][7]: pass -30304
opsum[3][13][8]: pass -22165
opsum[3][13][9]: pass -49584
opsum[3][13][10]: pass  -6408
opsum[3][13][11]: pass  -9777
opsum[3][13][12]: pass  10129
opsum[3][13][13]: pass -31428
opsum[3][13][14]: pass -50340
opsum[3][13][15]: pass -42955
opsum[3][14][0]: pass   8006
opsum[3][14][1]: pass  33202
opsum[3][14][2]: pass   4011
opsum[3][14][3]: pass  92333
opsum[3][14][4]: pass  27798
opsum[3][14][5]: pass -11703
opsum[3][14][6]: pass  60070
opsum[3][14][7]: pass -50670
opsum[3][14][8]: pass  56404
opsum[3][14][9]: pass  28555
opsum[3][14][10]: pass -16326
opsum[3][14][11]: pass  17126
opsum[3][14][12]: pass -44376
opsum[3][14][13]: pass -44340
opsum[3][14][14]: pass -15963
opsum[3][14][15]: pass -45975
opsum[3][15][0]: pass   1927
opsum[3][15][1]: pass -57590
opsum[3][15][2]: pass -18941
opsum[3][15][3]: pass  57860
opsum[3][15][4]: pass -14530
opsum[3][15][5]: pass -118548
opsum[3][15][6]: pass  11695
opsum[3][15][7]: pass -19805
opsum[3][15][8]: pass -62507
opsum[3][15][9]: pass  27933
opsum[3][15][10]: pass -12172
opsum[3][15][11]: pass -50577
opsum[3][15][12]: pass  33043
opsum[3][15][13]: pass  54857
opsum[3][15][14]: pass     87
opsum[3][15][15]: pass -62089

=====================================================================================
||     ________   ___   ________           ___        ________   ________          ||
||    |\   __  \ |\  \ |\   ____\         |\  \      |\   __  \ |\   __  \         ||
||    \ \  \|\  \\ \  \\ \  \___|_        \ \  \     \ \  \|\  \\ \  \|\ /_        ||
||     \ \   __  \\ \  \\ \_____  \        \ \  \     \ \   __  \\ \   __  \       ||
||      \ \  \ \  \\ \  \\|____|\  \        \ \  \____ \ \  \ \  \\ \  \|\  \      ||
||       \ \__\ \__\\ \__\ ____\_\  \        \ \_______\\ \__\ \__\\ \_______\     ||
||        \|__|\|__| \|__||\_________\        \|_______| \|__|\|__| \|_______|     ||
||                        \|_________|                                             ||
||                                                                                 ||
=====================================================================================

 ___                                                                           ___
( _ )                                                                         ( _ )
 | |~~~~~~~~~~~~~~~~~~~~~~~~~~~~~~~~~~~~~~~~~~~~~~~~~~~~~~~~~~~~~~~~~~~~~~~~~~~| |
 | |  _____ _                 _       _   _              ______             _  | |
 | | /  ___(_)               | |     | | (_)             | ___ \           | | | |
 | | \ `--. _ _ __ ___  _   _| | __ _| |_ _  ___  _ __   | |_/ /_ _ ___ ___| | | |
 | |  `--. \ | '_ ` _ \| | | | |/ _` | __| |/ _ \| '_ \  |  __/ _` / __/ __| | | |
 | | /\__/ / | | | | | | |_| | | (_| | |_| | (_) | | | | | | | (_| \__ \__ \_| | |
 | | \____/|_|_| |_| |_|\__,_|_|\__,_|\__|_|\___/|_| |_| \_|  \__,_|___/___(_) | |
 | |                                                                           | |
 |_|~~~~~~~~~~~~~~~~~~~~~~~~~~~~~~~~~~~~~~~~~~~~~~~~~~~~~~~~~~~~~~~~~~~~~~~~~~~|_|
(___)                                                                         (___)
Simulation time: 5354 cycles
