opsum[0][0][0]: pass  10939
opsum[0][0][1]: pass   6539
opsum[0][0][2]: pass -50720
opsum[0][0][3]: pass -38217
opsum[0][0][4]: pass  69404
opsum[0][0][5]: pass   8663
opsum[0][0][6]: pass -91121
opsum[0][0][7]: pass -30111
opsum[0][1][0]: pass  18342
opsum[0][1][1]: pass -100345
opsum[0][1][2]: pass  -3486
opsum[0][1][3]: pass -49057
opsum[0][1][4]: pass -45364
opsum[0][1][5]: pass 120249
opsum[0][1][6]: pass -48021
opsum[0][1][7]: pass  74638
opsum[0][2][0]: pass -35516
opsum[0][2][1]: pass   3198
opsum[0][2][2]: pass   6789
opsum[0][2][3]: pass -16063
opsum[0][2][4]: pass -48474
opsum[0][2][5]: pass -63290
opsum[0][2][6]: pass  36292
opsum[0][2][7]: pass  59063
opsum[0][3][0]: pass  84564
opsum[0][3][1]: pass -14967
opsum[0][3][2]: pass -25754
opsum[0][3][3]: pass -32160
opsum[0][3][4]: pass -77772
opsum[0][3][5]: pass   1082
opsum[0][3][6]: pass -75559
opsum[0][3][7]: pass -101059
opsum[0][4][0]: pass  32635
opsum[0][4][1]: pass  42657
opsum[0][4][2]: pass  51468
opsum[0][4][3]: pass 114167
opsum[0][4][4]: pass -16426
opsum[0][4][5]: pass -19858
opsum[0][4][6]: pass  24297
opsum[0][4][7]: pass  26107
opsum[0][5][0]: pass  -1998
opsum[0][5][1]: pass -44649
opsum[0][5][2]: pass -79051
opsum[0][5][3]: pass -39455
opsum[0][5][4]: pass  45591
opsum[0][5][5]: pass   -891
opsum[0][5][6]: pass 126356
opsum[0][5][7]: pass  87829
opsum[0][6][0]: pass  38980
opsum[0][6][1]: pass -60310
opsum[0][6][2]: pass  26216
opsum[0][6][3]: pass -78914
opsum[0][6][4]: pass -55170
opsum[0][6][5]: pass -18446
opsum[0][6][6]: pass   9570
opsum[0][6][7]: pass -16993
opsum[0][7][0]: pass -59235
opsum[0][7][1]: pass  -3912
opsum[0][7][2]: pass  13225
opsum[0][7][3]: pass -67951
opsum[0][7][4]: pass -38860
opsum[0][7][5]: pass -29787
opsum[0][7][6]: pass  13027
opsum[0][7][7]: pass  29634
opsum[0][8][0]: pass  63764
opsum[0][8][1]: pass 129222
opsum[0][8][2]: pass -84368
opsum[0][8][3]: pass  56894
opsum[0][8][4]: pass  45080
opsum[0][8][5]: pass -22565
opsum[0][8][6]: pass -62726
opsum[0][8][7]: pass -38881
opsum[0][9][0]: pass  90733
opsum[0][9][1]: pass  33645
opsum[0][9][2]: pass  -1849
opsum[0][9][3]: pass -53413
opsum[0][9][4]: pass  53457
opsum[0][9][5]: pass  45954
opsum[0][9][6]: pass   2904
opsum[0][9][7]: pass  18058
opsum[0][10][0]: pass  13730
opsum[0][10][1]: pass  17815
opsum[0][10][2]: pass -18435
opsum[0][10][3]: pass  26592
opsum[0][10][4]: pass   9066
opsum[0][10][5]: pass -102143
opsum[0][10][6]: pass   5661
opsum[0][10][7]: pass  35551
opsum[0][11][0]: pass -68561
opsum[0][11][1]: pass    831
opsum[0][11][2]: pass -95628
opsum[0][11][3]: pass -12897
opsum[0][11][4]: pass  18951
opsum[0][11][5]: pass  -9748
opsum[0][11][6]: pass  19557
opsum[0][11][7]: pass -41759
opsum[0][12][0]: pass  84021
opsum[0][12][1]: pass 138723
opsum[0][12][2]: pass  14123
opsum[0][12][3]: pass -32301
opsum[0][12][4]: pass  -5613
opsum[0][12][5]: pass -20812
opsum[0][12][6]: pass  23077
opsum[0][12][7]: pass -144092
opsum[0][13][0]: pass  42444
opsum[0][13][1]: pass 113064
opsum[0][13][2]: pass  54515
opsum[0][13][3]: pass -12444
opsum[0][13][4]: pass -74102
opsum[0][13][5]: pass -30624
opsum[0][13][6]: pass -56219
opsum[0][13][7]: pass -33949
opsum[0][14][0]: pass  25655
opsum[0][14][1]: pass  37116
opsum[0][14][2]: pass  73143
opsum[0][14][3]: pass  73222
opsum[0][14][4]: pass  55093
opsum[0][14][5]: pass  42328
opsum[0][14][6]: pass  29033
opsum[0][14][7]: pass  31636
opsum[0][15][0]: pass -17818
opsum[0][15][1]: pass  -2406
opsum[0][15][2]: pass  24299
opsum[0][15][3]: pass -33380
opsum[0][15][4]: pass  28768
opsum[0][15][5]: pass -22087
opsum[0][15][6]: pass  -2239
opsum[0][15][7]: pass  77560
opsum[1][0][0]: pass  90512
opsum[1][0][1]: pass  12882
opsum[1][0][2]: pass  70595
opsum[1][0][3]: pass -79959
opsum[1][0][4]: pass -75227
opsum[1][0][5]: pass 125567
opsum[1][0][6]: pass 122286
opsum[1][0][7]: pass -10064
opsum[1][1][0]: pass  39125
opsum[1][1][1]: pass  21300
opsum[1][1][2]: pass  18534
opsum[1][1][3]: pass   1786
opsum[1][1][4]: pass  73204
opsum[1][1][5]: pass  -5873
opsum[1][1][6]: pass  15384
opsum[1][1][7]: pass -64577
opsum[1][2][0]: pass -70516
opsum[1][2][1]: pass  42083
opsum[1][2][2]: pass  53893
opsum[1][2][3]: pass  90551
opsum[1][2][4]: pass -13089
opsum[1][2][5]: pass  89088
opsum[1][2][6]: pass -111563
opsum[1][2][7]: pass 107421
opsum[1][3][0]: pass -81691
opsum[1][3][1]: pass -58341
opsum[1][3][2]: pass  17314
opsum[1][3][3]: pass  32038
opsum[1][3][4]: pass   7249
opsum[1][3][5]: pass -82729
opsum[1][3][6]: pass 183229
opsum[1][3][7]: pass -17150
opsum[1][4][0]: pass  11072
opsum[1][4][1]: pass  59345
opsum[1][4][2]: pass  37496
opsum[1][4][3]: pass -22187
opsum[1][4][4]: pass  -4614
opsum[1][4][5]: pass  34304
opsum[1][4][6]: pass  59027
opsum[1][4][7]: pass  18892
opsum[1][5][0]: pass  17718
opsum[1][5][1]: pass -41327
opsum[1][5][2]: pass  -8440
opsum[1][5][3]: pass  33550
opsum[1][5][4]: pass -46161
opsum[1][5][5]: pass  93886
opsum[1][5][6]: pass  25352
opsum[1][5][7]: pass  34820
opsum[1][6][0]: pass  23977
opsum[1][6][1]: pass -64457
opsum[1][6][2]: pass 128904
opsum[1][6][3]: pass -15788
opsum[1][6][4]: pass -110522
opsum[1][6][5]: pass -47636
opsum[1][6][6]: pass  56230
opsum[1][6][7]: pass  40744
opsum[1][7][0]: pass  45769
opsum[1][7][1]: pass -80475
opsum[1][7][2]: pass -87673
opsum[1][7][3]: pass  78855
opsum[1][7][4]: pass -83669
opsum[1][7][5]: pass -55956
opsum[1][7][6]: pass -81792
opsum[1][7][7]: pass  49500
opsum[1][8][0]: pass -10304
opsum[1][8][1]: pass -15177
opsum[1][8][2]: pass  72184
opsum[1][8][3]: pass -89035
opsum[1][8][4]: pass  20833
opsum[1][8][5]: pass -224139
opsum[1][8][6]: pass  -3810
opsum[1][8][7]: pass  50300
opsum[1][9][0]: pass -66578
opsum[1][9][1]: pass -101762
opsum[1][9][2]: pass -112959
opsum[1][9][3]: pass  39508
opsum[1][9][4]: pass -40008
opsum[1][9][5]: pass -27926
opsum[1][9][6]: pass  -2743
opsum[1][9][7]: pass  50028
opsum[1][10][0]: pass -13644
opsum[1][10][1]: pass  -1901
opsum[1][10][2]: pass -66741
opsum[1][10][3]: pass  72504
opsum[1][10][4]: pass  69352
opsum[1][10][5]: pass -21155
opsum[1][10][6]: pass -72846
opsum[1][10][7]: pass -45743
opsum[1][11][0]: pass  -2199
opsum[1][11][1]: pass  14386
opsum[1][11][2]: pass -99306
opsum[1][11][3]: pass  10839
opsum[1][11][4]: pass 107470
opsum[1][11][5]: pass   2883
opsum[1][11][6]: pass -74664
opsum[1][11][7]: pass  47619
opsum[1][12][0]: pass -56832
opsum[1][12][1]: pass -92020
opsum[1][12][2]: pass  22491
opsum[1][12][3]: pass 100899
opsum[1][12][4]: pass -32484
opsum[1][12][5]: pass  13191
opsum[1][12][6]: pass  55014
opsum[1][12][7]: pass -28511
opsum[1][13][0]: pass  36174
opsum[1][13][1]: pass  65479
opsum[1][13][2]: pass 113145
opsum[1][13][3]: pass  20826
opsum[1][13][4]: pass -67216
opsum[1][13][5]: pass -80820
opsum[1][13][6]: pass -19266
opsum[1][13][7]: pass -47055
opsum[1][14][0]: pass -19637
opsum[1][14][1]: pass  45173
opsum[1][14][2]: pass  73754
opsum[1][14][3]: pass  27526
opsum[1][14][4]: pass -37635
opsum[1][14][5]: pass -95364
opsum[1][14][6]: pass   4614
opsum[1][14][7]: pass  56836
opsum[1][15][0]: pass -126388
opsum[1][15][1]: pass -47222
opsum[1][15][2]: pass -20507
opsum[1][15][3]: pass -10025
opsum[1][15][4]: pass 126922
opsum[1][15][5]: pass 103402
opsum[1][15][6]: pass -30967
opsum[1][15][7]: pass  10668
opsum[2][0][0]: pass 124171
opsum[2][0][1]: pass -55333
opsum[2][0][2]: pass  65886
opsum[2][0][3]: pass -12946
opsum[2][0][4]: pass -33729
opsum[2][0][5]: pass -19499
opsum[2][0][6]: pass  78612
opsum[2][0][7]: pass -39740
opsum[2][1][0]: pass  30623
opsum[2][1][1]: pass -93080
opsum[2][1][2]: pass 166132
opsum[2][1][3]: pass -34510
opsum[2][1][4]: pass -132459
opsum[2][1][5]: pass -177290
opsum[2][1][6]: pass  67976
opsum[2][1][7]: pass  44963
opsum[2][2][0]: pass -28653
opsum[2][2][1]: pass -85526
opsum[2][2][2]: pass -24660
opsum[2][2][3]: pass  86270
opsum[2][2][4]: pass  -3304
opsum[2][2][5]: pass    178
opsum[2][2][6]: pass    345
opsum[2][2][7]: pass  46178
opsum[2][3][0]: pass -31951
opsum[2][3][1]: pass  95273
opsum[2][3][2]: pass -14996
opsum[2][3][3]: pass  53637
opsum[2][3][4]: pass  -4543
opsum[2][3][5]: pass -21822
opsum[2][3][6]: pass -65255
opsum[2][3][7]: pass  56751
opsum[2][4][0]: pass -57682
opsum[2][4][1]: pass -10043
opsum[2][4][2]: pass -55596
opsum[2][4][3]: pass  -1807
opsum[2][4][4]: pass  -7073
opsum[2][4][5]: pass -24204
opsum[2][4][6]: pass  64194
opsum[2][4][7]: pass -70701
opsum[2][5][0]: pass  -3204
opsum[2][5][1]: pass  31385
opsum[2][5][2]: pass -79928
opsum[2][5][3]: pass  39255
opsum[2][5][4]: pass   2089
opsum[2][5][5]: pass  15097
opsum[2][5][6]: pass -109677
opsum[2][5][7]: pass -82321
opsum[2][6][0]: pass -10685
opsum[2][6][1]: pass  53451
opsum[2][6][2]: pass  47387
opsum[2][6][3]: pass -38680
opsum[2][6][4]: pass -14446
opsum[2][6][5]: pass -12066
opsum[2][6][6]: pass  70051
opsum[2][6][7]: pass -60841
opsum[2][7][0]: pass -25656
opsum[2][7][1]: pass -182634
opsum[2][7][2]: pass  14978
opsum[2][7][3]: pass  -5190
opsum[2][7][4]: pass -33875
opsum[2][7][5]: pass -49454
opsum[2][7][6]: pass -166270
opsum[2][7][7]: pass -55026
opsum[2][8][0]: pass -25870
opsum[2][8][1]: pass  25839
opsum[2][8][2]: pass -20426
opsum[2][8][3]: pass 102756
opsum[2][8][4]: pass -11286
opsum[2][8][5]: pass  38791
opsum[2][8][6]: pass  -6253
opsum[2][8][7]: pass 115335
opsum[2][9][0]: pass -53162
opsum[2][9][1]: pass -85291
opsum[2][9][2]: pass  -8743
opsum[2][9][3]: pass  49486
opsum[2][9][4]: pass  13865
opsum[2][9][5]: pass -50564
opsum[2][9][6]: pass  -8180
opsum[2][9][7]: pass  49695
opsum[2][10][0]: pass -64294
opsum[2][10][1]: pass  40115
opsum[2][10][2]: pass -64957
opsum[2][10][3]: pass  57124
opsum[2][10][4]: pass -19108
opsum[2][10][5]: pass  -3765
opsum[2][10][6]: pass  -3831
opsum[2][10][7]: pass -26276
opsum[2][11][0]: pass  23217
opsum[2][11][1]: pass  -7079
opsum[2][11][2]: pass -37721
opsum[2][11][3]: pass -69724
opsum[2][11][4]: pass  12234
opsum[2][11][5]: pass -62532
opsum[2][11][6]: pass  77824
opsum[2][11][7]: pass -33312
opsum[2][12][0]: pass   7897
opsum[2][12][1]: pass    758
opsum[2][12][2]: pass -60323
opsum[2][12][3]: pass   9298
opsum[2][12][4]: pass -33936
opsum[2][12][5]: pass  42266
opsum[2][12][6]: pass  32744
opsum[2][12][7]: pass -14889
opsum[2][13][0]: pass -87495
opsum[2][13][1]: pass  50502
opsum[2][13][2]: pass -80509
opsum[2][13][3]: pass  43189
opsum[2][13][4]: pass -31879
opsum[2][13][5]: pass  80046
opsum[2][13][6]: pass  76151
opsum[2][13][7]: pass -11089
opsum[2][14][0]: pass -44834
opsum[2][14][1]: pass   8115
opsum[2][14][2]: pass -43123
opsum[2][14][3]: pass -75954
opsum[2][14][4]: pass   3466
opsum[2][14][5]: pass -24304
opsum[2][14][6]: pass -11965
opsum[2][14][7]: pass 100914
opsum[2][15][0]: pass -52892
opsum[2][15][1]: pass  51129
opsum[2][15][2]: pass -142774
opsum[2][15][3]: pass  68595
opsum[2][15][4]: pass -21204
opsum[2][15][5]: pass  -9880
opsum[2][15][6]: pass -93997
opsum[2][15][7]: pass -70880
opsum[3][0][0]: pass  23982
opsum[3][0][1]: pass -16167
opsum[3][0][2]: pass -11723
opsum[3][0][3]: pass  62746
opsum[3][0][4]: pass -17620
opsum[3][0][5]: pass -52180
opsum[3][0][6]: pass -15224
opsum[3][0][7]: pass  93764
opsum[3][1][0]: pass -22070
opsum[3][1][1]: pass   3583
opsum[3][1][2]: pass -63571
opsum[3][1][3]: pass 109342
opsum[3][1][4]: pass -31257
opsum[3][1][5]: pass  26714
opsum[3][1][6]: pass -20394
opsum[3][1][7]: pass -32952
opsum[3][2][0]: pass -38507
opsum[3][2][1]: pass -43716
opsum[3][2][2]: pass  31932
opsum[3][2][3]: pass  34719
opsum[3][2][4]: pass 133412
opsum[3][2][5]: pass  -1910
opsum[3][2][6]: pass  19580
opsum[3][2][7]: pass -26134
opsum[3][3][0]: pass -27928
opsum[3][3][1]: pass  37524
opsum[3][3][2]: pass  -1044
opsum[3][3][3]: pass -37768
opsum[3][3][4]: pass  44419
opsum[3][3][5]: pass  36164
opsum[3][3][6]: pass -94408
opsum[3][3][7]: pass -54520
opsum[3][4][0]: pass -30298
opsum[3][4][1]: pass  58264
opsum[3][4][2]: pass -54012
opsum[3][4][3]: pass -26570
opsum[3][4][4]: pass -80993
opsum[3][4][5]: pass -34827
opsum[3][4][6]: pass -68900
opsum[3][4][7]: pass  97761
opsum[3][5][0]: pass  76996
opsum[3][5][1]: pass -29330
opsum[3][5][2]: pass   6169
opsum[3][5][3]: pass  41727
opsum[3][5][4]: pass 128527
opsum[3][5][5]: pass  62480
opsum[3][5][6]: pass -17654
opsum[3][5][7]: pass  22838
opsum[3][6][0]: pass 110313
opsum[3][6][1]: pass  78317
opsum[3][6][2]: pass   4940
opsum[3][6][3]: pass  16722
opsum[3][6][4]: pass  77689
opsum[3][6][5]: pass -51362
opsum[3][6][6]: pass -118197
opsum[3][6][7]: pass -54597
opsum[3][7][0]: pass  22446
opsum[3][7][1]: pass 102969
opsum[3][7][2]: pass  19167
opsum[3][7][3]: pass   7403
opsum[3][7][4]: pass  91465
opsum[3][7][5]: pass  63101
opsum[3][7][6]: pass  36719
opsum[3][7][7]: pass -125212
opsum[3][8][0]: pass   9217
opsum[3][8][1]: pass  -1162
opsum[3][8][2]: pass   5050
opsum[3][8][3]: pass -71996
opsum[3][8][4]: pass   4970
opsum[3][8][5]: pass  63665
opsum[3][8][6]: pass  11261
opsum[3][8][7]: pass  14690
opsum[3][9][0]: pass   9050
opsum[3][9][1]: pass -77403
opsum[3][9][2]: pass    578
opsum[3][9][3]: pass  58406
opsum[3][9][4]: pass  48079
opsum[3][9][5]: pass -31950
opsum[3][9][6]: pass   2564
opsum[3][9][7]: pass  95949
opsum[3][10][0]: pass -98619
opsum[3][10][1]: pass  52723
opsum[3][10][2]: pass -28661
opsum[3][10][3]: pass  90088
opsum[3][10][4]: pass -84883
opsum[3][10][5]: pass -46364
opsum[3][10][6]: pass -55040
opsum[3][10][7]: pass -26186
opsum[3][11][0]: pass -10995
opsum[3][11][1]: pass  93561
opsum[3][11][2]: pass  79160
opsum[3][11][3]: pass  27246
opsum[3][11][4]: pass  23461
opsum[3][11][5]: pass  40311
opsum[3][11][6]: pass  96287
opsum[3][11][7]: pass  67786
opsum[3][12][0]: pass  47829
opsum[3][12][1]: pass  61785
opsum[3][12][2]: pass  72906
opsum[3][12][3]: pass -72961
opsum[3][12][4]: pass -10246
opsum[3][12][5]: pass -30491
opsum[3][12][6]: pass  46680
opsum[3][12][7]: pass  -3080
opsum[3][13][0]: pass -81410
opsum[3][13][1]: pass -69517
opsum[3][13][2]: pass  62251
opsum[3][13][3]: pass -113188
opsum[3][13][4]: pass  69797
opsum[3][13][5]: pass  58999
opsum[3][13][6]: pass -49387
opsum[3][13][7]: pass -17182
opsum[3][14][0]: pass -12824
opsum[3][14][1]: pass -45189
opsum[3][14][2]: pass -96525
opsum[3][14][3]: pass -12871
opsum[3][14][4]: pass  -5483
opsum[3][14][5]: pass  -5578
opsum[3][14][6]: pass  10564
opsum[3][14][7]: pass  13714
opsum[3][15][0]: pass -22824
opsum[3][15][1]: pass -73624
opsum[3][15][2]: pass -90880
opsum[3][15][3]: pass  -8629
opsum[3][15][4]: pass -21080
opsum[3][15][5]: pass -40488
opsum[3][15][6]: pass   7126
opsum[3][15][7]: pass -106356

=====================================================================================
||     ________   ___   ________           ___        ________   ________          ||
||    |\   __  \ |\  \ |\   ____\         |\  \      |\   __  \ |\   __  \         ||
||    \ \  \|\  \\ \  \\ \  \___|_        \ \  \     \ \  \|\  \\ \  \|\ /_        ||
||     \ \   __  \\ \  \\ \_____  \        \ \  \     \ \   __  \\ \   __  \       ||
||      \ \  \ \  \\ \  \\|____|\  \        \ \  \____ \ \  \ \  \\ \  \|\  \      ||
||       \ \__\ \__\\ \__\ ____\_\  \        \ \_______\\ \__\ \__\\ \_______\     ||
||        \|__|\|__| \|__||\_________\        \|_______| \|__|\|__| \|_______|     ||
||                        \|_________|                                             ||
||                                                                                 ||
=====================================================================================

 ___                                                                           ___
( _ )                                                                         ( _ )
 | |~~~~~~~~~~~~~~~~~~~~~~~~~~~~~~~~~~~~~~~~~~~~~~~~~~~~~~~~~~~~~~~~~~~~~~~~~~~| |
 | |  _____ _                 _       _   _              ______             _  | |
 | | /  ___(_)               | |     | | (_)             | ___ \           | | | |
 | | \ `--. _ _ __ ___  _   _| | __ _| |_ _  ___  _ __   | |_/ /_ _ ___ ___| | | |
 | |  `--. \ | '_ ` _ \| | | | |/ _` | __| |/ _ \| '_ \  |  __/ _` / __/ __| | | |
 | | /\__/ / | | | | | | |_| | | (_| | |_| | (_) | | | | | | | (_| \__ \__ \_| | |
 | | \____/|_|_| |_| |_|\__,_|_|\__,_|\__|_|\___/|_| |_| \_|  \__,_|___/___(_) | |
 | |                                                                           | |
 |_|~~~~~~~~~~~~~~~~~~~~~~~~~~~~~~~~~~~~~~~~~~~~~~~~~~~~~~~~~~~~~~~~~~~~~~~~~~~|_|
(___)                                                                         (___)
Simulation time: 6987 cycles
