opsum[0][0][0]: pass -12621894
opsum[0][0][1]: pass -13050430
opsum[0][0][2]: pass -13479222
opsum[0][0][3]: pass 13526738
opsum[0][0][4]: pass 13097946
opsum[0][0][5]: pass 12669410
opsum[0][0][6]: pass 12240618
opsum[0][0][7]: pass 11812082
opsum[0][1][0]: pass -12209063
opsum[0][1][1]: pass -12623559
opsum[0][1][2]: pass -13038311
opsum[0][1][3]: pass 13083129
opsum[0][1][4]: pass 12668377
opsum[0][1][5]: pass 12253881
opsum[0][1][6]: pass 11839129
opsum[0][1][7]: pass 11424633
opsum[0][2][0]: pass -11796232
opsum[0][2][1]: pass -12196688
opsum[0][2][2]: pass -12597400
opsum[0][2][3]: pass 12639520
opsum[0][2][4]: pass 12238808
opsum[0][2][5]: pass 11838352
opsum[0][2][6]: pass 11437640
opsum[0][2][7]: pass 11037184
opsum[0][3][0]: pass -11383401
opsum[0][3][1]: pass -11769817
opsum[0][3][2]: pass -12156489
opsum[0][3][3]: pass 12195911
opsum[0][3][4]: pass 11809239
opsum[0][3][5]: pass 11422823
opsum[0][3][6]: pass 11036151
opsum[0][3][7]: pass 10649735
opsum[0][4][0]: pass -10970570
opsum[0][4][1]: pass -11342946
opsum[0][4][2]: pass -11715578
opsum[0][4][3]: pass 11752302
opsum[0][4][4]: pass 11379670
opsum[0][4][5]: pass 11007294
opsum[0][4][6]: pass 10634662
opsum[0][4][7]: pass 10262286
opsum[0][5][0]: pass -10557739
opsum[0][5][1]: pass -10916075
opsum[0][5][2]: pass -11274667
opsum[0][5][3]: pass 11308693
opsum[0][5][4]: pass 10950101
opsum[0][5][5]: pass 10591765
opsum[0][5][6]: pass 10233173
opsum[0][5][7]: pass 9874837
opsum[0][6][0]: pass -10144908
opsum[0][6][1]: pass -10489204
opsum[0][6][2]: pass -10833756
opsum[0][6][3]: pass 10865084
opsum[0][6][4]: pass 10520532
opsum[0][6][5]: pass 10176236
opsum[0][6][6]: pass 9831684
opsum[0][6][7]: pass 9487388
opsum[0][7][0]: pass -9732077
opsum[0][7][1]: pass -10062333
opsum[0][7][2]: pass -10392845
opsum[0][7][3]: pass 10421475
opsum[0][7][4]: pass 10090963
opsum[0][7][5]: pass 9760707
opsum[0][7][6]: pass 9430195
opsum[0][7][7]: pass 9099939
opsum[0][8][0]: pass -9319246
opsum[0][8][1]: pass -9635462
opsum[0][8][2]: pass -9951934
opsum[0][8][3]: pass 9977866
opsum[0][8][4]: pass 9661394
opsum[0][8][5]: pass 9345178
opsum[0][8][6]: pass 9028706
opsum[0][8][7]: pass 8712490
opsum[0][9][0]: pass -8906415
opsum[0][9][1]: pass -9208591
opsum[0][9][2]: pass -9511023
opsum[0][9][3]: pass 9534257
opsum[0][9][4]: pass 9231825
opsum[0][9][5]: pass 8929649
opsum[0][9][6]: pass 8627217
opsum[0][9][7]: pass 8325041
opsum[0][10][0]: pass -8493584
opsum[0][10][1]: pass -8781720
opsum[0][10][2]: pass -9070112
opsum[0][10][3]: pass 9090648
opsum[0][10][4]: pass 8802256
opsum[0][10][5]: pass 8514120
opsum[0][10][6]: pass 8225728
opsum[0][10][7]: pass 7937592
opsum[0][11][0]: pass -8080753
opsum[0][11][1]: pass -8354849
opsum[0][11][2]: pass -8629201
opsum[0][11][3]: pass 8647039
opsum[0][11][4]: pass 8372687
opsum[0][11][5]: pass 8098591
opsum[0][11][6]: pass 7824239
opsum[0][11][7]: pass 7550143
opsum[0][12][0]: pass -7667922
opsum[0][12][1]: pass -7927978
opsum[0][12][2]: pass -8188290
opsum[0][12][3]: pass 8203430
opsum[0][12][4]: pass 7943118
opsum[0][12][5]: pass 7683062
opsum[0][12][6]: pass 7422750
opsum[0][12][7]: pass 7162694
opsum[0][13][0]: pass -7255091
opsum[0][13][1]: pass -7501107
opsum[0][13][2]: pass -7747379
opsum[0][13][3]: pass 7759821
opsum[0][13][4]: pass 7513549
opsum[0][13][5]: pass 7267533
opsum[0][13][6]: pass 7021261
opsum[0][13][7]: pass 6775245
opsum[0][14][0]: pass -6842260
opsum[0][14][1]: pass -7074236
opsum[0][14][2]: pass -7306468
opsum[0][14][3]: pass 7316212
opsum[0][14][4]: pass 7083980
opsum[0][14][5]: pass 6852004
opsum[0][14][6]: pass 6619772
opsum[0][14][7]: pass 6387796
opsum[0][15][0]: pass -6429429
opsum[0][15][1]: pass -6647365
opsum[0][15][2]: pass -6865557
opsum[0][15][3]: pass 6872603
opsum[0][15][4]: pass 6654411
opsum[0][15][5]: pass 6436475
opsum[0][15][6]: pass 6218283
opsum[0][15][7]: pass 6000347
opsum[1][0][0]: pass -5190938
opsum[1][0][1]: pass -5366754
opsum[1][0][2]: pass -5542826
opsum[1][0][3]: pass 5541774
opsum[1][0][4]: pass 5365702
opsum[1][0][5]: pass 5189886
opsum[1][0][6]: pass 5013814
opsum[1][0][7]: pass 4837998
opsum[1][1][0]: pass -4778107
opsum[1][1][1]: pass -4939883
opsum[1][1][2]: pass -5101915
opsum[1][1][3]: pass 5098165
opsum[1][1][4]: pass 4936133
opsum[1][1][5]: pass 4774357
opsum[1][1][6]: pass 4612325
opsum[1][1][7]: pass 4450549
opsum[1][2][0]: pass -4365276
opsum[1][2][1]: pass -4513012
opsum[1][2][2]: pass -4661004
opsum[1][2][3]: pass 4654556
opsum[1][2][4]: pass 4506564
opsum[1][2][5]: pass 4358828
opsum[1][2][6]: pass 4210836
opsum[1][2][7]: pass 4063100
opsum[1][3][0]: pass -3952445
opsum[1][3][1]: pass -4086141
opsum[1][3][2]: pass -4220093
opsum[1][3][3]: pass 4210947
opsum[1][3][4]: pass 4076995
opsum[1][3][5]: pass 3943299
opsum[1][3][6]: pass 3809347
opsum[1][3][7]: pass 3675651
opsum[1][4][0]: pass -3539614
opsum[1][4][1]: pass -3659270
opsum[1][4][2]: pass -3779182
opsum[1][4][3]: pass 3767338
opsum[1][4][4]: pass 3647426
opsum[1][4][5]: pass 3527770
opsum[1][4][6]: pass 3407858
opsum[1][4][7]: pass 3288202
opsum[1][5][0]: pass -3126783
opsum[1][5][1]: pass -3232399
opsum[1][5][2]: pass -3338271
opsum[1][5][3]: pass 3323729
opsum[1][5][4]: pass 3217857
opsum[1][5][5]: pass 3112241
opsum[1][5][6]: pass 3006369
opsum[1][5][7]: pass 2900753
opsum[1][6][0]: pass -2713952
opsum[1][6][1]: pass -2805528
opsum[1][6][2]: pass -2897360
opsum[1][6][3]: pass 2880120
opsum[1][6][4]: pass 2788288
opsum[1][6][5]: pass 2696712
opsum[1][6][6]: pass 2604880
opsum[1][6][7]: pass 2513304
opsum[1][7][0]: pass -2301121
opsum[1][7][1]: pass -2378657
opsum[1][7][2]: pass -2456449
opsum[1][7][3]: pass 2436511
opsum[1][7][4]: pass 2358719
opsum[1][7][5]: pass 2281183
opsum[1][7][6]: pass 2203391
opsum[1][7][7]: pass 2125855
opsum[1][8][0]: pass -1888290
opsum[1][8][1]: pass -1951786
opsum[1][8][2]: pass -2015538
opsum[1][8][3]: pass 1992902
opsum[1][8][4]: pass 1929150
opsum[1][8][5]: pass 1865654
opsum[1][8][6]: pass 1801902
opsum[1][8][7]: pass 1738406
opsum[1][9][0]: pass -1475459
opsum[1][9][1]: pass -1524915
opsum[1][9][2]: pass -1574627
opsum[1][9][3]: pass 1549293
opsum[1][9][4]: pass 1499581
opsum[1][9][5]: pass 1450125
opsum[1][9][6]: pass 1400413
opsum[1][9][7]: pass 1350957
opsum[1][10][0]: pass -1062628
opsum[1][10][1]: pass -1098044
opsum[1][10][2]: pass -1133716
opsum[1][10][3]: pass 1105684
opsum[1][10][4]: pass 1070012
opsum[1][10][5]: pass 1034596
opsum[1][10][6]: pass 998924
opsum[1][10][7]: pass 963508
opsum[1][11][0]: pass -649797
opsum[1][11][1]: pass -671173
opsum[1][11][2]: pass -692805
opsum[1][11][3]: pass 662075
opsum[1][11][4]: pass 640443
opsum[1][11][5]: pass 619067
opsum[1][11][6]: pass 597435
opsum[1][11][7]: pass 576059
opsum[1][12][0]: pass -236966
opsum[1][12][1]: pass -244302
opsum[1][12][2]: pass -251894
opsum[1][12][3]: pass 218466
opsum[1][12][4]: pass 210874
opsum[1][12][5]: pass 203538
opsum[1][12][6]: pass 195946
opsum[1][12][7]: pass 188610
opsum[1][13][0]: pass 175865
opsum[1][13][1]: pass 182569
opsum[1][13][2]: pass 189017
opsum[1][13][3]: pass -225143
opsum[1][13][4]: pass -218695
opsum[1][13][5]: pass -211991
opsum[1][13][6]: pass -205543
opsum[1][13][7]: pass -198839
opsum[1][14][0]: pass 588696
opsum[1][14][1]: pass 609440
opsum[1][14][2]: pass 629928
opsum[1][14][3]: pass -668752
opsum[1][14][4]: pass -648264
opsum[1][14][5]: pass -627520
opsum[1][14][6]: pass -607032
opsum[1][14][7]: pass -586288
opsum[1][15][0]: pass 1001527
opsum[1][15][1]: pass 1036311
opsum[1][15][2]: pass 1070839
opsum[1][15][3]: pass -1112361
opsum[1][15][4]: pass -1077833
opsum[1][15][5]: pass -1043049
opsum[1][15][6]: pass -1008521
opsum[1][15][7]: pass -973737
opsum[2][0][0]: pass 2240018
opsum[2][0][1]: pass 2316922
opsum[2][0][2]: pass 2393570
opsum[2][0][3]: pass -2443190
opsum[2][0][4]: pass -2366542
opsum[2][0][5]: pass -2289638
opsum[2][0][6]: pass -2212990
opsum[2][0][7]: pass -2136086
opsum[2][1][0]: pass 2652849
opsum[2][1][1]: pass 2743793
opsum[2][1][2]: pass 2834481
opsum[2][1][3]: pass -2886799
opsum[2][1][4]: pass -2796111
opsum[2][1][5]: pass -2705167
opsum[2][1][6]: pass -2614479
opsum[2][1][7]: pass -2523535
opsum[2][2][0]: pass 160336
opsum[2][2][1]: pass 165992
opsum[2][2][2]: pass 171392
opsum[2][2][3]: pass -176744
opsum[2][2][4]: pass -171344
opsum[2][2][5]: pass -165688
opsum[2][2][6]: pass -160288
opsum[2][2][7]: pass -154632
opsum[2][3][0]: pass -2302225
opsum[2][3][1]: pass -2380833
opsum[2][3][2]: pass -2459697
opsum[2][3][3]: pass 2500799
opsum[2][3][4]: pass 2421935
opsum[2][3][5]: pass 2343327
opsum[2][3][6]: pass 2264463
opsum[2][3][7]: pass 2185855
opsum[2][4][0]: pass -4734834
opsum[2][4][1]: pass -4896682
opsum[2][4][2]: pass -5058786
opsum[2][4][3]: pass 5145830
opsum[2][4][4]: pass 4983726
opsum[2][4][5]: pass 4821878
opsum[2][4][6]: pass 4659774
opsum[2][4][7]: pass 4497926
opsum[2][5][0]: pass -4322003
opsum[2][5][1]: pass -4469811
opsum[2][5][2]: pass -4617875
opsum[2][5][3]: pass 4702221
opsum[2][5][4]: pass 4554157
opsum[2][5][5]: pass 4406349
opsum[2][5][6]: pass 4258285
opsum[2][5][7]: pass 4110477
opsum[2][6][0]: pass -3909172
opsum[2][6][1]: pass -4042940
opsum[2][6][2]: pass -4176964
opsum[2][6][3]: pass 4258612
opsum[2][6][4]: pass 4124588
opsum[2][6][5]: pass 3990820
opsum[2][6][6]: pass 3856796
opsum[2][6][7]: pass 3723028
opsum[2][7][0]: pass -3496341
opsum[2][7][1]: pass -3616069
opsum[2][7][2]: pass -3736053
opsum[2][7][3]: pass 3815003
opsum[2][7][4]: pass 3695019
opsum[2][7][5]: pass 3575291
opsum[2][7][6]: pass 3455307
opsum[2][7][7]: pass 3335579
opsum[2][8][0]: pass -3083510
opsum[2][8][1]: pass -3189198
opsum[2][8][2]: pass -3295142
opsum[2][8][3]: pass 3371394
opsum[2][8][4]: pass 3265450
opsum[2][8][5]: pass 3159762
opsum[2][8][6]: pass 3053818
opsum[2][8][7]: pass 2948130
opsum[2][9][0]: pass -2670679
opsum[2][9][1]: pass -2762327
opsum[2][9][2]: pass -2854231
opsum[2][9][3]: pass 2927785
opsum[2][9][4]: pass 2835881
opsum[2][9][5]: pass 2744233
opsum[2][9][6]: pass 2652329
opsum[2][9][7]: pass 2560681
opsum[2][10][0]: pass -2257848
opsum[2][10][1]: pass -2335456
opsum[2][10][2]: pass -2413320
opsum[2][10][3]: pass 2484176
opsum[2][10][4]: pass 2406312
opsum[2][10][5]: pass 2328704
opsum[2][10][6]: pass 2250840
opsum[2][10][7]: pass 2173232
opsum[2][11][0]: pass -1845017
opsum[2][11][1]: pass -1908585
opsum[2][11][2]: pass -1972409
opsum[2][11][3]: pass 2040567
opsum[2][11][4]: pass 1976743
opsum[2][11][5]: pass 1913175
opsum[2][11][6]: pass 1849351
opsum[2][11][7]: pass 1785783
opsum[2][12][0]: pass -1432186
opsum[2][12][1]: pass -1481714
opsum[2][12][2]: pass -1531498
opsum[2][12][3]: pass 1596958
opsum[2][12][4]: pass 1547174
opsum[2][12][5]: pass 1497646
opsum[2][12][6]: pass 1447862
opsum[2][12][7]: pass 1398334
opsum[2][13][0]: pass -1019355
opsum[2][13][1]: pass -1054843
opsum[2][13][2]: pass -1090587
opsum[2][13][3]: pass 1153349
opsum[2][13][4]: pass 1117605
opsum[2][13][5]: pass 1082117
opsum[2][13][6]: pass 1046373
opsum[2][13][7]: pass 1010885
opsum[2][14][0]: pass -606524
opsum[2][14][1]: pass -627972
opsum[2][14][2]: pass -649676
opsum[2][14][3]: pass 709740
opsum[2][14][4]: pass 688036
opsum[2][14][5]: pass 666588
opsum[2][14][6]: pass 644884
opsum[2][14][7]: pass 623436
opsum[2][15][0]: pass -193693
opsum[2][15][1]: pass -201101
opsum[2][15][2]: pass -208765
opsum[2][15][3]: pass 266131
opsum[2][15][4]: pass 258467
opsum[2][15][5]: pass 251059
opsum[2][15][6]: pass 243395
opsum[2][15][7]: pass 235987
opsum[3][0][0]: pass 1044798
opsum[3][0][1]: pass 1079510
opsum[3][0][2]: pass 1113966
opsum[3][0][3]: pass -1064698
opsum[3][0][4]: pass -1030242
opsum[3][0][5]: pass -995530
opsum[3][0][6]: pass -961074
opsum[3][0][7]: pass -926362
opsum[3][1][0]: pass 1457629
opsum[3][1][1]: pass 1506381
opsum[3][1][2]: pass 1554877
opsum[3][1][3]: pass -1508307
opsum[3][1][4]: pass -1459811
opsum[3][1][5]: pass -1411059
opsum[3][1][6]: pass -1362563
opsum[3][1][7]: pass -1313811
opsum[3][2][0]: pass -945028
opsum[3][2][1]: pass -978492
opsum[3][2][2]: pass -1012212
opsum[3][2][3]: pass 1104212
opsum[3][2][4]: pass 1070492
opsum[3][2][5]: pass 1037028
opsum[3][2][6]: pass 1003308
opsum[3][2][7]: pass 969844
opsum[3][3][0]: pass -3317733
opsum[3][3][1]: pass -3432389
opsum[3][3][2]: pass -3547301
opsum[3][3][3]: pass 3684219
opsum[3][3][4]: pass 3569307
opsum[3][3][5]: pass 3454651
opsum[3][3][6]: pass 3339739
opsum[3][3][7]: pass 3225083
opsum[3][4][0]: pass -5660486
opsum[3][4][1]: pass -5855310
opsum[3][4][2]: pass -6050390
opsum[3][4][3]: pass 6231714
opsum[3][4][4]: pass 6036634
opsum[3][4][5]: pass 5841810
opsum[3][4][6]: pass 5646730
opsum[3][4][7]: pass 5451906
opsum[3][5][0]: pass -5247655
opsum[3][5][1]: pass -5428439
opsum[3][5][2]: pass -5609479
opsum[3][5][3]: pass 5788105
opsum[3][5][4]: pass 5607065
opsum[3][5][5]: pass 5426281
opsum[3][5][6]: pass 5245241
opsum[3][5][7]: pass 5064457
opsum[3][6][0]: pass -4834824
opsum[3][6][1]: pass -5001568
opsum[3][6][2]: pass -5168568
opsum[3][6][3]: pass 5344496
opsum[3][6][4]: pass 5177496
opsum[3][6][5]: pass 5010752
opsum[3][6][6]: pass 4843752
opsum[3][6][7]: pass 4677008
opsum[3][7][0]: pass -4421993
opsum[3][7][1]: pass -4574697
opsum[3][7][2]: pass -4727657
opsum[3][7][3]: pass 4900887
opsum[3][7][4]: pass 4747927
opsum[3][7][5]: pass 4595223
opsum[3][7][6]: pass 4442263
opsum[3][7][7]: pass 4289559
opsum[3][8][0]: pass -4009162
opsum[3][8][1]: pass -4147826
opsum[3][8][2]: pass -4286746
opsum[3][8][3]: pass 4457278
opsum[3][8][4]: pass 4318358
opsum[3][8][5]: pass 4179694
opsum[3][8][6]: pass 4040774
opsum[3][8][7]: pass 3902110
opsum[3][9][0]: pass -3596331
opsum[3][9][1]: pass -3720955
opsum[3][9][2]: pass -3845835
opsum[3][9][3]: pass 4013669
opsum[3][9][4]: pass 3888789
opsum[3][9][5]: pass 3764165
opsum[3][9][6]: pass 3639285
opsum[3][9][7]: pass 3514661
opsum[3][10][0]: pass -3183500
opsum[3][10][1]: pass -3294084
opsum[3][10][2]: pass -3404924
opsum[3][10][3]: pass 3570060
opsum[3][10][4]: pass 3459220
opsum[3][10][5]: pass 3348636
opsum[3][10][6]: pass 3237796
opsum[3][10][7]: pass 3127212
opsum[3][11][0]: pass -2770669
opsum[3][11][1]: pass -2867213
opsum[3][11][2]: pass -2964013
opsum[3][11][3]: pass 3126451
opsum[3][11][4]: pass 3029651
opsum[3][11][5]: pass 2933107
opsum[3][11][6]: pass 2836307
opsum[3][11][7]: pass 2739763
opsum[3][12][0]: pass -2357838
opsum[3][12][1]: pass -2440342
opsum[3][12][2]: pass -2523102
opsum[3][12][3]: pass 2682842
opsum[3][12][4]: pass 2600082
opsum[3][12][5]: pass 2517578
opsum[3][12][6]: pass 2434818
opsum[3][12][7]: pass 2352314
opsum[3][13][0]: pass -1945007
opsum[3][13][1]: pass -2013471
opsum[3][13][2]: pass -2082191
opsum[3][13][3]: pass 2239233
opsum[3][13][4]: pass 2170513
opsum[3][13][5]: pass 2102049
opsum[3][13][6]: pass 2033329
opsum[3][13][7]: pass 1964865
opsum[3][14][0]: pass -1532176
opsum[3][14][1]: pass -1586600
opsum[3][14][2]: pass -1641280
opsum[3][14][3]: pass 1795624
opsum[3][14][4]: pass 1740944
opsum[3][14][5]: pass 1686520
opsum[3][14][6]: pass 1631840
opsum[3][14][7]: pass 1577416
opsum[3][15][0]: pass -1119345
opsum[3][15][1]: pass -1159729
opsum[3][15][2]: pass -1200369
opsum[3][15][3]: pass 1352015
opsum[3][15][4]: pass 1311375
opsum[3][15][5]: pass 1270991
opsum[3][15][6]: pass 1230351
opsum[3][15][7]: pass 1189967
opsum[4][0][0]: pass 119146
opsum[4][0][1]: pass 120882
opsum[4][0][2]: pass 122362
opsum[4][0][3]: pass  21186
opsum[4][0][4]: pass  22666
opsum[4][0][5]: pass  24402
opsum[4][0][6]: pass  25882
opsum[4][0][7]: pass  27618
opsum[4][1][0]: pass 531977
opsum[4][1][1]: pass 547753
opsum[4][1][2]: pass 563273
opsum[4][1][3]: pass -422423
opsum[4][1][4]: pass -406903
opsum[4][1][5]: pass -391127
opsum[4][1][6]: pass -375607
opsum[4][1][7]: pass -359831
opsum[4][2][0]: pass -1780824
opsum[4][2][1]: pass -1844192
opsum[4][2][2]: pass -1907816
opsum[4][2][3]: pass 2092560
opsum[4][2][4]: pass 2028936
opsum[4][2][5]: pass 1965568
opsum[4][2][6]: pass 1901944
opsum[4][2][7]: pass 1838576
opsum[4][3][0]: pass -4063673
opsum[4][3][1]: pass -4205161
opsum[4][3][2]: pass -4346905
opsum[4][3][3]: pass 4575031
opsum[4][3][4]: pass 4433287
opsum[4][3][5]: pass 4291799
opsum[4][3][6]: pass 4150055
opsum[4][3][7]: pass 4008567
opsum[4][4][0]: pass -6316570
opsum[4][4][1]: pass -6535154
opsum[4][4][2]: pass -6753994
opsum[4][4][3]: pass 7024990
opsum[4][4][4]: pass 6806150
opsum[4][4][5]: pass 6587566
opsum[4][4][6]: pass 6368726
opsum[4][4][7]: pass 6150142
opsum[4][5][0]: pass -5903739
opsum[4][5][1]: pass -6108283
opsum[4][5][2]: pass -6313083
opsum[4][5][3]: pass 6581381
opsum[4][5][4]: pass 6376581
opsum[4][5][5]: pass 6172037
opsum[4][5][6]: pass 5967237
opsum[4][5][7]: pass 5762693
opsum[4][6][0]: pass -5490908
opsum[4][6][1]: pass -5681412
opsum[4][6][2]: pass -5872172
opsum[4][6][3]: pass 6137772
opsum[4][6][4]: pass 5947012
opsum[4][6][5]: pass 5756508
opsum[4][6][6]: pass 5565748
opsum[4][6][7]: pass 5375244
opsum[4][7][0]: pass -5078077
opsum[4][7][1]: pass -5254541
opsum[4][7][2]: pass -5431261
opsum[4][7][3]: pass 5694163
opsum[4][7][4]: pass 5517443
opsum[4][7][5]: pass 5340979
opsum[4][7][6]: pass 5164259
opsum[4][7][7]: pass 4987795
opsum[4][8][0]: pass -4665246
opsum[4][8][1]: pass -4827670
opsum[4][8][2]: pass -4990350
opsum[4][8][3]: pass 5250554
opsum[4][8][4]: pass 5087874
opsum[4][8][5]: pass 4925450
opsum[4][8][6]: pass 4762770
opsum[4][8][7]: pass 4600346
opsum[4][9][0]: pass -4252415
opsum[4][9][1]: pass -4400799
opsum[4][9][2]: pass -4549439
opsum[4][9][3]: pass 4806945
opsum[4][9][4]: pass 4658305
opsum[4][9][5]: pass 4509921
opsum[4][9][6]: pass 4361281
opsum[4][9][7]: pass 4212897
opsum[4][10][0]: pass -3839584
opsum[4][10][1]: pass -3973928
opsum[4][10][2]: pass -4108528
opsum[4][10][3]: pass 4363336
opsum[4][10][4]: pass 4228736
opsum[4][10][5]: pass 4094392
opsum[4][10][6]: pass 3959792
opsum[4][10][7]: pass 3825448
opsum[4][11][0]: pass -3426753
opsum[4][11][1]: pass -3547057
opsum[4][11][2]: pass -3667617
opsum[4][11][3]: pass 3919727
opsum[4][11][4]: pass 3799167
opsum[4][11][5]: pass 3678863
opsum[4][11][6]: pass 3558303
opsum[4][11][7]: pass 3437999
opsum[4][12][0]: pass -3013922
opsum[4][12][1]: pass -3120186
opsum[4][12][2]: pass -3226706
opsum[4][12][3]: pass 3476118
opsum[4][12][4]: pass 3369598
opsum[4][12][5]: pass 3263334
opsum[4][12][6]: pass 3156814
opsum[4][12][7]: pass 3050550
opsum[4][13][0]: pass -2601091
opsum[4][13][1]: pass -2693315
opsum[4][13][2]: pass -2785795
opsum[4][13][3]: pass 3032509
opsum[4][13][4]: pass 2940029
opsum[4][13][5]: pass 2847805
opsum[4][13][6]: pass 2755325
opsum[4][13][7]: pass 2663101
opsum[4][14][0]: pass -2188260
opsum[4][14][1]: pass -2266444
opsum[4][14][2]: pass -2344884
opsum[4][14][3]: pass 2588900
opsum[4][14][4]: pass 2510460
opsum[4][14][5]: pass 2432276
opsum[4][14][6]: pass 2353836
opsum[4][14][7]: pass 2275652
opsum[4][15][0]: pass -1775429
opsum[4][15][1]: pass -1839573
opsum[4][15][2]: pass -1903973
opsum[4][15][3]: pass 2145291
opsum[4][15][4]: pass 2080891
opsum[4][15][5]: pass 2016747
opsum[4][15][6]: pass 1952347
opsum[4][15][7]: pass 1888203
opsum[5][0][0]: pass -536938
opsum[5][0][1]: pass -558962
opsum[5][0][2]: pass -581242
opsum[5][0][3]: pass 814462
opsum[5][0][4]: pass 792182
opsum[5][0][5]: pass 770158
opsum[5][0][6]: pass 747878
opsum[5][0][7]: pass 725854
opsum[5][1][0]: pass -124107
opsum[5][1][1]: pass -132091
opsum[5][1][2]: pass -140331
opsum[5][1][3]: pass 370853
opsum[5][1][4]: pass 362613
opsum[5][1][5]: pass 354629
opsum[5][1][6]: pass 346389
opsum[5][1][7]: pass 338405
opsum[5][2][0]: pass 288724
opsum[5][2][1]: pass 294780
opsum[5][2][2]: pass 300580
opsum[5][2][3]: pass -72756
opsum[5][2][4]: pass -66956
opsum[5][2][5]: pass -60900
opsum[5][2][6]: pass -55100
opsum[5][2][7]: pass -49044
opsum[5][3][0]: pass 701555
opsum[5][3][1]: pass 721651
opsum[5][3][2]: pass 741491
opsum[5][3][3]: pass -516365
opsum[5][3][4]: pass -496525
opsum[5][3][5]: pass -476429
opsum[5][3][6]: pass -456589
opsum[5][3][7]: pass -436493
opsum[5][4][0]: pass 1114386
opsum[5][4][1]: pass 1148522
opsum[5][4][2]: pass 1182402
opsum[5][4][3]: pass -959974
opsum[5][4][4]: pass -926094
opsum[5][4][5]: pass -891958
opsum[5][4][6]: pass -858078
opsum[5][4][7]: pass -823942
opsum[5][5][0]: pass 1527217
opsum[5][5][1]: pass 1575393
opsum[5][5][2]: pass 1623313
opsum[5][5][3]: pass -1403583
opsum[5][5][4]: pass -1355663
opsum[5][5][5]: pass -1307487
opsum[5][5][6]: pass -1259567
opsum[5][5][7]: pass -1211391
opsum[5][6][0]: pass 1940048
opsum[5][6][1]: pass 2002264
opsum[5][6][2]: pass 2064224
opsum[5][6][3]: pass -1847192
opsum[5][6][4]: pass -1785232
opsum[5][6][5]: pass -1723016
opsum[5][6][6]: pass -1661056
opsum[5][6][7]: pass -1598840
opsum[5][7][0]: pass 2352879
opsum[5][7][1]: pass 2429135
opsum[5][7][2]: pass 2505135
opsum[5][7][3]: pass -2290801
opsum[5][7][4]: pass -2214801
opsum[5][7][5]: pass -2138545
opsum[5][7][6]: pass -2062545
opsum[5][7][7]: pass -1986289
opsum[5][8][0]: pass 2765710
opsum[5][8][1]: pass 2856006
opsum[5][8][2]: pass 2946046
opsum[5][8][3]: pass -2734410
opsum[5][8][4]: pass -2644370
opsum[5][8][5]: pass -2554074
opsum[5][8][6]: pass -2464034
opsum[5][8][7]: pass -2373738
opsum[5][9][0]: pass 3178541
opsum[5][9][1]: pass 3282877
opsum[5][9][2]: pass 3386957
opsum[5][9][3]: pass -3178019
opsum[5][9][4]: pass -3073939
opsum[5][9][5]: pass -2969603
opsum[5][9][6]: pass -2865523
opsum[5][9][7]: pass -2761187
opsum[5][10][0]: pass 3591372
opsum[5][10][1]: pass 3709748
opsum[5][10][2]: pass 3827868
opsum[5][10][3]: pass -3621628
opsum[5][10][4]: pass -3503508
opsum[5][10][5]: pass -3385132
opsum[5][10][6]: pass -3267012
opsum[5][10][7]: pass -3148636
opsum[5][11][0]: pass 4004203
opsum[5][11][1]: pass 4136619
opsum[5][11][2]: pass 4268779
opsum[5][11][3]: pass -4065237
opsum[5][11][4]: pass -3933077
opsum[5][11][5]: pass -3800661
opsum[5][11][6]: pass -3668501
opsum[5][11][7]: pass -3536085
opsum[5][12][0]: pass 4417034
opsum[5][12][1]: pass 4563490
opsum[5][12][2]: pass 4709690
opsum[5][12][3]: pass -4508846
opsum[5][12][4]: pass -4362646
opsum[5][12][5]: pass -4216190
opsum[5][12][6]: pass -4069990
opsum[5][12][7]: pass -3923534
opsum[5][13][0]: pass 4829865
opsum[5][13][1]: pass 4990361
opsum[5][13][2]: pass 5150601
opsum[5][13][3]: pass -4952455
opsum[5][13][4]: pass -4792215
opsum[5][13][5]: pass -4631719
opsum[5][13][6]: pass -4471479
opsum[5][13][7]: pass -4310983
opsum[5][14][0]: pass 5242696
opsum[5][14][1]: pass 5417232
opsum[5][14][2]: pass 5591512
opsum[5][14][3]: pass -5396064
opsum[5][14][4]: pass -5221784
opsum[5][14][5]: pass -5047248
opsum[5][14][6]: pass -4872968
opsum[5][14][7]: pass -4698432
opsum[5][15][0]: pass 5655527
opsum[5][15][1]: pass 5844103
opsum[5][15][2]: pass 6032423
opsum[5][15][3]: pass -5839673
opsum[5][15][4]: pass -5651353
opsum[5][15][5]: pass -5462777
opsum[5][15][6]: pass -5274457
opsum[5][15][7]: pass -5085881
opsum[6][0][0]: pass 6894018
opsum[6][0][1]: pass 7124714
opsum[6][0][2]: pass 7355154
opsum[6][0][3]: pass -7170502
opsum[6][0][4]: pass -6940062
opsum[6][0][5]: pass -6709366
opsum[6][0][6]: pass -6478926
opsum[6][0][7]: pass -6248230
opsum[6][1][0]: pass 7306849
opsum[6][1][1]: pass 7551585
opsum[6][1][2]: pass 7796065
opsum[6][1][3]: pass -7614111
opsum[6][1][4]: pass -7369631
opsum[6][1][5]: pass -7124895
opsum[6][1][6]: pass -6880415
opsum[6][1][7]: pass -6635679
opsum[6][2][0]: pass 7719680
opsum[6][2][1]: pass 7978456
opsum[6][2][2]: pass 8236976
opsum[6][2][3]: pass -8057720
opsum[6][2][4]: pass -7799200
opsum[6][2][5]: pass -7540424
opsum[6][2][6]: pass -7281904
opsum[6][2][7]: pass -7023128
opsum[6][3][0]: pass 8132511
opsum[6][3][1]: pass 8405327
opsum[6][3][2]: pass 8677887
opsum[6][3][3]: pass -8501329
opsum[6][3][4]: pass -8228769
opsum[6][3][5]: pass -7955953
opsum[6][3][6]: pass -7683393
opsum[6][3][7]: pass -7410577
opsum[6][4][0]: pass 8545342
opsum[6][4][1]: pass 8832198
opsum[6][4][2]: pass 9118798
opsum[6][4][3]: pass -8944938
opsum[6][4][4]: pass -8658338
opsum[6][4][5]: pass -8371482
opsum[6][4][6]: pass -8084882
opsum[6][4][7]: pass -7798026
opsum[6][5][0]: pass 8958173
opsum[6][5][1]: pass 9259069
opsum[6][5][2]: pass 9559709
opsum[6][5][3]: pass -9388547
opsum[6][5][4]: pass -9087907
opsum[6][5][5]: pass -8787011
opsum[6][5][6]: pass -8486371
opsum[6][5][7]: pass -8185475
opsum[6][6][0]: pass 6168956
opsum[6][6][1]: pass 6375348
opsum[6][6][2]: pass 6581484
opsum[6][6][3]: pass -6413020
opsum[6][6][4]: pass -6206884
opsum[6][6][5]: pass -6000492
opsum[6][6][6]: pass -5794356
opsum[6][6][7]: pass -5587964
opsum[6][7][0]: pass 3409947
opsum[6][7][1]: pass 3522859
opsum[6][7][2]: pass 3635515
opsum[6][7][3]: pass -3469749
opsum[6][7][4]: pass -3357093
opsum[6][7][5]: pass -3244181
opsum[6][7][6]: pass -3131525
opsum[6][7][7]: pass -3018613
opsum[6][8][0]: pass 681146
opsum[6][8][1]: pass 701602
opsum[6][8][2]: pass 721802
opsum[6][8][3]: pass -558734
opsum[6][8][4]: pass -538534
opsum[6][8][5]: pass -518078
opsum[6][8][6]: pass -497878
opsum[6][8][7]: pass -477422
opsum[6][9][0]: pass 1093977
opsum[6][9][1]: pass 1128473
opsum[6][9][2]: pass 1162713
opsum[6][9][3]: pass -1002343
opsum[6][9][4]: pass -968103
opsum[6][9][5]: pass -933607
opsum[6][9][6]: pass -899367
opsum[6][9][7]: pass -864871
opsum[6][10][0]: pass 1506808
opsum[6][10][1]: pass 1555344
opsum[6][10][2]: pass 1603624
opsum[6][10][3]: pass -1445952
opsum[6][10][4]: pass -1397672
opsum[6][10][5]: pass -1349136
opsum[6][10][6]: pass -1300856
opsum[6][10][7]: pass -1252320
opsum[6][11][0]: pass 1919639
opsum[6][11][1]: pass 1982215
opsum[6][11][2]: pass 2044535
opsum[6][11][3]: pass -1889561
opsum[6][11][4]: pass -1827241
opsum[6][11][5]: pass -1764665
opsum[6][11][6]: pass -1702345
opsum[6][11][7]: pass -1639769
opsum[6][12][0]: pass 2332470
opsum[6][12][1]: pass 2408830
opsum[6][12][2]: pass 2485446
opsum[6][12][3]: pass -2333426
opsum[6][12][4]: pass -2256810
opsum[6][12][5]: pass -2180450
opsum[6][12][6]: pass -2103834
opsum[6][12][7]: pass -2027474
opsum[6][13][0]: pass 2745301
opsum[6][13][1]: pass 2835701
opsum[6][13][2]: pass 2926357
opsum[6][13][3]: pass -2777035
opsum[6][13][4]: pass -2686379
opsum[6][13][5]: pass -2595979
opsum[6][13][6]: pass -2505323
opsum[6][13][7]: pass -2414923
opsum[6][14][0]: pass 3158132
opsum[6][14][1]: pass 3262572
opsum[6][14][2]: pass 3367268
opsum[6][14][3]: pass -3220644
opsum[6][14][4]: pass -3115948
opsum[6][14][5]: pass -3011508
opsum[6][14][6]: pass -2906812
opsum[6][14][7]: pass -2802372
opsum[6][15][0]: pass 3570963
opsum[6][15][1]: pass 3689443
opsum[6][15][2]: pass 3808179
opsum[6][15][3]: pass -3664253
opsum[6][15][4]: pass -3545517
opsum[6][15][5]: pass -3427037
opsum[6][15][6]: pass -3308301
opsum[6][15][7]: pass -3189821
opsum[7][0][0]: pass 4809454
opsum[7][0][1]: pass 4970054
opsum[7][0][2]: pass 5130910
opsum[7][0][3]: pass -4995082
opsum[7][0][4]: pass -4834226
opsum[7][0][5]: pass -4673626
opsum[7][0][6]: pass -4512770
opsum[7][0][7]: pass -4352170
opsum[7][1][0]: pass 5222285
opsum[7][1][1]: pass 5396925
opsum[7][1][2]: pass 5571821
opsum[7][1][3]: pass -5438691
opsum[7][1][4]: pass -5263795
opsum[7][1][5]: pass -5089155
opsum[7][1][6]: pass -4914259
opsum[7][1][7]: pass -4739619
opsum[7][2][0]: pass 5635116
opsum[7][2][1]: pass 5823796
opsum[7][2][2]: pass 6012732
opsum[7][2][3]: pass -5882300
opsum[7][2][4]: pass -5693364
opsum[7][2][5]: pass -5504684
opsum[7][2][6]: pass -5315748
opsum[7][2][7]: pass -5127068
opsum[7][3][0]: pass 6047947
opsum[7][3][1]: pass 6250667
opsum[7][3][2]: pass 6453643
opsum[7][3][3]: pass -6325909
opsum[7][3][4]: pass -6122933
opsum[7][3][5]: pass -5920213
opsum[7][3][6]: pass -5717237
opsum[7][3][7]: pass -5514517
opsum[7][4][0]: pass 6460778
opsum[7][4][1]: pass 6677538
opsum[7][4][2]: pass 6894554
opsum[7][4][3]: pass -6769518
opsum[7][4][4]: pass -6552502
opsum[7][4][5]: pass -6335742
opsum[7][4][6]: pass -6118726
opsum[7][4][7]: pass -5901966
opsum[7][5][0]: pass 6873609
opsum[7][5][1]: pass 7104409
opsum[7][5][2]: pass 7335465
opsum[7][5][3]: pass -7213127
opsum[7][5][4]: pass -6982071
opsum[7][5][5]: pass -6751271
opsum[7][5][6]: pass -6520215
opsum[7][5][7]: pass -6289415
opsum[7][6][0]: pass 4175016
opsum[7][6][1]: pass 4314384
opsum[7][6][2]: pass 4454008
opsum[7][6][3]: pass -4334368
opsum[7][6][4]: pass -4194744
opsum[7][6][5]: pass -4055376
opsum[7][6][6]: pass -3915752
opsum[7][6][7]: pass -3776384
opsum[7][7][0]: pass 1506631
opsum[7][7][1]: pass 1555591
opsum[7][7][2]: pass 1604807
opsum[7][7][3]: pass -1487865
opsum[7][7][4]: pass -1438649
opsum[7][7][5]: pass -1389689
opsum[7][7][6]: pass -1340473
opsum[7][7][7]: pass -1291513
opsum[7][8][0]: pass -1131546
opsum[7][8][1]: pass -1171970
opsum[7][8][2]: pass -1212138
opsum[7][8][3]: pass 1326382
opsum[7][8][4]: pass 1286214
opsum[7][8][5]: pass 1245790
opsum[7][8][6]: pass 1205622
opsum[7][8][7]: pass 1165198
opsum[7][9][0]: pass -718715
opsum[7][9][1]: pass -745099
opsum[7][9][2]: pass -771227
opsum[7][9][3]: pass 882773
opsum[7][9][4]: pass 856645
opsum[7][9][5]: pass 830261
opsum[7][9][6]: pass 804133
opsum[7][9][7]: pass 777749
opsum[7][10][0]: pass -305884
opsum[7][10][1]: pass -318228
opsum[7][10][2]: pass -330316
opsum[7][10][3]: pass 439164
opsum[7][10][4]: pass 427076
opsum[7][10][5]: pass 414732
opsum[7][10][6]: pass 402644
opsum[7][10][7]: pass 390300
opsum[7][11][0]: pass 106947
opsum[7][11][1]: pass 108643
opsum[7][11][2]: pass 110595
opsum[7][11][3]: pass  -4445
opsum[7][11][4]: pass  -2493
opsum[7][11][5]: pass   -797
opsum[7][11][6]: pass   1155
opsum[7][11][7]: pass   2851
opsum[7][12][0]: pass 519778
opsum[7][12][1]: pass 535514
opsum[7][12][2]: pass 551506
opsum[7][12][3]: pass -448054
opsum[7][12][4]: pass -432062
opsum[7][12][5]: pass -416326
opsum[7][12][6]: pass -400334
opsum[7][12][7]: pass -384598
opsum[7][13][0]: pass 932609
opsum[7][13][1]: pass 962385
opsum[7][13][2]: pass 992417
opsum[7][13][3]: pass -891663
opsum[7][13][4]: pass -861631
opsum[7][13][5]: pass -831855
opsum[7][13][6]: pass -801823
opsum[7][13][7]: pass -772047
opsum[7][14][0]: pass 1345440
opsum[7][14][1]: pass 1389256
opsum[7][14][2]: pass 1433328
opsum[7][14][3]: pass -1335272
opsum[7][14][4]: pass -1291200
opsum[7][14][5]: pass -1247384
opsum[7][14][6]: pass -1203312
opsum[7][14][7]: pass -1159496
opsum[7][15][0]: pass 1758271
opsum[7][15][1]: pass 1816127
opsum[7][15][2]: pass 1874239
opsum[7][15][3]: pass -1778881
opsum[7][15][4]: pass -1720769
opsum[7][15][5]: pass -1662913
opsum[7][15][6]: pass -1604801
opsum[7][15][7]: pass -1546945

=====================================================================================
||     ________   ___   ________           ___        ________   ________          ||
||    |\   __  \ |\  \ |\   ____\         |\  \      |\   __  \ |\   __  \         ||
||    \ \  \|\  \\ \  \\ \  \___|_        \ \  \     \ \  \|\  \\ \  \|\ /_        ||
||     \ \   __  \\ \  \\ \_____  \        \ \  \     \ \   __  \\ \   __  \       ||
||      \ \  \ \  \\ \  \\|____|\  \        \ \  \____ \ \  \ \  \\ \  \|\  \      ||
||       \ \__\ \__\\ \__\ ____\_\  \        \ \_______\\ \__\ \__\\ \_______\     ||
||        \|__|\|__| \|__||\_________\        \|_______| \|__|\|__| \|_______|     ||
||                        \|_________|                                             ||
||                                                                                 ||
=====================================================================================

 ___                                                                           ___
( _ )                                                                         ( _ )
 | |~~~~~~~~~~~~~~~~~~~~~~~~~~~~~~~~~~~~~~~~~~~~~~~~~~~~~~~~~~~~~~~~~~~~~~~~~~~| |
 | |  _____ _                 _       _   _              ______             _  | |
 | | /  ___(_)               | |     | | (_)             | ___ \           | | | |
 | | \ `--. _ _ __ ___  _   _| | __ _| |_ _  ___  _ __   | |_/ /_ _ ___ ___| | | |
 | |  `--. \ | '_ ` _ \| | | | |/ _` | __| |/ _ \| '_ \  |  __/ _` / __/ __| | | |
 | | /\__/ / | | | | | | |_| | | (_| | |_| | (_) | | | | | | | (_| \__ \__ \_| | |
 | | \____/|_|_| |_| |_|\__,_|_|\__,_|\__|_|\___/|_| |_| \_|  \__,_|___/___(_) | |
 | |                                                                           | |
 |_|~~~~~~~~~~~~~~~~~~~~~~~~~~~~~~~~~~~~~~~~~~~~~~~~~~~~~~~~~~~~~~~~~~~~~~~~~~~|_|
(___)                                                                         (___)
Simulation time: 4983 cycles
