opsum[0][0][0]: pass    143
opsum[0][0][1]: pass    143
opsum[0][0][2]: pass    143
opsum[0][0][3]: pass    143
opsum[0][0][4]: pass    143
opsum[0][0][5]: pass    143
opsum[0][0][6]: pass    143
opsum[0][0][7]: pass    143
opsum[0][1][0]: pass    143
opsum[0][1][1]: pass    143
opsum[0][1][2]: pass    143
opsum[0][1][3]: pass    143
opsum[0][1][4]: pass    143
opsum[0][1][5]: pass    143
opsum[0][1][6]: pass    143
opsum[0][1][7]: pass    143
opsum[0][2][0]: pass    143
opsum[0][2][1]: pass    143
opsum[0][2][2]: pass    143
opsum[0][2][3]: pass    143
opsum[0][2][4]: pass    143
opsum[0][2][5]: pass    143
opsum[0][2][6]: pass    143
opsum[0][2][7]: pass    143
opsum[0][3][0]: pass    143
opsum[0][3][1]: pass    143
opsum[0][3][2]: pass    143
opsum[0][3][3]: pass    143
opsum[0][3][4]: pass    143
opsum[0][3][5]: pass    143
opsum[0][3][6]: pass    143
opsum[0][3][7]: pass    143
opsum[0][4][0]: pass    143
opsum[0][4][1]: pass    143
opsum[0][4][2]: pass    143
opsum[0][4][3]: pass    143
opsum[0][4][4]: pass    143
opsum[0][4][5]: pass    143
opsum[0][4][6]: pass    143
opsum[0][4][7]: pass    143
opsum[0][5][0]: pass    143
opsum[0][5][1]: pass    143
opsum[0][5][2]: pass    143
opsum[0][5][3]: pass    143
opsum[0][5][4]: pass    143
opsum[0][5][5]: pass    143
opsum[0][5][6]: pass    143
opsum[0][5][7]: pass    143
opsum[0][6][0]: pass    143
opsum[0][6][1]: pass    143
opsum[0][6][2]: pass    143
opsum[0][6][3]: pass    143
opsum[0][6][4]: pass    143
opsum[0][6][5]: pass    143
opsum[0][6][6]: pass    143
opsum[0][6][7]: pass    143
opsum[0][7][0]: pass    143
opsum[0][7][1]: pass    143
opsum[0][7][2]: pass    143
opsum[0][7][3]: pass    143
opsum[0][7][4]: pass    143
opsum[0][7][5]: pass    143
opsum[0][7][6]: pass    143
opsum[0][7][7]: pass    143
opsum[0][8][0]: pass    143
opsum[0][8][1]: pass    143
opsum[0][8][2]: pass    143
opsum[0][8][3]: pass    143
opsum[0][8][4]: pass    143
opsum[0][8][5]: pass    143
opsum[0][8][6]: pass    143
opsum[0][8][7]: pass    143
opsum[0][9][0]: pass    143
opsum[0][9][1]: pass    143
opsum[0][9][2]: pass    143
opsum[0][9][3]: pass    143
opsum[0][9][4]: pass    143
opsum[0][9][5]: pass    143
opsum[0][9][6]: pass    143
opsum[0][9][7]: pass    143
opsum[0][10][0]: pass    143
opsum[0][10][1]: pass    143
opsum[0][10][2]: pass    143
opsum[0][10][3]: pass    143
opsum[0][10][4]: pass    143
opsum[0][10][5]: pass    143
opsum[0][10][6]: pass    143
opsum[0][10][7]: pass    143
opsum[0][11][0]: pass    143
opsum[0][11][1]: pass    143
opsum[0][11][2]: pass    143
opsum[0][11][3]: pass    143
opsum[0][11][4]: pass    143
opsum[0][11][5]: pass    143
opsum[0][11][6]: pass    143
opsum[0][11][7]: pass    143
opsum[0][12][0]: pass    143
opsum[0][12][1]: pass    143
opsum[0][12][2]: pass    143
opsum[0][12][3]: pass    143
opsum[0][12][4]: pass    143
opsum[0][12][5]: pass    143
opsum[0][12][6]: pass    143
opsum[0][12][7]: pass    143
opsum[0][13][0]: pass    143
opsum[0][13][1]: pass    143
opsum[0][13][2]: pass    143
opsum[0][13][3]: pass    143
opsum[0][13][4]: pass    143
opsum[0][13][5]: pass    143
opsum[0][13][6]: pass    143
opsum[0][13][7]: pass    143
opsum[0][14][0]: pass    143
opsum[0][14][1]: pass    143
opsum[0][14][2]: pass    143
opsum[0][14][3]: pass    143
opsum[0][14][4]: pass    143
opsum[0][14][5]: pass    143
opsum[0][14][6]: pass    143
opsum[0][14][7]: pass    143
opsum[0][15][0]: pass    143
opsum[0][15][1]: pass    143
opsum[0][15][2]: pass    143
opsum[0][15][3]: pass    143
opsum[0][15][4]: pass    143
opsum[0][15][5]: pass    143
opsum[0][15][6]: pass    143
opsum[0][15][7]: pass    143
opsum[1][0][0]: pass    143
opsum[1][0][1]: pass    143
opsum[1][0][2]: pass    143
opsum[1][0][3]: pass    143
opsum[1][0][4]: pass    143
opsum[1][0][5]: pass    143
opsum[1][0][6]: pass    143
opsum[1][0][7]: pass    143
opsum[1][1][0]: pass    143
opsum[1][1][1]: pass    143
opsum[1][1][2]: pass    143
opsum[1][1][3]: pass    143
opsum[1][1][4]: pass    143
opsum[1][1][5]: pass    143
opsum[1][1][6]: pass    143
opsum[1][1][7]: pass    143
opsum[1][2][0]: pass    143
opsum[1][2][1]: pass    143
opsum[1][2][2]: pass    143
opsum[1][2][3]: pass    143
opsum[1][2][4]: pass    143
opsum[1][2][5]: pass    143
opsum[1][2][6]: pass    143
opsum[1][2][7]: pass    143
opsum[1][3][0]: pass    143
opsum[1][3][1]: pass    143
opsum[1][3][2]: pass    143
opsum[1][3][3]: pass    143
opsum[1][3][4]: pass    143
opsum[1][3][5]: pass    143
opsum[1][3][6]: pass    143
opsum[1][3][7]: pass    143
opsum[1][4][0]: pass    143
opsum[1][4][1]: pass    143
opsum[1][4][2]: pass    143
opsum[1][4][3]: pass    143
opsum[1][4][4]: pass    143
opsum[1][4][5]: pass    143
opsum[1][4][6]: pass    143
opsum[1][4][7]: pass    143
opsum[1][5][0]: pass    143
opsum[1][5][1]: pass    143
opsum[1][5][2]: pass    143
opsum[1][5][3]: pass    143
opsum[1][5][4]: pass    143
opsum[1][5][5]: pass    143
opsum[1][5][6]: pass    143
opsum[1][5][7]: pass    143
opsum[1][6][0]: pass    143
opsum[1][6][1]: pass    143
opsum[1][6][2]: pass    143
opsum[1][6][3]: pass    143
opsum[1][6][4]: pass    143
opsum[1][6][5]: pass    143
opsum[1][6][6]: pass    143
opsum[1][6][7]: pass    143
opsum[1][7][0]: pass    143
opsum[1][7][1]: pass    143
opsum[1][7][2]: pass    143
opsum[1][7][3]: pass    143
opsum[1][7][4]: pass    143
opsum[1][7][5]: pass    143
opsum[1][7][6]: pass    143
opsum[1][7][7]: pass    143
opsum[1][8][0]: pass    143
opsum[1][8][1]: pass    143
opsum[1][8][2]: pass    143
opsum[1][8][3]: pass    143
opsum[1][8][4]: pass    143
opsum[1][8][5]: pass    143
opsum[1][8][6]: pass    143
opsum[1][8][7]: pass    143
opsum[1][9][0]: pass    143
opsum[1][9][1]: pass    143
opsum[1][9][2]: pass    143
opsum[1][9][3]: pass    143
opsum[1][9][4]: pass    143
opsum[1][9][5]: pass    143
opsum[1][9][6]: pass    143
opsum[1][9][7]: pass    143
opsum[1][10][0]: pass    143
opsum[1][10][1]: pass    143
opsum[1][10][2]: pass    143
opsum[1][10][3]: pass    143
opsum[1][10][4]: pass    143
opsum[1][10][5]: pass    143
opsum[1][10][6]: pass    143
opsum[1][10][7]: pass    143
opsum[1][11][0]: pass    143
opsum[1][11][1]: pass    143
opsum[1][11][2]: pass    143
opsum[1][11][3]: pass    143
opsum[1][11][4]: pass    143
opsum[1][11][5]: pass    143
opsum[1][11][6]: pass    143
opsum[1][11][7]: pass    143
opsum[1][12][0]: pass    143
opsum[1][12][1]: pass    143
opsum[1][12][2]: pass    143
opsum[1][12][3]: pass    143
opsum[1][12][4]: pass    143
opsum[1][12][5]: pass    143
opsum[1][12][6]: pass    143
opsum[1][12][7]: pass    143
opsum[1][13][0]: pass    143
opsum[1][13][1]: pass    143
opsum[1][13][2]: pass    143
opsum[1][13][3]: pass    143
opsum[1][13][4]: pass    143
opsum[1][13][5]: pass    143
opsum[1][13][6]: pass    143
opsum[1][13][7]: pass    143
opsum[1][14][0]: pass    143
opsum[1][14][1]: pass    143
opsum[1][14][2]: pass    143
opsum[1][14][3]: pass    143
opsum[1][14][4]: pass    143
opsum[1][14][5]: pass    143
opsum[1][14][6]: pass    143
opsum[1][14][7]: pass    143
opsum[1][15][0]: pass    143
opsum[1][15][1]: pass    143
opsum[1][15][2]: pass    143
opsum[1][15][3]: pass    143
opsum[1][15][4]: pass    143
opsum[1][15][5]: pass    143
opsum[1][15][6]: pass    143
opsum[1][15][7]: pass    143
opsum[2][0][0]: pass    143
opsum[2][0][1]: pass    143
opsum[2][0][2]: pass    143
opsum[2][0][3]: pass    143
opsum[2][0][4]: pass    143
opsum[2][0][5]: pass    143
opsum[2][0][6]: pass    143
opsum[2][0][7]: pass    143
opsum[2][1][0]: pass    143
opsum[2][1][1]: pass    143
opsum[2][1][2]: pass    143
opsum[2][1][3]: pass    143
opsum[2][1][4]: pass    143
opsum[2][1][5]: pass    143
opsum[2][1][6]: pass    143
opsum[2][1][7]: pass    143
opsum[2][2][0]: pass    143
opsum[2][2][1]: pass    143
opsum[2][2][2]: pass    143
opsum[2][2][3]: pass    143
opsum[2][2][4]: pass    143
opsum[2][2][5]: pass    143
opsum[2][2][6]: pass    143
opsum[2][2][7]: pass    143
opsum[2][3][0]: pass    143
opsum[2][3][1]: pass    143
opsum[2][3][2]: pass    143
opsum[2][3][3]: pass    143
opsum[2][3][4]: pass    143
opsum[2][3][5]: pass    143
opsum[2][3][6]: pass    143
opsum[2][3][7]: pass    143
opsum[2][4][0]: pass    143
opsum[2][4][1]: pass    143
opsum[2][4][2]: pass    143
opsum[2][4][3]: pass    143
opsum[2][4][4]: pass    143
opsum[2][4][5]: pass    143
opsum[2][4][6]: pass    143
opsum[2][4][7]: pass    143
opsum[2][5][0]: pass    143
opsum[2][5][1]: pass    143
opsum[2][5][2]: pass    143
opsum[2][5][3]: pass    143
opsum[2][5][4]: pass    143
opsum[2][5][5]: pass    143
opsum[2][5][6]: pass    143
opsum[2][5][7]: pass    143
opsum[2][6][0]: pass    143
opsum[2][6][1]: pass    143
opsum[2][6][2]: pass    143
opsum[2][6][3]: pass    143
opsum[2][6][4]: pass    143
opsum[2][6][5]: pass    143
opsum[2][6][6]: pass    143
opsum[2][6][7]: pass    143
opsum[2][7][0]: pass    143
opsum[2][7][1]: pass    143
opsum[2][7][2]: pass    143
opsum[2][7][3]: pass    143
opsum[2][7][4]: pass    143
opsum[2][7][5]: pass    143
opsum[2][7][6]: pass    143
opsum[2][7][7]: pass    143
opsum[2][8][0]: pass    143
opsum[2][8][1]: pass    143
opsum[2][8][2]: pass    143
opsum[2][8][3]: pass    143
opsum[2][8][4]: pass    143
opsum[2][8][5]: pass    143
opsum[2][8][6]: pass    143
opsum[2][8][7]: pass    143
opsum[2][9][0]: pass    143
opsum[2][9][1]: pass    143
opsum[2][9][2]: pass    143
opsum[2][9][3]: pass    143
opsum[2][9][4]: pass    143
opsum[2][9][5]: pass    143
opsum[2][9][6]: pass    143
opsum[2][9][7]: pass    143
opsum[2][10][0]: pass    143
opsum[2][10][1]: pass    143
opsum[2][10][2]: pass    143
opsum[2][10][3]: pass    143
opsum[2][10][4]: pass    143
opsum[2][10][5]: pass    143
opsum[2][10][6]: pass    143
opsum[2][10][7]: pass    143
opsum[2][11][0]: pass    143
opsum[2][11][1]: pass    143
opsum[2][11][2]: pass    143
opsum[2][11][3]: pass    143
opsum[2][11][4]: pass    143
opsum[2][11][5]: pass    143
opsum[2][11][6]: pass    143
opsum[2][11][7]: pass    143
opsum[2][12][0]: pass    143
opsum[2][12][1]: pass    143
opsum[2][12][2]: pass    143
opsum[2][12][3]: pass    143
opsum[2][12][4]: pass    143
opsum[2][12][5]: pass    143
opsum[2][12][6]: pass    143
opsum[2][12][7]: pass    143
opsum[2][13][0]: pass    143
opsum[2][13][1]: pass    143
opsum[2][13][2]: pass    143
opsum[2][13][3]: pass    143
opsum[2][13][4]: pass    143
opsum[2][13][5]: pass    143
opsum[2][13][6]: pass    143
opsum[2][13][7]: pass    143
opsum[2][14][0]: pass    143
opsum[2][14][1]: pass    143
opsum[2][14][2]: pass    143
opsum[2][14][3]: pass    143
opsum[2][14][4]: pass    143
opsum[2][14][5]: pass    143
opsum[2][14][6]: pass    143
opsum[2][14][7]: pass    143
opsum[2][15][0]: pass    143
opsum[2][15][1]: pass    143
opsum[2][15][2]: pass    143
opsum[2][15][3]: pass    143
opsum[2][15][4]: pass    143
opsum[2][15][5]: pass    143
opsum[2][15][6]: pass    143
opsum[2][15][7]: pass    143
opsum[3][0][0]: pass    143
opsum[3][0][1]: pass    143
opsum[3][0][2]: pass    143
opsum[3][0][3]: pass    143
opsum[3][0][4]: pass    143
opsum[3][0][5]: pass    143
opsum[3][0][6]: pass    143
opsum[3][0][7]: pass    143
opsum[3][1][0]: pass    143
opsum[3][1][1]: pass    143
opsum[3][1][2]: pass    143
opsum[3][1][3]: pass    143
opsum[3][1][4]: pass    143
opsum[3][1][5]: pass    143
opsum[3][1][6]: pass    143
opsum[3][1][7]: pass    143
opsum[3][2][0]: pass    143
opsum[3][2][1]: pass    143
opsum[3][2][2]: pass    143
opsum[3][2][3]: pass    143
opsum[3][2][4]: pass    143
opsum[3][2][5]: pass    143
opsum[3][2][6]: pass    143
opsum[3][2][7]: pass    143
opsum[3][3][0]: pass    143
opsum[3][3][1]: pass    143
opsum[3][3][2]: pass    143
opsum[3][3][3]: pass    143
opsum[3][3][4]: pass    143
opsum[3][3][5]: pass    143
opsum[3][3][6]: pass    143
opsum[3][3][7]: pass    143
opsum[3][4][0]: pass    143
opsum[3][4][1]: pass    143
opsum[3][4][2]: pass    143
opsum[3][4][3]: pass    143
opsum[3][4][4]: pass    143
opsum[3][4][5]: pass    143
opsum[3][4][6]: pass    143
opsum[3][4][7]: pass    143
opsum[3][5][0]: pass    143
opsum[3][5][1]: pass    143
opsum[3][5][2]: pass    143
opsum[3][5][3]: pass    143
opsum[3][5][4]: pass    143
opsum[3][5][5]: pass    143
opsum[3][5][6]: pass    143
opsum[3][5][7]: pass    143
opsum[3][6][0]: pass    143
opsum[3][6][1]: pass    143
opsum[3][6][2]: pass    143
opsum[3][6][3]: pass    143
opsum[3][6][4]: pass    143
opsum[3][6][5]: pass    143
opsum[3][6][6]: pass    143
opsum[3][6][7]: pass    143
opsum[3][7][0]: pass    143
opsum[3][7][1]: pass    143
opsum[3][7][2]: pass    143
opsum[3][7][3]: pass    143
opsum[3][7][4]: pass    143
opsum[3][7][5]: pass    143
opsum[3][7][6]: pass    143
opsum[3][7][7]: pass    143
opsum[3][8][0]: pass    143
opsum[3][8][1]: pass    143
opsum[3][8][2]: pass    143
opsum[3][8][3]: pass    143
opsum[3][8][4]: pass    143
opsum[3][8][5]: pass    143
opsum[3][8][6]: pass    143
opsum[3][8][7]: pass    143
opsum[3][9][0]: pass    143
opsum[3][9][1]: pass    143
opsum[3][9][2]: pass    143
opsum[3][9][3]: pass    143
opsum[3][9][4]: pass    143
opsum[3][9][5]: pass    143
opsum[3][9][6]: pass    143
opsum[3][9][7]: pass    143
opsum[3][10][0]: pass    143
opsum[3][10][1]: pass    143
opsum[3][10][2]: pass    143
opsum[3][10][3]: pass    143
opsum[3][10][4]: pass    143
opsum[3][10][5]: pass    143
opsum[3][10][6]: pass    143
opsum[3][10][7]: pass    143
opsum[3][11][0]: pass    143
opsum[3][11][1]: pass    143
opsum[3][11][2]: pass    143
opsum[3][11][3]: pass    143
opsum[3][11][4]: pass    143
opsum[3][11][5]: pass    143
opsum[3][11][6]: pass    143
opsum[3][11][7]: pass    143
opsum[3][12][0]: pass    143
opsum[3][12][1]: pass    143
opsum[3][12][2]: pass    143
opsum[3][12][3]: pass    143
opsum[3][12][4]: pass    143
opsum[3][12][5]: pass    143
opsum[3][12][6]: pass    143
opsum[3][12][7]: pass    143
opsum[3][13][0]: pass    143
opsum[3][13][1]: pass    143
opsum[3][13][2]: pass    143
opsum[3][13][3]: pass    143
opsum[3][13][4]: pass    143
opsum[3][13][5]: pass    143
opsum[3][13][6]: pass    143
opsum[3][13][7]: pass    143
opsum[3][14][0]: pass    143
opsum[3][14][1]: pass    143
opsum[3][14][2]: pass    143
opsum[3][14][3]: pass    143
opsum[3][14][4]: pass    143
opsum[3][14][5]: pass    143
opsum[3][14][6]: pass    143
opsum[3][14][7]: pass    143
opsum[3][15][0]: pass    143
opsum[3][15][1]: pass    143
opsum[3][15][2]: pass    143
opsum[3][15][3]: pass    143
opsum[3][15][4]: pass    143
opsum[3][15][5]: pass    143
opsum[3][15][6]: pass    143
opsum[3][15][7]: pass    143
opsum[4][0][0]: pass    143
opsum[4][0][1]: pass    143
opsum[4][0][2]: pass    143
opsum[4][0][3]: pass    143
opsum[4][0][4]: pass    143
opsum[4][0][5]: pass    143
opsum[4][0][6]: pass    143
opsum[4][0][7]: pass    143
opsum[4][1][0]: pass    143
opsum[4][1][1]: pass    143
opsum[4][1][2]: pass    143
opsum[4][1][3]: pass    143
opsum[4][1][4]: pass    143
opsum[4][1][5]: pass    143
opsum[4][1][6]: pass    143
opsum[4][1][7]: pass    143
opsum[4][2][0]: pass    143
opsum[4][2][1]: pass    143
opsum[4][2][2]: pass    143
opsum[4][2][3]: pass    143
opsum[4][2][4]: pass    143
opsum[4][2][5]: pass    143
opsum[4][2][6]: pass    143
opsum[4][2][7]: pass    143
opsum[4][3][0]: pass    143
opsum[4][3][1]: pass    143
opsum[4][3][2]: pass    143
opsum[4][3][3]: pass    143
opsum[4][3][4]: pass    143
opsum[4][3][5]: pass    143
opsum[4][3][6]: pass    143
opsum[4][3][7]: pass    143
opsum[4][4][0]: pass    143
opsum[4][4][1]: pass    143
opsum[4][4][2]: pass    143
opsum[4][4][3]: pass    143
opsum[4][4][4]: pass    143
opsum[4][4][5]: pass    143
opsum[4][4][6]: pass    143
opsum[4][4][7]: pass    143
opsum[4][5][0]: pass    143
opsum[4][5][1]: pass    143
opsum[4][5][2]: pass    143
opsum[4][5][3]: pass    143
opsum[4][5][4]: pass    143
opsum[4][5][5]: pass    143
opsum[4][5][6]: pass    143
opsum[4][5][7]: pass    143
opsum[4][6][0]: pass    143
opsum[4][6][1]: pass    143
opsum[4][6][2]: pass    143
opsum[4][6][3]: pass    143
opsum[4][6][4]: pass    143
opsum[4][6][5]: pass    143
opsum[4][6][6]: pass    143
opsum[4][6][7]: pass    143
opsum[4][7][0]: pass    143
opsum[4][7][1]: pass    143
opsum[4][7][2]: pass    143
opsum[4][7][3]: pass    143
opsum[4][7][4]: pass    143
opsum[4][7][5]: pass    143
opsum[4][7][6]: pass    143
opsum[4][7][7]: pass    143
opsum[4][8][0]: pass    143
opsum[4][8][1]: pass    143
opsum[4][8][2]: pass    143
opsum[4][8][3]: pass    143
opsum[4][8][4]: pass    143
opsum[4][8][5]: pass    143
opsum[4][8][6]: pass    143
opsum[4][8][7]: pass    143
opsum[4][9][0]: pass    143
opsum[4][9][1]: pass    143
opsum[4][9][2]: pass    143
opsum[4][9][3]: pass    143
opsum[4][9][4]: pass    143
opsum[4][9][5]: pass    143
opsum[4][9][6]: pass    143
opsum[4][9][7]: pass    143
opsum[4][10][0]: pass    143
opsum[4][10][1]: pass    143
opsum[4][10][2]: pass    143
opsum[4][10][3]: pass    143
opsum[4][10][4]: pass    143
opsum[4][10][5]: pass    143
opsum[4][10][6]: pass    143
opsum[4][10][7]: pass    143
opsum[4][11][0]: pass    143
opsum[4][11][1]: pass    143
opsum[4][11][2]: pass    143
opsum[4][11][3]: pass    143
opsum[4][11][4]: pass    143
opsum[4][11][5]: pass    143
opsum[4][11][6]: pass    143
opsum[4][11][7]: pass    143
opsum[4][12][0]: pass    143
opsum[4][12][1]: pass    143
opsum[4][12][2]: pass    143
opsum[4][12][3]: pass    143
opsum[4][12][4]: pass    143
opsum[4][12][5]: pass    143
opsum[4][12][6]: pass    143
opsum[4][12][7]: pass    143
opsum[4][13][0]: pass    143
opsum[4][13][1]: pass    143
opsum[4][13][2]: pass    143
opsum[4][13][3]: pass    143
opsum[4][13][4]: pass    143
opsum[4][13][5]: pass    143
opsum[4][13][6]: pass    143
opsum[4][13][7]: pass    143
opsum[4][14][0]: pass    143
opsum[4][14][1]: pass    143
opsum[4][14][2]: pass    143
opsum[4][14][3]: pass    143
opsum[4][14][4]: pass    143
opsum[4][14][5]: pass    143
opsum[4][14][6]: pass    143
opsum[4][14][7]: pass    143
opsum[4][15][0]: pass    143
opsum[4][15][1]: pass    143
opsum[4][15][2]: pass    143
opsum[4][15][3]: pass    143
opsum[4][15][4]: pass    143
opsum[4][15][5]: pass    143
opsum[4][15][6]: pass    143
opsum[4][15][7]: pass    143
opsum[5][0][0]: pass    143
opsum[5][0][1]: pass    143
opsum[5][0][2]: pass    143
opsum[5][0][3]: pass    143
opsum[5][0][4]: pass    143
opsum[5][0][5]: pass    143
opsum[5][0][6]: pass    143
opsum[5][0][7]: pass    143
opsum[5][1][0]: pass    143
opsum[5][1][1]: pass    143
opsum[5][1][2]: pass    143
opsum[5][1][3]: pass    143
opsum[5][1][4]: pass    143
opsum[5][1][5]: pass    143
opsum[5][1][6]: pass    143
opsum[5][1][7]: pass    143
opsum[5][2][0]: pass    143
opsum[5][2][1]: pass    143
opsum[5][2][2]: pass    143
opsum[5][2][3]: pass    143
opsum[5][2][4]: pass    143
opsum[5][2][5]: pass    143
opsum[5][2][6]: pass    143
opsum[5][2][7]: pass    143
opsum[5][3][0]: pass    143
opsum[5][3][1]: pass    143
opsum[5][3][2]: pass    143
opsum[5][3][3]: pass    143
opsum[5][3][4]: pass    143
opsum[5][3][5]: pass    143
opsum[5][3][6]: pass    143
opsum[5][3][7]: pass    143
opsum[5][4][0]: pass    143
opsum[5][4][1]: pass    143
opsum[5][4][2]: pass    143
opsum[5][4][3]: pass    143
opsum[5][4][4]: pass    143
opsum[5][4][5]: pass    143
opsum[5][4][6]: pass    143
opsum[5][4][7]: pass    143
opsum[5][5][0]: pass    143
opsum[5][5][1]: pass    143
opsum[5][5][2]: pass    143
opsum[5][5][3]: pass    143
opsum[5][5][4]: pass    143
opsum[5][5][5]: pass    143
opsum[5][5][6]: pass    143
opsum[5][5][7]: pass    143
opsum[5][6][0]: pass    143
opsum[5][6][1]: pass    143
opsum[5][6][2]: pass    143
opsum[5][6][3]: pass    143
opsum[5][6][4]: pass    143
opsum[5][6][5]: pass    143
opsum[5][6][6]: pass    143
opsum[5][6][7]: pass    143
opsum[5][7][0]: pass    143
opsum[5][7][1]: pass    143
opsum[5][7][2]: pass    143
opsum[5][7][3]: pass    143
opsum[5][7][4]: pass    143
opsum[5][7][5]: pass    143
opsum[5][7][6]: pass    143
opsum[5][7][7]: pass    143
opsum[5][8][0]: pass    143
opsum[5][8][1]: pass    143
opsum[5][8][2]: pass    143
opsum[5][8][3]: pass    143
opsum[5][8][4]: pass    143
opsum[5][8][5]: pass    143
opsum[5][8][6]: pass    143
opsum[5][8][7]: pass    143
opsum[5][9][0]: pass    143
opsum[5][9][1]: pass    143
opsum[5][9][2]: pass    143
opsum[5][9][3]: pass    143
opsum[5][9][4]: pass    143
opsum[5][9][5]: pass    143
opsum[5][9][6]: pass    143
opsum[5][9][7]: pass    143
opsum[5][10][0]: pass    143
opsum[5][10][1]: pass    143
opsum[5][10][2]: pass    143
opsum[5][10][3]: pass    143
opsum[5][10][4]: pass    143
opsum[5][10][5]: pass    143
opsum[5][10][6]: pass    143
opsum[5][10][7]: pass    143
opsum[5][11][0]: pass    143
opsum[5][11][1]: pass    143
opsum[5][11][2]: pass    143
opsum[5][11][3]: pass    143
opsum[5][11][4]: pass    143
opsum[5][11][5]: pass    143
opsum[5][11][6]: pass    143
opsum[5][11][7]: pass    143
opsum[5][12][0]: pass    143
opsum[5][12][1]: pass    143
opsum[5][12][2]: pass    143
opsum[5][12][3]: pass    143
opsum[5][12][4]: pass    143
opsum[5][12][5]: pass    143
opsum[5][12][6]: pass    143
opsum[5][12][7]: pass    143
opsum[5][13][0]: pass    143
opsum[5][13][1]: pass    143
opsum[5][13][2]: pass    143
opsum[5][13][3]: pass    143
opsum[5][13][4]: pass    143
opsum[5][13][5]: pass    143
opsum[5][13][6]: pass    143
opsum[5][13][7]: pass    143
opsum[5][14][0]: pass    143
opsum[5][14][1]: pass    143
opsum[5][14][2]: pass    143
opsum[5][14][3]: pass    143
opsum[5][14][4]: pass    143
opsum[5][14][5]: pass    143
opsum[5][14][6]: pass    143
opsum[5][14][7]: pass    143
opsum[5][15][0]: pass    143
opsum[5][15][1]: pass    143
opsum[5][15][2]: pass    143
opsum[5][15][3]: pass    143
opsum[5][15][4]: pass    143
opsum[5][15][5]: pass    143
opsum[5][15][6]: pass    143
opsum[5][15][7]: pass    143
opsum[6][0][0]: pass    143
opsum[6][0][1]: pass    143
opsum[6][0][2]: pass    143
opsum[6][0][3]: pass    143
opsum[6][0][4]: pass    143
opsum[6][0][5]: pass    143
opsum[6][0][6]: pass    143
opsum[6][0][7]: pass    143
opsum[6][1][0]: pass    143
opsum[6][1][1]: pass    143
opsum[6][1][2]: pass    143
opsum[6][1][3]: pass    143
opsum[6][1][4]: pass    143
opsum[6][1][5]: pass    143
opsum[6][1][6]: pass    143
opsum[6][1][7]: pass    143
opsum[6][2][0]: pass    143
opsum[6][2][1]: pass    143
opsum[6][2][2]: pass    143
opsum[6][2][3]: pass    143
opsum[6][2][4]: pass    143
opsum[6][2][5]: pass    143
opsum[6][2][6]: pass    143
opsum[6][2][7]: pass    143
opsum[6][3][0]: pass    143
opsum[6][3][1]: pass    143
opsum[6][3][2]: pass    143
opsum[6][3][3]: pass    143
opsum[6][3][4]: pass    143
opsum[6][3][5]: pass    143
opsum[6][3][6]: pass    143
opsum[6][3][7]: pass    143
opsum[6][4][0]: pass    143
opsum[6][4][1]: pass    143
opsum[6][4][2]: pass    143
opsum[6][4][3]: pass    143
opsum[6][4][4]: pass    143
opsum[6][4][5]: pass    143
opsum[6][4][6]: pass    143
opsum[6][4][7]: pass    143
opsum[6][5][0]: pass    143
opsum[6][5][1]: pass    143
opsum[6][5][2]: pass    143
opsum[6][5][3]: pass    143
opsum[6][5][4]: pass    143
opsum[6][5][5]: pass    143
opsum[6][5][6]: pass    143
opsum[6][5][7]: pass    143
opsum[6][6][0]: pass    143
opsum[6][6][1]: pass    143
opsum[6][6][2]: pass    143
opsum[6][6][3]: pass    143
opsum[6][6][4]: pass    143
opsum[6][6][5]: pass    143
opsum[6][6][6]: pass    143
opsum[6][6][7]: pass    143
opsum[6][7][0]: pass    143
opsum[6][7][1]: pass    143
opsum[6][7][2]: pass    143
opsum[6][7][3]: pass    143
opsum[6][7][4]: pass    143
opsum[6][7][5]: pass    143
opsum[6][7][6]: pass    143
opsum[6][7][7]: pass    143
opsum[6][8][0]: pass    143
opsum[6][8][1]: pass    143
opsum[6][8][2]: pass    143
opsum[6][8][3]: pass    143
opsum[6][8][4]: pass    143
opsum[6][8][5]: pass    143
opsum[6][8][6]: pass    143
opsum[6][8][7]: pass    143
opsum[6][9][0]: pass    143
opsum[6][9][1]: pass    143
opsum[6][9][2]: pass    143
opsum[6][9][3]: pass    143
opsum[6][9][4]: pass    143
opsum[6][9][5]: pass    143
opsum[6][9][6]: pass    143
opsum[6][9][7]: pass    143
opsum[6][10][0]: pass    143
opsum[6][10][1]: pass    143
opsum[6][10][2]: pass    143
opsum[6][10][3]: pass    143
opsum[6][10][4]: pass    143
opsum[6][10][5]: pass    143
opsum[6][10][6]: pass    143
opsum[6][10][7]: pass    143
opsum[6][11][0]: pass    143
opsum[6][11][1]: pass    143
opsum[6][11][2]: pass    143
opsum[6][11][3]: pass    143
opsum[6][11][4]: pass    143
opsum[6][11][5]: pass    143
opsum[6][11][6]: pass    143
opsum[6][11][7]: pass    143
opsum[6][12][0]: pass    143
opsum[6][12][1]: pass    143
opsum[6][12][2]: pass    143
opsum[6][12][3]: pass    143
opsum[6][12][4]: pass    143
opsum[6][12][5]: pass    143
opsum[6][12][6]: pass    143
opsum[6][12][7]: pass    143
opsum[6][13][0]: pass    143
opsum[6][13][1]: pass    143
opsum[6][13][2]: pass    143
opsum[6][13][3]: pass    143
opsum[6][13][4]: pass    143
opsum[6][13][5]: pass    143
opsum[6][13][6]: pass    143
opsum[6][13][7]: pass    143
opsum[6][14][0]: pass    143
opsum[6][14][1]: pass    143
opsum[6][14][2]: pass    143
opsum[6][14][3]: pass    143
opsum[6][14][4]: pass    143
opsum[6][14][5]: pass    143
opsum[6][14][6]: pass    143
opsum[6][14][7]: pass    143
opsum[6][15][0]: pass    143
opsum[6][15][1]: pass    143
opsum[6][15][2]: pass    143
opsum[6][15][3]: pass    143
opsum[6][15][4]: pass    143
opsum[6][15][5]: pass    143
opsum[6][15][6]: pass    143
opsum[6][15][7]: pass    143
opsum[7][0][0]: pass    143
opsum[7][0][1]: pass    143
opsum[7][0][2]: pass    143
opsum[7][0][3]: pass    143
opsum[7][0][4]: pass    143
opsum[7][0][5]: pass    143
opsum[7][0][6]: pass    143
opsum[7][0][7]: pass    143
opsum[7][1][0]: pass    143
opsum[7][1][1]: pass    143
opsum[7][1][2]: pass    143
opsum[7][1][3]: pass    143
opsum[7][1][4]: pass    143
opsum[7][1][5]: pass    143
opsum[7][1][6]: pass    143
opsum[7][1][7]: pass    143
opsum[7][2][0]: pass    143
opsum[7][2][1]: pass    143
opsum[7][2][2]: pass    143
opsum[7][2][3]: pass    143
opsum[7][2][4]: pass    143
opsum[7][2][5]: pass    143
opsum[7][2][6]: pass    143
opsum[7][2][7]: pass    143
opsum[7][3][0]: pass    143
opsum[7][3][1]: pass    143
opsum[7][3][2]: pass    143
opsum[7][3][3]: pass    143
opsum[7][3][4]: pass    143
opsum[7][3][5]: pass    143
opsum[7][3][6]: pass    143
opsum[7][3][7]: pass    143
opsum[7][4][0]: pass    143
opsum[7][4][1]: pass    143
opsum[7][4][2]: pass    143
opsum[7][4][3]: pass    143
opsum[7][4][4]: pass    143
opsum[7][4][5]: pass    143
opsum[7][4][6]: pass    143
opsum[7][4][7]: pass    143
opsum[7][5][0]: pass    143
opsum[7][5][1]: pass    143
opsum[7][5][2]: pass    143
opsum[7][5][3]: pass    143
opsum[7][5][4]: pass    143
opsum[7][5][5]: pass    143
opsum[7][5][6]: pass    143
opsum[7][5][7]: pass    143
opsum[7][6][0]: pass    143
opsum[7][6][1]: pass    143
opsum[7][6][2]: pass    143
opsum[7][6][3]: pass    143
opsum[7][6][4]: pass    143
opsum[7][6][5]: pass    143
opsum[7][6][6]: pass    143
opsum[7][6][7]: pass    143
opsum[7][7][0]: pass    143
opsum[7][7][1]: pass    143
opsum[7][7][2]: pass    143
opsum[7][7][3]: pass    143
opsum[7][7][4]: pass    143
opsum[7][7][5]: pass    143
opsum[7][7][6]: pass    143
opsum[7][7][7]: pass    143
opsum[7][8][0]: pass    143
opsum[7][8][1]: pass    143
opsum[7][8][2]: pass    143
opsum[7][8][3]: pass    143
opsum[7][8][4]: pass    143
opsum[7][8][5]: pass    143
opsum[7][8][6]: pass    143
opsum[7][8][7]: pass    143
opsum[7][9][0]: pass    143
opsum[7][9][1]: pass    143
opsum[7][9][2]: pass    143
opsum[7][9][3]: pass    143
opsum[7][9][4]: pass    143
opsum[7][9][5]: pass    143
opsum[7][9][6]: pass    143
opsum[7][9][7]: pass    143
opsum[7][10][0]: pass    143
opsum[7][10][1]: pass    143
opsum[7][10][2]: pass    143
opsum[7][10][3]: pass    143
opsum[7][10][4]: pass    143
opsum[7][10][5]: pass    143
opsum[7][10][6]: pass    143
opsum[7][10][7]: pass    143
opsum[7][11][0]: pass    143
opsum[7][11][1]: pass    143
opsum[7][11][2]: pass    143
opsum[7][11][3]: pass    143
opsum[7][11][4]: pass    143
opsum[7][11][5]: pass    143
opsum[7][11][6]: pass    143
opsum[7][11][7]: pass    143
opsum[7][12][0]: pass    143
opsum[7][12][1]: pass    143
opsum[7][12][2]: pass    143
opsum[7][12][3]: pass    143
opsum[7][12][4]: pass    143
opsum[7][12][5]: pass    143
opsum[7][12][6]: pass    143
opsum[7][12][7]: pass    143
opsum[7][13][0]: pass    143
opsum[7][13][1]: pass    143
opsum[7][13][2]: pass    143
opsum[7][13][3]: pass    143
opsum[7][13][4]: pass    143
opsum[7][13][5]: pass    143
opsum[7][13][6]: pass    143
opsum[7][13][7]: pass    143
opsum[7][14][0]: pass    143
opsum[7][14][1]: pass    143
opsum[7][14][2]: pass    143
opsum[7][14][3]: pass    143
opsum[7][14][4]: pass    143
opsum[7][14][5]: pass    143
opsum[7][14][6]: pass    143
opsum[7][14][7]: pass    143
opsum[7][15][0]: pass    143
opsum[7][15][1]: pass    143
opsum[7][15][2]: pass    143
opsum[7][15][3]: pass    143
opsum[7][15][4]: pass    143
opsum[7][15][5]: pass    143
opsum[7][15][6]: pass    143
opsum[7][15][7]: pass    143

=====================================================================================
||     ________   ___   ________           ___        ________   ________          ||
||    |\   __  \ |\  \ |\   ____\         |\  \      |\   __  \ |\   __  \         ||
||    \ \  \|\  \\ \  \\ \  \___|_        \ \  \     \ \  \|\  \\ \  \|\ /_        ||
||     \ \   __  \\ \  \\ \_____  \        \ \  \     \ \   __  \\ \   __  \       ||
||      \ \  \ \  \\ \  \\|____|\  \        \ \  \____ \ \  \ \  \\ \  \|\  \      ||
||       \ \__\ \__\\ \__\ ____\_\  \        \ \_______\\ \__\ \__\\ \_______\     ||
||        \|__|\|__| \|__||\_________\        \|_______| \|__|\|__| \|_______|     ||
||                        \|_________|                                             ||
||                                                                                 ||
=====================================================================================

 ___                                                                           ___
( _ )                                                                         ( _ )
 | |~~~~~~~~~~~~~~~~~~~~~~~~~~~~~~~~~~~~~~~~~~~~~~~~~~~~~~~~~~~~~~~~~~~~~~~~~~~| |
 | |  _____ _                 _       _   _              ______             _  | |
 | | /  ___(_)               | |     | | (_)             | ___ \           | | | |
 | | \ `--. _ _ __ ___  _   _| | __ _| |_ _  ___  _ __   | |_/ /_ _ ___ ___| | | |
 | |  `--. \ | '_ ` _ \| | | | |/ _` | __| |/ _ \| '_ \  |  __/ _` / __/ __| | | |
 | | /\__/ / | | | | | | |_| | | (_| | |_| | (_) | | | | | | | (_| \__ \__ \_| | |
 | | \____/|_|_| |_| |_|\__,_|_|\__,_|\__|_|\___/|_| |_| \_|  \__,_|___/___(_) | |
 | |                                                                           | |
 |_|~~~~~~~~~~~~~~~~~~~~~~~~~~~~~~~~~~~~~~~~~~~~~~~~~~~~~~~~~~~~~~~~~~~~~~~~~~~|_|
(___)                                                                         (___)
Simulation time: 5300 cycles
