opsum[0][0][0]: pass  14766
opsum[0][0][1]: pass  81744
opsum[0][0][2]: pass -21816
opsum[0][0][3]: pass -99482
opsum[0][0][4]: pass -44971
opsum[0][0][5]: pass  47566
opsum[0][0][6]: pass  28339
opsum[0][0][7]: pass -100340
opsum[0][1][0]: pass  98465
opsum[0][1][1]: pass  18890
opsum[0][1][2]: pass  -2834
opsum[0][1][3]: pass  21610
opsum[0][1][4]: pass  58685
opsum[0][1][5]: pass  13635
opsum[0][1][6]: pass  29623
opsum[0][1][7]: pass -14262
opsum[0][2][0]: pass  74458
opsum[0][2][1]: pass  -5274
opsum[0][2][2]: pass -68138
opsum[0][2][3]: pass -38435
opsum[0][2][4]: pass -63385
opsum[0][2][5]: pass -38821
opsum[0][2][6]: pass -44704
opsum[0][2][7]: pass  21187
opsum[0][3][0]: pass     14
opsum[0][3][1]: pass -10451
opsum[0][3][2]: pass -54543
opsum[0][3][3]: pass  23585
opsum[0][3][4]: pass  73600
opsum[0][3][5]: pass -27655
opsum[0][3][6]: pass  41511
opsum[0][3][7]: pass  51742
opsum[0][4][0]: pass  61992
opsum[0][4][1]: pass  36610
opsum[0][4][2]: pass -40150
opsum[0][4][3]: pass  39089
opsum[0][4][4]: pass 103590
opsum[0][4][5]: pass -38743
opsum[0][4][6]: pass -73213
opsum[0][4][7]: pass  53977
opsum[0][5][0]: pass -62601
opsum[0][5][1]: pass -97602
opsum[0][5][2]: pass  31763
opsum[0][5][3]: pass  90921
opsum[0][5][4]: pass  26949
opsum[0][5][5]: pass  71835
opsum[0][5][6]: pass  39741
opsum[0][5][7]: pass -16897
opsum[0][6][0]: pass  33589
opsum[0][6][1]: pass -14020
opsum[0][6][2]: pass -57155
opsum[0][6][3]: pass  -9362
opsum[0][6][4]: pass -24518
opsum[0][6][5]: pass  98673
opsum[0][6][6]: pass  40353
opsum[0][6][7]: pass 102218
opsum[0][7][0]: pass  -1677
opsum[0][7][1]: pass  59127
opsum[0][7][2]: pass -41052
opsum[0][7][3]: pass  89509
opsum[0][7][4]: pass  42684
opsum[0][7][5]: pass -47447
opsum[0][7][6]: pass -40972
opsum[0][7][7]: pass  -2625
opsum[0][8][0]: pass -40483
opsum[0][8][1]: pass  46654
opsum[0][8][2]: pass -39948
opsum[0][8][3]: pass -73079
opsum[0][8][4]: pass  68761
opsum[0][8][5]: pass -51558
opsum[0][8][6]: pass  97628
opsum[0][8][7]: pass -79813
opsum[0][9][0]: pass  24246
opsum[0][9][1]: pass  11756
opsum[0][9][2]: pass  64636
opsum[0][9][3]: pass  45877
opsum[0][9][4]: pass  39038
opsum[0][9][5]: pass   2445
opsum[0][9][6]: pass  73264
opsum[0][9][7]: pass -89339
opsum[0][10][0]: pass -55398
opsum[0][10][1]: pass -10267
opsum[0][10][2]: pass -10034
opsum[0][10][3]: pass  -2652
opsum[0][10][4]: pass -51910
opsum[0][10][5]: pass   6284
opsum[0][10][6]: pass  29699
opsum[0][10][7]: pass -15594
opsum[0][11][0]: pass -18434
opsum[0][11][1]: pass  33975
opsum[0][11][2]: pass  18217
opsum[0][11][3]: pass   7825
opsum[0][11][4]: pass  -6478
opsum[0][11][5]: pass  34146
opsum[0][11][6]: pass  15274
opsum[0][11][7]: pass -82260
opsum[0][12][0]: pass  -7304
opsum[0][12][1]: pass  45441
opsum[0][12][2]: pass  -1989
opsum[0][12][3]: pass -32628
opsum[0][12][4]: pass  -5691
opsum[0][12][5]: pass -43808
opsum[0][12][6]: pass  43359
opsum[0][12][7]: pass  -7362
opsum[0][13][0]: pass  -8561
opsum[0][13][1]: pass  46391
opsum[0][13][2]: pass  -5514
opsum[0][13][3]: pass  30245
opsum[0][13][4]: pass -60634
opsum[0][13][5]: pass  30633
opsum[0][13][6]: pass   2957
opsum[0][13][7]: pass -20330
opsum[0][14][0]: pass -34858
opsum[0][14][1]: pass -41466
opsum[0][14][2]: pass  33280
opsum[0][14][3]: pass -53772
opsum[0][14][4]: pass -89533
opsum[0][14][5]: pass -69292
opsum[0][14][6]: pass  20179
opsum[0][14][7]: pass   8357
opsum[0][15][0]: pass -31743
opsum[0][15][1]: pass -51035
opsum[0][15][2]: pass -20055
opsum[0][15][3]: pass  -1357
opsum[0][15][4]: pass  35413
opsum[0][15][5]: pass  15806
opsum[0][15][6]: pass  -1507
opsum[0][15][7]: pass  37710
opsum[0][16][0]: pass -31184
opsum[0][16][1]: pass -50543
opsum[0][16][2]: pass -55574
opsum[0][16][3]: pass -104443
opsum[0][16][4]: pass  12946
opsum[0][16][5]: pass -32967
opsum[0][16][6]: pass  46649
opsum[0][16][7]: pass -36425
opsum[0][17][0]: pass -34511
opsum[0][17][1]: pass  44038
opsum[0][17][2]: pass  18373
opsum[0][17][3]: pass  16491
opsum[0][17][4]: pass -14156
opsum[0][17][5]: pass -89489
opsum[0][17][6]: pass  42801
opsum[0][17][7]: pass -72231
opsum[0][18][0]: pass -74160
opsum[0][18][1]: pass  93220
opsum[0][18][2]: pass  50499
opsum[0][18][3]: pass  22117
opsum[0][18][4]: pass  -7652
opsum[0][18][5]: pass -28787
opsum[0][18][6]: pass -51829
opsum[0][18][7]: pass -33644
opsum[0][19][0]: pass  76692
opsum[0][19][1]: pass  79231
opsum[0][19][2]: pass -14763
opsum[0][19][3]: pass  47623
opsum[0][19][4]: pass    624
opsum[0][19][5]: pass  63098
opsum[0][19][6]: pass  15034
opsum[0][19][7]: pass  34880
opsum[0][20][0]: pass -32396
opsum[0][20][1]: pass -20200
opsum[0][20][2]: pass -17443
opsum[0][20][3]: pass -21873
opsum[0][20][4]: pass  94159
opsum[0][20][5]: pass   8351
opsum[0][20][6]: pass  31128
opsum[0][20][7]: pass -54495
opsum[0][21][0]: pass  -7550
opsum[0][21][1]: pass -80315
opsum[0][21][2]: pass -59647
opsum[0][21][3]: pass  24255
opsum[0][21][4]: pass  21433
opsum[0][21][5]: pass -18704
opsum[0][21][6]: pass -85012
opsum[0][21][7]: pass  29816
opsum[0][22][0]: pass  61316
opsum[0][22][1]: pass  12981
opsum[0][22][2]: pass -45329
opsum[0][22][3]: pass -50576
opsum[0][22][4]: pass -38792
opsum[0][22][5]: pass  -2863
opsum[0][22][6]: pass  -6710
opsum[0][22][7]: pass -13387
opsum[0][23][0]: pass  63262
opsum[0][23][1]: pass  58694
opsum[0][23][2]: pass -53543
opsum[0][23][3]: pass  66527
opsum[0][23][4]: pass  27973
opsum[0][23][5]: pass   5918
opsum[0][23][6]: pass  78726
opsum[0][23][7]: pass  39612
opsum[0][24][0]: pass  12327
opsum[0][24][1]: pass -46158
opsum[0][24][2]: pass -71368
opsum[0][24][3]: pass  -4907
opsum[0][24][4]: pass -57835
opsum[0][24][5]: pass -49817
opsum[0][24][6]: pass -47757
opsum[0][24][7]: pass    539
opsum[0][25][0]: pass  23911
opsum[0][25][1]: pass  24069
opsum[0][25][2]: pass  -7820
opsum[0][25][3]: pass -62353
opsum[0][25][4]: pass  11281
opsum[0][25][5]: pass  23833
opsum[0][25][6]: pass  30770
opsum[0][25][7]: pass  49298
opsum[0][26][0]: pass -40021
opsum[0][26][1]: pass  15854
opsum[0][26][2]: pass -30832
opsum[0][26][3]: pass  -1921
opsum[0][26][4]: pass -35650
opsum[0][26][5]: pass  49440
opsum[0][26][6]: pass  45380
opsum[0][26][7]: pass    172
opsum[0][27][0]: pass  76321
opsum[0][27][1]: pass  63117
opsum[0][27][2]: pass   3008
opsum[0][27][3]: pass -24929
opsum[0][27][4]: pass -100623
opsum[0][27][5]: pass  -8968
opsum[0][27][6]: pass -34148
opsum[0][27][7]: pass -81457
opsum[0][28][0]: pass -22011
opsum[0][28][1]: pass  32302
opsum[0][28][2]: pass  53959
opsum[0][28][3]: pass -14833
opsum[0][28][4]: pass  15040
opsum[0][28][5]: pass   1583
opsum[0][28][6]: pass -76074
opsum[0][28][7]: pass 100823
opsum[0][29][0]: pass -21655
opsum[0][29][1]: pass -57906
opsum[0][29][2]: pass -63982
opsum[0][29][3]: pass  44516
opsum[0][29][4]: pass  70401
opsum[0][29][5]: pass -61538
opsum[0][29][6]: pass  -9895
opsum[0][29][7]: pass  56506
opsum[0][30][0]: pass -67453
opsum[0][30][1]: pass   6180
opsum[0][30][2]: pass  -9949
opsum[0][30][3]: pass  64550
opsum[0][30][4]: pass -24598
opsum[0][30][5]: pass  65615
opsum[0][30][6]: pass -37033
opsum[0][30][7]: pass  23486
opsum[0][31][0]: pass  69714
opsum[0][31][1]: pass  27468
opsum[0][31][2]: pass -99173
opsum[0][31][3]: pass  -9876
opsum[0][31][4]: pass -33837
opsum[0][31][5]: pass  16879
opsum[0][31][6]: pass -36993
opsum[0][31][7]: pass -80857
opsum[1][0][0]: pass -37523
opsum[1][0][1]: pass  34509
opsum[1][0][2]: pass  14664
opsum[1][0][3]: pass  34091
opsum[1][0][4]: pass  -5021
opsum[1][0][5]: pass   -741
opsum[1][0][6]: pass -91961
opsum[1][0][7]: pass  65359
opsum[1][1][0]: pass  77605
opsum[1][1][1]: pass  42686
opsum[1][1][2]: pass  27010
opsum[1][1][3]: pass  17427
opsum[1][1][4]: pass -74479
opsum[1][1][5]: pass  17999
opsum[1][1][6]: pass  26121
opsum[1][1][7]: pass  13984
opsum[1][2][0]: pass -56084
opsum[1][2][1]: pass -38447
opsum[1][2][2]: pass  14676
opsum[1][2][3]: pass  49517
opsum[1][2][4]: pass  44790
opsum[1][2][5]: pass -31891
opsum[1][2][6]: pass -48842
opsum[1][2][7]: pass -20461
opsum[1][3][0]: pass  30322
opsum[1][3][1]: pass -28813
opsum[1][3][2]: pass  53730
opsum[1][3][3]: pass  35628
opsum[1][3][4]: pass   2784
opsum[1][3][5]: pass -81505
opsum[1][3][6]: pass -93213
opsum[1][3][7]: pass -32279
opsum[1][4][0]: pass  15780
opsum[1][4][1]: pass   3731
opsum[1][4][2]: pass  -9215
opsum[1][4][3]: pass  47852
opsum[1][4][4]: pass  41710
opsum[1][4][5]: pass -44253
opsum[1][4][6]: pass    559
opsum[1][4][7]: pass -54168
opsum[1][5][0]: pass  24318
opsum[1][5][1]: pass  44572
opsum[1][5][2]: pass -40600
opsum[1][5][3]: pass  -8620
opsum[1][5][4]: pass  10619
opsum[1][5][5]: pass -23539
opsum[1][5][6]: pass  74274
opsum[1][5][7]: pass -39145
opsum[1][6][0]: pass -36622
opsum[1][6][1]: pass -50341
opsum[1][6][2]: pass -14864
opsum[1][6][3]: pass   6910
opsum[1][6][4]: pass  91245
opsum[1][6][5]: pass -11221
opsum[1][6][6]: pass -14775
opsum[1][6][7]: pass  60231
opsum[1][7][0]: pass 109206
opsum[1][7][1]: pass  21171
opsum[1][7][2]: pass -44228
opsum[1][7][3]: pass  86827
opsum[1][7][4]: pass -27360
opsum[1][7][5]: pass -35152
opsum[1][7][6]: pass -39422
opsum[1][7][7]: pass -72499
opsum[1][8][0]: pass  16586
opsum[1][8][1]: pass   7323
opsum[1][8][2]: pass -54442
opsum[1][8][3]: pass  10193
opsum[1][8][4]: pass  64609
opsum[1][8][5]: pass  37896
opsum[1][8][6]: pass -38326
opsum[1][8][7]: pass  87688
opsum[1][9][0]: pass  60515
opsum[1][9][1]: pass  47415
opsum[1][9][2]: pass  37736
opsum[1][9][3]: pass -73342
opsum[1][9][4]: pass  71187
opsum[1][9][5]: pass  68453
opsum[1][9][6]: pass -10204
opsum[1][9][7]: pass -40350
opsum[1][10][0]: pass  30587
opsum[1][10][1]: pass -45724
opsum[1][10][2]: pass  -8551
opsum[1][10][3]: pass   5098
opsum[1][10][4]: pass   1328
opsum[1][10][5]: pass -18928
opsum[1][10][6]: pass  42587
opsum[1][10][7]: pass  45077
opsum[1][11][0]: pass  25428
opsum[1][11][1]: pass  37771
opsum[1][11][2]: pass -67906
opsum[1][11][3]: pass -56502
opsum[1][11][4]: pass -17620
opsum[1][11][5]: pass  58672
opsum[1][11][6]: pass -58822
opsum[1][11][7]: pass   3042
opsum[1][12][0]: pass  39608
opsum[1][12][1]: pass  18655
opsum[1][12][2]: pass -29065
opsum[1][12][3]: pass -38016
opsum[1][12][4]: pass -105098
opsum[1][12][5]: pass  89389
opsum[1][12][6]: pass  48729
opsum[1][12][7]: pass  39153
opsum[1][13][0]: pass  12095
opsum[1][13][1]: pass  19004
opsum[1][13][2]: pass  36366
opsum[1][13][3]: pass -43840
opsum[1][13][4]: pass  29353
opsum[1][13][5]: pass  74276
opsum[1][13][6]: pass -30233
opsum[1][13][7]: pass -10173
opsum[1][14][0]: pass  13445
opsum[1][14][1]: pass 105127
opsum[1][14][2]: pass  29065
opsum[1][14][3]: pass  43102
opsum[1][14][4]: pass  52589
opsum[1][14][5]: pass  20370
opsum[1][14][6]: pass -70984
opsum[1][14][7]: pass   6003
opsum[1][15][0]: pass  53256
opsum[1][15][1]: pass   4247
opsum[1][15][2]: pass -16614
opsum[1][15][3]: pass -19582
opsum[1][15][4]: pass -71638
opsum[1][15][5]: pass -22460
opsum[1][15][6]: pass -29247
opsum[1][15][7]: pass -54070
opsum[1][16][0]: pass -20615
opsum[1][16][1]: pass -68523
opsum[1][16][2]: pass -43413
opsum[1][16][3]: pass  -6633
opsum[1][16][4]: pass   2782
opsum[1][16][5]: pass  68091
opsum[1][16][6]: pass  58176
opsum[1][16][7]: pass  45998
opsum[1][17][0]: pass  80576
opsum[1][17][1]: pass  -9764
opsum[1][17][2]: pass  36340
opsum[1][17][3]: pass -37086
opsum[1][17][4]: pass  68103
opsum[1][17][5]: pass -34940
opsum[1][17][6]: pass  61586
opsum[1][17][7]: pass  78708
opsum[1][18][0]: pass -45955
opsum[1][18][1]: pass  17746
opsum[1][18][2]: pass   8189
opsum[1][18][3]: pass -10078
opsum[1][18][4]: pass -50098
opsum[1][18][5]: pass -15185
opsum[1][18][6]: pass -28297
opsum[1][18][7]: pass -67483
opsum[1][19][0]: pass  49960
opsum[1][19][1]: pass -29158
opsum[1][19][2]: pass -57539
opsum[1][19][3]: pass -11574
opsum[1][19][4]: pass -13157
opsum[1][19][5]: pass  30626
opsum[1][19][6]: pass  43139
opsum[1][19][7]: pass -62103
opsum[1][20][0]: pass 109061
opsum[1][20][1]: pass -48610
opsum[1][20][2]: pass -28394
opsum[1][20][3]: pass -121369
opsum[1][20][4]: pass  29077
opsum[1][20][5]: pass  12594
opsum[1][20][6]: pass -92521
opsum[1][20][7]: pass -62514
opsum[1][21][0]: pass -50869
opsum[1][21][1]: pass  41038
opsum[1][21][2]: pass  -7133
opsum[1][21][3]: pass  -4237
opsum[1][21][4]: pass -86190
opsum[1][21][5]: pass   -396
opsum[1][21][6]: pass  48373
opsum[1][21][7]: pass -39998
opsum[1][22][0]: pass -99975
opsum[1][22][1]: pass -65518
opsum[1][22][2]: pass -43052
opsum[1][22][3]: pass -54589
opsum[1][22][4]: pass -80526
opsum[1][22][5]: pass  17880
opsum[1][22][6]: pass  50548
opsum[1][22][7]: pass -86370
opsum[1][23][0]: pass  29735
opsum[1][23][1]: pass  27409
opsum[1][23][2]: pass  14675
opsum[1][23][3]: pass  32468
opsum[1][23][4]: pass  31988
opsum[1][23][5]: pass  40834
opsum[1][23][6]: pass  -5937
opsum[1][23][7]: pass -78181
opsum[1][24][0]: pass  38572
opsum[1][24][1]: pass  60759
opsum[1][24][2]: pass  10711
opsum[1][24][3]: pass  47275
opsum[1][24][4]: pass -51729
opsum[1][24][5]: pass  -2630
opsum[1][24][6]: pass -65098
opsum[1][24][7]: pass  82040
opsum[1][25][0]: pass   7797
opsum[1][25][1]: pass  49584
opsum[1][25][2]: pass  18684
opsum[1][25][3]: pass -72391
opsum[1][25][4]: pass -10320
opsum[1][25][5]: pass  12511
opsum[1][25][6]: pass  66193
opsum[1][25][7]: pass -83896
opsum[1][26][0]: pass  -5279
opsum[1][26][1]: pass -58784
opsum[1][26][2]: pass -14099
opsum[1][26][3]: pass  10661
opsum[1][26][4]: pass  71232
opsum[1][26][5]: pass -21189
opsum[1][26][6]: pass  69234
opsum[1][26][7]: pass -32168
opsum[1][27][0]: pass   1223
opsum[1][27][1]: pass   9277
opsum[1][27][2]: pass  73306
opsum[1][27][3]: pass -69473
opsum[1][27][4]: pass  45382
opsum[1][27][5]: pass -23258
opsum[1][27][6]: pass  -9067
opsum[1][27][7]: pass -42249
opsum[1][28][0]: pass  14595
opsum[1][28][1]: pass  32495
opsum[1][28][2]: pass -19435
opsum[1][28][3]: pass -51667
opsum[1][28][4]: pass  60127
opsum[1][28][5]: pass  33065
opsum[1][28][6]: pass   1559
opsum[1][28][7]: pass  -2374
opsum[1][29][0]: pass  79926
opsum[1][29][1]: pass  66554
opsum[1][29][2]: pass -64840
opsum[1][29][3]: pass  -9834
opsum[1][29][4]: pass  76105
opsum[1][29][5]: pass  21754
opsum[1][29][6]: pass -54099
opsum[1][29][7]: pass -42607
opsum[1][30][0]: pass   -222
opsum[1][30][1]: pass   6144
opsum[1][30][2]: pass -56498
opsum[1][30][3]: pass -24445
opsum[1][30][4]: pass  71369
opsum[1][30][5]: pass -53328
opsum[1][30][6]: pass  23210
opsum[1][30][7]: pass -31702
opsum[1][31][0]: pass -24009
opsum[1][31][1]: pass -118599
opsum[1][31][2]: pass -71047
opsum[1][31][3]: pass   9211
opsum[1][31][4]: pass -20776
opsum[1][31][5]: pass -45391
opsum[1][31][6]: pass   -954
opsum[1][31][7]: pass  71515
opsum[2][0][0]: pass  50163
opsum[2][0][1]: pass -12667
opsum[2][0][2]: pass  33399
opsum[2][0][3]: pass  33183
opsum[2][0][4]: pass -15988
opsum[2][0][5]: pass -33954
opsum[2][0][6]: pass -22457
opsum[2][0][7]: pass  17725
opsum[2][1][0]: pass  18690
opsum[2][1][1]: pass  15852
opsum[2][1][2]: pass -26867
opsum[2][1][3]: pass -43712
opsum[2][1][4]: pass  -1121
opsum[2][1][5]: pass -24066
opsum[2][1][6]: pass -33294
opsum[2][1][7]: pass  69491
opsum[2][2][0]: pass -33378
opsum[2][2][1]: pass   1256
opsum[2][2][2]: pass -67419
opsum[2][2][3]: pass  40700
opsum[2][2][4]: pass  -8318
opsum[2][2][5]: pass -91558
opsum[2][2][6]: pass  48604
opsum[2][2][7]: pass   4648
opsum[2][3][0]: pass  44376
opsum[2][3][1]: pass  34576
opsum[2][3][2]: pass  19581
opsum[2][3][3]: pass -35588
opsum[2][3][4]: pass  67297
opsum[2][3][5]: pass -50148
opsum[2][3][6]: pass -15789
opsum[2][3][7]: pass  81751
opsum[2][4][0]: pass -50295
opsum[2][4][1]: pass  12996
opsum[2][4][2]: pass    848
opsum[2][4][3]: pass  12938
opsum[2][4][4]: pass  89845
opsum[2][4][5]: pass  -3142
opsum[2][4][6]: pass -73887
opsum[2][4][7]: pass -29233
opsum[2][5][0]: pass -27572
opsum[2][5][1]: pass  -4035
opsum[2][5][2]: pass   8131
opsum[2][5][3]: pass -62566
opsum[2][5][4]: pass  27319
opsum[2][5][5]: pass  29846
opsum[2][5][6]: pass  -4019
opsum[2][5][7]: pass -20538
opsum[2][6][0]: pass  58097
opsum[2][6][1]: pass -79024
opsum[2][6][2]: pass -36489
opsum[2][6][3]: pass -39133
opsum[2][6][4]: pass -63729
opsum[2][6][5]: pass  13609
opsum[2][6][6]: pass -15681
opsum[2][6][7]: pass   6346
opsum[2][7][0]: pass  48660
opsum[2][7][1]: pass  81963
opsum[2][7][2]: pass  83177
opsum[2][7][3]: pass   7024
opsum[2][7][4]: pass -24173
opsum[2][7][5]: pass  46647
opsum[2][7][6]: pass  40050
opsum[2][7][7]: pass   1601
opsum[2][8][0]: pass  50687
opsum[2][8][1]: pass -57033
opsum[2][8][2]: pass  34218
opsum[2][8][3]: pass -42307
opsum[2][8][4]: pass -55474
opsum[2][8][5]: pass  -6972
opsum[2][8][6]: pass  14774
opsum[2][8][7]: pass -65919
opsum[2][9][0]: pass   3920
opsum[2][9][1]: pass -13827
opsum[2][9][2]: pass  39188
opsum[2][9][3]: pass -24918
opsum[2][9][4]: pass -15296
opsum[2][9][5]: pass  74483
opsum[2][9][6]: pass -15789
opsum[2][9][7]: pass  96274
opsum[2][10][0]: pass -51757
opsum[2][10][1]: pass  71335
opsum[2][10][2]: pass  73619
opsum[2][10][3]: pass -23654
opsum[2][10][4]: pass -11617
opsum[2][10][5]: pass -60305
opsum[2][10][6]: pass -44326
opsum[2][10][7]: pass    456
opsum[2][11][0]: pass  -5346
opsum[2][11][1]: pass -84769
opsum[2][11][2]: pass -11203
opsum[2][11][3]: pass -93669
opsum[2][11][4]: pass -70241
opsum[2][11][5]: pass  41085
opsum[2][11][6]: pass -28315
opsum[2][11][7]: pass  51381
opsum[2][12][0]: pass  33296
opsum[2][12][1]: pass  55506
opsum[2][12][2]: pass  24135
opsum[2][12][3]: pass -20107
opsum[2][12][4]: pass -37164
opsum[2][12][5]: pass -29116
opsum[2][12][6]: pass -52691
opsum[2][12][7]: pass  53188
opsum[2][13][0]: pass -17522
opsum[2][13][1]: pass -44327
opsum[2][13][2]: pass  45041
opsum[2][13][3]: pass  -4694
opsum[2][13][4]: pass -77064
opsum[2][13][5]: pass -70660
opsum[2][13][6]: pass  16041
opsum[2][13][7]: pass -27480
opsum[2][14][0]: pass -74458
opsum[2][14][1]: pass -14904
opsum[2][14][2]: pass -36284
opsum[2][14][3]: pass -14273
opsum[2][14][4]: pass  14960
opsum[2][14][5]: pass -34017
opsum[2][14][6]: pass -32474
opsum[2][14][7]: pass -29806
opsum[2][15][0]: pass  71634
opsum[2][15][1]: pass  19453
opsum[2][15][2]: pass  51255
opsum[2][15][3]: pass  44258
opsum[2][15][4]: pass  72657
opsum[2][15][5]: pass  36983
opsum[2][15][6]: pass  73266
opsum[2][15][7]: pass -45134
opsum[2][16][0]: pass -21151
opsum[2][16][1]: pass -89197
opsum[2][16][2]: pass  21604
opsum[2][16][3]: pass  85081
opsum[2][16][4]: pass  -7981
opsum[2][16][5]: pass -63723
opsum[2][16][6]: pass -16195
opsum[2][16][7]: pass  35295
opsum[2][17][0]: pass  46535
opsum[2][17][1]: pass  -9371
opsum[2][17][2]: pass -22096
opsum[2][17][3]: pass -55288
opsum[2][17][4]: pass -66668
opsum[2][17][5]: pass  57130
opsum[2][17][6]: pass -14358
opsum[2][17][7]: pass  69189
opsum[2][18][0]: pass  10574
opsum[2][18][1]: pass -37795
opsum[2][18][2]: pass  27629
opsum[2][18][3]: pass  13989
opsum[2][18][4]: pass  -6845
opsum[2][18][5]: pass -84896
opsum[2][18][6]: pass   8812
opsum[2][18][7]: pass -23361
opsum[2][19][0]: pass -19282
opsum[2][19][1]: pass  48132
opsum[2][19][2]: pass -11850
opsum[2][19][3]: pass -38812
opsum[2][19][4]: pass  25352
opsum[2][19][5]: pass -15452
opsum[2][19][6]: pass -95735
opsum[2][19][7]: pass -45261
opsum[2][20][0]: pass -30236
opsum[2][20][1]: pass -74480
opsum[2][20][2]: pass -34666
opsum[2][20][3]: pass  17697
opsum[2][20][4]: pass -19572
opsum[2][20][5]: pass -15205
opsum[2][20][6]: pass  22927
opsum[2][20][7]: pass  73088
opsum[2][21][0]: pass   3099
opsum[2][21][1]: pass   4352
opsum[2][21][2]: pass  26883
opsum[2][21][3]: pass  60026
opsum[2][21][4]: pass -29761
opsum[2][21][5]: pass   3943
opsum[2][21][6]: pass  54521
opsum[2][21][7]: pass  11689
opsum[2][22][0]: pass -54666
opsum[2][22][1]: pass -29915
opsum[2][22][2]: pass  55240
opsum[2][22][3]: pass -11707
opsum[2][22][4]: pass -37762
opsum[2][22][5]: pass  11404
opsum[2][22][6]: pass -64879
opsum[2][22][7]: pass -35731
opsum[2][23][0]: pass  54339
opsum[2][23][1]: pass -61128
opsum[2][23][2]: pass -47070
opsum[2][23][3]: pass  35161
opsum[2][23][4]: pass   6295
opsum[2][23][5]: pass  12459
opsum[2][23][6]: pass -13023
opsum[2][23][7]: pass -17274
opsum[2][24][0]: pass  26963
opsum[2][24][1]: pass -32213
opsum[2][24][2]: pass -24273
opsum[2][24][3]: pass -59687
opsum[2][24][4]: pass  40094
opsum[2][24][5]: pass  -9712
opsum[2][24][6]: pass  49344
opsum[2][24][7]: pass -22912
opsum[2][25][0]: pass -38736
opsum[2][25][1]: pass -73865
opsum[2][25][2]: pass  48069
opsum[2][25][3]: pass  15987
opsum[2][25][4]: pass -100317
opsum[2][25][5]: pass -33516
opsum[2][25][6]: pass -32766
opsum[2][25][7]: pass  19464
opsum[2][26][0]: pass  36201
opsum[2][26][1]: pass   4587
opsum[2][26][2]: pass  36217
opsum[2][26][3]: pass    283
opsum[2][26][4]: pass  40221
opsum[2][26][5]: pass -81974
opsum[2][26][6]: pass -26816
opsum[2][26][7]: pass  37877
opsum[2][27][0]: pass -76625
opsum[2][27][1]: pass  40185
opsum[2][27][2]: pass  10280
opsum[2][27][3]: pass -13081
opsum[2][27][4]: pass -65767
opsum[2][27][5]: pass   9068
opsum[2][27][6]: pass -33135
opsum[2][27][7]: pass  -2560
opsum[2][28][0]: pass  -9161
opsum[2][28][1]: pass  12903
opsum[2][28][2]: pass -48133
opsum[2][28][3]: pass -21621
opsum[2][28][4]: pass  16615
opsum[2][28][5]: pass  26459
opsum[2][28][6]: pass -46490
opsum[2][28][7]: pass  66903
opsum[2][29][0]: pass  13446
opsum[2][29][1]: pass  76392
opsum[2][29][2]: pass  15109
opsum[2][29][3]: pass -17231
opsum[2][29][4]: pass -75637
opsum[2][29][5]: pass -29843
opsum[2][29][6]: pass  11737
opsum[2][29][7]: pass   3588
opsum[2][30][0]: pass -55378
opsum[2][30][1]: pass    580
opsum[2][30][2]: pass -21033
opsum[2][30][3]: pass -32528
opsum[2][30][4]: pass -69583
opsum[2][30][5]: pass -41511
opsum[2][30][6]: pass   3350
opsum[2][30][7]: pass -51764
opsum[2][31][0]: pass  24622
opsum[2][31][1]: pass  57835
opsum[2][31][2]: pass -31444
opsum[2][31][3]: pass  50253
opsum[2][31][4]: pass  54986
opsum[2][31][5]: pass -38474
opsum[2][31][6]: pass -21135
opsum[2][31][7]: pass -112533
opsum[3][0][0]: pass -13814
opsum[3][0][1]: pass  46449
opsum[3][0][2]: pass -28651
opsum[3][0][3]: pass  30525
opsum[3][0][4]: pass -81305
opsum[3][0][5]: pass   9443
opsum[3][0][6]: pass -36858
opsum[3][0][7]: pass  44224
opsum[3][1][0]: pass  34401
opsum[3][1][1]: pass -55883
opsum[3][1][2]: pass -82960
opsum[3][1][3]: pass   9507
opsum[3][1][4]: pass -102675
opsum[3][1][5]: pass  -9596
opsum[3][1][6]: pass  24410
opsum[3][1][7]: pass  38816
opsum[3][2][0]: pass  54776
opsum[3][2][1]: pass -70317
opsum[3][2][2]: pass -44994
opsum[3][2][3]: pass  55278
opsum[3][2][4]: pass -24473
opsum[3][2][5]: pass -80393
opsum[3][2][6]: pass -58425
opsum[3][2][7]: pass -34427
opsum[3][3][0]: pass -136573
opsum[3][3][1]: pass  93231
opsum[3][3][2]: pass 102052
opsum[3][3][3]: pass   3430
opsum[3][3][4]: pass   9672
opsum[3][3][5]: pass -75523
opsum[3][3][6]: pass -20213
opsum[3][3][7]: pass -74553
opsum[3][4][0]: pass -46870
opsum[3][4][1]: pass  -6733
opsum[3][4][2]: pass  29830
opsum[3][4][3]: pass  37609
opsum[3][4][4]: pass  21506
opsum[3][4][5]: pass  51224
opsum[3][4][6]: pass   5841
opsum[3][4][7]: pass -92164
opsum[3][5][0]: pass -53559
opsum[3][5][1]: pass   3441
opsum[3][5][2]: pass  -7318
opsum[3][5][3]: pass  64677
opsum[3][5][4]: pass -31021
opsum[3][5][5]: pass   1248
opsum[3][5][6]: pass  46168
opsum[3][5][7]: pass -13559
opsum[3][6][0]: pass   5884
opsum[3][6][1]: pass  64432
opsum[3][6][2]: pass  23536
opsum[3][6][3]: pass -31275
opsum[3][6][4]: pass 116854
opsum[3][6][5]: pass  54304
opsum[3][6][6]: pass  99939
opsum[3][6][7]: pass  48105
opsum[3][7][0]: pass  23339
opsum[3][7][1]: pass -63087
opsum[3][7][2]: pass  22657
opsum[3][7][3]: pass -15138
opsum[3][7][4]: pass  84826
opsum[3][7][5]: pass  -2689
opsum[3][7][6]: pass  26285
opsum[3][7][7]: pass  58217
opsum[3][8][0]: pass -16106
opsum[3][8][1]: pass  40940
opsum[3][8][2]: pass  32850
opsum[3][8][3]: pass -31475
opsum[3][8][4]: pass  33001
opsum[3][8][5]: pass -56871
opsum[3][8][6]: pass  -1809
opsum[3][8][7]: pass  18201
opsum[3][9][0]: pass   6776
opsum[3][9][1]: pass  14201
opsum[3][9][2]: pass  43732
opsum[3][9][3]: pass  54532
opsum[3][9][4]: pass -50955
opsum[3][9][5]: pass  23262
opsum[3][9][6]: pass  58166
opsum[3][9][7]: pass -50320
opsum[3][10][0]: pass  88412
opsum[3][10][1]: pass  87517
opsum[3][10][2]: pass   5647
opsum[3][10][3]: pass -10106
opsum[3][10][4]: pass  40149
opsum[3][10][5]: pass  -5250
opsum[3][10][6]: pass -20254
opsum[3][10][7]: pass  27611
opsum[3][11][0]: pass -32975
opsum[3][11][1]: pass  53127
opsum[3][11][2]: pass  28254
opsum[3][11][3]: pass  58553
opsum[3][11][4]: pass  40788
opsum[3][11][5]: pass  53824
opsum[3][11][6]: pass  -6558
opsum[3][11][7]: pass -34805
opsum[3][12][0]: pass -41356
opsum[3][12][1]: pass -16400
opsum[3][12][2]: pass  64734
opsum[3][12][3]: pass  -2793
opsum[3][12][4]: pass  40062
opsum[3][12][5]: pass  62327
opsum[3][12][6]: pass -22973
opsum[3][12][7]: pass -74253
opsum[3][13][0]: pass    274
opsum[3][13][1]: pass -74723
opsum[3][13][2]: pass -26744
opsum[3][13][3]: pass  49266
opsum[3][13][4]: pass  -5099
opsum[3][13][5]: pass -40011
opsum[3][13][6]: pass  43527
opsum[3][13][7]: pass  31137
opsum[3][14][0]: pass 115373
opsum[3][14][1]: pass -42604
opsum[3][14][2]: pass -77646
opsum[3][14][3]: pass  69701
opsum[3][14][4]: pass  -6169
opsum[3][14][5]: pass   2956
opsum[3][14][6]: pass  74432
opsum[3][14][7]: pass  25822
opsum[3][15][0]: pass -11753
opsum[3][15][1]: pass  80976
opsum[3][15][2]: pass  -6836
opsum[3][15][3]: pass -90756
opsum[3][15][4]: pass  10236
opsum[3][15][5]: pass -49511
opsum[3][15][6]: pass   -560
opsum[3][15][7]: pass   3377
opsum[3][16][0]: pass 130556
opsum[3][16][1]: pass  85854
opsum[3][16][2]: pass  17914
opsum[3][16][3]: pass -57977
opsum[3][16][4]: pass  46212
opsum[3][16][5]: pass  34776
opsum[3][16][6]: pass  14292
opsum[3][16][7]: pass -57440
opsum[3][17][0]: pass -72881
opsum[3][17][1]: pass  25851
opsum[3][17][2]: pass -45059
opsum[3][17][3]: pass -61263
opsum[3][17][4]: pass  16776
opsum[3][17][5]: pass  46889
opsum[3][17][6]: pass  98595
opsum[3][17][7]: pass  36577
opsum[3][18][0]: pass  60277
opsum[3][18][1]: pass  -5229
opsum[3][18][2]: pass   8145
opsum[3][18][3]: pass -63363
opsum[3][18][4]: pass  96780
opsum[3][18][5]: pass  10255
opsum[3][18][6]: pass -71093
opsum[3][18][7]: pass -44315
opsum[3][19][0]: pass -120135
opsum[3][19][1]: pass  48329
opsum[3][19][2]: pass -12547
opsum[3][19][3]: pass   -662
opsum[3][19][4]: pass  -1607
opsum[3][19][5]: pass -28817
opsum[3][19][6]: pass  31311
opsum[3][19][7]: pass   4228
opsum[3][20][0]: pass -15044
opsum[3][20][1]: pass -57870
opsum[3][20][2]: pass  34432
opsum[3][20][3]: pass -23222
opsum[3][20][4]: pass -63411
opsum[3][20][5]: pass  90303
opsum[3][20][6]: pass -23127
opsum[3][20][7]: pass -16721
opsum[3][21][0]: pass -80325
opsum[3][21][1]: pass -20198
opsum[3][21][2]: pass  87795
opsum[3][21][3]: pass  18940
opsum[3][21][4]: pass  59398
opsum[3][21][5]: pass  54609
opsum[3][21][6]: pass -42887
opsum[3][21][7]: pass   6156
opsum[3][22][0]: pass -15767
opsum[3][22][1]: pass  72727
opsum[3][22][2]: pass -56360
opsum[3][22][3]: pass -27096
opsum[3][22][4]: pass  37014
opsum[3][22][5]: pass -12822
opsum[3][22][6]: pass  54551
opsum[3][22][7]: pass -68328
opsum[3][23][0]: pass -15870
opsum[3][23][1]: pass -28554
opsum[3][23][2]: pass -22812
opsum[3][23][3]: pass  61577
opsum[3][23][4]: pass -13787
opsum[3][23][5]: pass  -9695
opsum[3][23][6]: pass -79290
opsum[3][23][7]: pass -92524
opsum[3][24][0]: pass -27565
opsum[3][24][1]: pass -101576
opsum[3][24][2]: pass  31271
opsum[3][24][3]: pass  21676
opsum[3][24][4]: pass  -4433
opsum[3][24][5]: pass  46754
opsum[3][24][6]: pass 155405
opsum[3][24][7]: pass -106223
opsum[3][25][0]: pass -15052
opsum[3][25][1]: pass -74359
opsum[3][25][2]: pass   9370
opsum[3][25][3]: pass  -4576
opsum[3][25][4]: pass -39549
opsum[3][25][5]: pass -45102
opsum[3][25][6]: pass -98349
opsum[3][25][7]: pass -27544
opsum[3][26][0]: pass -93762
opsum[3][26][1]: pass -18290
opsum[3][26][2]: pass  27133
opsum[3][26][3]: pass  30687
opsum[3][26][4]: pass -10681
opsum[3][26][5]: pass -45834
opsum[3][26][6]: pass -81426
opsum[3][26][7]: pass -54666
opsum[3][27][0]: pass  -9403
opsum[3][27][1]: pass -47737
opsum[3][27][2]: pass  57772
opsum[3][27][3]: pass  85646
opsum[3][27][4]: pass  46457
opsum[3][27][5]: pass  -8171
opsum[3][27][6]: pass   9730
opsum[3][27][7]: pass  23025
opsum[3][28][0]: pass  -6705
opsum[3][28][1]: pass  -5345
opsum[3][28][2]: pass -39814
opsum[3][28][3]: pass  -1756
opsum[3][28][4]: pass -33283
opsum[3][28][5]: pass  21811
opsum[3][28][6]: pass -39874
opsum[3][28][7]: pass -53281
opsum[3][29][0]: pass  10069
opsum[3][29][1]: pass  52857
opsum[3][29][2]: pass  40479
opsum[3][29][3]: pass -10240
opsum[3][29][4]: pass   6689
opsum[3][29][5]: pass   5457
opsum[3][29][6]: pass  53374
opsum[3][29][7]: pass  21913
opsum[3][30][0]: pass -17991
opsum[3][30][1]: pass -61388
opsum[3][30][2]: pass   1245
opsum[3][30][3]: pass -99443
opsum[3][30][4]: pass  48697
opsum[3][30][5]: pass  33119
opsum[3][30][6]: pass -12753
opsum[3][30][7]: pass  53401
opsum[3][31][0]: pass -30253
opsum[3][31][1]: pass   7414
opsum[3][31][2]: pass  32654
opsum[3][31][3]: pass -63356
opsum[3][31][4]: pass -43059
opsum[3][31][5]: pass -31370
opsum[3][31][6]: pass  77474
opsum[3][31][7]: pass   8478
opsum[4][0][0]: pass -56295
opsum[4][0][1]: pass  27400
opsum[4][0][2]: pass  87725
opsum[4][0][3]: pass -43510
opsum[4][0][4]: pass   3238
opsum[4][0][5]: pass   6510
opsum[4][0][6]: pass -27545
opsum[4][0][7]: pass -37658
opsum[4][1][0]: pass -13232
opsum[4][1][1]: pass   5507
opsum[4][1][2]: pass    692
opsum[4][1][3]: pass  54387
opsum[4][1][4]: pass  -9497
opsum[4][1][5]: pass -12576
opsum[4][1][6]: pass  31679
opsum[4][1][7]: pass  71138
opsum[4][2][0]: pass -42044
opsum[4][2][1]: pass  62654
opsum[4][2][2]: pass -53556
opsum[4][2][3]: pass -19372
opsum[4][2][4]: pass  27427
opsum[4][2][5]: pass -29365
opsum[4][2][6]: pass -21998
opsum[4][2][7]: pass -36387
opsum[4][3][0]: pass  75315
opsum[4][3][1]: pass   9944
opsum[4][3][2]: pass -53433
opsum[4][3][3]: pass -32267
opsum[4][3][4]: pass  70386
opsum[4][3][5]: pass -19260
opsum[4][3][6]: pass  35591
opsum[4][3][7]: pass  -4791
opsum[4][4][0]: pass 118243
opsum[4][4][1]: pass -78650
opsum[4][4][2]: pass -12671
opsum[4][4][3]: pass  95586
opsum[4][4][4]: pass -34435
opsum[4][4][5]: pass  31627
opsum[4][4][6]: pass  33844
opsum[4][4][7]: pass  98632
opsum[4][5][0]: pass  60396
opsum[4][5][1]: pass -96938
opsum[4][5][2]: pass  10749
opsum[4][5][3]: pass  30589
opsum[4][5][4]: pass  29961
opsum[4][5][5]: pass -75996
opsum[4][5][6]: pass -30131
opsum[4][5][7]: pass  38162
opsum[4][6][0]: pass  49045
opsum[4][6][1]: pass -31822
opsum[4][6][2]: pass  63810
opsum[4][6][3]: pass -19867
opsum[4][6][4]: pass  16330
opsum[4][6][5]: pass -57508
opsum[4][6][6]: pass  62849
opsum[4][6][7]: pass  26939
opsum[4][7][0]: pass  75282
opsum[4][7][1]: pass  36845
opsum[4][7][2]: pass -19988
opsum[4][7][3]: pass  86982
opsum[4][7][4]: pass 114161
opsum[4][7][5]: pass  44813
opsum[4][7][6]: pass  30429
opsum[4][7][7]: pass  -1306
opsum[4][8][0]: pass -51406
opsum[4][8][1]: pass -73159
opsum[4][8][2]: pass  14515
opsum[4][8][3]: pass  14271
opsum[4][8][4]: pass  -7332
opsum[4][8][5]: pass  60070
opsum[4][8][6]: pass  19633
opsum[4][8][7]: pass -38409
opsum[4][9][0]: pass -86057
opsum[4][9][1]: pass -63289
opsum[4][9][2]: pass  -7711
opsum[4][9][3]: pass  24631
opsum[4][9][4]: pass -22174
opsum[4][9][5]: pass  56710
opsum[4][9][6]: pass  37692
opsum[4][9][7]: pass  13199
opsum[4][10][0]: pass  53195
opsum[4][10][1]: pass  32839
opsum[4][10][2]: pass  53431
opsum[4][10][3]: pass  23675
opsum[4][10][4]: pass  -1413
opsum[4][10][5]: pass -28538
opsum[4][10][6]: pass    141
opsum[4][10][7]: pass  22479
opsum[4][11][0]: pass -19556
opsum[4][11][1]: pass  62230
opsum[4][11][2]: pass  34638
opsum[4][11][3]: pass   9787
opsum[4][11][4]: pass -38502
opsum[4][11][5]: pass  70153
opsum[4][11][6]: pass -14506
opsum[4][11][7]: pass -56852
opsum[4][12][0]: pass  96306
opsum[4][12][1]: pass -27264
opsum[4][12][2]: pass -47099
opsum[4][12][3]: pass  65573
opsum[4][12][4]: pass -23363
opsum[4][12][5]: pass -42357
opsum[4][12][6]: pass -66865
opsum[4][12][7]: pass   5767
opsum[4][13][0]: pass  59986
opsum[4][13][1]: pass -13445
opsum[4][13][2]: pass -11734
opsum[4][13][3]: pass -10840
opsum[4][13][4]: pass   -339
opsum[4][13][5]: pass  -7857
opsum[4][13][6]: pass  84201
opsum[4][13][7]: pass  16545
opsum[4][14][0]: pass -26171
opsum[4][14][1]: pass   4039
opsum[4][14][2]: pass -70081
opsum[4][14][3]: pass  34430
opsum[4][14][4]: pass   9970
opsum[4][14][5]: pass -22364
opsum[4][14][6]: pass  45120
opsum[4][14][7]: pass   9452
opsum[4][15][0]: pass -15545
opsum[4][15][1]: pass -53262
opsum[4][15][2]: pass  -4788
opsum[4][15][3]: pass  54328
opsum[4][15][4]: pass  18048
opsum[4][15][5]: pass  30631
opsum[4][15][6]: pass  67378
opsum[4][15][7]: pass  42241
opsum[4][16][0]: pass -20366
opsum[4][16][1]: pass  57299
opsum[4][16][2]: pass -31029
opsum[4][16][3]: pass -50646
opsum[4][16][4]: pass  63538
opsum[4][16][5]: pass -59396
opsum[4][16][6]: pass -25680
opsum[4][16][7]: pass   -401
opsum[4][17][0]: pass -37959
opsum[4][17][1]: pass  71487
opsum[4][17][2]: pass  67281
opsum[4][17][3]: pass -47905
opsum[4][17][4]: pass -23635
opsum[4][17][5]: pass -43586
opsum[4][17][6]: pass  38459
opsum[4][17][7]: pass -121616
opsum[4][18][0]: pass  -5067
opsum[4][18][1]: pass  27753
opsum[4][18][2]: pass -72403
opsum[4][18][3]: pass -34177
opsum[4][18][4]: pass -89127
opsum[4][18][5]: pass -49680
opsum[4][18][6]: pass -43878
opsum[4][18][7]: pass   4061
opsum[4][19][0]: pass -65193
opsum[4][19][1]: pass -16746
opsum[4][19][2]: pass  50902
opsum[4][19][3]: pass  97177
opsum[4][19][4]: pass -18696
opsum[4][19][5]: pass  14254
opsum[4][19][6]: pass  97224
opsum[4][19][7]: pass -66250
opsum[4][20][0]: pass  49324
opsum[4][20][1]: pass -26197
opsum[4][20][2]: pass  47979
opsum[4][20][3]: pass -73644
opsum[4][20][4]: pass -44503
opsum[4][20][5]: pass  -1667
opsum[4][20][6]: pass -99730
opsum[4][20][7]: pass  16116
opsum[4][21][0]: pass  76792
opsum[4][21][1]: pass  51325
opsum[4][21][2]: pass  15018
opsum[4][21][3]: pass  12571
opsum[4][21][4]: pass  23365
opsum[4][21][5]: pass -65421
opsum[4][21][6]: pass  20875
opsum[4][21][7]: pass  60276
opsum[4][22][0]: pass -38326
opsum[4][22][1]: pass  59929
opsum[4][22][2]: pass  -2365
opsum[4][22][3]: pass  43047
opsum[4][22][4]: pass -59972
opsum[4][22][5]: pass -84232
opsum[4][22][6]: pass  -5449
opsum[4][22][7]: pass -49759
opsum[4][23][0]: pass  74005
opsum[4][23][1]: pass -35149
opsum[4][23][2]: pass  32623
opsum[4][23][3]: pass   8276
opsum[4][23][4]: pass  16414
opsum[4][23][5]: pass  20913
opsum[4][23][6]: pass -83618
opsum[4][23][7]: pass -23827
opsum[4][24][0]: pass -68793
opsum[4][24][1]: pass -18666
opsum[4][24][2]: pass  12966
opsum[4][24][3]: pass  33376
opsum[4][24][4]: pass -57919
opsum[4][24][5]: pass  35865
opsum[4][24][6]: pass -44609
opsum[4][24][7]: pass -57123
opsum[4][25][0]: pass  64206
opsum[4][25][1]: pass  77754
opsum[4][25][2]: pass -19629
opsum[4][25][3]: pass -12794
opsum[4][25][4]: pass  22237
opsum[4][25][5]: pass  65011
opsum[4][25][6]: pass  80980
opsum[4][25][7]: pass -59157
opsum[4][26][0]: pass -57149
opsum[4][26][1]: pass   3949
opsum[4][26][2]: pass  54396
opsum[4][26][3]: pass -29490
opsum[4][26][4]: pass -18914
opsum[4][26][5]: pass -34885
opsum[4][26][6]: pass -15745
opsum[4][26][7]: pass -93141
opsum[4][27][0]: pass  42345
opsum[4][27][1]: pass  -2505
opsum[4][27][2]: pass -38426
opsum[4][27][3]: pass   6377
opsum[4][27][4]: pass  23422
opsum[4][27][5]: pass  97030
opsum[4][27][6]: pass  90513
opsum[4][27][7]: pass -12282
opsum[4][28][0]: pass  39719
opsum[4][28][1]: pass -84275
opsum[4][28][2]: pass  24463
opsum[4][28][3]: pass -89850
opsum[4][28][4]: pass  83500
opsum[4][28][5]: pass  24191
opsum[4][28][6]: pass  31155
opsum[4][28][7]: pass  79441
opsum[4][29][0]: pass -21519
opsum[4][29][1]: pass -14200
opsum[4][29][2]: pass -27293
opsum[4][29][3]: pass  11265
opsum[4][29][4]: pass  76918
opsum[4][29][5]: pass 121125
opsum[4][29][6]: pass  -5468
opsum[4][29][7]: pass  21451
opsum[4][30][0]: pass   1445
opsum[4][30][1]: pass  19457
opsum[4][30][2]: pass  34285
opsum[4][30][3]: pass  87772
opsum[4][30][4]: pass -11389
opsum[4][30][5]: pass -24838
opsum[4][30][6]: pass -68275
opsum[4][30][7]: pass  16557
opsum[4][31][0]: pass -84588
opsum[4][31][1]: pass  53308
opsum[4][31][2]: pass  -6319
opsum[4][31][3]: pass  -7126
opsum[4][31][4]: pass -71024
opsum[4][31][5]: pass   9002
opsum[4][31][6]: pass  10201
opsum[4][31][7]: pass -61200
opsum[5][0][0]: pass -85373
opsum[5][0][1]: pass  42339
opsum[5][0][2]: pass   7190
opsum[5][0][3]: pass  35778
opsum[5][0][4]: pass  23416
opsum[5][0][5]: pass -54050
opsum[5][0][6]: pass  14195
opsum[5][0][7]: pass  61367
opsum[5][1][0]: pass  18499
opsum[5][1][1]: pass -64103
opsum[5][1][2]: pass  17034
opsum[5][1][3]: pass -95346
opsum[5][1][4]: pass -11780
opsum[5][1][5]: pass  53572
opsum[5][1][6]: pass  94664
opsum[5][1][7]: pass -16834
opsum[5][2][0]: pass  48167
opsum[5][2][1]: pass -51832
opsum[5][2][2]: pass  12651
opsum[5][2][3]: pass -12465
opsum[5][2][4]: pass  59425
opsum[5][2][5]: pass  42549
opsum[5][2][6]: pass -16694
opsum[5][2][7]: pass  69662
opsum[5][3][0]: pass -41315
opsum[5][3][1]: pass  21286
opsum[5][3][2]: pass  -2252
opsum[5][3][3]: pass  76764
opsum[5][3][4]: pass -12649
opsum[5][3][5]: pass  35884
opsum[5][3][6]: pass   4718
opsum[5][3][7]: pass  34265
opsum[5][4][0]: pass  -3331
opsum[5][4][1]: pass -13070
opsum[5][4][2]: pass  27469
opsum[5][4][3]: pass -33612
opsum[5][4][4]: pass  49815
opsum[5][4][5]: pass -66459
opsum[5][4][6]: pass  46365
opsum[5][4][7]: pass  27294
opsum[5][5][0]: pass 104951
opsum[5][5][1]: pass -55495
opsum[5][5][2]: pass -65790
opsum[5][5][3]: pass -21246
opsum[5][5][4]: pass  37862
opsum[5][5][5]: pass -27631
opsum[5][5][6]: pass -33544
opsum[5][5][7]: pass  80647
opsum[5][6][0]: pass  17642
opsum[5][6][1]: pass -89898
opsum[5][6][2]: pass    117
opsum[5][6][3]: pass  90362
opsum[5][6][4]: pass  14355
opsum[5][6][5]: pass -85263
opsum[5][6][6]: pass  -6343
opsum[5][6][7]: pass   2912
opsum[5][7][0]: pass 177624
opsum[5][7][1]: pass  18112
opsum[5][7][2]: pass   7969
opsum[5][7][3]: pass  46576
opsum[5][7][4]: pass  31261
opsum[5][7][5]: pass  31206
opsum[5][7][6]: pass -57461
opsum[5][7][7]: pass -52366
opsum[5][8][0]: pass   3866
opsum[5][8][1]: pass  44930
opsum[5][8][2]: pass  12002
opsum[5][8][3]: pass  91902
opsum[5][8][4]: pass  71680
opsum[5][8][5]: pass  67788
opsum[5][8][6]: pass  28790
opsum[5][8][7]: pass  19972
opsum[5][9][0]: pass  76308
opsum[5][9][1]: pass -51709
opsum[5][9][2]: pass -27161
opsum[5][9][3]: pass -14210
opsum[5][9][4]: pass 139374
opsum[5][9][5]: pass  -9945
opsum[5][9][6]: pass -45037
opsum[5][9][7]: pass   9523
opsum[5][10][0]: pass -31721
opsum[5][10][1]: pass   -900
opsum[5][10][2]: pass  55127
opsum[5][10][3]: pass -13540
opsum[5][10][4]: pass   9997
opsum[5][10][5]: pass -63196
opsum[5][10][6]: pass  23776
opsum[5][10][7]: pass   7957
opsum[5][11][0]: pass  23986
opsum[5][11][1]: pass  34317
opsum[5][11][2]: pass  19293
opsum[5][11][3]: pass  34957
opsum[5][11][4]: pass  16191
opsum[5][11][5]: pass  36199
opsum[5][11][6]: pass  28597
opsum[5][11][7]: pass  69490
opsum[5][12][0]: pass   -763
opsum[5][12][1]: pass -67922
opsum[5][12][2]: pass  56976
opsum[5][12][3]: pass -51366
opsum[5][12][4]: pass  24547
opsum[5][12][5]: pass -19008
opsum[5][12][6]: pass -18430
opsum[5][12][7]: pass  30440
opsum[5][13][0]: pass  -4937
opsum[5][13][1]: pass -43074
opsum[5][13][2]: pass  75230
opsum[5][13][3]: pass  77189
opsum[5][13][4]: pass  52851
opsum[5][13][5]: pass -72900
opsum[5][13][6]: pass -53605
opsum[5][13][7]: pass  10933
opsum[5][14][0]: pass -70289
opsum[5][14][1]: pass -49451
opsum[5][14][2]: pass  50237
opsum[5][14][3]: pass  32942
opsum[5][14][4]: pass  49818
opsum[5][14][5]: pass  38509
opsum[5][14][6]: pass -22815
opsum[5][14][7]: pass -14873
opsum[5][15][0]: pass  -1078
opsum[5][15][1]: pass -46727
opsum[5][15][2]: pass -54343
opsum[5][15][3]: pass   9124
opsum[5][15][4]: pass  16288
opsum[5][15][5]: pass   -697
opsum[5][15][6]: pass -11798
opsum[5][15][7]: pass  29315
opsum[5][16][0]: pass -10343
opsum[5][16][1]: pass -17899
opsum[5][16][2]: pass   8748
opsum[5][16][3]: pass  -1342
opsum[5][16][4]: pass 115059
opsum[5][16][5]: pass  15303
opsum[5][16][6]: pass  62462
opsum[5][16][7]: pass -59367
opsum[5][17][0]: pass  54783
opsum[5][17][1]: pass -33627
opsum[5][17][2]: pass  46354
opsum[5][17][3]: pass   4896
opsum[5][17][4]: pass  53846
opsum[5][17][5]: pass -55548
opsum[5][17][6]: pass -55495
opsum[5][17][7]: pass  31867
opsum[5][18][0]: pass -10616
opsum[5][18][1]: pass -25290
opsum[5][18][2]: pass  -8805
opsum[5][18][3]: pass -51640
opsum[5][18][4]: pass -68895
opsum[5][18][5]: pass -18087
opsum[5][18][6]: pass -42559
opsum[5][18][7]: pass -33631
opsum[5][19][0]: pass  51171
opsum[5][19][1]: pass  63543
opsum[5][19][2]: pass -50274
opsum[5][19][3]: pass  66129
opsum[5][19][4]: pass  75013
opsum[5][19][5]: pass  -3477
opsum[5][19][6]: pass -48476
opsum[5][19][7]: pass  34012
opsum[5][20][0]: pass  32695
opsum[5][20][1]: pass  13836
opsum[5][20][2]: pass  47429
opsum[5][20][3]: pass  -7324
opsum[5][20][4]: pass  -8702
opsum[5][20][5]: pass -28243
opsum[5][20][6]: pass  58044
opsum[5][20][7]: pass  27279
opsum[5][21][0]: pass  45554
opsum[5][21][1]: pass -38263
opsum[5][21][2]: pass -37301
opsum[5][21][3]: pass   5448
opsum[5][21][4]: pass  44479
opsum[5][21][5]: pass  86931
opsum[5][21][6]: pass -44745
opsum[5][21][7]: pass  23428
opsum[5][22][0]: pass  52348
opsum[5][22][1]: pass -45539
opsum[5][22][2]: pass -19322
opsum[5][22][3]: pass -50840
opsum[5][22][4]: pass  69818
opsum[5][22][5]: pass -22643
opsum[5][22][6]: pass -41401
opsum[5][22][7]: pass  39903
opsum[5][23][0]: pass -110971
opsum[5][23][1]: pass -19184
opsum[5][23][2]: pass  23443
opsum[5][23][3]: pass  87794
opsum[5][23][4]: pass  56847
opsum[5][23][5]: pass -54009
opsum[5][23][6]: pass   6475
opsum[5][23][7]: pass   7394
opsum[5][24][0]: pass  13094
opsum[5][24][1]: pass -23003
opsum[5][24][2]: pass -14645
opsum[5][24][3]: pass  84572
opsum[5][24][4]: pass   1525
opsum[5][24][5]: pass  40616
opsum[5][24][6]: pass  67651
opsum[5][24][7]: pass  12581
opsum[5][25][0]: pass -43138
opsum[5][25][1]: pass -25019
opsum[5][25][2]: pass  -1539
opsum[5][25][3]: pass  29482
opsum[5][25][4]: pass -45286
opsum[5][25][5]: pass  -1522
opsum[5][25][6]: pass -130015
opsum[5][25][7]: pass  -5137
opsum[5][26][0]: pass  46743
opsum[5][26][1]: pass   9561
opsum[5][26][2]: pass  21218
opsum[5][26][3]: pass  -5736
opsum[5][26][4]: pass  57325
opsum[5][26][5]: pass -49374
opsum[5][26][6]: pass  -2462
opsum[5][26][7]: pass -76214
opsum[5][27][0]: pass   2676
opsum[5][27][1]: pass  44936
opsum[5][27][2]: pass -21937
opsum[5][27][3]: pass  34416
opsum[5][27][4]: pass -31956
opsum[5][27][5]: pass  67356
opsum[5][27][6]: pass -90882
opsum[5][27][7]: pass  -6898
opsum[5][28][0]: pass -36509
opsum[5][28][1]: pass  47913
opsum[5][28][2]: pass -21645
opsum[5][28][3]: pass  31958
opsum[5][28][4]: pass  28263
opsum[5][28][5]: pass   -608
opsum[5][28][6]: pass -20143
opsum[5][28][7]: pass -52793
opsum[5][29][0]: pass  62602
opsum[5][29][1]: pass  11339
opsum[5][29][2]: pass  28459
opsum[5][29][3]: pass  -3845
opsum[5][29][4]: pass  31138
opsum[5][29][5]: pass  59770
opsum[5][29][6]: pass -20684
opsum[5][29][7]: pass  83060
opsum[5][30][0]: pass  70663
opsum[5][30][1]: pass  28848
opsum[5][30][2]: pass  79227
opsum[5][30][3]: pass -23031
opsum[5][30][4]: pass  78570
opsum[5][30][5]: pass  59928
opsum[5][30][6]: pass  23482
opsum[5][30][7]: pass  47556
opsum[5][31][0]: pass -74041
opsum[5][31][1]: pass -64408
opsum[5][31][2]: pass  15040
opsum[5][31][3]: pass -25507
opsum[5][31][4]: pass  49177
opsum[5][31][5]: pass  89473
opsum[5][31][6]: pass  87866
opsum[5][31][7]: pass -38235
opsum[6][0][0]: pass  31542
opsum[6][0][1]: pass -95275
opsum[6][0][2]: pass  33507
opsum[6][0][3]: pass  68938
opsum[6][0][4]: pass   5972
opsum[6][0][5]: pass  80245
opsum[6][0][6]: pass  38501
opsum[6][0][7]: pass  29841
opsum[6][1][0]: pass  19080
opsum[6][1][1]: pass -72684
opsum[6][1][2]: pass -24763
opsum[6][1][3]: pass  23651
opsum[6][1][4]: pass -41580
opsum[6][1][5]: pass  39627
opsum[6][1][6]: pass -86096
opsum[6][1][7]: pass  64018
opsum[6][2][0]: pass  42622
opsum[6][2][1]: pass  16364
opsum[6][2][2]: pass  40932
opsum[6][2][3]: pass 125985
opsum[6][2][4]: pass  -1761
opsum[6][2][5]: pass  18228
opsum[6][2][6]: pass  17501
opsum[6][2][7]: pass  33076
opsum[6][3][0]: pass -15492
opsum[6][3][1]: pass -19532
opsum[6][3][2]: pass  24550
opsum[6][3][3]: pass  -1356
opsum[6][3][4]: pass -11013
opsum[6][3][5]: pass   5174
opsum[6][3][6]: pass -75115
opsum[6][3][7]: pass   3252
opsum[6][4][0]: pass -13407
opsum[6][4][1]: pass  25993
opsum[6][4][2]: pass  32066
opsum[6][4][3]: pass   5670
opsum[6][4][4]: pass  67899
opsum[6][4][5]: pass  63503
opsum[6][4][6]: pass  11460
opsum[6][4][7]: pass  30655
opsum[6][5][0]: pass  -6793
opsum[6][5][1]: pass  -7145
opsum[6][5][2]: pass  46088
opsum[6][5][3]: pass -40029
opsum[6][5][4]: pass -84084
opsum[6][5][5]: pass  86949
opsum[6][5][6]: pass  50919
opsum[6][5][7]: pass  25983
opsum[6][6][0]: pass -50210
opsum[6][6][1]: pass -35293
opsum[6][6][2]: pass -28777
opsum[6][6][3]: pass  60016
opsum[6][6][4]: pass -60889
opsum[6][6][5]: pass -79527
opsum[6][6][6]: pass  76844
opsum[6][6][7]: pass -47312
opsum[6][7][0]: pass  10506
opsum[6][7][1]: pass -18069
opsum[6][7][2]: pass  44219
opsum[6][7][3]: pass -20776
opsum[6][7][4]: pass -62466
opsum[6][7][5]: pass -77791
opsum[6][7][6]: pass  25383
opsum[6][7][7]: pass -78371
opsum[6][8][0]: pass  40203
opsum[6][8][1]: pass  20159
opsum[6][8][2]: pass -44297
opsum[6][8][3]: pass -64325
opsum[6][8][4]: pass   7009
opsum[6][8][5]: pass  17222
opsum[6][8][6]: pass -42873
opsum[6][8][7]: pass  51165
opsum[6][9][0]: pass  55278
opsum[6][9][1]: pass  61577
opsum[6][9][2]: pass -100992
opsum[6][9][3]: pass   3183
opsum[6][9][4]: pass -70150
opsum[6][9][5]: pass -40403
opsum[6][9][6]: pass  21373
opsum[6][9][7]: pass  42601
opsum[6][10][0]: pass 103812
opsum[6][10][1]: pass -20822
opsum[6][10][2]: pass  12510
opsum[6][10][3]: pass -25248
opsum[6][10][4]: pass -44780
opsum[6][10][5]: pass  30757
opsum[6][10][6]: pass  40672
opsum[6][10][7]: pass  14030
opsum[6][11][0]: pass -60216
opsum[6][11][1]: pass  -7979
opsum[6][11][2]: pass  12754
opsum[6][11][3]: pass -12321
opsum[6][11][4]: pass  -3201
opsum[6][11][5]: pass  16321
opsum[6][11][6]: pass -35162
opsum[6][11][7]: pass  -4005
opsum[6][12][0]: pass -32174
opsum[6][12][1]: pass  76905
opsum[6][12][2]: pass  51725
opsum[6][12][3]: pass -78022
opsum[6][12][4]: pass -64513
opsum[6][12][5]: pass  -3492
opsum[6][12][6]: pass -61384
opsum[6][12][7]: pass -32296
opsum[6][13][0]: pass -50309
opsum[6][13][1]: pass  41678
opsum[6][13][2]: pass -24572
opsum[6][13][3]: pass -98708
opsum[6][13][4]: pass -37873
opsum[6][13][5]: pass  59927
opsum[6][13][6]: pass  29798
opsum[6][13][7]: pass  71571
opsum[6][14][0]: pass  68194
opsum[6][14][1]: pass  16805
opsum[6][14][2]: pass  -3833
opsum[6][14][3]: pass -64049
opsum[6][14][4]: pass -35901
opsum[6][14][5]: pass  56906
opsum[6][14][6]: pass -31060
opsum[6][14][7]: pass -31398
opsum[6][15][0]: pass  -6158
opsum[6][15][1]: pass  -4623
opsum[6][15][2]: pass -52625
opsum[6][15][3]: pass -51572
opsum[6][15][4]: pass -48092
opsum[6][15][5]: pass   4829
opsum[6][15][6]: pass  -4476
opsum[6][15][7]: pass -37712
opsum[6][16][0]: pass -18010
opsum[6][16][1]: pass   9185
opsum[6][16][2]: pass -15376
opsum[6][16][3]: pass  19443
opsum[6][16][4]: pass -11674
opsum[6][16][5]: pass  23785
opsum[6][16][6]: pass  36962
opsum[6][16][7]: pass -80673
opsum[6][17][0]: pass  70056
opsum[6][17][1]: pass  46907
opsum[6][17][2]: pass -43705
opsum[6][17][3]: pass  43808
opsum[6][17][4]: pass  20561
opsum[6][17][5]: pass -19135
opsum[6][17][6]: pass -24331
opsum[6][17][7]: pass -33381
opsum[6][18][0]: pass -20795
opsum[6][18][1]: pass -23660
opsum[6][18][2]: pass  27111
opsum[6][18][3]: pass  12464
opsum[6][18][4]: pass  -7423
opsum[6][18][5]: pass  28578
opsum[6][18][6]: pass  19947
opsum[6][18][7]: pass  70408
opsum[6][19][0]: pass  37620
opsum[6][19][1]: pass  29127
opsum[6][19][2]: pass  67534
opsum[6][19][3]: pass  38275
opsum[6][19][4]: pass  39685
opsum[6][19][5]: pass -50707
opsum[6][19][6]: pass  38919
opsum[6][19][7]: pass  11410
opsum[6][20][0]: pass   -435
opsum[6][20][1]: pass  81673
opsum[6][20][2]: pass -22225
opsum[6][20][3]: pass   -552
opsum[6][20][4]: pass  -5092
opsum[6][20][5]: pass  15032
opsum[6][20][6]: pass -37971
opsum[6][20][7]: pass -83819
opsum[6][21][0]: pass  18124
opsum[6][21][1]: pass  -6739
opsum[6][21][2]: pass -46656
opsum[6][21][3]: pass -15232
opsum[6][21][4]: pass  28622
opsum[6][21][5]: pass  87161
opsum[6][21][6]: pass   8918
opsum[6][21][7]: pass -79642
opsum[6][22][0]: pass  50137
opsum[6][22][1]: pass  48917
opsum[6][22][2]: pass -31263
opsum[6][22][3]: pass -66403
opsum[6][22][4]: pass -20808
opsum[6][22][5]: pass  91059
opsum[6][22][6]: pass  40562
opsum[6][22][7]: pass -46671
opsum[6][23][0]: pass -58975
opsum[6][23][1]: pass  17968
opsum[6][23][2]: pass  63612
opsum[6][23][3]: pass -28078
opsum[6][23][4]: pass -79274
opsum[6][23][5]: pass -77441
opsum[6][23][6]: pass  51258
opsum[6][23][7]: pass -37588
opsum[6][24][0]: pass  60440
opsum[6][24][1]: pass  30761
opsum[6][24][2]: pass  32695
opsum[6][24][3]: pass  80071
opsum[6][24][4]: pass  13273
opsum[6][24][5]: pass -27130
opsum[6][24][6]: pass -33493
opsum[6][24][7]: pass  82257
opsum[6][25][0]: pass  43535
opsum[6][25][1]: pass  13397
opsum[6][25][2]: pass  49541
opsum[6][25][3]: pass -21912
opsum[6][25][4]: pass -22260
opsum[6][25][5]: pass   4754
opsum[6][25][6]: pass -29899
opsum[6][25][7]: pass -56765
opsum[6][26][0]: pass  20220
opsum[6][26][1]: pass  33068
opsum[6][26][2]: pass -39711
opsum[6][26][3]: pass   8168
opsum[6][26][4]: pass  70372
opsum[6][26][5]: pass -35817
opsum[6][26][6]: pass -71394
opsum[6][26][7]: pass -22709
opsum[6][27][0]: pass  22321
opsum[6][27][1]: pass  20959
opsum[6][27][2]: pass  50816
opsum[6][27][3]: pass -66341
opsum[6][27][4]: pass -23662
opsum[6][27][5]: pass  54504
opsum[6][27][6]: pass  62637
opsum[6][27][7]: pass 105125
opsum[6][28][0]: pass -52239
opsum[6][28][1]: pass  19725
opsum[6][28][2]: pass   9409
opsum[6][28][3]: pass -13536
opsum[6][28][4]: pass -12043
opsum[6][28][5]: pass -90621
opsum[6][28][6]: pass  70477
opsum[6][28][7]: pass  29288
opsum[6][29][0]: pass  47498
opsum[6][29][1]: pass -57327
opsum[6][29][2]: pass  63444
opsum[6][29][3]: pass  55777
opsum[6][29][4]: pass  23575
opsum[6][29][5]: pass -29665
opsum[6][29][6]: pass  41848
opsum[6][29][7]: pass  21610
opsum[6][30][0]: pass -21222
opsum[6][30][1]: pass  21401
opsum[6][30][2]: pass  -4429
opsum[6][30][3]: pass -35806
opsum[6][30][4]: pass -39728
opsum[6][30][5]: pass  18595
opsum[6][30][6]: pass -93074
opsum[6][30][7]: pass  78499
opsum[6][31][0]: pass -57376
opsum[6][31][1]: pass  65580
opsum[6][31][2]: pass  40049
opsum[6][31][3]: pass -68187
opsum[6][31][4]: pass  11338
opsum[6][31][5]: pass  65127
opsum[6][31][6]: pass  90707
opsum[6][31][7]: pass  18395
opsum[7][0][0]: pass   1108
opsum[7][0][1]: pass  56975
opsum[7][0][2]: pass -19174
opsum[7][0][3]: pass  20236
opsum[7][0][4]: pass  28637
opsum[7][0][5]: pass  29803
opsum[7][0][6]: pass  63162
opsum[7][0][7]: pass  21113
opsum[7][1][0]: pass -29125
opsum[7][1][1]: pass  19435
opsum[7][1][2]: pass  -5424
opsum[7][1][3]: pass -13239
opsum[7][1][4]: pass -58949
opsum[7][1][5]: pass  48238
opsum[7][1][6]: pass  18012
opsum[7][1][7]: pass  60880
opsum[7][2][0]: pass 103284
opsum[7][2][1]: pass -83415
opsum[7][2][2]: pass  18900
opsum[7][2][3]: pass  44891
opsum[7][2][4]: pass  34932
opsum[7][2][5]: pass -22994
opsum[7][2][6]: pass -66414
opsum[7][2][7]: pass  90075
opsum[7][3][0]: pass   7464
opsum[7][3][1]: pass -20789
opsum[7][3][2]: pass -32478
opsum[7][3][3]: pass -18626
opsum[7][3][4]: pass   4975
opsum[7][3][5]: pass  43698
opsum[7][3][6]: pass -32543
opsum[7][3][7]: pass  88492
opsum[7][4][0]: pass -46130
opsum[7][4][1]: pass -75131
opsum[7][4][2]: pass -60567
opsum[7][4][3]: pass  68607
opsum[7][4][4]: pass  70101
opsum[7][4][5]: pass -38821
opsum[7][4][6]: pass -31485
opsum[7][4][7]: pass   -300
opsum[7][5][0]: pass -55814
opsum[7][5][1]: pass -64984
opsum[7][5][2]: pass   8288
opsum[7][5][3]: pass -53487
opsum[7][5][4]: pass  90744
opsum[7][5][5]: pass  70040
opsum[7][5][6]: pass -60956
opsum[7][5][7]: pass -39791
opsum[7][6][0]: pass  76092
opsum[7][6][1]: pass  38145
opsum[7][6][2]: pass  40039
opsum[7][6][3]: pass -17271
opsum[7][6][4]: pass -17628
opsum[7][6][5]: pass  48223
opsum[7][6][6]: pass  37172
opsum[7][6][7]: pass -15474
opsum[7][7][0]: pass  16254
opsum[7][7][1]: pass -72271
opsum[7][7][2]: pass -62855
opsum[7][7][3]: pass  68927
opsum[7][7][4]: pass  61455
opsum[7][7][5]: pass -14600
opsum[7][7][6]: pass -54608
opsum[7][7][7]: pass -50677
opsum[7][8][0]: pass  19292
opsum[7][8][1]: pass  -5848
opsum[7][8][2]: pass  29064
opsum[7][8][3]: pass  48962
opsum[7][8][4]: pass  46881
opsum[7][8][5]: pass   -848
opsum[7][8][6]: pass -14574
opsum[7][8][7]: pass  52842
opsum[7][9][0]: pass -64370
opsum[7][9][1]: pass -27354
opsum[7][9][2]: pass -19342
opsum[7][9][3]: pass  37778
opsum[7][9][4]: pass  25764
opsum[7][9][5]: pass -105344
opsum[7][9][6]: pass  48488
opsum[7][9][7]: pass  -7505
opsum[7][10][0]: pass  40465
opsum[7][10][1]: pass  66747
opsum[7][10][2]: pass  66837
opsum[7][10][3]: pass -21526
opsum[7][10][4]: pass  72971
opsum[7][10][5]: pass  -5879
opsum[7][10][6]: pass  41142
opsum[7][10][7]: pass -17214
opsum[7][11][0]: pass -37811
opsum[7][11][1]: pass   2906
opsum[7][11][2]: pass 104941
opsum[7][11][3]: pass  35804
opsum[7][11][4]: pass  42478
opsum[7][11][5]: pass  19072
opsum[7][11][6]: pass  16433
opsum[7][11][7]: pass -42363
opsum[7][12][0]: pass   2430
opsum[7][12][1]: pass  -3644
opsum[7][12][2]: pass -22906
opsum[7][12][3]: pass -61291
opsum[7][12][4]: pass -65145
opsum[7][12][5]: pass -59315
opsum[7][12][6]: pass -80496
opsum[7][12][7]: pass -37452
opsum[7][13][0]: pass -38891
opsum[7][13][1]: pass -31911
opsum[7][13][2]: pass   1514
opsum[7][13][3]: pass  20248
opsum[7][13][4]: pass  -9569
opsum[7][13][5]: pass  42700
opsum[7][13][6]: pass  97460
opsum[7][13][7]: pass  -9366
opsum[7][14][0]: pass     91
opsum[7][14][1]: pass -15562
opsum[7][14][2]: pass   2078
opsum[7][14][3]: pass -37673
opsum[7][14][4]: pass -22314
opsum[7][14][5]: pass   1064
opsum[7][14][6]: pass  33244
opsum[7][14][7]: pass -79885
opsum[7][15][0]: pass -75451
opsum[7][15][1]: pass -30244
opsum[7][15][2]: pass -35480
opsum[7][15][3]: pass  43884
opsum[7][15][4]: pass  -7680
opsum[7][15][5]: pass -59621
opsum[7][15][6]: pass -24366
opsum[7][15][7]: pass -68925
opsum[7][16][0]: pass  39843
opsum[7][16][1]: pass -15975
opsum[7][16][2]: pass   8396
opsum[7][16][3]: pass  60343
opsum[7][16][4]: pass  58049
opsum[7][16][5]: pass -43649
opsum[7][16][6]: pass -15714
opsum[7][16][7]: pass  57895
opsum[7][17][0]: pass  -5482
opsum[7][17][1]: pass -44778
opsum[7][17][2]: pass -84494
opsum[7][17][3]: pass  39789
opsum[7][17][4]: pass -27771
opsum[7][17][5]: pass -27530
opsum[7][17][6]: pass   2528
opsum[7][17][7]: pass -11108
opsum[7][18][0]: pass  99487
opsum[7][18][1]: pass -42598
opsum[7][18][2]: pass -44932
opsum[7][18][3]: pass   -879
opsum[7][18][4]: pass  19215
opsum[7][18][5]: pass  68556
opsum[7][18][6]: pass -25040
opsum[7][18][7]: pass  47658
opsum[7][19][0]: pass -26917
opsum[7][19][1]: pass  66781
opsum[7][19][2]: pass  29747
opsum[7][19][3]: pass  50693
opsum[7][19][4]: pass  59836
opsum[7][19][5]: pass -18142
opsum[7][19][6]: pass -43616
opsum[7][19][7]: pass  65251
opsum[7][20][0]: pass -20613
opsum[7][20][1]: pass  -4209
opsum[7][20][2]: pass -31579
opsum[7][20][3]: pass  49380
opsum[7][20][4]: pass  87983
opsum[7][20][5]: pass -30018
opsum[7][20][6]: pass  36032
opsum[7][20][7]: pass  39750
opsum[7][21][0]: pass -45066
opsum[7][21][1]: pass -53194
opsum[7][21][2]: pass -17147
opsum[7][21][3]: pass -30936
opsum[7][21][4]: pass  -2877
opsum[7][21][5]: pass -62209
opsum[7][21][6]: pass -50460
opsum[7][21][7]: pass -11134
opsum[7][22][0]: pass  27477
opsum[7][22][1]: pass  -8223
opsum[7][22][2]: pass -87810
opsum[7][22][3]: pass -35101
opsum[7][22][4]: pass -104327
opsum[7][22][5]: pass  46440
opsum[7][22][6]: pass -35757
opsum[7][22][7]: pass  34804
opsum[7][23][0]: pass  71930
opsum[7][23][1]: pass -16125
opsum[7][23][2]: pass  79920
opsum[7][23][3]: pass  -4033
opsum[7][23][4]: pass  36344
opsum[7][23][5]: pass -12369
opsum[7][23][6]: pass -69484
opsum[7][23][7]: pass -21844
opsum[7][24][0]: pass  -8380
opsum[7][24][1]: pass  67570
opsum[7][24][2]: pass  33371
opsum[7][24][3]: pass  20492
opsum[7][24][4]: pass  23169
opsum[7][24][5]: pass -12856
opsum[7][24][6]: pass  24082
opsum[7][24][7]: pass  -8775
opsum[7][25][0]: pass -35330
opsum[7][25][1]: pass  26428
opsum[7][25][2]: pass  75894
opsum[7][25][3]: pass  26064
opsum[7][25][4]: pass    929
opsum[7][25][5]: pass  63775
opsum[7][25][6]: pass  12362
opsum[7][25][7]: pass -34018
opsum[7][26][0]: pass -15586
opsum[7][26][1]: pass   6435
opsum[7][26][2]: pass -52426
opsum[7][26][3]: pass -49706
opsum[7][26][4]: pass -37515
opsum[7][26][5]: pass  16494
opsum[7][26][6]: pass  -2435
opsum[7][26][7]: pass  59632
opsum[7][27][0]: pass -33955
opsum[7][27][1]: pass -63713
opsum[7][27][2]: pass -57288
opsum[7][27][3]: pass -29388
opsum[7][27][4]: pass -37103
opsum[7][27][5]: pass  36431
opsum[7][27][6]: pass  23456
opsum[7][27][7]: pass  17355
opsum[7][28][0]: pass  60431
opsum[7][28][1]: pass   2185
opsum[7][28][2]: pass    700
opsum[7][28][3]: pass  24691
opsum[7][28][4]: pass  -8091
opsum[7][28][5]: pass  -6379
opsum[7][28][6]: pass   -848
opsum[7][28][7]: pass -20931
opsum[7][29][0]: pass  45323
opsum[7][29][1]: pass -17701
opsum[7][29][2]: pass    168
opsum[7][29][3]: pass  -7870
opsum[7][29][4]: pass -53214
opsum[7][29][5]: pass  56820
opsum[7][29][6]: pass -46853
opsum[7][29][7]: pass 104287
opsum[7][30][0]: pass  91088
opsum[7][30][1]: pass -30585
opsum[7][30][2]: pass -61050
opsum[7][30][3]: pass  66383
opsum[7][30][4]: pass  18274
opsum[7][30][5]: pass -97355
opsum[7][30][6]: pass  -4173
opsum[7][30][7]: pass  49250
opsum[7][31][0]: pass   -284
opsum[7][31][1]: pass   7034
opsum[7][31][2]: pass  37576
opsum[7][31][3]: pass  40345
opsum[7][31][4]: pass  29387
opsum[7][31][5]: pass -29293
opsum[7][31][6]: pass  71729
opsum[7][31][7]: pass  44783

=====================================================================================
||     ________   ___   ________           ___        ________   ________          ||
||    |\   __  \ |\  \ |\   ____\         |\  \      |\   __  \ |\   __  \         ||
||    \ \  \|\  \\ \  \\ \  \___|_        \ \  \     \ \  \|\  \\ \  \|\ /_        ||
||     \ \   __  \\ \  \\ \_____  \        \ \  \     \ \   __  \\ \   __  \       ||
||      \ \  \ \  \\ \  \\|____|\  \        \ \  \____ \ \  \ \  \\ \  \|\  \      ||
||       \ \__\ \__\\ \__\ ____\_\  \        \ \_______\\ \__\ \__\\ \_______\     ||
||        \|__|\|__| \|__||\_________\        \|_______| \|__|\|__| \|_______|     ||
||                        \|_________|                                             ||
||                                                                                 ||
=====================================================================================

 ___                                                                           ___
( _ )                                                                         ( _ )
 | |~~~~~~~~~~~~~~~~~~~~~~~~~~~~~~~~~~~~~~~~~~~~~~~~~~~~~~~~~~~~~~~~~~~~~~~~~~~| |
 | |  _____ _                 _       _   _              ______             _  | |
 | | /  ___(_)               | |     | | (_)             | ___ \           | | | |
 | | \ `--. _ _ __ ___  _   _| | __ _| |_ _  ___  _ __   | |_/ /_ _ ___ ___| | | |
 | |  `--. \ | '_ ` _ \| | | | |/ _` | __| |/ _ \| '_ \  |  __/ _` / __/ __| | | |
 | | /\__/ / | | | | | | |_| | | (_| | |_| | (_) | | | | | | | (_| \__ \__ \_| | |
 | | \____/|_|_| |_| |_|\__,_|_|\__,_|\__|_|\___/|_| |_| \_|  \__,_|___/___(_) | |
 | |                                                                           | |
 |_|~~~~~~~~~~~~~~~~~~~~~~~~~~~~~~~~~~~~~~~~~~~~~~~~~~~~~~~~~~~~~~~~~~~~~~~~~~~|_|
(___)                                                                         (___)
Simulation time: 9386 cycles
