opsum[0][0][0]: pass  42281
opsum[0][0][1]: pass  71971
opsum[0][0][2]: pass  -9509
opsum[0][0][3]: pass -20461
opsum[0][1][0]: pass -55254
opsum[0][1][1]: pass -31908
opsum[0][1][2]: pass -28602
opsum[0][1][3]: pass -48706
opsum[0][2][0]: pass  24238
opsum[0][2][1]: pass  40263
opsum[0][2][2]: pass -61804
opsum[0][2][3]: pass  51153
opsum[0][3][0]: pass -30792
opsum[0][3][1]: pass  15368
opsum[0][3][2]: pass -89836
opsum[0][3][3]: pass  -1323
opsum[0][4][0]: pass -87680
opsum[0][4][1]: pass  29542
opsum[0][4][2]: pass  11905
opsum[0][4][3]: pass  60385
opsum[0][5][0]: pass    337
opsum[0][5][1]: pass -14730
opsum[0][5][2]: pass -131354
opsum[0][5][3]: pass  54860
opsum[0][6][0]: pass   4925
opsum[0][6][1]: pass  55453
opsum[0][6][2]: pass -97383
opsum[0][6][3]: pass  20183
opsum[0][7][0]: pass -16058
opsum[0][7][1]: pass -55901
opsum[0][7][2]: pass -125628
opsum[0][7][3]: pass  52218
opsum[0][8][0]: pass -10951
opsum[0][8][1]: pass -20483
opsum[0][8][2]: pass  42540
opsum[0][8][3]: pass -18104
opsum[0][9][0]: pass  12506
opsum[0][9][1]: pass  50288
opsum[0][9][2]: pass -24399
opsum[0][9][3]: pass  53264
opsum[0][10][0]: pass -57558
opsum[0][10][1]: pass  12027
opsum[0][10][2]: pass -26434
opsum[0][10][3]: pass     58
opsum[0][11][0]: pass  22499
opsum[0][11][1]: pass  47277
opsum[0][11][2]: pass -120018
opsum[0][11][3]: pass -37396
opsum[0][12][0]: pass -73512
opsum[0][12][1]: pass -14246
opsum[0][12][2]: pass -34696
opsum[0][12][3]: pass -42675
opsum[0][13][0]: pass -29014
opsum[0][13][1]: pass  47181
opsum[0][13][2]: pass -66160
opsum[0][13][3]: pass -36823
opsum[0][14][0]: pass  54221
opsum[0][14][1]: pass  -4253
opsum[0][14][2]: pass  21166
opsum[0][14][3]: pass -45235
opsum[0][15][0]: pass   4900
opsum[0][15][1]: pass  17148
opsum[0][15][2]: pass -46218
opsum[0][15][3]: pass -30543
opsum[1][0][0]: pass  48919
opsum[1][0][1]: pass  44405
opsum[1][0][2]: pass   -863
opsum[1][0][3]: pass  64328
opsum[1][1][0]: pass -20877
opsum[1][1][1]: pass  12725
opsum[1][1][2]: pass -39044
opsum[1][1][3]: pass  86177
opsum[1][2][0]: pass -14904
opsum[1][2][1]: pass -12700
opsum[1][2][2]: pass -37822
opsum[1][2][3]: pass   2325
opsum[1][3][0]: pass -25253
opsum[1][3][1]: pass -37950
opsum[1][3][2]: pass -50154
opsum[1][3][3]: pass  29477
opsum[1][4][0]: pass -78947
opsum[1][4][1]: pass -23182
opsum[1][4][2]: pass -84530
opsum[1][4][3]: pass  61067
opsum[1][5][0]: pass -25319
opsum[1][5][1]: pass -12773
opsum[1][5][2]: pass -92053
opsum[1][5][3]: pass  20114
opsum[1][6][0]: pass -41804
opsum[1][6][1]: pass  12523
opsum[1][6][2]: pass -71148
opsum[1][6][3]: pass  47899
opsum[1][7][0]: pass  26060
opsum[1][7][1]: pass  87419
opsum[1][7][2]: pass -99371
opsum[1][7][3]: pass  11805
opsum[1][8][0]: pass  27628
opsum[1][8][1]: pass -29683
opsum[1][8][2]: pass -50357
opsum[1][8][3]: pass  40678
opsum[1][9][0]: pass -40276
opsum[1][9][1]: pass -37736
opsum[1][9][2]: pass -77903
opsum[1][9][3]: pass  -1233
opsum[1][10][0]: pass  33818
opsum[1][10][1]: pass -10934
opsum[1][10][2]: pass -104744
opsum[1][10][3]: pass -15512
opsum[1][11][0]: pass  17276
opsum[1][11][1]: pass  53704
opsum[1][11][2]: pass -118605
opsum[1][11][3]: pass  74676
opsum[1][12][0]: pass -37583
opsum[1][12][1]: pass -18328
opsum[1][12][2]: pass -37722
opsum[1][12][3]: pass   4455
opsum[1][13][0]: pass -13487
opsum[1][13][1]: pass  62458
opsum[1][13][2]: pass -68006
opsum[1][13][3]: pass  73577
opsum[1][14][0]: pass  16420
opsum[1][14][1]: pass  56161
opsum[1][14][2]: pass -84896
opsum[1][14][3]: pass  26822
opsum[1][15][0]: pass   2841
opsum[1][15][1]: pass  18103
opsum[1][15][2]: pass  -5819
opsum[1][15][3]: pass  80232
opsum[2][0][0]: pass -15859
opsum[2][0][1]: pass  42835
opsum[2][0][2]: pass -85007
opsum[2][0][3]: pass  55217
opsum[2][1][0]: pass -26764
opsum[2][1][1]: pass  66206
opsum[2][1][2]: pass -48821
opsum[2][1][3]: pass -16633
opsum[2][2][0]: pass -44126
opsum[2][2][1]: pass   4683
opsum[2][2][2]: pass -46698
opsum[2][2][3]: pass -26001
opsum[2][3][0]: pass  11940
opsum[2][3][1]: pass  57027
opsum[2][3][2]: pass -68033
opsum[2][3][3]: pass   1589
opsum[2][4][0]: pass  -8495
opsum[2][4][1]: pass  60570
opsum[2][4][2]: pass   7185
opsum[2][4][3]: pass  -1945
opsum[2][5][0]: pass -47680
opsum[2][5][1]: pass -21866
opsum[2][5][2]: pass -88134
opsum[2][5][3]: pass  45182
opsum[2][6][0]: pass -46002
opsum[2][6][1]: pass -33034
opsum[2][6][2]: pass  -6764
opsum[2][6][3]: pass  62779
opsum[2][7][0]: pass   1268
opsum[2][7][1]: pass  17277
opsum[2][7][2]: pass -31340
opsum[2][7][3]: pass  -7856
opsum[2][8][0]: pass -30314
opsum[2][8][1]: pass  34986
opsum[2][8][2]: pass    811
opsum[2][8][3]: pass -13624
opsum[2][9][0]: pass  29588
opsum[2][9][1]: pass -52585
opsum[2][9][2]: pass -34566
opsum[2][9][3]: pass  53563
opsum[2][10][0]: pass  62955
opsum[2][10][1]: pass  44253
opsum[2][10][2]: pass -55594
opsum[2][10][3]: pass -23363
opsum[2][11][0]: pass -13666
opsum[2][11][1]: pass  41584
opsum[2][11][2]: pass   6492
opsum[2][11][3]: pass  -1262
opsum[2][12][0]: pass  -4806
opsum[2][12][1]: pass -57558
opsum[2][12][2]: pass -72723
opsum[2][12][3]: pass   3150
opsum[2][13][0]: pass -27722
opsum[2][13][1]: pass  37541
opsum[2][13][2]: pass -78269
opsum[2][13][3]: pass  21417
opsum[2][14][0]: pass  53369
opsum[2][14][1]: pass  57249
opsum[2][14][2]: pass    489
opsum[2][14][3]: pass -20548
opsum[2][15][0]: pass -21872
opsum[2][15][1]: pass  48352
opsum[2][15][2]: pass -15049
opsum[2][15][3]: pass -38743
opsum[3][0][0]: pass  96079
opsum[3][0][1]: pass  38486
opsum[3][0][2]: pass  20985
opsum[3][0][3]: pass  22733
opsum[3][1][0]: pass -47358
opsum[3][1][1]: pass  11949
opsum[3][1][2]: pass -91019
opsum[3][1][3]: pass -23215
opsum[3][2][0]: pass -42628
opsum[3][2][1]: pass   6776
opsum[3][2][2]: pass -12806
opsum[3][2][3]: pass  41248
opsum[3][3][0]: pass -44706
opsum[3][3][1]: pass -28855
opsum[3][3][2]: pass -104601
opsum[3][3][3]: pass  41777
opsum[3][4][0]: pass  40212
opsum[3][4][1]: pass -22871
opsum[3][4][2]: pass -38180
opsum[3][4][3]: pass -43707
opsum[3][5][0]: pass  17098
opsum[3][5][1]: pass  -3380
opsum[3][5][2]: pass -100950
opsum[3][5][3]: pass -12757
opsum[3][6][0]: pass  17657
opsum[3][6][1]: pass  99094
opsum[3][6][2]: pass -116383
opsum[3][6][3]: pass  35769
opsum[3][7][0]: pass  40229
opsum[3][7][1]: pass    419
opsum[3][7][2]: pass -13831
opsum[3][7][3]: pass  39496
opsum[3][8][0]: pass -26979
opsum[3][8][1]: pass  71017
opsum[3][8][2]: pass -89676
opsum[3][8][3]: pass  -7915
opsum[3][9][0]: pass  29196
opsum[3][9][1]: pass  35519
opsum[3][9][2]: pass   -637
opsum[3][9][3]: pass  60005
opsum[3][10][0]: pass  28255
opsum[3][10][1]: pass -29602
opsum[3][10][2]: pass -36322
opsum[3][10][3]: pass  56852
opsum[3][11][0]: pass -109743
opsum[3][11][1]: pass  -4788
opsum[3][11][2]: pass -79310
opsum[3][11][3]: pass -26552
opsum[3][12][0]: pass  61912
opsum[3][12][1]: pass  16408
opsum[3][12][2]: pass -126917
opsum[3][12][3]: pass  47528
opsum[3][13][0]: pass  38794
opsum[3][13][1]: pass  -1626
opsum[3][13][2]: pass -115723
opsum[3][13][3]: pass  57427
opsum[3][14][0]: pass  35453
opsum[3][14][1]: pass  45096
opsum[3][14][2]: pass -20571
opsum[3][14][3]: pass  10796
opsum[3][15][0]: pass  37310
opsum[3][15][1]: pass  52405
opsum[3][15][2]: pass -19630
opsum[3][15][3]: pass  45632
opsum[4][0][0]: pass  28929
opsum[4][0][1]: pass  -8413
opsum[4][0][2]: pass -95843
opsum[4][0][3]: pass -70924
opsum[4][1][0]: pass -77584
opsum[4][1][1]: pass -14593
opsum[4][1][2]: pass   -478
opsum[4][1][3]: pass -31145
opsum[4][2][0]: pass -54784
opsum[4][2][1]: pass  -2394
opsum[4][2][2]: pass -57252
opsum[4][2][3]: pass  50538
opsum[4][3][0]: pass -15332
opsum[4][3][1]: pass  37237
opsum[4][3][2]: pass  13253
opsum[4][3][3]: pass  22102
opsum[4][4][0]: pass -56408
opsum[4][4][1]: pass  27527
opsum[4][4][2]: pass -105499
opsum[4][4][3]: pass  23227
opsum[4][5][0]: pass -56723
opsum[4][5][1]: pass -67564
opsum[4][5][2]: pass -88068
opsum[4][5][3]: pass -53440
opsum[4][6][0]: pass -12648
opsum[4][6][1]: pass  56337
opsum[4][6][2]: pass -122805
opsum[4][6][3]: pass -72465
opsum[4][7][0]: pass  23692
opsum[4][7][1]: pass  20076
opsum[4][7][2]: pass -96684
opsum[4][7][3]: pass  79855
opsum[4][8][0]: pass   2318
opsum[4][8][1]: pass  78392
opsum[4][8][2]: pass -40620
opsum[4][8][3]: pass  94591
opsum[4][9][0]: pass  -1740
opsum[4][9][1]: pass  77599
opsum[4][9][2]: pass -80596
opsum[4][9][3]: pass -11007
opsum[4][10][0]: pass  21683
opsum[4][10][1]: pass  39956
opsum[4][10][2]: pass -65888
opsum[4][10][3]: pass  26179
opsum[4][11][0]: pass -37559
opsum[4][11][1]: pass  66087
opsum[4][11][2]: pass -61581
opsum[4][11][3]: pass  16917
opsum[4][12][0]: pass  -4754
opsum[4][12][1]: pass -17108
opsum[4][12][2]: pass -12437
opsum[4][12][3]: pass -75444
opsum[4][13][0]: pass -56499
opsum[4][13][1]: pass  11180
opsum[4][13][2]: pass -80930
opsum[4][13][3]: pass -69056
opsum[4][14][0]: pass  39315
opsum[4][14][1]: pass 111371
opsum[4][14][2]: pass -34765
opsum[4][14][3]: pass  58943
opsum[4][15][0]: pass -59177
opsum[4][15][1]: pass -43288
opsum[4][15][2]: pass -12332
opsum[4][15][3]: pass  91621
opsum[5][0][0]: pass -58144
opsum[5][0][1]: pass  22998
opsum[5][0][2]: pass -34394
opsum[5][0][3]: pass  -5606
opsum[5][1][0]: pass -33316
opsum[5][1][1]: pass  59480
opsum[5][1][2]: pass  -2613
opsum[5][1][3]: pass  15719
opsum[5][2][0]: pass -30686
opsum[5][2][1]: pass  34345
opsum[5][2][2]: pass -10772
opsum[5][2][3]: pass  14203
opsum[5][3][0]: pass  39624
opsum[5][3][1]: pass  -3775
opsum[5][3][2]: pass -20834
opsum[5][3][3]: pass  47121
opsum[5][4][0]: pass  25697
opsum[5][4][1]: pass  -3538
opsum[5][4][2]: pass -89977
opsum[5][4][3]: pass -13895
opsum[5][5][0]: pass -62930
opsum[5][5][1]: pass  65629
opsum[5][5][2]: pass -114063
opsum[5][5][3]: pass  89153
opsum[5][6][0]: pass -26903
opsum[5][6][1]: pass  83642
opsum[5][6][2]: pass    773
opsum[5][6][3]: pass  11829
opsum[5][7][0]: pass -14475
opsum[5][7][1]: pass -15031
opsum[5][7][2]: pass -28604
opsum[5][7][3]: pass  72678
opsum[5][8][0]: pass  53630
opsum[5][8][1]: pass  19144
opsum[5][8][2]: pass -23181
opsum[5][8][3]: pass  -6744
opsum[5][9][0]: pass  79732
opsum[5][9][1]: pass -28867
opsum[5][9][2]: pass   7094
opsum[5][9][3]: pass   3098
opsum[5][10][0]: pass -16115
opsum[5][10][1]: pass  40629
opsum[5][10][2]: pass -84177
opsum[5][10][3]: pass  33847
opsum[5][11][0]: pass -19488
opsum[5][11][1]: pass -24618
opsum[5][11][2]: pass  14914
opsum[5][11][3]: pass   3863
opsum[5][12][0]: pass -63151
opsum[5][12][1]: pass -35319
opsum[5][12][2]: pass  14302
opsum[5][12][3]: pass  30129
opsum[5][13][0]: pass  29120
opsum[5][13][1]: pass  10282
opsum[5][13][2]: pass -18471
opsum[5][13][3]: pass  29178
opsum[5][14][0]: pass   6424
opsum[5][14][1]: pass  67819
opsum[5][14][2]: pass -29515
opsum[5][14][3]: pass -33457
opsum[5][15][0]: pass  63710
opsum[5][15][1]: pass  97583
opsum[5][15][2]: pass  25627
opsum[5][15][3]: pass -21703
opsum[6][0][0]: pass  74997
opsum[6][0][1]: pass -38826
opsum[6][0][2]: pass  22897
opsum[6][0][3]: pass   3737
opsum[6][1][0]: pass  51716
opsum[6][1][1]: pass   -491
opsum[6][1][2]: pass -52600
opsum[6][1][3]: pass -16379
opsum[6][2][0]: pass  16992
opsum[6][2][1]: pass  97257
opsum[6][2][2]: pass -16167
opsum[6][2][3]: pass  29501
opsum[6][3][0]: pass -22996
opsum[6][3][1]: pass  46660
opsum[6][3][2]: pass -40002
opsum[6][3][3]: pass -36982
opsum[6][4][0]: pass -48336
opsum[6][4][1]: pass  32532
opsum[6][4][2]: pass -17718
opsum[6][4][3]: pass  44992
opsum[6][5][0]: pass -26626
opsum[6][5][1]: pass  65944
opsum[6][5][2]: pass  -6299
opsum[6][5][3]: pass -48587
opsum[6][6][0]: pass  19172
opsum[6][6][1]: pass -28694
opsum[6][6][2]: pass  -5211
opsum[6][6][3]: pass  74534
opsum[6][7][0]: pass  42534
opsum[6][7][1]: pass  68953
opsum[6][7][2]: pass -26597
opsum[6][7][3]: pass -58023
opsum[6][8][0]: pass -88403
opsum[6][8][1]: pass  74855
opsum[6][8][2]: pass -60969
opsum[6][8][3]: pass -31337
opsum[6][9][0]: pass -26028
opsum[6][9][1]: pass  -1418
opsum[6][9][2]: pass   9400
opsum[6][9][3]: pass  64296
opsum[6][10][0]: pass -70361
opsum[6][10][1]: pass  26706
opsum[6][10][2]: pass -38734
opsum[6][10][3]: pass  15285
opsum[6][11][0]: pass   9326
opsum[6][11][1]: pass  19387
opsum[6][11][2]: pass  29998
opsum[6][11][3]: pass   2184
opsum[6][12][0]: pass  23870
opsum[6][12][1]: pass  69723
opsum[6][12][2]: pass -66422
opsum[6][12][3]: pass -19424
opsum[6][13][0]: pass  65046
opsum[6][13][1]: pass   1835
opsum[6][13][2]: pass -75015
opsum[6][13][3]: pass  46620
opsum[6][14][0]: pass -33492
opsum[6][14][1]: pass  58113
opsum[6][14][2]: pass -79149
opsum[6][14][3]: pass -13391
opsum[6][15][0]: pass   5193
opsum[6][15][1]: pass  53012
opsum[6][15][2]: pass -25029
opsum[6][15][3]: pass -23551
opsum[7][0][0]: pass  25863
opsum[7][0][1]: pass  59277
opsum[7][0][2]: pass  21454
opsum[7][0][3]: pass  36580
opsum[7][1][0]: pass  31360
opsum[7][1][1]: pass -23546
opsum[7][1][2]: pass -91930
opsum[7][1][3]: pass -43849
opsum[7][2][0]: pass -71333
opsum[7][2][1]: pass  14803
opsum[7][2][2]: pass   4787
opsum[7][2][3]: pass  41575
opsum[7][3][0]: pass  15513
opsum[7][3][1]: pass -40048
opsum[7][3][2]: pass -72929
opsum[7][3][3]: pass -35289
opsum[7][4][0]: pass  41635
opsum[7][4][1]: pass  56924
opsum[7][4][2]: pass -67863
opsum[7][4][3]: pass   1603
opsum[7][5][0]: pass -56579
opsum[7][5][1]: pass  28240
opsum[7][5][2]: pass -97881
opsum[7][5][3]: pass  34547
opsum[7][6][0]: pass  60976
opsum[7][6][1]: pass   9301
opsum[7][6][2]: pass  41099
opsum[7][6][3]: pass  37051
opsum[7][7][0]: pass   9334
opsum[7][7][1]: pass  -1982
opsum[7][7][2]: pass -75808
opsum[7][7][3]: pass  95894
opsum[7][8][0]: pass -30954
opsum[7][8][1]: pass  16230
opsum[7][8][2]: pass -10557
opsum[7][8][3]: pass  65431
opsum[7][9][0]: pass -10667
opsum[7][9][1]: pass -22566
opsum[7][9][2]: pass -54518
opsum[7][9][3]: pass -17854
opsum[7][10][0]: pass   9150
opsum[7][10][1]: pass  21722
opsum[7][10][2]: pass -39521
opsum[7][10][3]: pass  87313
opsum[7][11][0]: pass -65885
opsum[7][11][1]: pass -19305
opsum[7][11][2]: pass -22016
opsum[7][11][3]: pass  47254
opsum[7][12][0]: pass -58933
opsum[7][12][1]: pass  48137
opsum[7][12][2]: pass  16820
opsum[7][12][3]: pass  54307
opsum[7][13][0]: pass -56626
opsum[7][13][1]: pass  69474
opsum[7][13][2]: pass  -6591
opsum[7][13][3]: pass  57935
opsum[7][14][0]: pass -61163
opsum[7][14][1]: pass  30351
opsum[7][14][2]: pass -57342
opsum[7][14][3]: pass   2733
opsum[7][15][0]: pass -33230
opsum[7][15][1]: pass -21811
opsum[7][15][2]: pass -43393
opsum[7][15][3]: pass -46735
opsum[8][0][0]: pass -34602
opsum[8][0][1]: pass  69641
opsum[8][0][2]: pass -85665
opsum[8][0][3]: pass -20443
opsum[8][1][0]: pass  83204
opsum[8][1][1]: pass -17179
opsum[8][1][2]: pass -73355
opsum[8][1][3]: pass  52524
opsum[8][2][0]: pass -20984
opsum[8][2][1]: pass -18775
opsum[8][2][2]: pass  16117
opsum[8][2][3]: pass -14375
opsum[8][3][0]: pass  57612
opsum[8][3][1]: pass  52570
opsum[8][3][2]: pass -109015
opsum[8][3][3]: pass -43662
opsum[8][4][0]: pass  57269
opsum[8][4][1]: pass   8477
opsum[8][4][2]: pass -96354
opsum[8][4][3]: pass -24259
opsum[8][5][0]: pass  74967
opsum[8][5][1]: pass    739
opsum[8][5][2]: pass -36619
opsum[8][5][3]: pass -25001
opsum[8][6][0]: pass   5767
opsum[8][6][1]: pass  47133
opsum[8][6][2]: pass -43065
opsum[8][6][3]: pass -44075
opsum[8][7][0]: pass -57165
opsum[8][7][1]: pass  84627
opsum[8][7][2]: pass -17704
opsum[8][7][3]: pass -42147
opsum[8][8][0]: pass -79532
opsum[8][8][1]: pass  50120
opsum[8][8][2]: pass   1593
opsum[8][8][3]: pass -38717
opsum[8][9][0]: pass  45266
opsum[8][9][1]: pass  10858
opsum[8][9][2]: pass -81111
opsum[8][9][3]: pass -28511
opsum[8][10][0]: pass -29087
opsum[8][10][1]: pass -43091
opsum[8][10][2]: pass -111086
opsum[8][10][3]: pass -50648
opsum[8][11][0]: pass -34097
opsum[8][11][1]: pass -22366
opsum[8][11][2]: pass -94045
opsum[8][11][3]: pass  17911
opsum[8][12][0]: pass -59715
opsum[8][12][1]: pass -24011
opsum[8][12][2]: pass -115249
opsum[8][12][3]: pass   3820
opsum[8][13][0]: pass  23695
opsum[8][13][1]: pass  14799
opsum[8][13][2]: pass   2164
opsum[8][13][3]: pass  66380
opsum[8][14][0]: pass -42429
opsum[8][14][1]: pass  78583
opsum[8][14][2]: pass -58199
opsum[8][14][3]: pass   2158
opsum[8][15][0]: pass   8580
opsum[8][15][1]: pass  52278
opsum[8][15][2]: pass -29968
opsum[8][15][3]: pass -40120
opsum[9][0][0]: pass -12938
opsum[9][0][1]: pass  45162
opsum[9][0][2]: pass -97634
opsum[9][0][3]: pass  80027
opsum[9][1][0]: pass  61222
opsum[9][1][1]: pass  85239
opsum[9][1][2]: pass -24394
opsum[9][1][3]: pass -53400
opsum[9][2][0]: pass -38153
opsum[9][2][1]: pass  53616
opsum[9][2][2]: pass  37791
opsum[9][2][3]: pass  47218
opsum[9][3][0]: pass  18893
opsum[9][3][1]: pass  49487
opsum[9][3][2]: pass -28424
opsum[9][3][3]: pass -27778
opsum[9][4][0]: pass  34115
opsum[9][4][1]: pass -33114
opsum[9][4][2]: pass  14000
opsum[9][4][3]: pass -17252
opsum[9][5][0]: pass  81143
opsum[9][5][1]: pass  22367
opsum[9][5][2]: pass -72764
opsum[9][5][3]: pass  83758
opsum[9][6][0]: pass  50232
opsum[9][6][1]: pass  36453
opsum[9][6][2]: pass -59650
opsum[9][6][3]: pass -28347
opsum[9][7][0]: pass -23729
opsum[9][7][1]: pass  49990
opsum[9][7][2]: pass -107529
opsum[9][7][3]: pass  47752
opsum[9][8][0]: pass -51286
opsum[9][8][1]: pass  44129
opsum[9][8][2]: pass -76840
opsum[9][8][3]: pass  86073
opsum[9][9][0]: pass  10742
opsum[9][9][1]: pass -62724
opsum[9][9][2]: pass -70623
opsum[9][9][3]: pass -31465
opsum[9][10][0]: pass -58912
opsum[9][10][1]: pass -21611
opsum[9][10][2]: pass -91926
opsum[9][10][3]: pass   9441
opsum[9][11][0]: pass -39966
opsum[9][11][1]: pass -47049
opsum[9][11][2]: pass -76354
opsum[9][11][3]: pass -19113
opsum[9][12][0]: pass  11919
opsum[9][12][1]: pass   6218
opsum[9][12][2]: pass -11557
opsum[9][12][3]: pass   9935
opsum[9][13][0]: pass  30058
opsum[9][13][1]: pass  59025
opsum[9][13][2]: pass   7172
opsum[9][13][3]: pass  11200
opsum[9][14][0]: pass  21473
opsum[9][14][1]: pass  17137
opsum[9][14][2]: pass -49322
opsum[9][14][3]: pass  52194
opsum[9][15][0]: pass -46730
opsum[9][15][1]: pass  15847
opsum[9][15][2]: pass -106387
opsum[9][15][3]: pass -40212
opsum[10][0][0]: pass  12974
opsum[10][0][1]: pass  46546
opsum[10][0][2]: pass -67692
opsum[10][0][3]: pass  90220
opsum[10][1][0]: pass -38400
opsum[10][1][1]: pass    866
opsum[10][1][2]: pass -68375
opsum[10][1][3]: pass  44571
opsum[10][2][0]: pass  40417
opsum[10][2][1]: pass -33708
opsum[10][2][2]: pass   4828
opsum[10][2][3]: pass -10237
opsum[10][3][0]: pass   1514
opsum[10][3][1]: pass  37600
opsum[10][3][2]: pass  38061
opsum[10][3][3]: pass -17828
opsum[10][4][0]: pass  10572
opsum[10][4][1]: pass -14104
opsum[10][4][2]: pass -71307
opsum[10][4][3]: pass  96424
opsum[10][5][0]: pass  27971
opsum[10][5][1]: pass  89158
opsum[10][5][2]: pass -17875
opsum[10][5][3]: pass  39734
opsum[10][6][0]: pass    314
opsum[10][6][1]: pass -16037
opsum[10][6][2]: pass -58299
opsum[10][6][3]: pass  51452
opsum[10][7][0]: pass   6646
opsum[10][7][1]: pass  23377
opsum[10][7][2]: pass -112481
opsum[10][7][3]: pass -13041
opsum[10][8][0]: pass -56304
opsum[10][8][1]: pass  -3573
opsum[10][8][2]: pass  16011
opsum[10][8][3]: pass -34021
opsum[10][9][0]: pass  46846
opsum[10][9][1]: pass  58822
opsum[10][9][2]: pass   2561
opsum[10][9][3]: pass  12531
opsum[10][10][0]: pass -28878
opsum[10][10][1]: pass  73070
opsum[10][10][2]: pass -34211
opsum[10][10][3]: pass  -4017
opsum[10][11][0]: pass -80397
opsum[10][11][1]: pass  90643
opsum[10][11][2]: pass -84235
opsum[10][11][3]: pass  14585
opsum[10][12][0]: pass  32315
opsum[10][12][1]: pass  46077
opsum[10][12][2]: pass -42046
opsum[10][12][3]: pass  -5796
opsum[10][13][0]: pass  11572
opsum[10][13][1]: pass  75540
opsum[10][13][2]: pass -33704
opsum[10][13][3]: pass -60436
opsum[10][14][0]: pass -41298
opsum[10][14][1]: pass -22644
opsum[10][14][2]: pass -79307
opsum[10][14][3]: pass  38965
opsum[10][15][0]: pass -17893
opsum[10][15][1]: pass  10291
opsum[10][15][2]: pass  -9617
opsum[10][15][3]: pass -39331
opsum[11][0][0]: pass   -566
opsum[11][0][1]: pass  30715
opsum[11][0][2]: pass -42748
opsum[11][0][3]: pass  48963
opsum[11][1][0]: pass  40911
opsum[11][1][1]: pass  53449
opsum[11][1][2]: pass -113623
opsum[11][1][3]: pass -77589
opsum[11][2][0]: pass -15523
opsum[11][2][1]: pass  15414
opsum[11][2][2]: pass  28970
opsum[11][2][3]: pass -64311
opsum[11][3][0]: pass -19211
opsum[11][3][1]: pass -19488
opsum[11][3][2]: pass -61204
opsum[11][3][3]: pass  18989
opsum[11][4][0]: pass -32391
opsum[11][4][1]: pass  -6935
opsum[11][4][2]: pass -14155
opsum[11][4][3]: pass -46380
opsum[11][5][0]: pass -37293
opsum[11][5][1]: pass  65659
opsum[11][5][2]: pass -72932
opsum[11][5][3]: pass  59901
opsum[11][6][0]: pass  71726
opsum[11][6][1]: pass  66856
opsum[11][6][2]: pass -86397
opsum[11][6][3]: pass   5936
opsum[11][7][0]: pass  28963
opsum[11][7][1]: pass -19045
opsum[11][7][2]: pass  11905
opsum[11][7][3]: pass  69757
opsum[11][8][0]: pass  55059
opsum[11][8][1]: pass  55269
opsum[11][8][2]: pass -13348
opsum[11][8][3]: pass  22937
opsum[11][9][0]: pass -19218
opsum[11][9][1]: pass -26623
opsum[11][9][2]: pass -76887
opsum[11][9][3]: pass  52681
opsum[11][10][0]: pass -42167
opsum[11][10][1]: pass -32389
opsum[11][10][2]: pass   4261
opsum[11][10][3]: pass  36562
opsum[11][11][0]: pass -36162
opsum[11][11][1]: pass  28322
opsum[11][11][2]: pass -25259
opsum[11][11][3]: pass    591
opsum[11][12][0]: pass -28049
opsum[11][12][1]: pass  34452
opsum[11][12][2]: pass -124965
opsum[11][12][3]: pass  -9226
opsum[11][13][0]: pass -70645
opsum[11][13][1]: pass  -7204
opsum[11][13][2]: pass -72107
opsum[11][13][3]: pass  54207
opsum[11][14][0]: pass  30389
opsum[11][14][1]: pass  72428
opsum[11][14][2]: pass -61915
opsum[11][14][3]: pass  -1891
opsum[11][15][0]: pass  23539
opsum[11][15][1]: pass  17843
opsum[11][15][2]: pass -20138
opsum[11][15][3]: pass -32077
opsum[12][0][0]: pass  25152
opsum[12][0][1]: pass  33693
opsum[12][0][2]: pass -79175
opsum[12][0][3]: pass -34646
opsum[12][1][0]: pass -27629
opsum[12][1][1]: pass  -7962
opsum[12][1][2]: pass  -9751
opsum[12][1][3]: pass  40583
opsum[12][2][0]: pass  50849
opsum[12][2][1]: pass  -4279
opsum[12][2][2]: pass -25305
opsum[12][2][3]: pass  38481
opsum[12][3][0]: pass  38898
opsum[12][3][1]: pass  59258
opsum[12][3][2]: pass -65807
opsum[12][3][3]: pass -42504
opsum[12][4][0]: pass -32751
opsum[12][4][1]: pass -31073
opsum[12][4][2]: pass -19669
opsum[12][4][3]: pass -58770
opsum[12][5][0]: pass   6527
opsum[12][5][1]: pass  94496
opsum[12][5][2]: pass  27359
opsum[12][5][3]: pass  -8665
opsum[12][6][0]: pass -37810
opsum[12][6][1]: pass  19659
opsum[12][6][2]: pass  -6108
opsum[12][6][3]: pass   3780
opsum[12][7][0]: pass  63691
opsum[12][7][1]: pass  72112
opsum[12][7][2]: pass -32065
opsum[12][7][3]: pass  83012
opsum[12][8][0]: pass -19466
opsum[12][8][1]: pass  52731
opsum[12][8][2]: pass   3199
opsum[12][8][3]: pass 106572
opsum[12][9][0]: pass    434
opsum[12][9][1]: pass -25715
opsum[12][9][2]: pass -47153
opsum[12][9][3]: pass -44358
opsum[12][10][0]: pass -12279
opsum[12][10][1]: pass -34217
opsum[12][10][2]: pass  -7850
opsum[12][10][3]: pass  21686
opsum[12][11][0]: pass -81595
opsum[12][11][1]: pass  95855
opsum[12][11][2]: pass -86835
opsum[12][11][3]: pass -11277
opsum[12][12][0]: pass -26035
opsum[12][12][1]: pass  38234
opsum[12][12][2]: pass -39990
opsum[12][12][3]: pass  15560
opsum[12][13][0]: pass  -5266
opsum[12][13][1]: pass -39227
opsum[12][13][2]: pass -55161
opsum[12][13][3]: pass  25959
opsum[12][14][0]: pass -48767
opsum[12][14][1]: pass  36376
opsum[12][14][2]: pass -43946
opsum[12][14][3]: pass  20795
opsum[12][15][0]: pass  10712
opsum[12][15][1]: pass -41050
opsum[12][15][2]: pass -10670
opsum[12][15][3]: pass -46864
opsum[13][0][0]: pass  -4264
opsum[13][0][1]: pass  78661
opsum[13][0][2]: pass -32135
opsum[13][0][3]: pass  16079
opsum[13][1][0]: pass  47381
opsum[13][1][1]: pass  23492
opsum[13][1][2]: pass -31435
opsum[13][1][3]: pass  31194
opsum[13][2][0]: pass -17589
opsum[13][2][1]: pass -13797
opsum[13][2][2]: pass   8358
opsum[13][2][3]: pass  21943
opsum[13][3][0]: pass  -5077
opsum[13][3][1]: pass  68637
opsum[13][3][2]: pass -31785
opsum[13][3][3]: pass  59338
opsum[13][4][0]: pass -90367
opsum[13][4][1]: pass  57427
opsum[13][4][2]: pass -26127
opsum[13][4][3]: pass  40280
opsum[13][5][0]: pass  30721
opsum[13][5][1]: pass  47063
opsum[13][5][2]: pass -45422
opsum[13][5][3]: pass  39909
opsum[13][6][0]: pass -40097
opsum[13][6][1]: pass  -3405
opsum[13][6][2]: pass -121127
opsum[13][6][3]: pass  46741
opsum[13][7][0]: pass -29243
opsum[13][7][1]: pass -26332
opsum[13][7][2]: pass  17114
opsum[13][7][3]: pass -50385
opsum[13][8][0]: pass  -6138
opsum[13][8][1]: pass  29342
opsum[13][8][2]: pass -83046
opsum[13][8][3]: pass  86768
opsum[13][9][0]: pass  57491
opsum[13][9][1]: pass -47300
opsum[13][9][2]: pass  34142
opsum[13][9][3]: pass -27401
opsum[13][10][0]: pass -42520
opsum[13][10][1]: pass  45428
opsum[13][10][2]: pass -75820
opsum[13][10][3]: pass  19129
opsum[13][11][0]: pass -58103
opsum[13][11][1]: pass  14873
opsum[13][11][2]: pass -15753
opsum[13][11][3]: pass   4371
opsum[13][12][0]: pass  30387
opsum[13][12][1]: pass   3325
opsum[13][12][2]: pass -29403
opsum[13][12][3]: pass -15238
opsum[13][13][0]: pass   9151
opsum[13][13][1]: pass -19672
opsum[13][13][2]: pass  23808
opsum[13][13][3]: pass  33131
opsum[13][14][0]: pass -73059
opsum[13][14][1]: pass  60235
opsum[13][14][2]: pass -67220
opsum[13][14][3]: pass -47278
opsum[13][15][0]: pass  11836
opsum[13][15][1]: pass  27137
opsum[13][15][2]: pass  -5714
opsum[13][15][3]: pass -73613
opsum[14][0][0]: pass -26979
opsum[14][0][1]: pass  67989
opsum[14][0][2]: pass  31803
opsum[14][0][3]: pass  16951
opsum[14][1][0]: pass -40285
opsum[14][1][1]: pass  32318
opsum[14][1][2]: pass -76182
opsum[14][1][3]: pass  84840
opsum[14][2][0]: pass  54520
opsum[14][2][1]: pass  -8285
opsum[14][2][2]: pass -71130
opsum[14][2][3]: pass  36995
opsum[14][3][0]: pass -38525
opsum[14][3][1]: pass -51397
opsum[14][3][2]: pass -51959
opsum[14][3][3]: pass  46140
opsum[14][4][0]: pass -42221
opsum[14][4][1]: pass  16199
opsum[14][4][2]: pass -50626
opsum[14][4][3]: pass  -4246
opsum[14][5][0]: pass  36617
opsum[14][5][1]: pass  34046
opsum[14][5][2]: pass   2382
opsum[14][5][3]: pass  88650
opsum[14][6][0]: pass  60659
opsum[14][6][1]: pass  14769
opsum[14][6][2]: pass -109149
opsum[14][6][3]: pass  12081
opsum[14][7][0]: pass  69483
opsum[14][7][1]: pass  23347
opsum[14][7][2]: pass -85506
opsum[14][7][3]: pass  22908
opsum[14][8][0]: pass  21876
opsum[14][8][1]: pass  47351
opsum[14][8][2]: pass  -7912
opsum[14][8][3]: pass -17414
opsum[14][9][0]: pass  14586
opsum[14][9][1]: pass   5956
opsum[14][9][2]: pass  28405
opsum[14][9][3]: pass -46400
opsum[14][10][0]: pass   6180
opsum[14][10][1]: pass  30346
opsum[14][10][2]: pass -42443
opsum[14][10][3]: pass  44536
opsum[14][11][0]: pass   7406
opsum[14][11][1]: pass  87636
opsum[14][11][2]: pass  23363
opsum[14][11][3]: pass   8995
opsum[14][12][0]: pass  -8464
opsum[14][12][1]: pass  12412
opsum[14][12][2]: pass -32878
opsum[14][12][3]: pass  55217
opsum[14][13][0]: pass -40282
opsum[14][13][1]: pass  39077
opsum[14][13][2]: pass -116186
opsum[14][13][3]: pass -32629
opsum[14][14][0]: pass -36547
opsum[14][14][1]: pass  84044
opsum[14][14][2]: pass -85203
opsum[14][14][3]: pass 118465
opsum[14][15][0]: pass  21322
opsum[14][15][1]: pass -42562
opsum[14][15][2]: pass -115242
opsum[14][15][3]: pass  48329
opsum[15][0][0]: pass -39226
opsum[15][0][1]: pass  30770
opsum[15][0][2]: pass  -9978
opsum[15][0][3]: pass -30373
opsum[15][1][0]: pass  26755
opsum[15][1][1]: pass  -6907
opsum[15][1][2]: pass -38699
opsum[15][1][3]: pass -12178
opsum[15][2][0]: pass -41958
opsum[15][2][1]: pass  76654
opsum[15][2][2]: pass  -1305
opsum[15][2][3]: pass  65022
opsum[15][3][0]: pass -44288
opsum[15][3][1]: pass  70404
opsum[15][3][2]: pass -108131
opsum[15][3][3]: pass -32475
opsum[15][4][0]: pass -67962
opsum[15][4][1]: pass -63140
opsum[15][4][2]: pass -83847
opsum[15][4][3]: pass -13748
opsum[15][5][0]: pass  44017
opsum[15][5][1]: pass  33655
opsum[15][5][2]: pass -120754
opsum[15][5][3]: pass   1104
opsum[15][6][0]: pass  -3215
opsum[15][6][1]: pass  67184
opsum[15][6][2]: pass -92935
opsum[15][6][3]: pass  29341
opsum[15][7][0]: pass -50959
opsum[15][7][1]: pass  80721
opsum[15][7][2]: pass   6399
opsum[15][7][3]: pass  37218
opsum[15][8][0]: pass -36865
opsum[15][8][1]: pass  76992
opsum[15][8][2]: pass  19186
opsum[15][8][3]: pass  65253
opsum[15][9][0]: pass  40454
opsum[15][9][1]: pass -21704
opsum[15][9][2]: pass -68212
opsum[15][9][3]: pass -28842
opsum[15][10][0]: pass -82123
opsum[15][10][1]: pass -42149
opsum[15][10][2]: pass -62984
opsum[15][10][3]: pass -18371
opsum[15][11][0]: pass   6085
opsum[15][11][1]: pass -11055
opsum[15][11][2]: pass -86422
opsum[15][11][3]: pass  82409
opsum[15][12][0]: pass -14769
opsum[15][12][1]: pass  29317
opsum[15][12][2]: pass -61299
opsum[15][12][3]: pass  31704
opsum[15][13][0]: pass -22477
opsum[15][13][1]: pass  50366
opsum[15][13][2]: pass -71309
opsum[15][13][3]: pass  14704
opsum[15][14][0]: pass -86351
opsum[15][14][1]: pass  19938
opsum[15][14][2]: pass  13919
opsum[15][14][3]: pass  83040
opsum[15][15][0]: pass -28614
opsum[15][15][1]: pass  61820
opsum[15][15][2]: pass -33271
opsum[15][15][3]: pass -12312

=====================================================================================
||     ________   ___   ________           ___        ________   ________          ||
||    |\   __  \ |\  \ |\   ____\         |\  \      |\   __  \ |\   __  \         ||
||    \ \  \|\  \\ \  \\ \  \___|_        \ \  \     \ \  \|\  \\ \  \|\ /_        ||
||     \ \   __  \\ \  \\ \_____  \        \ \  \     \ \   __  \\ \   __  \       ||
||      \ \  \ \  \\ \  \\|____|\  \        \ \  \____ \ \  \ \  \\ \  \|\  \      ||
||       \ \__\ \__\\ \__\ ____\_\  \        \ \_______\\ \__\ \__\\ \_______\     ||
||        \|__|\|__| \|__||\_________\        \|_______| \|__|\|__| \|_______|     ||
||                        \|_________|                                             ||
||                                                                                 ||
=====================================================================================

 ___                                                                           ___
( _ )                                                                         ( _ )
 | |~~~~~~~~~~~~~~~~~~~~~~~~~~~~~~~~~~~~~~~~~~~~~~~~~~~~~~~~~~~~~~~~~~~~~~~~~~~| |
 | |  _____ _                 _       _   _              ______             _  | |
 | | /  ___(_)               | |     | | (_)             | ___ \           | | | |
 | | \ `--. _ _ __ ___  _   _| | __ _| |_ _  ___  _ __   | |_/ /_ _ ___ ___| | | |
 | |  `--. \ | '_ ` _ \| | | | |/ _` | __| |/ _ \| '_ \  |  __/ _` / __/ __| | | |
 | | /\__/ / | | | | | | |_| | | (_| | |_| | (_) | | | | | | | (_| \__ \__ \_| | |
 | | \____/|_|_| |_| |_|\__,_|_|\__,_|\__|_|\___/|_| |_| \_|  \__,_|___/___(_) | |
 | |                                                                           | |
 |_|~~~~~~~~~~~~~~~~~~~~~~~~~~~~~~~~~~~~~~~~~~~~~~~~~~~~~~~~~~~~~~~~~~~~~~~~~~~|_|
(___)                                                                         (___)
Simulation time: 5553 cycles
