0: 120
1: 121
2: 122
3: 123
4: 124
5: 125
6: 126
7: 127
8: 128
9: 129
a: 130
b: 131
c: 132
d: 133
e: 134
f: 135
10: 136
11: 137
12: 138
13: 139
14: 130
15: 131
16: 132
17: 133
18: 134
19: 135
1a: 136
1b: 137
1c: 138
1d: 139
1e: 130
1f: 131
20: 132
21: 133
22: 134
23: 135
24: 136
25: 137
26: 138
27: 139
28: 140
29: 141
2a: 142
2b: 143
2c: 144
2d: 145
2e: 146
2f: 147
30: 148
31: 149
32: 140
33: 141
34: 142
35: 143
36: 144
37: 145
38: 146
39: 147
3a: 148
3b: 149
3c: 140
3d: 141
3e: 142
3f: 143
40: 144
41: 145
42: 146
43: 147
44: 148
45: 149
46: 140
47: 141
48: 142
49: 143
4a: 144
4b: 145
4c: 146
4d: 147
4e: 148
4f: 149
50: 140
51: 141
52: 142
53: 143
54: 144
55: 145
56: 146
57: 147
58: 148
59: 149
5a: 140
5b: 141
5c: 142
5d: 143
5e: 144
5f: 145
60: 146
61: 147
62: 148
63: 149
64: 100
65: 101
66: 102
67: 103
68: 104
69: 105
6a: 106
6b: 107
6c: 108
6d: 109
6e: 110
6f: 111
70: 112
71: 113
72: 114
73: 115
74: 116
75: 117
76: 118
77: 119
78: 120
79: 121
7a: 122
7b: 123
7c: 124
7d: 125
7e: 126
7f: 127
80: 128
81: 129
82: 130
83: 131
84: 132
85: 133
86: 134
87: 135
88: 136
89: 137
8a: 138
8b: 139
8c: 140
8d: 141
8e: 142
8f: 143
90: 144
91: 145
92: 146
93: 147
94: 148
95: 149
96: 120
97: 121
98: 122
99: 123
9a: 124
9b: 125
9c: 126
9d: 127
9e: 128
9f: 129
a0: 160
a1: 161
a2: 162
a3: 163
a4: 164
a5: 165
a6: 166
a7: 167
a8: 168
a9: 169
aa: 130
ab: 131
ac: 132
ad: 133
ae: 134
af: 135
b0: 136
b1: 137
b2: 138
b3: 139
b4: 120
b5: 121
b6: 122
b7: 123
b8: 124
b9: 125
ba: 126
bb: 127
bc: 128
bd: 129
be: 120
bf: 121
